#Software: Microsoft Internet Information Services 10.0
#Version: 1.0
#Date: 2017-04-05 05:24:08
#Fields: date time s-ip cs-method cs-uri-stem cs-uri-query s-port cs-username c-ip cs(User-Agent) cs(Referer) sc-status sc-substatus sc-win32-status time-taken
2017-04-05 05:24:08 ::1 GET / - 50192 - ::1 Mozilla/5.0+(Windows+NT+6.1;+Win64;+x64)+AppleWebKit/537.36+(KHTML,+like+Gecko)+Chrome/56.0.2924.87+Safari/537.36 - 200 0 0 14549
2017-04-05 05:24:09 ::1 GET /__browserLink/requestData/4df4c321a1e848d99de57a9ff617cfd3 version=2 50192 - ::1 Mozilla/5.0+(Windows+NT+6.1;+Win64;+x64)+AppleWebKit/537.36+(KHTML,+like+Gecko)+Chrome/56.0.2924.87+Safari/537.36 http://localhost:50192/ 200 0 0 79
2017-04-05 05:35:20 ::1 POST /Login/Submit - 50192 - ::1 Mozilla/5.0+(Windows+NT+6.1;+Win64;+x64)+AppleWebKit/537.36+(KHTML,+like+Gecko)+Chrome/56.0.2924.87+Safari/537.36 http://localhost:50192/ 302 0 0 865
2017-04-05 05:35:26 ::1 GET /Invoice/Invoiceview - 50192 - ::1 Mozilla/5.0+(Windows+NT+6.1;+Win64;+x64)+AppleWebKit/537.36+(KHTML,+like+Gecko)+Chrome/56.0.2924.87+Safari/537.36 http://localhost:50192/ 200 0 0 5877
2017-04-05 05:35:26 ::1 GET /scripts/charts - 50192 - ::1 Mozilla/5.0+(Windows+NT+6.1;+Win64;+x64)+AppleWebKit/537.36+(KHTML,+like+Gecko)+Chrome/56.0.2924.87+Safari/537.36 http://localhost:50192/Invoice/Invoiceview 404 0 0 47
2017-04-05 05:35:26 ::1 GET /Invoice/js/plugin/moment/moment.min.js - 50192 - ::1 Mozilla/5.0+(Windows+NT+6.1;+Win64;+x64)+AppleWebKit/537.36+(KHTML,+like+Gecko)+Chrome/56.0.2924.87+Safari/537.36 http://localhost:50192/Invoice/Invoiceview 404 0 2 45
2017-04-05 05:35:26 ::1 GET /Invoice/js/plugin/fullcalendar/jquery.fullcalendar.min.js - 50192 - ::1 Mozilla/5.0+(Windows+NT+6.1;+Win64;+x64)+AppleWebKit/537.36+(KHTML,+like+Gecko)+Chrome/56.0.2924.87+Safari/537.36 http://localhost:50192/Invoice/Invoiceview 404 0 2 33
2017-04-05 05:35:26 ::1 GET /scripts/vector-map - 50192 - ::1 Mozilla/5.0+(Windows+NT+6.1;+Win64;+x64)+AppleWebKit/537.36+(KHTML,+like+Gecko)+Chrome/56.0.2924.87+Safari/537.36 http://localhost:50192/Invoice/Invoiceview 404 0 0 3
2017-04-05 05:35:26 ::1 GET /scripts/full-calendar - 50192 - ::1 Mozilla/5.0+(Windows+NT+6.1;+Win64;+x64)+AppleWebKit/537.36+(KHTML,+like+Gecko)+Chrome/56.0.2924.87+Safari/537.36 http://localhost:50192/Invoice/Invoiceview 404 0 0 4
2017-04-05 05:35:26 ::1 GET /Scripts/jquery.js - 50192 - ::1 Mozilla/5.0+(Windows+NT+6.1;+Win64;+x64)+AppleWebKit/537.36+(KHTML,+like+Gecko)+Chrome/56.0.2924.87+Safari/537.36 http://localhost:50192/Invoice/Invoiceview 404 0 2 1
2017-04-05 05:35:27 ::1 GET /Invoice/js/plugin/moment/moment.min.js - 50192 - ::1 Mozilla/5.0+(Windows+NT+6.1;+Win64;+x64)+AppleWebKit/537.36+(KHTML,+like+Gecko)+Chrome/56.0.2924.87+Safari/537.36 http://localhost:50192/Invoice/Invoiceview 404 0 2 4
2017-04-05 05:35:27 ::1 GET /Invoice/js/plugin/fullcalendar/jquery.fullcalendar.min.js - 50192 - ::1 Mozilla/5.0+(Windows+NT+6.1;+Win64;+x64)+AppleWebKit/537.36+(KHTML,+like+Gecko)+Chrome/56.0.2924.87+Safari/537.36 http://localhost:50192/Invoice/Invoiceview 404 0 2 4
2017-04-05 05:35:27 ::1 GET /scripts/charts - 50192 - ::1 Mozilla/5.0+(Windows+NT+6.1;+Win64;+x64)+AppleWebKit/537.36+(KHTML,+like+Gecko)+Chrome/56.0.2924.87+Safari/537.36 http://localhost:50192/Invoice/Invoiceview 404 0 0 4
2017-04-05 05:35:27 ::1 GET /scripts/vector-map - 50192 - ::1 Mozilla/5.0+(Windows+NT+6.1;+Win64;+x64)+AppleWebKit/537.36+(KHTML,+like+Gecko)+Chrome/56.0.2924.87+Safari/537.36 http://localhost:50192/Invoice/Invoiceview 404 0 0 3
2017-04-05 05:35:27 ::1 GET /scripts/full-calendar - 50192 - ::1 Mozilla/5.0+(Windows+NT+6.1;+Win64;+x64)+AppleWebKit/537.36+(KHTML,+like+Gecko)+Chrome/56.0.2924.87+Safari/537.36 http://localhost:50192/Invoice/Invoiceview 404 0 0 4
2017-04-05 05:35:27 ::1 GET /Scripts/jquery.js - 50192 - ::1 Mozilla/5.0+(Windows+NT+6.1;+Win64;+x64)+AppleWebKit/537.36+(KHTML,+like+Gecko)+Chrome/56.0.2924.87+Safari/537.36 http://localhost:50192/Invoice/Invoiceview 404 0 2 1
2017-04-05 05:35:27 ::1 GET /Invoice/js/plugin/moment/moment.min.js - 50192 - ::1 Mozilla/5.0+(Windows+NT+6.1;+Win64;+x64)+AppleWebKit/537.36+(KHTML,+like+Gecko)+Chrome/56.0.2924.87+Safari/537.36 http://localhost:50192/Invoice/Invoiceview 404 0 2 1
2017-04-05 05:35:27 ::1 GET /Invoice/js/plugin/fullcalendar/jquery.fullcalendar.min.js - 50192 - ::1 Mozilla/5.0+(Windows+NT+6.1;+Win64;+x64)+AppleWebKit/537.36+(KHTML,+like+Gecko)+Chrome/56.0.2924.87+Safari/537.36 http://localhost:50192/Invoice/Invoiceview 404 0 2 2
2017-04-05 05:35:27 ::1 POST /Invoice/GetOutStandingAmoutBar/ - 50192 - ::1 Mozilla/5.0+(Windows+NT+6.1;+Win64;+x64)+AppleWebKit/537.36+(KHTML,+like+Gecko)+Chrome/56.0.2924.87+Safari/537.36 http://localhost:50192/Invoice/Invoiceview 200 0 0 12
2017-04-05 05:35:27 ::1 POST /Invoice/GetOutStandingAmoutPerDeptid/ - 50192 - ::1 Mozilla/5.0+(Windows+NT+6.1;+Win64;+x64)+AppleWebKit/537.36+(KHTML,+like+Gecko)+Chrome/56.0.2924.87+Safari/537.36 http://localhost:50192/Invoice/Invoiceview 200 0 0 36
2017-04-05 05:35:27 ::1 GET /Invoice/GetInVoiceDetails/ _search=false&nd=1491370528175&rows=50&page=1&sidx=SlNo+asc&sord=asc 50192 - ::1 Mozilla/5.0+(Windows+NT+6.1;+Win64;+x64)+AppleWebKit/537.36+(KHTML,+like+Gecko)+Chrome/56.0.2924.87+Safari/537.36 http://localhost:50192/Invoice/Invoiceview 200 0 0 51
2017-04-05 05:35:27 ::1 GET /Content/images/loading-icon.gif - 50192 - ::1 Mozilla/5.0+(Windows+NT+6.1;+Win64;+x64)+AppleWebKit/537.36+(KHTML,+like+Gecko)+Chrome/56.0.2924.87+Safari/537.36 http://localhost:50192/Invoice/Invoiceview 304 0 0 11
2017-04-05 05:35:30 ::1 GET /__browserLink/requestData/fe963a7fbe3947079b1e981dd1bccb3a version=2 50192 - ::1 Mozilla/5.0+(Windows+NT+6.1;+Win64;+x64)+AppleWebKit/537.36+(KHTML,+like+Gecko)+Chrome/56.0.2924.87+Safari/537.36 http://localhost:50192/Invoice/Invoiceview 200 0 0 68
#Software: Microsoft Internet Information Services 10.0
#Version: 1.0
#Date: 2017-04-05 06:31:25
#Fields: date time s-ip cs-method cs-uri-stem cs-uri-query s-port cs-username c-ip cs(User-Agent) cs(Referer) sc-status sc-substatus sc-win32-status time-taken
2017-04-05 06:31:25 ::1 GET /Invoice/CreateInvoice - 50192 - ::1 Mozilla/5.0+(Windows+NT+6.1;+Win64;+x64)+AppleWebKit/537.36+(KHTML,+like+Gecko)+Chrome/56.0.2924.87+Safari/537.36 http://localhost:50192/Invoice/Invoiceview 302 0 0 3702
2017-04-05 06:31:25 ::1 GET /Login/Login - 50192 - ::1 Mozilla/5.0+(Windows+NT+6.1;+Win64;+x64)+AppleWebKit/537.36+(KHTML,+like+Gecko)+Chrome/56.0.2924.87+Safari/537.36 http://localhost:50192/Invoice/Invoiceview 200 0 0 4114
2017-04-05 06:31:26 ::1 GET /__browserLink/requestData/8221950031954a81bfd698ea458286a1 version=2 50192 - ::1 Mozilla/5.0+(Windows+NT+6.1;+Win64;+x64)+AppleWebKit/537.36+(KHTML,+like+Gecko)+Chrome/56.0.2924.87+Safari/537.36 http://localhost:50192/Login/Login 200 0 0 6
2017-04-05 06:31:26 ::1 POST /Login/Submit - 50192 - ::1 Mozilla/5.0+(Windows+NT+6.1;+Win64;+x64)+AppleWebKit/537.36+(KHTML,+like+Gecko)+Chrome/56.0.2924.87+Safari/537.36 http://localhost:50192/Login/Login 302 0 0 33
2017-04-05 06:31:27 ::1 GET /Invoice/Invoiceview - 50192 - ::1 Mozilla/5.0+(Windows+NT+6.1;+Win64;+x64)+AppleWebKit/537.36+(KHTML,+like+Gecko)+Chrome/56.0.2924.87+Safari/537.36 http://localhost:50192/Login/Login 200 0 0 129
2017-04-05 06:31:27 ::1 GET /scripts/charts - 50192 - ::1 Mozilla/5.0+(Windows+NT+6.1;+Win64;+x64)+AppleWebKit/537.36+(KHTML,+like+Gecko)+Chrome/56.0.2924.87+Safari/537.36 http://localhost:50192/Invoice/Invoiceview 404 0 0 43
2017-04-05 06:31:27 ::1 GET /Invoice/js/plugin/fullcalendar/jquery.fullcalendar.min.js - 50192 - ::1 Mozilla/5.0+(Windows+NT+6.1;+Win64;+x64)+AppleWebKit/537.36+(KHTML,+like+Gecko)+Chrome/56.0.2924.87+Safari/537.36 http://localhost:50192/Invoice/Invoiceview 404 0 2 38
2017-04-05 06:31:27 ::1 GET /Invoice/js/plugin/moment/moment.min.js - 50192 - ::1 Mozilla/5.0+(Windows+NT+6.1;+Win64;+x64)+AppleWebKit/537.36+(KHTML,+like+Gecko)+Chrome/56.0.2924.87+Safari/537.36 http://localhost:50192/Invoice/Invoiceview 404 0 2 38
2017-04-05 06:31:27 ::1 GET /scripts/vector-map - 50192 - ::1 Mozilla/5.0+(Windows+NT+6.1;+Win64;+x64)+AppleWebKit/537.36+(KHTML,+like+Gecko)+Chrome/56.0.2924.87+Safari/537.36 http://localhost:50192/Invoice/Invoiceview 404 0 0 3
2017-04-05 06:31:27 ::1 GET /scripts/full-calendar - 50192 - ::1 Mozilla/5.0+(Windows+NT+6.1;+Win64;+x64)+AppleWebKit/537.36+(KHTML,+like+Gecko)+Chrome/56.0.2924.87+Safari/537.36 http://localhost:50192/Invoice/Invoiceview 404 0 0 4
2017-04-05 06:31:27 ::1 GET /Scripts/jquery.js - 50192 - ::1 Mozilla/5.0+(Windows+NT+6.1;+Win64;+x64)+AppleWebKit/537.36+(KHTML,+like+Gecko)+Chrome/56.0.2924.87+Safari/537.36 http://localhost:50192/Invoice/Invoiceview 404 0 2 2
2017-04-05 06:31:27 ::1 GET /Invoice/js/plugin/moment/moment.min.js - 50192 - ::1 Mozilla/5.0+(Windows+NT+6.1;+Win64;+x64)+AppleWebKit/537.36+(KHTML,+like+Gecko)+Chrome/56.0.2924.87+Safari/537.36 http://localhost:50192/Invoice/Invoiceview 404 0 2 2
2017-04-05 06:31:27 ::1 GET /Invoice/js/plugin/fullcalendar/jquery.fullcalendar.min.js - 50192 - ::1 Mozilla/5.0+(Windows+NT+6.1;+Win64;+x64)+AppleWebKit/537.36+(KHTML,+like+Gecko)+Chrome/56.0.2924.87+Safari/537.36 http://localhost:50192/Invoice/Invoiceview 404 0 2 4
2017-04-05 06:31:27 ::1 GET /scripts/charts - 50192 - ::1 Mozilla/5.0+(Windows+NT+6.1;+Win64;+x64)+AppleWebKit/537.36+(KHTML,+like+Gecko)+Chrome/56.0.2924.87+Safari/537.36 http://localhost:50192/Invoice/Invoiceview 404 0 0 3
2017-04-05 06:31:27 ::1 GET /scripts/vector-map - 50192 - ::1 Mozilla/5.0+(Windows+NT+6.1;+Win64;+x64)+AppleWebKit/537.36+(KHTML,+like+Gecko)+Chrome/56.0.2924.87+Safari/537.36 http://localhost:50192/Invoice/Invoiceview 404 0 0 4
2017-04-05 06:31:27 ::1 GET /scripts/full-calendar - 50192 - ::1 Mozilla/5.0+(Windows+NT+6.1;+Win64;+x64)+AppleWebKit/537.36+(KHTML,+like+Gecko)+Chrome/56.0.2924.87+Safari/537.36 http://localhost:50192/Invoice/Invoiceview 404 0 0 4
2017-04-05 06:31:27 ::1 GET /Scripts/jquery.js - 50192 - ::1 Mozilla/5.0+(Windows+NT+6.1;+Win64;+x64)+AppleWebKit/537.36+(KHTML,+like+Gecko)+Chrome/56.0.2924.87+Safari/537.36 http://localhost:50192/Invoice/Invoiceview 404 0 2 2
2017-04-05 06:31:27 ::1 GET /Invoice/js/plugin/moment/moment.min.js - 50192 - ::1 Mozilla/5.0+(Windows+NT+6.1;+Win64;+x64)+AppleWebKit/537.36+(KHTML,+like+Gecko)+Chrome/56.0.2924.87+Safari/537.36 http://localhost:50192/Invoice/Invoiceview 404 0 2 1
2017-04-05 06:31:27 ::1 GET /Invoice/js/plugin/fullcalendar/jquery.fullcalendar.min.js - 50192 - ::1 Mozilla/5.0+(Windows+NT+6.1;+Win64;+x64)+AppleWebKit/537.36+(KHTML,+like+Gecko)+Chrome/56.0.2924.87+Safari/537.36 http://localhost:50192/Invoice/Invoiceview 404 0 2 1
2017-04-05 06:31:27 ::1 GET /Content/images/loading-icon.gif - 50192 - ::1 Mozilla/5.0+(Windows+NT+6.1;+Win64;+x64)+AppleWebKit/537.36+(KHTML,+like+Gecko)+Chrome/56.0.2924.87+Safari/537.36 http://localhost:50192/Invoice/Invoiceview 304 0 0 2
2017-04-05 06:31:28 ::1 POST /Invoice/GetOutStandingAmoutBar/ - 50192 - ::1 Mozilla/5.0+(Windows+NT+6.1;+Win64;+x64)+AppleWebKit/537.36+(KHTML,+like+Gecko)+Chrome/56.0.2924.87+Safari/537.36 http://localhost:50192/Invoice/Invoiceview 200 0 0 10
2017-04-05 06:31:28 ::1 POST /Invoice/GetOutStandingAmoutPerDeptid/ - 50192 - ::1 Mozilla/5.0+(Windows+NT+6.1;+Win64;+x64)+AppleWebKit/537.36+(KHTML,+like+Gecko)+Chrome/56.0.2924.87+Safari/537.36 http://localhost:50192/Invoice/Invoiceview 200 0 0 8
2017-04-05 06:31:28 ::1 GET /Invoice/GetInVoiceDetails/ _search=false&nd=1491373888920&rows=50&page=1&sidx=SlNo+asc&sord=asc 50192 - ::1 Mozilla/5.0+(Windows+NT+6.1;+Win64;+x64)+AppleWebKit/537.36+(KHTML,+like+Gecko)+Chrome/56.0.2924.87+Safari/537.36 http://localhost:50192/Invoice/Invoiceview 200 0 0 63
2017-04-05 06:31:30 ::1 GET /__browserLink/requestData/198f658ea271414c9a9c66a95fafe2ec version=2 50192 - ::1 Mozilla/5.0+(Windows+NT+6.1;+Win64;+x64)+AppleWebKit/537.36+(KHTML,+like+Gecko)+Chrome/56.0.2924.87+Safari/537.36 http://localhost:50192/Invoice/Invoiceview 200 0 0 98
2017-04-05 06:31:31 ::1 GET /Invoice/CreateInvoice - 50192 - ::1 Mozilla/5.0+(Windows+NT+6.1;+Win64;+x64)+AppleWebKit/537.36+(KHTML,+like+Gecko)+Chrome/56.0.2924.87+Safari/537.36 http://localhost:50192/Invoice/Invoiceview 200 0 0 136
2017-04-05 06:31:31 ::1 GET /scripts/charts - 50192 - ::1 Mozilla/5.0+(Windows+NT+6.1;+Win64;+x64)+AppleWebKit/537.36+(KHTML,+like+Gecko)+Chrome/56.0.2924.87+Safari/537.36 http://localhost:50192/Invoice/CreateInvoice 404 0 0 57
2017-04-05 06:31:31 ::1 GET /Invoice/js/plugin/fullcalendar/jquery.fullcalendar.min.js - 50192 - ::1 Mozilla/5.0+(Windows+NT+6.1;+Win64;+x64)+AppleWebKit/537.36+(KHTML,+like+Gecko)+Chrome/56.0.2924.87+Safari/537.36 http://localhost:50192/Invoice/CreateInvoice 404 0 2 26
2017-04-05 06:31:31 ::1 GET /Invoice/js/plugin/moment/moment.min.js - 50192 - ::1 Mozilla/5.0+(Windows+NT+6.1;+Win64;+x64)+AppleWebKit/537.36+(KHTML,+like+Gecko)+Chrome/56.0.2924.87+Safari/537.36 http://localhost:50192/Invoice/CreateInvoice 404 0 2 28
2017-04-05 06:31:31 ::1 GET /Invoice/js/plugin/fullcalendar/jquery.fullcalendar.min.js - 50192 - ::1 Mozilla/5.0+(Windows+NT+6.1;+Win64;+x64)+AppleWebKit/537.36+(KHTML,+like+Gecko)+Chrome/56.0.2924.87+Safari/537.36 http://localhost:50192/Invoice/CreateInvoice 404 0 2 3
2017-04-05 06:31:31 ::1 GET /scripts/full-calendar - 50192 - ::1 Mozilla/5.0+(Windows+NT+6.1;+Win64;+x64)+AppleWebKit/537.36+(KHTML,+like+Gecko)+Chrome/56.0.2924.87+Safari/537.36 http://localhost:50192/Invoice/CreateInvoice 404 0 0 8
2017-04-05 06:31:31 ::1 GET /Scripts/jquery.js - 50192 - ::1 Mozilla/5.0+(Windows+NT+6.1;+Win64;+x64)+AppleWebKit/537.36+(KHTML,+like+Gecko)+Chrome/56.0.2924.87+Safari/537.36 http://localhost:50192/Invoice/CreateInvoice 404 0 2 62
2017-04-05 06:31:31 ::1 GET /scripts/charts - 50192 - ::1 Mozilla/5.0+(Windows+NT+6.1;+Win64;+x64)+AppleWebKit/537.36+(KHTML,+like+Gecko)+Chrome/56.0.2924.87+Safari/537.36 http://localhost:50192/Invoice/CreateInvoice 404 0 0 2
2017-04-05 06:31:31 ::1 GET /scripts/vector-map - 50192 - ::1 Mozilla/5.0+(Windows+NT+6.1;+Win64;+x64)+AppleWebKit/537.36+(KHTML,+like+Gecko)+Chrome/56.0.2924.87+Safari/537.36 http://localhost:50192/Invoice/CreateInvoice 404 0 0 518
2017-04-05 06:31:31 ::1 GET /scripts/full-calendar - 50192 - ::1 Mozilla/5.0+(Windows+NT+6.1;+Win64;+x64)+AppleWebKit/537.36+(KHTML,+like+Gecko)+Chrome/56.0.2924.87+Safari/537.36 http://localhost:50192/Invoice/CreateInvoice 404 0 0 14
2017-04-05 06:31:31 ::1 GET /Scripts/jquery.js - 50192 - ::1 Mozilla/5.0+(Windows+NT+6.1;+Win64;+x64)+AppleWebKit/537.36+(KHTML,+like+Gecko)+Chrome/56.0.2924.87+Safari/537.36 http://localhost:50192/Invoice/CreateInvoice 404 0 2 3
2017-04-05 06:31:31 ::1 GET /Invoice/getvendor/ - 50192 - ::1 Mozilla/5.0+(Windows+NT+6.1;+Win64;+x64)+AppleWebKit/537.36+(KHTML,+like+Gecko)+Chrome/56.0.2924.87+Safari/537.36 http://localhost:50192/Invoice/CreateInvoice 200 0 0 18
2017-04-05 06:31:34 ::1 GET /__browserLink/requestData/a6300906680b4a6a8e0dc861e64f1e50 version=2 50192 - ::1 Mozilla/5.0+(Windows+NT+6.1;+Win64;+x64)+AppleWebKit/537.36+(KHTML,+like+Gecko)+Chrome/56.0.2924.87+Safari/537.36 http://localhost:50192/Invoice/CreateInvoice 200 0 0 20
2017-04-05 06:32:02 ::1 POST /Invoice/NewgetImageLists - 50192 - ::1 Mozilla/5.0+(Windows+NT+6.1;+Win64;+x64)+AppleWebKit/537.36+(KHTML,+like+Gecko)+Chrome/56.0.2924.87+Safari/537.36 http://localhost:50192/Invoice/CreateInvoice 200 0 0 57
2017-04-05 06:32:02 ::1 HEAD /Files/Temp/aca115b6-6186-4f68-8b5e-f857d4eafa2f/1250.pdf - 50192 - ::1 Mozilla/5.0+(Windows+NT+6.1;+Win64;+x64)+AppleWebKit/537.36+(KHTML,+like+Gecko)+Chrome/56.0.2924.87+Safari/537.36 http://localhost:50192/ViewerJS/ 200 0 0 8
2017-04-05 06:32:02 ::1 GET /Files/Temp/aca115b6-6186-4f68-8b5e-f857d4eafa2f/1250.pdf - 50192 - ::1 Mozilla/5.0+(Windows+NT+6.1;+Win64;+x64)+AppleWebKit/537.36+(KHTML,+like+Gecko)+Chrome/56.0.2924.87+Safari/537.36 http://localhost:50192/ViewerJS/pdf.worker.js 200 0 64 6
2017-04-05 06:32:02 ::1 GET /Files/Temp/aca115b6-6186-4f68-8b5e-f857d4eafa2f/1250.pdf - 50192 - ::1 Mozilla/5.0+(Windows+NT+6.1;+Win64;+x64)+AppleWebKit/537.36+(KHTML,+like+Gecko)+Chrome/56.0.2924.87+Safari/537.36 http://localhost:50192/ViewerJS/pdf.worker.js 200 0 0 5
2017-04-05 06:32:26 ::1 POST /Invoice/BindPdfValue/ - 50192 - ::1 Mozilla/5.0+(Windows+NT+6.1;+Win64;+x64)+AppleWebKit/537.36+(KHTML,+like+Gecko)+Chrome/56.0.2924.87+Safari/537.36 http://localhost:50192/Invoice/CreateInvoice 500 0 0 24065
2017-04-05 06:32:31 ::1 GET /content/img/select2-spinner.gif - 50192 - ::1 Mozilla/5.0+(Windows+NT+6.1;+Win64;+x64)+AppleWebKit/537.36+(KHTML,+like+Gecko)+Chrome/56.0.2924.87+Safari/537.36 http://localhost:50192/Content/dist/css/smartadmin-production.min.css 200 0 0 143
2017-04-05 06:46:22 ::1 GET /PurchaseOrder/Index - 50192 - ::1 Mozilla/5.0+(Windows+NT+6.1;+Win64;+x64)+AppleWebKit/537.36+(KHTML,+like+Gecko)+Chrome/56.0.2924.87+Safari/537.36 http://localhost:50192/Invoice/CreateInvoice 200 0 64 1714
2017-04-05 06:46:22 ::1 GET /Invoice/CreateInvoice - 50192 - ::1 Mozilla/5.0+(Windows+NT+6.1;+Win64;+x64)+AppleWebKit/537.36+(KHTML,+like+Gecko)+Chrome/56.0.2924.87+Safari/537.36 http://localhost:50192/Invoice/CreateInvoice 200 0 0 1101
2017-04-05 06:46:22 ::1 GET /scripts/charts - 50192 - ::1 Mozilla/5.0+(Windows+NT+6.1;+Win64;+x64)+AppleWebKit/537.36+(KHTML,+like+Gecko)+Chrome/56.0.2924.87+Safari/537.36 http://localhost:50192/Invoice/CreateInvoice 404 0 0 8
2017-04-05 06:46:22 ::1 GET /Invoice/js/plugin/moment/moment.min.js - 50192 - ::1 Mozilla/5.0+(Windows+NT+6.1;+Win64;+x64)+AppleWebKit/537.36+(KHTML,+like+Gecko)+Chrome/56.0.2924.87+Safari/537.36 http://localhost:50192/Invoice/CreateInvoice 404 0 2 27
2017-04-05 06:46:22 ::1 GET /Invoice/js/plugin/fullcalendar/jquery.fullcalendar.min.js - 50192 - ::1 Mozilla/5.0+(Windows+NT+6.1;+Win64;+x64)+AppleWebKit/537.36+(KHTML,+like+Gecko)+Chrome/56.0.2924.87+Safari/537.36 http://localhost:50192/Invoice/CreateInvoice 404 0 2 26
2017-04-05 06:46:22 ::1 GET /scripts/vector-map - 50192 - ::1 Mozilla/5.0+(Windows+NT+6.1;+Win64;+x64)+AppleWebKit/537.36+(KHTML,+like+Gecko)+Chrome/56.0.2924.87+Safari/537.36 http://localhost:50192/Invoice/CreateInvoice 404 0 0 2
2017-04-05 06:46:22 ::1 GET /scripts/full-calendar - 50192 - ::1 Mozilla/5.0+(Windows+NT+6.1;+Win64;+x64)+AppleWebKit/537.36+(KHTML,+like+Gecko)+Chrome/56.0.2924.87+Safari/537.36 http://localhost:50192/Invoice/CreateInvoice 404 0 0 4
2017-04-05 06:46:22 ::1 GET /Scripts/jquery.js - 50192 - ::1 Mozilla/5.0+(Windows+NT+6.1;+Win64;+x64)+AppleWebKit/537.36+(KHTML,+like+Gecko)+Chrome/56.0.2924.87+Safari/537.36 http://localhost:50192/Invoice/CreateInvoice 404 0 2 2
2017-04-05 06:46:22 ::1 GET /Invoice/js/plugin/moment/moment.min.js - 50192 - ::1 Mozilla/5.0+(Windows+NT+6.1;+Win64;+x64)+AppleWebKit/537.36+(KHTML,+like+Gecko)+Chrome/56.0.2924.87+Safari/537.36 http://localhost:50192/Invoice/CreateInvoice 404 0 2 6
2017-04-05 06:46:22 ::1 GET /Invoice/js/plugin/fullcalendar/jquery.fullcalendar.min.js - 50192 - ::1 Mozilla/5.0+(Windows+NT+6.1;+Win64;+x64)+AppleWebKit/537.36+(KHTML,+like+Gecko)+Chrome/56.0.2924.87+Safari/537.36 http://localhost:50192/Invoice/CreateInvoice 404 0 2 3
2017-04-05 06:46:23 ::1 GET /scripts/charts - 50192 - ::1 Mozilla/5.0+(Windows+NT+6.1;+Win64;+x64)+AppleWebKit/537.36+(KHTML,+like+Gecko)+Chrome/56.0.2924.87+Safari/537.36 http://localhost:50192/Invoice/CreateInvoice 404 0 0 6
2017-04-05 06:46:23 ::1 GET /scripts/vector-map - 50192 - ::1 Mozilla/5.0+(Windows+NT+6.1;+Win64;+x64)+AppleWebKit/537.36+(KHTML,+like+Gecko)+Chrome/56.0.2924.87+Safari/537.36 http://localhost:50192/Invoice/CreateInvoice 404 0 0 5
2017-04-05 06:46:23 ::1 GET /scripts/full-calendar - 50192 - ::1 Mozilla/5.0+(Windows+NT+6.1;+Win64;+x64)+AppleWebKit/537.36+(KHTML,+like+Gecko)+Chrome/56.0.2924.87+Safari/537.36 http://localhost:50192/Invoice/CreateInvoice 404 0 0 3
2017-04-05 06:46:23 ::1 GET /Scripts/jquery.js - 50192 - ::1 Mozilla/5.0+(Windows+NT+6.1;+Win64;+x64)+AppleWebKit/537.36+(KHTML,+like+Gecko)+Chrome/56.0.2924.87+Safari/537.36 http://localhost:50192/Invoice/CreateInvoice 404 0 2 2
2017-04-05 06:46:23 ::1 GET /Invoice/getvendor/ - 50192 - ::1 Mozilla/5.0+(Windows+NT+6.1;+Win64;+x64)+AppleWebKit/537.36+(KHTML,+like+Gecko)+Chrome/56.0.2924.87+Safari/537.36 http://localhost:50192/Invoice/CreateInvoice 200 0 0 15
2017-04-05 06:46:25 ::1 GET /__browserLink/requestData/cdd7ed5b25ee4fe7af2ca683af293152 version=2 50192 - ::1 Mozilla/5.0+(Windows+NT+6.1;+Win64;+x64)+AppleWebKit/537.36+(KHTML,+like+Gecko)+Chrome/56.0.2924.87+Safari/537.36 http://localhost:50192/Invoice/CreateInvoice 200 0 0 36
2017-04-05 06:46:28 ::1 GET / - 50192 - ::1 Mozilla/5.0+(Windows+NT+6.1;+Win64;+x64)+AppleWebKit/537.36+(KHTML,+like+Gecko)+Chrome/56.0.2924.87+Safari/537.36 http://localhost:50192/Invoice/CreateInvoice 200 0 0 20
2017-04-05 06:46:28 ::1 GET /__browserLink/requestData/0c1286ea15674948848c2cd33fde0959 version=2 50192 - ::1 Mozilla/5.0+(Windows+NT+6.1;+Win64;+x64)+AppleWebKit/537.36+(KHTML,+like+Gecko)+Chrome/56.0.2924.87+Safari/537.36 http://localhost:50192/ 200 0 0 6
2017-04-05 06:46:32 ::1 POST /Login/Submit - 50192 - ::1 Mozilla/5.0+(Windows+NT+6.1;+Win64;+x64)+AppleWebKit/537.36+(KHTML,+like+Gecko)+Chrome/56.0.2924.87+Safari/537.36 http://localhost:50192/ 302 0 0 6
2017-04-05 06:46:32 ::1 GET /Invoice/Invoiceview - 50192 - ::1 Mozilla/5.0+(Windows+NT+6.1;+Win64;+x64)+AppleWebKit/537.36+(KHTML,+like+Gecko)+Chrome/56.0.2924.87+Safari/537.36 http://localhost:50192/ 200 0 0 67
2017-04-05 06:46:32 ::1 GET /scripts/charts - 50192 - ::1 Mozilla/5.0+(Windows+NT+6.1;+Win64;+x64)+AppleWebKit/537.36+(KHTML,+like+Gecko)+Chrome/56.0.2924.87+Safari/537.36 http://localhost:50192/Invoice/Invoiceview 404 0 0 18
2017-04-05 06:46:32 ::1 GET /Invoice/js/plugin/fullcalendar/jquery.fullcalendar.min.js - 50192 - ::1 Mozilla/5.0+(Windows+NT+6.1;+Win64;+x64)+AppleWebKit/537.36+(KHTML,+like+Gecko)+Chrome/56.0.2924.87+Safari/537.36 http://localhost:50192/Invoice/Invoiceview 404 0 2 31
2017-04-05 06:46:32 ::1 GET /Invoice/js/plugin/moment/moment.min.js - 50192 - ::1 Mozilla/5.0+(Windows+NT+6.1;+Win64;+x64)+AppleWebKit/537.36+(KHTML,+like+Gecko)+Chrome/56.0.2924.87+Safari/537.36 http://localhost:50192/Invoice/Invoiceview 404 0 2 31
2017-04-05 06:46:32 ::1 GET /scripts/vector-map - 50192 - ::1 Mozilla/5.0+(Windows+NT+6.1;+Win64;+x64)+AppleWebKit/537.36+(KHTML,+like+Gecko)+Chrome/56.0.2924.87+Safari/537.36 http://localhost:50192/Invoice/Invoiceview 404 0 0 2
2017-04-05 06:46:32 ::1 GET /scripts/full-calendar - 50192 - ::1 Mozilla/5.0+(Windows+NT+6.1;+Win64;+x64)+AppleWebKit/537.36+(KHTML,+like+Gecko)+Chrome/56.0.2924.87+Safari/537.36 http://localhost:50192/Invoice/Invoiceview 404 0 0 3
2017-04-05 06:46:32 ::1 GET /Scripts/jquery.js - 50192 - ::1 Mozilla/5.0+(Windows+NT+6.1;+Win64;+x64)+AppleWebKit/537.36+(KHTML,+like+Gecko)+Chrome/56.0.2924.87+Safari/537.36 http://localhost:50192/Invoice/Invoiceview 404 0 2 1
2017-04-05 06:46:32 ::1 GET /Invoice/js/plugin/moment/moment.min.js - 50192 - ::1 Mozilla/5.0+(Windows+NT+6.1;+Win64;+x64)+AppleWebKit/537.36+(KHTML,+like+Gecko)+Chrome/56.0.2924.87+Safari/537.36 http://localhost:50192/Invoice/Invoiceview 404 0 2 1
2017-04-05 06:46:32 ::1 GET /Invoice/js/plugin/fullcalendar/jquery.fullcalendar.min.js - 50192 - ::1 Mozilla/5.0+(Windows+NT+6.1;+Win64;+x64)+AppleWebKit/537.36+(KHTML,+like+Gecko)+Chrome/56.0.2924.87+Safari/537.36 http://localhost:50192/Invoice/Invoiceview 404 0 2 1
2017-04-05 06:46:32 ::1 GET /scripts/charts - 50192 - ::1 Mozilla/5.0+(Windows+NT+6.1;+Win64;+x64)+AppleWebKit/537.36+(KHTML,+like+Gecko)+Chrome/56.0.2924.87+Safari/537.36 http://localhost:50192/Invoice/Invoiceview 404 0 0 2
2017-04-05 06:46:32 ::1 GET /scripts/vector-map - 50192 - ::1 Mozilla/5.0+(Windows+NT+6.1;+Win64;+x64)+AppleWebKit/537.36+(KHTML,+like+Gecko)+Chrome/56.0.2924.87+Safari/537.36 http://localhost:50192/Invoice/Invoiceview 404 0 0 7
2017-04-05 06:46:32 ::1 GET /scripts/full-calendar - 50192 - ::1 Mozilla/5.0+(Windows+NT+6.1;+Win64;+x64)+AppleWebKit/537.36+(KHTML,+like+Gecko)+Chrome/56.0.2924.87+Safari/537.36 http://localhost:50192/Invoice/Invoiceview 404 0 0 4
2017-04-05 06:46:32 ::1 GET /Scripts/jquery.js - 50192 - ::1 Mozilla/5.0+(Windows+NT+6.1;+Win64;+x64)+AppleWebKit/537.36+(KHTML,+like+Gecko)+Chrome/56.0.2924.87+Safari/537.36 http://localhost:50192/Invoice/Invoiceview 404 0 2 2
2017-04-05 06:46:32 ::1 GET /Invoice/js/plugin/moment/moment.min.js - 50192 - ::1 Mozilla/5.0+(Windows+NT+6.1;+Win64;+x64)+AppleWebKit/537.36+(KHTML,+like+Gecko)+Chrome/56.0.2924.87+Safari/537.36 http://localhost:50192/Invoice/Invoiceview 404 0 2 1
2017-04-05 06:46:32 ::1 GET /Invoice/js/plugin/fullcalendar/jquery.fullcalendar.min.js - 50192 - ::1 Mozilla/5.0+(Windows+NT+6.1;+Win64;+x64)+AppleWebKit/537.36+(KHTML,+like+Gecko)+Chrome/56.0.2924.87+Safari/537.36 http://localhost:50192/Invoice/Invoiceview 404 0 2 4
2017-04-05 06:46:32 ::1 POST /Invoice/GetOutStandingAmoutBar/ - 50192 - ::1 Mozilla/5.0+(Windows+NT+6.1;+Win64;+x64)+AppleWebKit/537.36+(KHTML,+like+Gecko)+Chrome/56.0.2924.87+Safari/537.36 http://localhost:50192/Invoice/Invoiceview 200 0 0 9
2017-04-05 06:46:32 ::1 POST /Invoice/GetOutStandingAmoutPerDeptid/ - 50192 - ::1 Mozilla/5.0+(Windows+NT+6.1;+Win64;+x64)+AppleWebKit/537.36+(KHTML,+like+Gecko)+Chrome/56.0.2924.87+Safari/537.36 http://localhost:50192/Invoice/Invoiceview 200 0 0 9
2017-04-05 06:46:32 ::1 GET /Invoice/GetInVoiceDetails/ _search=false&nd=1491374793627&rows=50&page=1&sidx=SlNo+asc&sord=asc 50192 - ::1 Mozilla/5.0+(Windows+NT+6.1;+Win64;+x64)+AppleWebKit/537.36+(KHTML,+like+Gecko)+Chrome/56.0.2924.87+Safari/537.36 http://localhost:50192/Invoice/Invoiceview 200 0 0 29
2017-04-05 06:46:35 ::1 GET /__browserLink/requestData/446806cdd68a4ae3bf1f826ce821ecac version=2 50192 - ::1 Mozilla/5.0+(Windows+NT+6.1;+Win64;+x64)+AppleWebKit/537.36+(KHTML,+like+Gecko)+Chrome/56.0.2924.87+Safari/537.36 http://localhost:50192/Invoice/Invoiceview 200 0 0 108
2017-04-05 06:46:36 ::1 GET /PurchaseOrder/Index - 50192 - ::1 Mozilla/5.0+(Windows+NT+6.1;+Win64;+x64)+AppleWebKit/537.36+(KHTML,+like+Gecko)+Chrome/56.0.2924.87+Safari/537.36 http://localhost:50192/Invoice/Invoiceview 200 0 0 31
2017-04-05 06:46:36 ::1 GET /scripts/charts - 50192 - ::1 Mozilla/5.0+(Windows+NT+6.1;+Win64;+x64)+AppleWebKit/537.36+(KHTML,+like+Gecko)+Chrome/56.0.2924.87+Safari/537.36 http://localhost:50192/PurchaseOrder/Index 404 0 0 81
2017-04-05 06:46:36 ::1 GET /PurchaseOrder/js/plugin/fullcalendar/jquery.fullcalendar.min.js - 50192 - ::1 Mozilla/5.0+(Windows+NT+6.1;+Win64;+x64)+AppleWebKit/537.36+(KHTML,+like+Gecko)+Chrome/56.0.2924.87+Safari/537.36 http://localhost:50192/PurchaseOrder/Index 404 0 2 81
2017-04-05 06:46:36 ::1 GET /PurchaseOrder/js/plugin/moment/moment.min.js - 50192 - ::1 Mozilla/5.0+(Windows+NT+6.1;+Win64;+x64)+AppleWebKit/537.36+(KHTML,+like+Gecko)+Chrome/56.0.2924.87+Safari/537.36 http://localhost:50192/PurchaseOrder/Index 404 0 2 81
2017-04-05 06:46:36 ::1 GET /scripts/vector-map - 50192 - ::1 Mozilla/5.0+(Windows+NT+6.1;+Win64;+x64)+AppleWebKit/537.36+(KHTML,+like+Gecko)+Chrome/56.0.2924.87+Safari/537.36 http://localhost:50192/PurchaseOrder/Index 404 0 0 3
2017-04-05 06:46:36 ::1 GET /scripts/full-calendar - 50192 - ::1 Mozilla/5.0+(Windows+NT+6.1;+Win64;+x64)+AppleWebKit/537.36+(KHTML,+like+Gecko)+Chrome/56.0.2924.87+Safari/537.36 http://localhost:50192/PurchaseOrder/Index 404 0 0 6
2017-04-05 06:46:36 ::1 GET /PurchaseOrder/js/plugin/moment/moment.min.js - 50192 - ::1 Mozilla/5.0+(Windows+NT+6.1;+Win64;+x64)+AppleWebKit/537.36+(KHTML,+like+Gecko)+Chrome/56.0.2924.87+Safari/537.36 http://localhost:50192/PurchaseOrder/Index 404 0 2 2
2017-04-05 06:46:36 ::1 GET /PurchaseOrder/js/plugin/fullcalendar/jquery.fullcalendar.min.js - 50192 - ::1 Mozilla/5.0+(Windows+NT+6.1;+Win64;+x64)+AppleWebKit/537.36+(KHTML,+like+Gecko)+Chrome/56.0.2924.87+Safari/537.36 http://localhost:50192/PurchaseOrder/Index 404 0 2 1
2017-04-05 06:46:36 ::1 GET /scripts/charts - 50192 - ::1 Mozilla/5.0+(Windows+NT+6.1;+Win64;+x64)+AppleWebKit/537.36+(KHTML,+like+Gecko)+Chrome/56.0.2924.87+Safari/537.36 http://localhost:50192/PurchaseOrder/Index 404 0 0 3
2017-04-05 06:46:36 ::1 GET /scripts/vector-map - 50192 - ::1 Mozilla/5.0+(Windows+NT+6.1;+Win64;+x64)+AppleWebKit/537.36+(KHTML,+like+Gecko)+Chrome/56.0.2924.87+Safari/537.36 http://localhost:50192/PurchaseOrder/Index 404 0 0 10
2017-04-05 06:46:36 ::1 GET /scripts/full-calendar - 50192 - ::1 Mozilla/5.0+(Windows+NT+6.1;+Win64;+x64)+AppleWebKit/537.36+(KHTML,+like+Gecko)+Chrome/56.0.2924.87+Safari/537.36 http://localhost:50192/PurchaseOrder/Index 404 0 0 7
2017-04-05 06:46:36 ::1 GET /PurchaseOrder/GetPurchaseDetails/ - 50192 - ::1 Mozilla/5.0+(Windows+NT+6.1;+Win64;+x64)+AppleWebKit/537.36+(KHTML,+like+Gecko)+Chrome/56.0.2924.87+Safari/537.36 http://localhost:50192/PurchaseOrder/Index 200 0 0 116
2017-04-05 06:46:37 ::1 GET /__browserLink/requestData/d428246b32c2487497f71a579070dfa6 version=2 50192 - ::1 Mozilla/5.0+(Windows+NT+6.1;+Win64;+x64)+AppleWebKit/537.36+(KHTML,+like+Gecko)+Chrome/56.0.2924.87+Safari/537.36 http://localhost:50192/PurchaseOrder/Index 200 0 0 11
2017-04-05 06:46:40 ::1 GET /Invoice/Invoiceview - 50192 - ::1 Mozilla/5.0+(Windows+NT+6.1;+Win64;+x64)+AppleWebKit/537.36+(KHTML,+like+Gecko)+Chrome/56.0.2924.87+Safari/537.36 http://localhost:50192/PurchaseOrder/Index 200 0 0 143
2017-04-05 06:46:40 ::1 GET /scripts/charts - 50192 - ::1 Mozilla/5.0+(Windows+NT+6.1;+Win64;+x64)+AppleWebKit/537.36+(KHTML,+like+Gecko)+Chrome/56.0.2924.87+Safari/537.36 http://localhost:50192/Invoice/Invoiceview 404 0 0 25
2017-04-05 06:46:40 ::1 GET /Invoice/js/plugin/moment/moment.min.js - 50192 - ::1 Mozilla/5.0+(Windows+NT+6.1;+Win64;+x64)+AppleWebKit/537.36+(KHTML,+like+Gecko)+Chrome/56.0.2924.87+Safari/537.36 http://localhost:50192/Invoice/Invoiceview 404 0 2 25
2017-04-05 06:46:40 ::1 GET /Invoice/js/plugin/fullcalendar/jquery.fullcalendar.min.js - 50192 - ::1 Mozilla/5.0+(Windows+NT+6.1;+Win64;+x64)+AppleWebKit/537.36+(KHTML,+like+Gecko)+Chrome/56.0.2924.87+Safari/537.36 http://localhost:50192/Invoice/Invoiceview 404 0 2 25
2017-04-05 06:46:40 ::1 GET /scripts/vector-map - 50192 - ::1 Mozilla/5.0+(Windows+NT+6.1;+Win64;+x64)+AppleWebKit/537.36+(KHTML,+like+Gecko)+Chrome/56.0.2924.87+Safari/537.36 http://localhost:50192/Invoice/Invoiceview 404 0 0 3
2017-04-05 06:46:40 ::1 GET /scripts/full-calendar - 50192 - ::1 Mozilla/5.0+(Windows+NT+6.1;+Win64;+x64)+AppleWebKit/537.36+(KHTML,+like+Gecko)+Chrome/56.0.2924.87+Safari/537.36 http://localhost:50192/Invoice/Invoiceview 404 0 0 2
2017-04-05 06:46:40 ::1 GET /Scripts/jquery.js - 50192 - ::1 Mozilla/5.0+(Windows+NT+6.1;+Win64;+x64)+AppleWebKit/537.36+(KHTML,+like+Gecko)+Chrome/56.0.2924.87+Safari/537.36 http://localhost:50192/Invoice/Invoiceview 404 0 2 1
2017-04-05 06:46:40 ::1 GET /Invoice/js/plugin/moment/moment.min.js - 50192 - ::1 Mozilla/5.0+(Windows+NT+6.1;+Win64;+x64)+AppleWebKit/537.36+(KHTML,+like+Gecko)+Chrome/56.0.2924.87+Safari/537.36 http://localhost:50192/Invoice/Invoiceview 404 0 2 3
2017-04-05 06:46:40 ::1 GET /Invoice/js/plugin/fullcalendar/jquery.fullcalendar.min.js - 50192 - ::1 Mozilla/5.0+(Windows+NT+6.1;+Win64;+x64)+AppleWebKit/537.36+(KHTML,+like+Gecko)+Chrome/56.0.2924.87+Safari/537.36 http://localhost:50192/Invoice/Invoiceview 404 0 2 2
2017-04-05 06:46:40 ::1 GET /scripts/charts - 50192 - ::1 Mozilla/5.0+(Windows+NT+6.1;+Win64;+x64)+AppleWebKit/537.36+(KHTML,+like+Gecko)+Chrome/56.0.2924.87+Safari/537.36 http://localhost:50192/Invoice/Invoiceview 404 0 0 2
2017-04-05 06:46:40 ::1 GET /scripts/vector-map - 50192 - ::1 Mozilla/5.0+(Windows+NT+6.1;+Win64;+x64)+AppleWebKit/537.36+(KHTML,+like+Gecko)+Chrome/56.0.2924.87+Safari/537.36 http://localhost:50192/Invoice/Invoiceview 404 0 0 4
2017-04-05 06:46:40 ::1 GET /scripts/full-calendar - 50192 - ::1 Mozilla/5.0+(Windows+NT+6.1;+Win64;+x64)+AppleWebKit/537.36+(KHTML,+like+Gecko)+Chrome/56.0.2924.87+Safari/537.36 http://localhost:50192/Invoice/Invoiceview 404 0 0 7
2017-04-05 06:46:40 ::1 GET /Scripts/jquery.js - 50192 - ::1 Mozilla/5.0+(Windows+NT+6.1;+Win64;+x64)+AppleWebKit/537.36+(KHTML,+like+Gecko)+Chrome/56.0.2924.87+Safari/537.36 http://localhost:50192/Invoice/Invoiceview 404 0 2 1
2017-04-05 06:46:40 ::1 GET /Invoice/js/plugin/moment/moment.min.js - 50192 - ::1 Mozilla/5.0+(Windows+NT+6.1;+Win64;+x64)+AppleWebKit/537.36+(KHTML,+like+Gecko)+Chrome/56.0.2924.87+Safari/537.36 http://localhost:50192/Invoice/Invoiceview 404 0 2 2
2017-04-05 06:46:40 ::1 GET /Invoice/js/plugin/fullcalendar/jquery.fullcalendar.min.js - 50192 - ::1 Mozilla/5.0+(Windows+NT+6.1;+Win64;+x64)+AppleWebKit/537.36+(KHTML,+like+Gecko)+Chrome/56.0.2924.87+Safari/537.36 http://localhost:50192/Invoice/Invoiceview 404 0 2 7
2017-04-05 06:46:40 ::1 POST /Invoice/GetOutStandingAmoutBar/ - 50192 - ::1 Mozilla/5.0+(Windows+NT+6.1;+Win64;+x64)+AppleWebKit/537.36+(KHTML,+like+Gecko)+Chrome/56.0.2924.87+Safari/537.36 http://localhost:50192/Invoice/Invoiceview 200 0 0 8
2017-04-05 06:46:40 ::1 POST /Invoice/GetOutStandingAmoutPerDeptid/ - 50192 - ::1 Mozilla/5.0+(Windows+NT+6.1;+Win64;+x64)+AppleWebKit/537.36+(KHTML,+like+Gecko)+Chrome/56.0.2924.87+Safari/537.36 http://localhost:50192/Invoice/Invoiceview 200 0 0 8
2017-04-05 06:46:40 ::1 GET /Invoice/GetInVoiceDetails/ _search=false&nd=1491374801012&rows=50&page=1&sidx=SlNo+asc&sord=asc 50192 - ::1 Mozilla/5.0+(Windows+NT+6.1;+Win64;+x64)+AppleWebKit/537.36+(KHTML,+like+Gecko)+Chrome/56.0.2924.87+Safari/537.36 http://localhost:50192/Invoice/Invoiceview 200 0 0 19
2017-04-05 06:46:42 ::1 GET /__browserLink/requestData/4c16d018de3644b1b9349e848723c817 version=2 50192 - ::1 Mozilla/5.0+(Windows+NT+6.1;+Win64;+x64)+AppleWebKit/537.36+(KHTML,+like+Gecko)+Chrome/56.0.2924.87+Safari/537.36 http://localhost:50192/Invoice/Invoiceview 200 0 0 94
2017-04-05 06:46:45 ::1 GET /PurchaseOrder/Index - 50192 - ::1 Mozilla/5.0+(Windows+NT+6.1;+Win64;+x64)+AppleWebKit/537.36+(KHTML,+like+Gecko)+Chrome/56.0.2924.87+Safari/537.36 http://localhost:50192/Invoice/Invoiceview 200 0 0 27
2017-04-05 06:46:45 ::1 GET /PurchaseOrder/js/plugin/moment/moment.min.js - 50192 - ::1 Mozilla/5.0+(Windows+NT+6.1;+Win64;+x64)+AppleWebKit/537.36+(KHTML,+like+Gecko)+Chrome/56.0.2924.87+Safari/537.36 http://localhost:50192/PurchaseOrder/Index 404 0 2 36
2017-04-05 06:46:45 ::1 GET /scripts/charts - 50192 - ::1 Mozilla/5.0+(Windows+NT+6.1;+Win64;+x64)+AppleWebKit/537.36+(KHTML,+like+Gecko)+Chrome/56.0.2924.87+Safari/537.36 http://localhost:50192/PurchaseOrder/Index 404 0 0 54
2017-04-05 06:46:45 ::1 GET /PurchaseOrder/js/plugin/fullcalendar/jquery.fullcalendar.min.js - 50192 - ::1 Mozilla/5.0+(Windows+NT+6.1;+Win64;+x64)+AppleWebKit/537.36+(KHTML,+like+Gecko)+Chrome/56.0.2924.87+Safari/537.36 http://localhost:50192/PurchaseOrder/Index 404 0 2 54
2017-04-05 06:46:45 ::1 GET /PurchaseOrder/js/plugin/moment/moment.min.js - 50192 - ::1 Mozilla/5.0+(Windows+NT+6.1;+Win64;+x64)+AppleWebKit/537.36+(KHTML,+like+Gecko)+Chrome/56.0.2924.87+Safari/537.36 http://localhost:50192/PurchaseOrder/Index 404 0 2 2
2017-04-05 06:46:45 ::1 GET /PurchaseOrder/js/plugin/fullcalendar/jquery.fullcalendar.min.js - 50192 - ::1 Mozilla/5.0+(Windows+NT+6.1;+Win64;+x64)+AppleWebKit/537.36+(KHTML,+like+Gecko)+Chrome/56.0.2924.87+Safari/537.36 http://localhost:50192/PurchaseOrder/Index 404 0 2 3
2017-04-05 06:46:45 ::1 GET /scripts/vector-map - 50192 - ::1 Mozilla/5.0+(Windows+NT+6.1;+Win64;+x64)+AppleWebKit/537.36+(KHTML,+like+Gecko)+Chrome/56.0.2924.87+Safari/537.36 http://localhost:50192/PurchaseOrder/Index 404 0 0 10
2017-04-05 06:46:45 ::1 GET /scripts/full-calendar - 50192 - ::1 Mozilla/5.0+(Windows+NT+6.1;+Win64;+x64)+AppleWebKit/537.36+(KHTML,+like+Gecko)+Chrome/56.0.2924.87+Safari/537.36 http://localhost:50192/PurchaseOrder/Index 404 0 0 14
2017-04-05 06:46:45 ::1 GET /scripts/charts - 50192 - ::1 Mozilla/5.0+(Windows+NT+6.1;+Win64;+x64)+AppleWebKit/537.36+(KHTML,+like+Gecko)+Chrome/56.0.2924.87+Safari/537.36 http://localhost:50192/PurchaseOrder/Index 404 0 0 6
2017-04-05 06:46:45 ::1 GET /scripts/vector-map - 50192 - ::1 Mozilla/5.0+(Windows+NT+6.1;+Win64;+x64)+AppleWebKit/537.36+(KHTML,+like+Gecko)+Chrome/56.0.2924.87+Safari/537.36 http://localhost:50192/PurchaseOrder/Index 404 0 0 5
2017-04-05 06:46:45 ::1 GET /scripts/full-calendar - 50192 - ::1 Mozilla/5.0+(Windows+NT+6.1;+Win64;+x64)+AppleWebKit/537.36+(KHTML,+like+Gecko)+Chrome/56.0.2924.87+Safari/537.36 http://localhost:50192/PurchaseOrder/Index 404 0 0 3
2017-04-05 06:46:45 ::1 GET /PurchaseOrder/GetPurchaseDetails/ - 50192 - ::1 Mozilla/5.0+(Windows+NT+6.1;+Win64;+x64)+AppleWebKit/537.36+(KHTML,+like+Gecko)+Chrome/56.0.2924.87+Safari/537.36 http://localhost:50192/PurchaseOrder/Index 200 0 0 9
2017-04-05 06:46:47 ::1 GET /__browserLink/requestData/eebb3906a6ef4fe2aaa4b8c48019d2cd version=2 50192 - ::1 Mozilla/5.0+(Windows+NT+6.1;+Win64;+x64)+AppleWebKit/537.36+(KHTML,+like+Gecko)+Chrome/56.0.2924.87+Safari/537.36 http://localhost:50192/PurchaseOrder/Index 200 0 0 8
2017-04-05 06:46:56 ::1 GET / - 50192 - ::1 Mozilla/5.0+(Windows+NT+6.1;+Win64;+x64)+AppleWebKit/537.36+(KHTML,+like+Gecko)+Chrome/56.0.2924.87+Safari/537.36 http://localhost:50192/PurchaseOrder/Index 200 0 0 9
2017-04-05 06:46:56 ::1 GET /__browserLink/requestData/47c8a4660d69402dbdbcf5f2cfb5253a version=2 50192 - ::1 Mozilla/5.0+(Windows+NT+6.1;+Win64;+x64)+AppleWebKit/537.36+(KHTML,+like+Gecko)+Chrome/56.0.2924.87+Safari/537.36 http://localhost:50192/ 200 0 0 3
2017-04-05 06:46:59 ::1 POST /Login/Submit - 50192 - ::1 Mozilla/5.0+(Windows+NT+6.1;+Win64;+x64)+AppleWebKit/537.36+(KHTML,+like+Gecko)+Chrome/56.0.2924.87+Safari/537.36 http://localhost:50192/ 302 0 0 10
2017-04-05 06:46:59 ::1 GET /Invoice/Invoiceview - 50192 - ::1 Mozilla/5.0+(Windows+NT+6.1;+Win64;+x64)+AppleWebKit/537.36+(KHTML,+like+Gecko)+Chrome/56.0.2924.87+Safari/537.36 http://localhost:50192/ 200 0 0 56
2017-04-05 06:46:59 ::1 GET /scripts/charts - 50192 - ::1 Mozilla/5.0+(Windows+NT+6.1;+Win64;+x64)+AppleWebKit/537.36+(KHTML,+like+Gecko)+Chrome/56.0.2924.87+Safari/537.36 http://localhost:50192/Invoice/Invoiceview 404 0 0 17
2017-04-05 06:46:59 ::1 GET /Invoice/js/plugin/fullcalendar/jquery.fullcalendar.min.js - 50192 - ::1 Mozilla/5.0+(Windows+NT+6.1;+Win64;+x64)+AppleWebKit/537.36+(KHTML,+like+Gecko)+Chrome/56.0.2924.87+Safari/537.36 http://localhost:50192/Invoice/Invoiceview 404 0 2 32
2017-04-05 06:46:59 ::1 GET /Invoice/js/plugin/moment/moment.min.js - 50192 - ::1 Mozilla/5.0+(Windows+NT+6.1;+Win64;+x64)+AppleWebKit/537.36+(KHTML,+like+Gecko)+Chrome/56.0.2924.87+Safari/537.36 http://localhost:50192/Invoice/Invoiceview 404 0 2 32
2017-04-05 06:46:59 ::1 GET /scripts/vector-map - 50192 - ::1 Mozilla/5.0+(Windows+NT+6.1;+Win64;+x64)+AppleWebKit/537.36+(KHTML,+like+Gecko)+Chrome/56.0.2924.87+Safari/537.36 http://localhost:50192/Invoice/Invoiceview 404 0 0 2
2017-04-05 06:46:59 ::1 GET /scripts/full-calendar - 50192 - ::1 Mozilla/5.0+(Windows+NT+6.1;+Win64;+x64)+AppleWebKit/537.36+(KHTML,+like+Gecko)+Chrome/56.0.2924.87+Safari/537.36 http://localhost:50192/Invoice/Invoiceview 404 0 0 7
2017-04-05 06:46:59 ::1 GET /Scripts/jquery.js - 50192 - ::1 Mozilla/5.0+(Windows+NT+6.1;+Win64;+x64)+AppleWebKit/537.36+(KHTML,+like+Gecko)+Chrome/56.0.2924.87+Safari/537.36 http://localhost:50192/Invoice/Invoiceview 404 0 2 1
2017-04-05 06:46:59 ::1 GET /Invoice/js/plugin/moment/moment.min.js - 50192 - ::1 Mozilla/5.0+(Windows+NT+6.1;+Win64;+x64)+AppleWebKit/537.36+(KHTML,+like+Gecko)+Chrome/56.0.2924.87+Safari/537.36 http://localhost:50192/Invoice/Invoiceview 404 0 2 3
2017-04-05 06:46:59 ::1 GET /Invoice/js/plugin/fullcalendar/jquery.fullcalendar.min.js - 50192 - ::1 Mozilla/5.0+(Windows+NT+6.1;+Win64;+x64)+AppleWebKit/537.36+(KHTML,+like+Gecko)+Chrome/56.0.2924.87+Safari/537.36 http://localhost:50192/Invoice/Invoiceview 404 0 2 1
2017-04-05 06:46:59 ::1 GET /scripts/charts - 50192 - ::1 Mozilla/5.0+(Windows+NT+6.1;+Win64;+x64)+AppleWebKit/537.36+(KHTML,+like+Gecko)+Chrome/56.0.2924.87+Safari/537.36 http://localhost:50192/Invoice/Invoiceview 404 0 0 2
2017-04-05 06:46:59 ::1 GET /scripts/vector-map - 50192 - ::1 Mozilla/5.0+(Windows+NT+6.1;+Win64;+x64)+AppleWebKit/537.36+(KHTML,+like+Gecko)+Chrome/56.0.2924.87+Safari/537.36 http://localhost:50192/Invoice/Invoiceview 404 0 0 21
2017-04-05 06:46:59 ::1 GET /scripts/full-calendar - 50192 - ::1 Mozilla/5.0+(Windows+NT+6.1;+Win64;+x64)+AppleWebKit/537.36+(KHTML,+like+Gecko)+Chrome/56.0.2924.87+Safari/537.36 http://localhost:50192/Invoice/Invoiceview 404 0 0 3
2017-04-05 06:46:59 ::1 GET /Scripts/jquery.js - 50192 - ::1 Mozilla/5.0+(Windows+NT+6.1;+Win64;+x64)+AppleWebKit/537.36+(KHTML,+like+Gecko)+Chrome/56.0.2924.87+Safari/537.36 http://localhost:50192/Invoice/Invoiceview 404 0 2 2
2017-04-05 06:46:59 ::1 GET /Invoice/js/plugin/moment/moment.min.js - 50192 - ::1 Mozilla/5.0+(Windows+NT+6.1;+Win64;+x64)+AppleWebKit/537.36+(KHTML,+like+Gecko)+Chrome/56.0.2924.87+Safari/537.36 http://localhost:50192/Invoice/Invoiceview 404 0 2 1
2017-04-05 06:46:59 ::1 GET /Invoice/js/plugin/fullcalendar/jquery.fullcalendar.min.js - 50192 - ::1 Mozilla/5.0+(Windows+NT+6.1;+Win64;+x64)+AppleWebKit/537.36+(KHTML,+like+Gecko)+Chrome/56.0.2924.87+Safari/537.36 http://localhost:50192/Invoice/Invoiceview 404 0 2 3
2017-04-05 06:46:59 ::1 POST /Invoice/GetOutStandingAmoutBar/ - 50192 - ::1 Mozilla/5.0+(Windows+NT+6.1;+Win64;+x64)+AppleWebKit/537.36+(KHTML,+like+Gecko)+Chrome/56.0.2924.87+Safari/537.36 http://localhost:50192/Invoice/Invoiceview 200 0 0 7
2017-04-05 06:46:59 ::1 POST /Invoice/GetOutStandingAmoutPerDeptid/ - 50192 - ::1 Mozilla/5.0+(Windows+NT+6.1;+Win64;+x64)+AppleWebKit/537.36+(KHTML,+like+Gecko)+Chrome/56.0.2924.87+Safari/537.36 http://localhost:50192/Invoice/Invoiceview 200 0 0 8
2017-04-05 06:46:59 ::1 GET /Invoice/GetInVoiceDetails/ _search=false&nd=1491374820291&rows=50&page=1&sidx=SlNo+asc&sord=asc 50192 - ::1 Mozilla/5.0+(Windows+NT+6.1;+Win64;+x64)+AppleWebKit/537.36+(KHTML,+like+Gecko)+Chrome/56.0.2924.87+Safari/537.36 http://localhost:50192/Invoice/Invoiceview 200 0 0 5
2017-04-05 06:47:01 ::1 GET /__browserLink/requestData/65ef3012e2ed4c3d98efef6fd4483597 version=2 50192 - ::1 Mozilla/5.0+(Windows+NT+6.1;+Win64;+x64)+AppleWebKit/537.36+(KHTML,+like+Gecko)+Chrome/56.0.2924.87+Safari/537.36 http://localhost:50192/Invoice/Invoiceview 200 0 0 116
2017-04-05 06:47:06 ::1 GET /PurchaseOrder/Index - 50192 - ::1 Mozilla/5.0+(Windows+NT+6.1;+Win64;+x64)+AppleWebKit/537.36+(KHTML,+like+Gecko)+Chrome/56.0.2924.87+Safari/537.36 http://localhost:50192/Invoice/Invoiceview 200 0 0 32
2017-04-05 06:47:06 ::1 GET /scripts/charts - 50192 - ::1 Mozilla/5.0+(Windows+NT+6.1;+Win64;+x64)+AppleWebKit/537.36+(KHTML,+like+Gecko)+Chrome/56.0.2924.87+Safari/537.36 http://localhost:50192/PurchaseOrder/Index 404 0 0 33
2017-04-05 06:47:06 ::1 GET /PurchaseOrder/js/plugin/fullcalendar/jquery.fullcalendar.min.js - 50192 - ::1 Mozilla/5.0+(Windows+NT+6.1;+Win64;+x64)+AppleWebKit/537.36+(KHTML,+like+Gecko)+Chrome/56.0.2924.87+Safari/537.36 http://localhost:50192/PurchaseOrder/Index 404 0 2 29
2017-04-05 06:47:06 ::1 GET /PurchaseOrder/js/plugin/moment/moment.min.js - 50192 - ::1 Mozilla/5.0+(Windows+NT+6.1;+Win64;+x64)+AppleWebKit/537.36+(KHTML,+like+Gecko)+Chrome/56.0.2924.87+Safari/537.36 http://localhost:50192/PurchaseOrder/Index 404 0 2 29
2017-04-05 06:47:06 ::1 GET /scripts/vector-map - 50192 - ::1 Mozilla/5.0+(Windows+NT+6.1;+Win64;+x64)+AppleWebKit/537.36+(KHTML,+like+Gecko)+Chrome/56.0.2924.87+Safari/537.36 http://localhost:50192/PurchaseOrder/Index 404 0 0 3
2017-04-05 06:47:06 ::1 GET /scripts/full-calendar - 50192 - ::1 Mozilla/5.0+(Windows+NT+6.1;+Win64;+x64)+AppleWebKit/537.36+(KHTML,+like+Gecko)+Chrome/56.0.2924.87+Safari/537.36 http://localhost:50192/PurchaseOrder/Index 404 0 0 3
2017-04-05 06:47:06 ::1 GET /PurchaseOrder/js/plugin/moment/moment.min.js - 50192 - ::1 Mozilla/5.0+(Windows+NT+6.1;+Win64;+x64)+AppleWebKit/537.36+(KHTML,+like+Gecko)+Chrome/56.0.2924.87+Safari/537.36 http://localhost:50192/PurchaseOrder/Index 404 0 2 2
2017-04-05 06:47:06 ::1 GET /PurchaseOrder/js/plugin/fullcalendar/jquery.fullcalendar.min.js - 50192 - ::1 Mozilla/5.0+(Windows+NT+6.1;+Win64;+x64)+AppleWebKit/537.36+(KHTML,+like+Gecko)+Chrome/56.0.2924.87+Safari/537.36 http://localhost:50192/PurchaseOrder/Index 404 0 2 2
2017-04-05 06:47:06 ::1 GET /scripts/charts - 50192 - ::1 Mozilla/5.0+(Windows+NT+6.1;+Win64;+x64)+AppleWebKit/537.36+(KHTML,+like+Gecko)+Chrome/56.0.2924.87+Safari/537.36 http://localhost:50192/PurchaseOrder/Index 404 0 0 3
2017-04-05 06:47:06 ::1 GET /scripts/vector-map - 50192 - ::1 Mozilla/5.0+(Windows+NT+6.1;+Win64;+x64)+AppleWebKit/537.36+(KHTML,+like+Gecko)+Chrome/56.0.2924.87+Safari/537.36 http://localhost:50192/PurchaseOrder/Index 404 0 0 5
2017-04-05 06:47:06 ::1 GET /scripts/full-calendar - 50192 - ::1 Mozilla/5.0+(Windows+NT+6.1;+Win64;+x64)+AppleWebKit/537.36+(KHTML,+like+Gecko)+Chrome/56.0.2924.87+Safari/537.36 http://localhost:50192/PurchaseOrder/Index 404 0 0 7
2017-04-05 06:47:06 ::1 GET /PurchaseOrder/GetPurchaseDetails/ - 50192 - ::1 Mozilla/5.0+(Windows+NT+6.1;+Win64;+x64)+AppleWebKit/537.36+(KHTML,+like+Gecko)+Chrome/56.0.2924.87+Safari/537.36 http://localhost:50192/PurchaseOrder/Index 200 0 0 6
2017-04-05 06:47:08 ::1 GET /__browserLink/requestData/1c8d34275d8f49da81ec4c788f7925ef version=2 50192 - ::1 Mozilla/5.0+(Windows+NT+6.1;+Win64;+x64)+AppleWebKit/537.36+(KHTML,+like+Gecko)+Chrome/56.0.2924.87+Safari/537.36 http://localhost:50192/PurchaseOrder/Index 200 0 0 10
2017-04-05 06:47:12 ::1 GET / - 50192 - ::1 Mozilla/5.0+(Windows+NT+6.1;+Win64;+x64)+AppleWebKit/537.36+(KHTML,+like+Gecko)+Chrome/56.0.2924.87+Safari/537.36 http://localhost:50192/PurchaseOrder/Index 200 0 0 18
2017-04-05 06:47:12 ::1 GET /__browserLink/requestData/3b74b5e5d7fa44aba1ba94b3e420df17 version=2 50192 - ::1 Mozilla/5.0+(Windows+NT+6.1;+Win64;+x64)+AppleWebKit/537.36+(KHTML,+like+Gecko)+Chrome/56.0.2924.87+Safari/537.36 http://localhost:50192/ 200 0 0 7
2017-04-05 06:47:15 ::1 POST /Login/Submit - 50192 - ::1 Mozilla/5.0+(Windows+NT+6.1;+Win64;+x64)+AppleWebKit/537.36+(KHTML,+like+Gecko)+Chrome/56.0.2924.87+Safari/537.36 http://localhost:50192/ 302 0 0 11
2017-04-05 06:47:15 ::1 GET /Invoice/Invoiceview - 50192 - ::1 Mozilla/5.0+(Windows+NT+6.1;+Win64;+x64)+AppleWebKit/537.36+(KHTML,+like+Gecko)+Chrome/56.0.2924.87+Safari/537.36 http://localhost:50192/ 200 0 0 79
2017-04-05 06:47:15 ::1 GET /scripts/charts - 50192 - ::1 Mozilla/5.0+(Windows+NT+6.1;+Win64;+x64)+AppleWebKit/537.36+(KHTML,+like+Gecko)+Chrome/56.0.2924.87+Safari/537.36 http://localhost:50192/Invoice/Invoiceview 404 0 0 21
2017-04-05 06:47:15 ::1 GET /Invoice/js/plugin/moment/moment.min.js - 50192 - ::1 Mozilla/5.0+(Windows+NT+6.1;+Win64;+x64)+AppleWebKit/537.36+(KHTML,+like+Gecko)+Chrome/56.0.2924.87+Safari/537.36 http://localhost:50192/Invoice/Invoiceview 404 0 2 45
2017-04-05 06:47:15 ::1 GET /Invoice/js/plugin/fullcalendar/jquery.fullcalendar.min.js - 50192 - ::1 Mozilla/5.0+(Windows+NT+6.1;+Win64;+x64)+AppleWebKit/537.36+(KHTML,+like+Gecko)+Chrome/56.0.2924.87+Safari/537.36 http://localhost:50192/Invoice/Invoiceview 404 0 2 42
2017-04-05 06:47:15 ::1 GET /scripts/vector-map - 50192 - ::1 Mozilla/5.0+(Windows+NT+6.1;+Win64;+x64)+AppleWebKit/537.36+(KHTML,+like+Gecko)+Chrome/56.0.2924.87+Safari/537.36 http://localhost:50192/Invoice/Invoiceview 404 0 0 3
2017-04-05 06:47:15 ::1 GET /scripts/full-calendar - 50192 - ::1 Mozilla/5.0+(Windows+NT+6.1;+Win64;+x64)+AppleWebKit/537.36+(KHTML,+like+Gecko)+Chrome/56.0.2924.87+Safari/537.36 http://localhost:50192/Invoice/Invoiceview 404 0 0 4
2017-04-05 06:47:15 ::1 GET /Scripts/jquery.js - 50192 - ::1 Mozilla/5.0+(Windows+NT+6.1;+Win64;+x64)+AppleWebKit/537.36+(KHTML,+like+Gecko)+Chrome/56.0.2924.87+Safari/537.36 http://localhost:50192/Invoice/Invoiceview 404 0 2 1
2017-04-05 06:47:15 ::1 GET /Invoice/js/plugin/moment/moment.min.js - 50192 - ::1 Mozilla/5.0+(Windows+NT+6.1;+Win64;+x64)+AppleWebKit/537.36+(KHTML,+like+Gecko)+Chrome/56.0.2924.87+Safari/537.36 http://localhost:50192/Invoice/Invoiceview 404 0 2 4
2017-04-05 06:47:15 ::1 GET /Invoice/js/plugin/fullcalendar/jquery.fullcalendar.min.js - 50192 - ::1 Mozilla/5.0+(Windows+NT+6.1;+Win64;+x64)+AppleWebKit/537.36+(KHTML,+like+Gecko)+Chrome/56.0.2924.87+Safari/537.36 http://localhost:50192/Invoice/Invoiceview 404 0 2 3
2017-04-05 06:47:15 ::1 GET /scripts/charts - 50192 - ::1 Mozilla/5.0+(Windows+NT+6.1;+Win64;+x64)+AppleWebKit/537.36+(KHTML,+like+Gecko)+Chrome/56.0.2924.87+Safari/537.36 http://localhost:50192/Invoice/Invoiceview 404 0 0 2
2017-04-05 06:47:15 ::1 GET /scripts/vector-map - 50192 - ::1 Mozilla/5.0+(Windows+NT+6.1;+Win64;+x64)+AppleWebKit/537.36+(KHTML,+like+Gecko)+Chrome/56.0.2924.87+Safari/537.36 http://localhost:50192/Invoice/Invoiceview 404 0 0 3
2017-04-05 06:47:15 ::1 GET /scripts/full-calendar - 50192 - ::1 Mozilla/5.0+(Windows+NT+6.1;+Win64;+x64)+AppleWebKit/537.36+(KHTML,+like+Gecko)+Chrome/56.0.2924.87+Safari/537.36 http://localhost:50192/Invoice/Invoiceview 404 0 0 3
2017-04-05 06:47:15 ::1 GET /Scripts/jquery.js - 50192 - ::1 Mozilla/5.0+(Windows+NT+6.1;+Win64;+x64)+AppleWebKit/537.36+(KHTML,+like+Gecko)+Chrome/56.0.2924.87+Safari/537.36 http://localhost:50192/Invoice/Invoiceview 404 0 2 1
2017-04-05 06:47:15 ::1 GET /Invoice/js/plugin/moment/moment.min.js - 50192 - ::1 Mozilla/5.0+(Windows+NT+6.1;+Win64;+x64)+AppleWebKit/537.36+(KHTML,+like+Gecko)+Chrome/56.0.2924.87+Safari/537.36 http://localhost:50192/Invoice/Invoiceview 404 0 2 1
2017-04-05 06:47:15 ::1 GET /Invoice/js/plugin/fullcalendar/jquery.fullcalendar.min.js - 50192 - ::1 Mozilla/5.0+(Windows+NT+6.1;+Win64;+x64)+AppleWebKit/537.36+(KHTML,+like+Gecko)+Chrome/56.0.2924.87+Safari/537.36 http://localhost:50192/Invoice/Invoiceview 404 0 2 2
2017-04-05 06:47:15 ::1 POST /Invoice/GetOutStandingAmoutBar/ - 50192 - ::1 Mozilla/5.0+(Windows+NT+6.1;+Win64;+x64)+AppleWebKit/537.36+(KHTML,+like+Gecko)+Chrome/56.0.2924.87+Safari/537.36 http://localhost:50192/Invoice/Invoiceview 200 0 0 8
2017-04-05 06:47:15 ::1 POST /Invoice/GetOutStandingAmoutPerDeptid/ - 50192 - ::1 Mozilla/5.0+(Windows+NT+6.1;+Win64;+x64)+AppleWebKit/537.36+(KHTML,+like+Gecko)+Chrome/56.0.2924.87+Safari/537.36 http://localhost:50192/Invoice/Invoiceview 200 0 0 7
2017-04-05 06:47:15 ::1 GET /Invoice/GetInVoiceDetails/ _search=false&nd=1491374836047&rows=50&page=1&sidx=SlNo+asc&sord=asc 50192 - ::1 Mozilla/5.0+(Windows+NT+6.1;+Win64;+x64)+AppleWebKit/537.36+(KHTML,+like+Gecko)+Chrome/56.0.2924.87+Safari/537.36 http://localhost:50192/Invoice/Invoiceview 200 0 0 22
2017-04-05 06:47:17 ::1 GET /__browserLink/requestData/75b535797b6a42f1ba8d5a05cf341017 version=2 50192 - ::1 Mozilla/5.0+(Windows+NT+6.1;+Win64;+x64)+AppleWebKit/537.36+(KHTML,+like+Gecko)+Chrome/56.0.2924.87+Safari/537.36 http://localhost:50192/Invoice/Invoiceview 200 0 0 113
2017-04-05 06:47:20 ::1 POST /Invoice/getCreditDetails/ - 50192 - ::1 Mozilla/5.0+(Windows+NT+6.1;+Win64;+x64)+AppleWebKit/537.36+(KHTML,+like+Gecko)+Chrome/56.0.2924.87+Safari/537.36 http://localhost:50192/Invoice/Invoiceview 200 0 0 49
2017-04-05 06:47:20 ::1 POST /Invoice/getEndUserRating/ - 50192 - ::1 Mozilla/5.0+(Windows+NT+6.1;+Win64;+x64)+AppleWebKit/537.36+(KHTML,+like+Gecko)+Chrome/56.0.2924.87+Safari/537.36 http://localhost:50192/Invoice/Invoiceview 200 0 0 110
2017-04-05 06:47:20 ::1 POST /Invoice/getUltimateApproverRating/ - 50192 - ::1 Mozilla/5.0+(Windows+NT+6.1;+Win64;+x64)+AppleWebKit/537.36+(KHTML,+like+Gecko)+Chrome/56.0.2924.87+Safari/537.36 http://localhost:50192/Invoice/Invoiceview 200 0 0 538
2017-04-05 06:47:21 ::1 POST /Invoice/getInvoiceImages/ - 50192 - ::1 Mozilla/5.0+(Windows+NT+6.1;+Win64;+x64)+AppleWebKit/537.36+(KHTML,+like+Gecko)+Chrome/56.0.2924.87+Safari/537.36 http://localhost:50192/Invoice/Invoiceview 200 0 0 1090
2017-04-05 06:47:21 ::1 POST /Invoice/getcomments/ - 50192 - ::1 Mozilla/5.0+(Windows+NT+6.1;+Win64;+x64)+AppleWebKit/537.36+(KHTML,+like+Gecko)+Chrome/56.0.2924.87+Safari/537.36 http://localhost:50192/Invoice/Invoiceview 200 0 0 41
2017-04-05 06:47:21 ::1 POST /Invoice/GetInvoiceTax/ - 50192 - ::1 Mozilla/5.0+(Windows+NT+6.1;+Win64;+x64)+AppleWebKit/537.36+(KHTML,+like+Gecko)+Chrome/56.0.2924.87+Safari/537.36 http://localhost:50192/Invoice/Invoiceview 200 0 0 32
2017-04-05 06:47:21 ::1 HEAD /Files/InvoiceImages/INV-PB23741414-1-20-17-1.pdf - 50192 - ::1 Mozilla/5.0+(Windows+NT+6.1;+Win64;+x64)+AppleWebKit/537.36+(KHTML,+like+Gecko)+Chrome/56.0.2924.87+Safari/537.36 http://localhost:50192/ViewerJS/ 304 0 0 41
2017-04-05 06:47:21 ::1 POST /Invoice/getInvoiceData/ - 50192 - ::1 Mozilla/5.0+(Windows+NT+6.1;+Win64;+x64)+AppleWebKit/537.36+(KHTML,+like+Gecko)+Chrome/56.0.2924.87+Safari/537.36 http://localhost:50192/Invoice/Invoiceview 200 0 0 1575
2017-04-05 06:47:22 ::1 GET /Invoice/getDetailsofInvoice/ id=7328 50192 - ::1 Mozilla/5.0+(Windows+NT+6.1;+Win64;+x64)+AppleWebKit/537.36+(KHTML,+like+Gecko)+Chrome/56.0.2924.87+Safari/537.36 http://localhost:50192/Invoice/Invoiceview 200 0 0 2106
#Software: Microsoft Internet Information Services 10.0
#Version: 1.0
#Date: 2017-04-05 08:46:29
#Fields: date time s-ip cs-method cs-uri-stem cs-uri-query s-port cs-username c-ip cs(User-Agent) cs(Referer) sc-status sc-substatus sc-win32-status time-taken
2017-04-05 08:46:29 ::1 GET /PurchaseOrder/Index - 50192 - ::1 Mozilla/5.0+(Windows+NT+6.1;+Win64;+x64)+AppleWebKit/537.36+(KHTML,+like+Gecko)+Chrome/56.0.2924.87+Safari/537.36 http://localhost:50192/Invoice/Invoiceview 302 0 0 2952
2017-04-05 08:46:29 ::1 GET /Login/Login - 50192 - ::1 Mozilla/5.0+(Windows+NT+6.1;+Win64;+x64)+AppleWebKit/537.36+(KHTML,+like+Gecko)+Chrome/56.0.2924.87+Safari/537.36 http://localhost:50192/Invoice/Invoiceview 200 0 0 3455
2017-04-05 08:46:31 ::1 GET /__browserLink/requestData/8caafbe7911a43519a5b01f24140d773 version=2 50192 - ::1 Mozilla/5.0+(Windows+NT+6.1;+Win64;+x64)+AppleWebKit/537.36+(KHTML,+like+Gecko)+Chrome/56.0.2924.87+Safari/537.36 http://localhost:50192/Login/Login 200 0 0 11
2017-04-05 08:46:31 ::1 POST /Login/Submit - 50192 - ::1 Mozilla/5.0+(Windows+NT+6.1;+Win64;+x64)+AppleWebKit/537.36+(KHTML,+like+Gecko)+Chrome/56.0.2924.87+Safari/537.36 http://localhost:50192/Login/Login 302 0 0 9
2017-04-05 08:46:31 ::1 GET /Invoice/Invoiceview - 50192 - ::1 Mozilla/5.0+(Windows+NT+6.1;+Win64;+x64)+AppleWebKit/537.36+(KHTML,+like+Gecko)+Chrome/56.0.2924.87+Safari/537.36 http://localhost:50192/Login/Login 200 0 0 81
2017-04-05 08:46:32 ::1 GET /scripts/charts - 50192 - ::1 Mozilla/5.0+(Windows+NT+6.1;+Win64;+x64)+AppleWebKit/537.36+(KHTML,+like+Gecko)+Chrome/56.0.2924.87+Safari/537.36 http://localhost:50192/Invoice/Invoiceview 404 0 0 57
2017-04-05 08:46:32 ::1 GET /Invoice/js/plugin/moment/moment.min.js - 50192 - ::1 Mozilla/5.0+(Windows+NT+6.1;+Win64;+x64)+AppleWebKit/537.36+(KHTML,+like+Gecko)+Chrome/56.0.2924.87+Safari/537.36 http://localhost:50192/Invoice/Invoiceview 404 0 2 14
2017-04-05 08:46:32 ::1 GET /Invoice/js/plugin/fullcalendar/jquery.fullcalendar.min.js - 50192 - ::1 Mozilla/5.0+(Windows+NT+6.1;+Win64;+x64)+AppleWebKit/537.36+(KHTML,+like+Gecko)+Chrome/56.0.2924.87+Safari/537.36 http://localhost:50192/Invoice/Invoiceview 404 0 2 27
2017-04-05 08:46:32 ::1 GET /scripts/vector-map - 50192 - ::1 Mozilla/5.0+(Windows+NT+6.1;+Win64;+x64)+AppleWebKit/537.36+(KHTML,+like+Gecko)+Chrome/56.0.2924.87+Safari/537.36 http://localhost:50192/Invoice/Invoiceview 404 0 0 3
2017-04-05 08:46:32 ::1 GET /scripts/full-calendar - 50192 - ::1 Mozilla/5.0+(Windows+NT+6.1;+Win64;+x64)+AppleWebKit/537.36+(KHTML,+like+Gecko)+Chrome/56.0.2924.87+Safari/537.36 http://localhost:50192/Invoice/Invoiceview 404 0 0 3
2017-04-05 08:46:32 ::1 GET /Scripts/jquery.js - 50192 - ::1 Mozilla/5.0+(Windows+NT+6.1;+Win64;+x64)+AppleWebKit/537.36+(KHTML,+like+Gecko)+Chrome/56.0.2924.87+Safari/537.36 http://localhost:50192/Invoice/Invoiceview 404 0 2 1
2017-04-05 08:46:32 ::1 GET /Invoice/js/plugin/moment/moment.min.js - 50192 - ::1 Mozilla/5.0+(Windows+NT+6.1;+Win64;+x64)+AppleWebKit/537.36+(KHTML,+like+Gecko)+Chrome/56.0.2924.87+Safari/537.36 http://localhost:50192/Invoice/Invoiceview 404 0 2 2
2017-04-05 08:46:32 ::1 GET /Invoice/js/plugin/fullcalendar/jquery.fullcalendar.min.js - 50192 - ::1 Mozilla/5.0+(Windows+NT+6.1;+Win64;+x64)+AppleWebKit/537.36+(KHTML,+like+Gecko)+Chrome/56.0.2924.87+Safari/537.36 http://localhost:50192/Invoice/Invoiceview 404 0 2 2
2017-04-05 08:46:32 ::1 GET /scripts/charts - 50192 - ::1 Mozilla/5.0+(Windows+NT+6.1;+Win64;+x64)+AppleWebKit/537.36+(KHTML,+like+Gecko)+Chrome/56.0.2924.87+Safari/537.36 http://localhost:50192/Invoice/Invoiceview 404 0 0 7
2017-04-05 08:46:32 ::1 GET /scripts/vector-map - 50192 - ::1 Mozilla/5.0+(Windows+NT+6.1;+Win64;+x64)+AppleWebKit/537.36+(KHTML,+like+Gecko)+Chrome/56.0.2924.87+Safari/537.36 http://localhost:50192/Invoice/Invoiceview 404 0 0 9
2017-04-05 08:46:32 ::1 GET /scripts/full-calendar - 50192 - ::1 Mozilla/5.0+(Windows+NT+6.1;+Win64;+x64)+AppleWebKit/537.36+(KHTML,+like+Gecko)+Chrome/56.0.2924.87+Safari/537.36 http://localhost:50192/Invoice/Invoiceview 404 0 0 11
2017-04-05 08:46:32 ::1 GET /Scripts/jquery.js - 50192 - ::1 Mozilla/5.0+(Windows+NT+6.1;+Win64;+x64)+AppleWebKit/537.36+(KHTML,+like+Gecko)+Chrome/56.0.2924.87+Safari/537.36 http://localhost:50192/Invoice/Invoiceview 404 0 2 1
2017-04-05 08:46:32 ::1 GET /Invoice/js/plugin/moment/moment.min.js - 50192 - ::1 Mozilla/5.0+(Windows+NT+6.1;+Win64;+x64)+AppleWebKit/537.36+(KHTML,+like+Gecko)+Chrome/56.0.2924.87+Safari/537.36 http://localhost:50192/Invoice/Invoiceview 404 0 2 2
2017-04-05 08:46:32 ::1 GET /Invoice/js/plugin/fullcalendar/jquery.fullcalendar.min.js - 50192 - ::1 Mozilla/5.0+(Windows+NT+6.1;+Win64;+x64)+AppleWebKit/537.36+(KHTML,+like+Gecko)+Chrome/56.0.2924.87+Safari/537.36 http://localhost:50192/Invoice/Invoiceview 404 0 2 5
2017-04-05 08:46:32 ::1 POST /Invoice/GetOutStandingAmoutBar/ - 50192 - ::1 Mozilla/5.0+(Windows+NT+6.1;+Win64;+x64)+AppleWebKit/537.36+(KHTML,+like+Gecko)+Chrome/56.0.2924.87+Safari/537.36 http://localhost:50192/Invoice/Invoiceview 200 0 0 9
2017-04-05 08:46:32 ::1 POST /Invoice/GetOutStandingAmoutPerDeptid/ - 50192 - ::1 Mozilla/5.0+(Windows+NT+6.1;+Win64;+x64)+AppleWebKit/537.36+(KHTML,+like+Gecko)+Chrome/56.0.2924.87+Safari/537.36 http://localhost:50192/Invoice/Invoiceview 200 0 0 8
2017-04-05 08:46:33 ::1 GET /Invoice/GetInVoiceDetails/ _search=false&nd=1491381993113&rows=50&page=1&sidx=SlNo+asc&sord=asc 50192 - ::1 Mozilla/5.0+(Windows+NT+6.1;+Win64;+x64)+AppleWebKit/537.36+(KHTML,+like+Gecko)+Chrome/56.0.2924.87+Safari/537.36 http://localhost:50192/Invoice/Invoiceview 200 0 0 20
2017-04-05 08:46:34 ::1 GET /__browserLink/requestData/ee72e7b97d2a4aa691d4ced93221857d version=2 50192 - ::1 Mozilla/5.0+(Windows+NT+6.1;+Win64;+x64)+AppleWebKit/537.36+(KHTML,+like+Gecko)+Chrome/56.0.2924.87+Safari/537.36 http://localhost:50192/Invoice/Invoiceview 200 0 0 80
2017-04-05 08:46:35 ::1 GET /PurchaseOrder/Index - 50192 - ::1 Mozilla/5.0+(Windows+NT+6.1;+Win64;+x64)+AppleWebKit/537.36+(KHTML,+like+Gecko)+Chrome/56.0.2924.87+Safari/537.36 http://localhost:50192/Invoice/Invoiceview 200 0 0 21
2017-04-05 08:46:35 ::1 GET /scripts/charts - 50192 - ::1 Mozilla/5.0+(Windows+NT+6.1;+Win64;+x64)+AppleWebKit/537.36+(KHTML,+like+Gecko)+Chrome/56.0.2924.87+Safari/537.36 http://localhost:50192/PurchaseOrder/Index 404 0 0 15
2017-04-05 08:46:35 ::1 GET /PurchaseOrder/js/plugin/moment/moment.min.js - 50192 - ::1 Mozilla/5.0+(Windows+NT+6.1;+Win64;+x64)+AppleWebKit/537.36+(KHTML,+like+Gecko)+Chrome/56.0.2924.87+Safari/537.36 http://localhost:50192/PurchaseOrder/Index 404 0 2 53
2017-04-05 08:46:35 ::1 GET /PurchaseOrder/js/plugin/fullcalendar/jquery.fullcalendar.min.js - 50192 - ::1 Mozilla/5.0+(Windows+NT+6.1;+Win64;+x64)+AppleWebKit/537.36+(KHTML,+like+Gecko)+Chrome/56.0.2924.87+Safari/537.36 http://localhost:50192/PurchaseOrder/Index 404 0 2 53
2017-04-05 08:46:35 ::1 GET /scripts/vector-map - 50192 - ::1 Mozilla/5.0+(Windows+NT+6.1;+Win64;+x64)+AppleWebKit/537.36+(KHTML,+like+Gecko)+Chrome/56.0.2924.87+Safari/537.36 http://localhost:50192/PurchaseOrder/Index 404 0 0 3
2017-04-05 08:46:35 ::1 GET /scripts/full-calendar - 50192 - ::1 Mozilla/5.0+(Windows+NT+6.1;+Win64;+x64)+AppleWebKit/537.36+(KHTML,+like+Gecko)+Chrome/56.0.2924.87+Safari/537.36 http://localhost:50192/PurchaseOrder/Index 404 0 0 3
2017-04-05 08:46:35 ::1 GET /PurchaseOrder/js/plugin/moment/moment.min.js - 50192 - ::1 Mozilla/5.0+(Windows+NT+6.1;+Win64;+x64)+AppleWebKit/537.36+(KHTML,+like+Gecko)+Chrome/56.0.2924.87+Safari/537.36 http://localhost:50192/PurchaseOrder/Index 404 0 2 3
2017-04-05 08:46:35 ::1 GET /PurchaseOrder/js/plugin/fullcalendar/jquery.fullcalendar.min.js - 50192 - ::1 Mozilla/5.0+(Windows+NT+6.1;+Win64;+x64)+AppleWebKit/537.36+(KHTML,+like+Gecko)+Chrome/56.0.2924.87+Safari/537.36 http://localhost:50192/PurchaseOrder/Index 404 0 2 2
2017-04-05 08:46:35 ::1 GET /scripts/charts - 50192 - ::1 Mozilla/5.0+(Windows+NT+6.1;+Win64;+x64)+AppleWebKit/537.36+(KHTML,+like+Gecko)+Chrome/56.0.2924.87+Safari/537.36 http://localhost:50192/PurchaseOrder/Index 404 0 0 2
2017-04-05 08:46:35 ::1 GET /scripts/vector-map - 50192 - ::1 Mozilla/5.0+(Windows+NT+6.1;+Win64;+x64)+AppleWebKit/537.36+(KHTML,+like+Gecko)+Chrome/56.0.2924.87+Safari/537.36 http://localhost:50192/PurchaseOrder/Index 404 0 0 7
2017-04-05 08:46:35 ::1 GET /scripts/full-calendar - 50192 - ::1 Mozilla/5.0+(Windows+NT+6.1;+Win64;+x64)+AppleWebKit/537.36+(KHTML,+like+Gecko)+Chrome/56.0.2924.87+Safari/537.36 http://localhost:50192/PurchaseOrder/Index 404 0 0 2
2017-04-05 08:46:35 ::1 GET /PurchaseOrder/GetPurchaseDetails/ - 50192 - ::1 Mozilla/5.0+(Windows+NT+6.1;+Win64;+x64)+AppleWebKit/537.36+(KHTML,+like+Gecko)+Chrome/56.0.2924.87+Safari/537.36 http://localhost:50192/PurchaseOrder/Index 200 0 0 9
2017-04-05 08:46:36 ::1 GET /__browserLink/requestData/2038efd745c048dc9561ec4fcb51a34a version=2 50192 - ::1 Mozilla/5.0+(Windows+NT+6.1;+Win64;+x64)+AppleWebKit/537.36+(KHTML,+like+Gecko)+Chrome/56.0.2924.87+Safari/537.36 http://localhost:50192/PurchaseOrder/Index 200 0 0 9
2017-04-05 08:47:17 ::1 GET /Invoice/Invoiceview - 50192 - ::1 Mozilla/5.0+(Windows+NT+6.1;+Win64;+x64)+AppleWebKit/537.36+(KHTML,+like+Gecko)+Chrome/56.0.2924.87+Safari/537.36 http://localhost:50192/PurchaseOrder/Index 200 0 0 70
2017-04-05 08:47:17 ::1 GET /scripts/charts - 50192 - ::1 Mozilla/5.0+(Windows+NT+6.1;+Win64;+x64)+AppleWebKit/537.36+(KHTML,+like+Gecko)+Chrome/56.0.2924.87+Safari/537.36 http://localhost:50192/Invoice/Invoiceview 404 0 0 41
2017-04-05 08:47:17 ::1 GET /Invoice/js/plugin/moment/moment.min.js - 50192 - ::1 Mozilla/5.0+(Windows+NT+6.1;+Win64;+x64)+AppleWebKit/537.36+(KHTML,+like+Gecko)+Chrome/56.0.2924.87+Safari/537.36 http://localhost:50192/Invoice/Invoiceview 404 0 2 52
2017-04-05 08:47:17 ::1 GET /Invoice/js/plugin/fullcalendar/jquery.fullcalendar.min.js - 50192 - ::1 Mozilla/5.0+(Windows+NT+6.1;+Win64;+x64)+AppleWebKit/537.36+(KHTML,+like+Gecko)+Chrome/56.0.2924.87+Safari/537.36 http://localhost:50192/Invoice/Invoiceview 404 0 2 55
2017-04-05 08:47:17 ::1 GET /scripts/vector-map - 50192 - ::1 Mozilla/5.0+(Windows+NT+6.1;+Win64;+x64)+AppleWebKit/537.36+(KHTML,+like+Gecko)+Chrome/56.0.2924.87+Safari/537.36 http://localhost:50192/Invoice/Invoiceview 404 0 0 3
2017-04-05 08:47:17 ::1 GET /scripts/full-calendar - 50192 - ::1 Mozilla/5.0+(Windows+NT+6.1;+Win64;+x64)+AppleWebKit/537.36+(KHTML,+like+Gecko)+Chrome/56.0.2924.87+Safari/537.36 http://localhost:50192/Invoice/Invoiceview 404 0 0 3
2017-04-05 08:47:17 ::1 GET /Scripts/jquery.js - 50192 - ::1 Mozilla/5.0+(Windows+NT+6.1;+Win64;+x64)+AppleWebKit/537.36+(KHTML,+like+Gecko)+Chrome/56.0.2924.87+Safari/537.36 http://localhost:50192/Invoice/Invoiceview 404 0 2 2
2017-04-05 08:47:17 ::1 GET /Invoice/js/plugin/moment/moment.min.js - 50192 - ::1 Mozilla/5.0+(Windows+NT+6.1;+Win64;+x64)+AppleWebKit/537.36+(KHTML,+like+Gecko)+Chrome/56.0.2924.87+Safari/537.36 http://localhost:50192/Invoice/Invoiceview 404 0 2 2
2017-04-05 08:47:17 ::1 GET /Invoice/js/plugin/fullcalendar/jquery.fullcalendar.min.js - 50192 - ::1 Mozilla/5.0+(Windows+NT+6.1;+Win64;+x64)+AppleWebKit/537.36+(KHTML,+like+Gecko)+Chrome/56.0.2924.87+Safari/537.36 http://localhost:50192/Invoice/Invoiceview 404 0 2 4
2017-04-05 08:47:17 ::1 GET /scripts/charts - 50192 - ::1 Mozilla/5.0+(Windows+NT+6.1;+Win64;+x64)+AppleWebKit/537.36+(KHTML,+like+Gecko)+Chrome/56.0.2924.87+Safari/537.36 http://localhost:50192/Invoice/Invoiceview 404 0 0 3
2017-04-05 08:47:17 ::1 GET /scripts/vector-map - 50192 - ::1 Mozilla/5.0+(Windows+NT+6.1;+Win64;+x64)+AppleWebKit/537.36+(KHTML,+like+Gecko)+Chrome/56.0.2924.87+Safari/537.36 http://localhost:50192/Invoice/Invoiceview 404 0 0 11
2017-04-05 08:47:17 ::1 GET /scripts/full-calendar - 50192 - ::1 Mozilla/5.0+(Windows+NT+6.1;+Win64;+x64)+AppleWebKit/537.36+(KHTML,+like+Gecko)+Chrome/56.0.2924.87+Safari/537.36 http://localhost:50192/Invoice/Invoiceview 404 0 0 3
2017-04-05 08:47:17 ::1 GET /Scripts/jquery.js - 50192 - ::1 Mozilla/5.0+(Windows+NT+6.1;+Win64;+x64)+AppleWebKit/537.36+(KHTML,+like+Gecko)+Chrome/56.0.2924.87+Safari/537.36 http://localhost:50192/Invoice/Invoiceview 404 0 2 2
2017-04-05 08:47:17 ::1 GET /Invoice/js/plugin/moment/moment.min.js - 50192 - ::1 Mozilla/5.0+(Windows+NT+6.1;+Win64;+x64)+AppleWebKit/537.36+(KHTML,+like+Gecko)+Chrome/56.0.2924.87+Safari/537.36 http://localhost:50192/Invoice/Invoiceview 404 0 2 2
2017-04-05 08:47:17 ::1 GET /Invoice/js/plugin/fullcalendar/jquery.fullcalendar.min.js - 50192 - ::1 Mozilla/5.0+(Windows+NT+6.1;+Win64;+x64)+AppleWebKit/537.36+(KHTML,+like+Gecko)+Chrome/56.0.2924.87+Safari/537.36 http://localhost:50192/Invoice/Invoiceview 404 0 2 2
2017-04-05 08:47:17 ::1 POST /Invoice/GetOutStandingAmoutBar/ - 50192 - ::1 Mozilla/5.0+(Windows+NT+6.1;+Win64;+x64)+AppleWebKit/537.36+(KHTML,+like+Gecko)+Chrome/56.0.2924.87+Safari/537.36 http://localhost:50192/Invoice/Invoiceview 200 0 0 7
2017-04-05 08:47:17 ::1 POST /Invoice/GetOutStandingAmoutPerDeptid/ - 50192 - ::1 Mozilla/5.0+(Windows+NT+6.1;+Win64;+x64)+AppleWebKit/537.36+(KHTML,+like+Gecko)+Chrome/56.0.2924.87+Safari/537.36 http://localhost:50192/Invoice/Invoiceview 200 0 0 7
2017-04-05 08:47:17 ::1 GET /Invoice/GetInVoiceDetails/ _search=false&nd=1491382038057&rows=50&page=1&sidx=SlNo+asc&sord=asc 50192 - ::1 Mozilla/5.0+(Windows+NT+6.1;+Win64;+x64)+AppleWebKit/537.36+(KHTML,+like+Gecko)+Chrome/56.0.2924.87+Safari/537.36 http://localhost:50192/Invoice/Invoiceview 200 0 0 19
2017-04-05 08:47:19 ::1 GET /__browserLink/requestData/71ca303600b0437b8bc7de656384070c version=2 50192 - ::1 Mozilla/5.0+(Windows+NT+6.1;+Win64;+x64)+AppleWebKit/537.36+(KHTML,+like+Gecko)+Chrome/56.0.2924.87+Safari/537.36 http://localhost:50192/Invoice/Invoiceview 200 0 0 94
2017-04-05 08:47:28 ::1 POST /Invoice/getCreditDetails/ - 50192 - ::1 Mozilla/5.0+(Windows+NT+6.1;+Win64;+x64)+AppleWebKit/537.36+(KHTML,+like+Gecko)+Chrome/56.0.2924.87+Safari/537.36 http://localhost:50192/Invoice/Invoiceview 200 0 0 8
2017-04-05 08:47:28 ::1 POST /Invoice/getEndUserRating/ - 50192 - ::1 Mozilla/5.0+(Windows+NT+6.1;+Win64;+x64)+AppleWebKit/537.36+(KHTML,+like+Gecko)+Chrome/56.0.2924.87+Safari/537.36 http://localhost:50192/Invoice/Invoiceview 200 0 0 7
2017-04-05 08:47:28 ::1 GET /Invoice/getDetailsofInvoice/ id=7328 50192 - ::1 Mozilla/5.0+(Windows+NT+6.1;+Win64;+x64)+AppleWebKit/537.36+(KHTML,+like+Gecko)+Chrome/56.0.2924.87+Safari/537.36 http://localhost:50192/Invoice/Invoiceview 200 0 0 525
2017-04-05 08:47:29 ::1 POST /Invoice/getInvoiceData/ - 50192 - ::1 Mozilla/5.0+(Windows+NT+6.1;+Win64;+x64)+AppleWebKit/537.36+(KHTML,+like+Gecko)+Chrome/56.0.2924.87+Safari/537.36 http://localhost:50192/Invoice/Invoiceview 200 0 0 1043
2017-04-05 08:47:29 ::1 POST /Invoice/getInvoiceImages/ - 50192 - ::1 Mozilla/5.0+(Windows+NT+6.1;+Win64;+x64)+AppleWebKit/537.36+(KHTML,+like+Gecko)+Chrome/56.0.2924.87+Safari/537.36 http://localhost:50192/Invoice/Invoiceview 200 0 0 1558
2017-04-05 08:47:29 ::1 POST /Invoice/getcomments/ - 50192 - ::1 Mozilla/5.0+(Windows+NT+6.1;+Win64;+x64)+AppleWebKit/537.36+(KHTML,+like+Gecko)+Chrome/56.0.2924.87+Safari/537.36 http://localhost:50192/Invoice/Invoiceview 200 0 0 4
2017-04-05 08:47:29 ::1 POST /Invoice/GetInvoiceTax/ - 50192 - ::1 Mozilla/5.0+(Windows+NT+6.1;+Win64;+x64)+AppleWebKit/537.36+(KHTML,+like+Gecko)+Chrome/56.0.2924.87+Safari/537.36 http://localhost:50192/Invoice/Invoiceview 200 0 0 6
2017-04-05 08:47:30 ::1 POST /Invoice/getUltimateApproverRating/ - 50192 - ::1 Mozilla/5.0+(Windows+NT+6.1;+Win64;+x64)+AppleWebKit/537.36+(KHTML,+like+Gecko)+Chrome/56.0.2924.87+Safari/537.36 http://localhost:50192/Invoice/Invoiceview 200 0 0 2073
2017-04-05 08:47:47 ::1 GET / - 50192 - ::1 Mozilla/5.0+(Windows+NT+6.1;+Win64;+x64)+AppleWebKit/537.36+(KHTML,+like+Gecko)+Chrome/56.0.2924.87+Safari/537.36 http://localhost:50192/Invoice/Invoiceview 200 0 0 7
2017-04-05 08:47:47 ::1 GET /__browserLink/requestData/9cee95d0e60e49c9bbd7726b95b19a47 version=2 50192 - ::1 Mozilla/5.0+(Windows+NT+6.1;+Win64;+x64)+AppleWebKit/537.36+(KHTML,+like+Gecko)+Chrome/56.0.2924.87+Safari/537.36 http://localhost:50192/ 200 0 0 7
2017-04-05 08:47:51 ::1 POST /Login/Submit - 50192 - ::1 Mozilla/5.0+(Windows+NT+6.1;+Win64;+x64)+AppleWebKit/537.36+(KHTML,+like+Gecko)+Chrome/56.0.2924.87+Safari/537.36 http://localhost:50192/ 302 0 0 7
2017-04-05 08:47:51 ::1 GET /Invoice/Invoiceview - 50192 - ::1 Mozilla/5.0+(Windows+NT+6.1;+Win64;+x64)+AppleWebKit/537.36+(KHTML,+like+Gecko)+Chrome/56.0.2924.87+Safari/537.36 http://localhost:50192/ 200 0 0 94
2017-04-05 08:47:51 ::1 GET /scripts/charts - 50192 - ::1 Mozilla/5.0+(Windows+NT+6.1;+Win64;+x64)+AppleWebKit/537.36+(KHTML,+like+Gecko)+Chrome/56.0.2924.87+Safari/537.36 http://localhost:50192/Invoice/Invoiceview 404 0 0 29
2017-04-05 08:47:51 ::1 GET /Invoice/js/plugin/fullcalendar/jquery.fullcalendar.min.js - 50192 - ::1 Mozilla/5.0+(Windows+NT+6.1;+Win64;+x64)+AppleWebKit/537.36+(KHTML,+like+Gecko)+Chrome/56.0.2924.87+Safari/537.36 http://localhost:50192/Invoice/Invoiceview 404 0 2 48
2017-04-05 08:47:51 ::1 GET /Invoice/js/plugin/moment/moment.min.js - 50192 - ::1 Mozilla/5.0+(Windows+NT+6.1;+Win64;+x64)+AppleWebKit/537.36+(KHTML,+like+Gecko)+Chrome/56.0.2924.87+Safari/537.36 http://localhost:50192/Invoice/Invoiceview 404 0 2 48
2017-04-05 08:47:51 ::1 GET /scripts/vector-map - 50192 - ::1 Mozilla/5.0+(Windows+NT+6.1;+Win64;+x64)+AppleWebKit/537.36+(KHTML,+like+Gecko)+Chrome/56.0.2924.87+Safari/537.36 http://localhost:50192/Invoice/Invoiceview 404 0 0 3
2017-04-05 08:47:51 ::1 GET /scripts/full-calendar - 50192 - ::1 Mozilla/5.0+(Windows+NT+6.1;+Win64;+x64)+AppleWebKit/537.36+(KHTML,+like+Gecko)+Chrome/56.0.2924.87+Safari/537.36 http://localhost:50192/Invoice/Invoiceview 404 0 0 3
2017-04-05 08:47:51 ::1 GET /Scripts/jquery.js - 50192 - ::1 Mozilla/5.0+(Windows+NT+6.1;+Win64;+x64)+AppleWebKit/537.36+(KHTML,+like+Gecko)+Chrome/56.0.2924.87+Safari/537.36 http://localhost:50192/Invoice/Invoiceview 404 0 2 1
2017-04-05 08:47:51 ::1 GET /Invoice/js/plugin/moment/moment.min.js - 50192 - ::1 Mozilla/5.0+(Windows+NT+6.1;+Win64;+x64)+AppleWebKit/537.36+(KHTML,+like+Gecko)+Chrome/56.0.2924.87+Safari/537.36 http://localhost:50192/Invoice/Invoiceview 404 0 2 2
2017-04-05 08:47:51 ::1 GET /Invoice/js/plugin/fullcalendar/jquery.fullcalendar.min.js - 50192 - ::1 Mozilla/5.0+(Windows+NT+6.1;+Win64;+x64)+AppleWebKit/537.36+(KHTML,+like+Gecko)+Chrome/56.0.2924.87+Safari/537.36 http://localhost:50192/Invoice/Invoiceview 404 0 2 1
2017-04-05 08:47:51 ::1 GET /scripts/charts - 50192 - ::1 Mozilla/5.0+(Windows+NT+6.1;+Win64;+x64)+AppleWebKit/537.36+(KHTML,+like+Gecko)+Chrome/56.0.2924.87+Safari/537.36 http://localhost:50192/Invoice/Invoiceview 404 0 0 2
2017-04-05 08:47:51 ::1 GET /scripts/vector-map - 50192 - ::1 Mozilla/5.0+(Windows+NT+6.1;+Win64;+x64)+AppleWebKit/537.36+(KHTML,+like+Gecko)+Chrome/56.0.2924.87+Safari/537.36 http://localhost:50192/Invoice/Invoiceview 404 0 0 6
2017-04-05 08:47:51 ::1 GET /scripts/full-calendar - 50192 - ::1 Mozilla/5.0+(Windows+NT+6.1;+Win64;+x64)+AppleWebKit/537.36+(KHTML,+like+Gecko)+Chrome/56.0.2924.87+Safari/537.36 http://localhost:50192/Invoice/Invoiceview 404 0 0 11
2017-04-05 08:47:51 ::1 GET /Scripts/jquery.js - 50192 - ::1 Mozilla/5.0+(Windows+NT+6.1;+Win64;+x64)+AppleWebKit/537.36+(KHTML,+like+Gecko)+Chrome/56.0.2924.87+Safari/537.36 http://localhost:50192/Invoice/Invoiceview 404 0 2 1
2017-04-05 08:47:51 ::1 GET /Invoice/js/plugin/moment/moment.min.js - 50192 - ::1 Mozilla/5.0+(Windows+NT+6.1;+Win64;+x64)+AppleWebKit/537.36+(KHTML,+like+Gecko)+Chrome/56.0.2924.87+Safari/537.36 http://localhost:50192/Invoice/Invoiceview 404 0 2 2
2017-04-05 08:47:51 ::1 GET /Invoice/js/plugin/fullcalendar/jquery.fullcalendar.min.js - 50192 - ::1 Mozilla/5.0+(Windows+NT+6.1;+Win64;+x64)+AppleWebKit/537.36+(KHTML,+like+Gecko)+Chrome/56.0.2924.87+Safari/537.36 http://localhost:50192/Invoice/Invoiceview 404 0 2 2
2017-04-05 08:47:51 ::1 POST /Invoice/GetOutStandingAmoutBar/ - 50192 - ::1 Mozilla/5.0+(Windows+NT+6.1;+Win64;+x64)+AppleWebKit/537.36+(KHTML,+like+Gecko)+Chrome/56.0.2924.87+Safari/537.36 http://localhost:50192/Invoice/Invoiceview 200 0 0 8
2017-04-05 08:47:51 ::1 POST /Invoice/GetOutStandingAmoutPerDeptid/ - 50192 - ::1 Mozilla/5.0+(Windows+NT+6.1;+Win64;+x64)+AppleWebKit/537.36+(KHTML,+like+Gecko)+Chrome/56.0.2924.87+Safari/537.36 http://localhost:50192/Invoice/Invoiceview 200 0 0 8
2017-04-05 08:47:51 ::1 GET /Invoice/GetInVoiceDetails/ _search=false&nd=1491382072157&rows=50&page=1&sidx=SlNo+asc&sord=asc 50192 - ::1 Mozilla/5.0+(Windows+NT+6.1;+Win64;+x64)+AppleWebKit/537.36+(KHTML,+like+Gecko)+Chrome/56.0.2924.87+Safari/537.36 http://localhost:50192/Invoice/Invoiceview 200 0 0 40
2017-04-05 08:47:53 ::1 GET /__browserLink/requestData/2513d22907954821a0de31b65e2a8913 version=2 50192 - ::1 Mozilla/5.0+(Windows+NT+6.1;+Win64;+x64)+AppleWebKit/537.36+(KHTML,+like+Gecko)+Chrome/56.0.2924.87+Safari/537.36 http://localhost:50192/Invoice/Invoiceview 200 0 0 130
2017-04-05 08:47:56 ::1 POST /Invoice/getCreditDetails/ - 50192 - ::1 Mozilla/5.0+(Windows+NT+6.1;+Win64;+x64)+AppleWebKit/537.36+(KHTML,+like+Gecko)+Chrome/56.0.2924.87+Safari/537.36 http://localhost:50192/Invoice/Invoiceview 200 0 0 6
2017-04-05 08:47:56 ::1 POST /Invoice/getEndUserRating/ - 50192 - ::1 Mozilla/5.0+(Windows+NT+6.1;+Win64;+x64)+AppleWebKit/537.36+(KHTML,+like+Gecko)+Chrome/56.0.2924.87+Safari/537.36 http://localhost:50192/Invoice/Invoiceview 200 0 0 8
2017-04-05 08:47:56 ::1 POST /Invoice/getInvoiceImages/ - 50192 - ::1 Mozilla/5.0+(Windows+NT+6.1;+Win64;+x64)+AppleWebKit/537.36+(KHTML,+like+Gecko)+Chrome/56.0.2924.87+Safari/537.36 http://localhost:50192/Invoice/Invoiceview 200 0 0 511
2017-04-05 08:47:56 ::1 POST /Invoice/getcomments/ - 50192 - ::1 Mozilla/5.0+(Windows+NT+6.1;+Win64;+x64)+AppleWebKit/537.36+(KHTML,+like+Gecko)+Chrome/56.0.2924.87+Safari/537.36 http://localhost:50192/Invoice/Invoiceview 200 0 0 4
2017-04-05 08:47:56 ::1 POST /Invoice/GetInvoiceTax/ - 50192 - ::1 Mozilla/5.0+(Windows+NT+6.1;+Win64;+x64)+AppleWebKit/537.36+(KHTML,+like+Gecko)+Chrome/56.0.2924.87+Safari/537.36 http://localhost:50192/Invoice/Invoiceview 200 0 0 4
2017-04-05 08:47:56 ::1 HEAD /Files/InvoiceImages/INV-2340555631114-2-23-17-1.pdf - 50192 - ::1 Mozilla/5.0+(Windows+NT+6.1;+Win64;+x64)+AppleWebKit/537.36+(KHTML,+like+Gecko)+Chrome/56.0.2924.87+Safari/537.36 http://localhost:50192/ViewerJS/ 200 0 0 49
2017-04-05 08:47:56 ::1 GET /Files/InvoiceImages/INV-2340555631114-2-23-17-1.pdf - 50192 - ::1 Mozilla/5.0+(Windows+NT+6.1;+Win64;+x64)+AppleWebKit/537.36+(KHTML,+like+Gecko)+Chrome/56.0.2924.87+Safari/537.36 http://localhost:50192/ViewerJS/pdf.worker.js 200 0 64 12
2017-04-05 08:47:57 ::1 GET /Files/InvoiceImages/INV-2340555631114-2-23-17-1.pdf - 50192 - ::1 Mozilla/5.0+(Windows+NT+6.1;+Win64;+x64)+AppleWebKit/537.36+(KHTML,+like+Gecko)+Chrome/56.0.2924.87+Safari/537.36 http://localhost:50192/ViewerJS/pdf.worker.js 200 0 0 10
2017-04-05 08:47:57 ::1 GET /Invoice/getDetailsofInvoice/ id=9331 50192 - ::1 Mozilla/5.0+(Windows+NT+6.1;+Win64;+x64)+AppleWebKit/537.36+(KHTML,+like+Gecko)+Chrome/56.0.2924.87+Safari/537.36 http://localhost:50192/Invoice/Invoiceview 200 0 0 1034
2017-04-05 08:47:57 ::1 POST /Invoice/getUltimateApproverRating/ - 50192 - ::1 Mozilla/5.0+(Windows+NT+6.1;+Win64;+x64)+AppleWebKit/537.36+(KHTML,+like+Gecko)+Chrome/56.0.2924.87+Safari/537.36 http://localhost:50192/Invoice/Invoiceview 200 0 0 1524
2017-04-05 08:47:58 ::1 POST /Invoice/getInvoiceData/ - 50192 - ::1 Mozilla/5.0+(Windows+NT+6.1;+Win64;+x64)+AppleWebKit/537.36+(KHTML,+like+Gecko)+Chrome/56.0.2924.87+Safari/537.36 http://localhost:50192/Invoice/Invoiceview 200 0 0 2040
2017-04-05 08:48:39 ::1 POST /Invoice/UploadFile amt=0 50192 - ::1 Mozilla/5.0+(Windows+NT+6.1;+Win64;+x64)+AppleWebKit/537.36+(KHTML,+like+Gecko)+Chrome/56.0.2924.87+Safari/537.36 http://localhost:50192/Invoice/Invoiceview 200 0 0 425
2017-04-05 08:48:40 ::1 POST /Invoice/UpdateInvoiceInfo - 50192 - ::1 Mozilla/5.0+(Windows+NT+6.1;+Win64;+x64)+AppleWebKit/537.36+(KHTML,+like+Gecko)+Chrome/56.0.2924.87+Safari/537.36 http://localhost:50192/Invoice/Invoiceview 200 0 0 746
2017-04-05 08:48:41 ::1 POST /Invoice/getCreditDetails/ - 50192 - ::1 Mozilla/5.0+(Windows+NT+6.1;+Win64;+x64)+AppleWebKit/537.36+(KHTML,+like+Gecko)+Chrome/56.0.2924.87+Safari/537.36 http://localhost:50192/Invoice/Invoiceview 200 0 0 29
2017-04-05 08:48:48 ::1 POST /Invoice/GetOutStandingAmoutBar/ - 50192 - ::1 Mozilla/5.0+(Windows+NT+6.1;+Win64;+x64)+AppleWebKit/537.36+(KHTML,+like+Gecko)+Chrome/56.0.2924.87+Safari/537.36 http://localhost:50192/Invoice/Invoiceview 200 0 0 8
2017-04-05 08:48:48 ::1 POST /Invoice/GetOutStandingAmoutPerDeptid/ - 50192 - ::1 Mozilla/5.0+(Windows+NT+6.1;+Win64;+x64)+AppleWebKit/537.36+(KHTML,+like+Gecko)+Chrome/56.0.2924.87+Safari/537.36 http://localhost:50192/Invoice/Invoiceview 200 0 0 10
2017-04-05 08:48:48 ::1 GET /Invoice/GetInVoiceDetails/ _search=false&nd=1491382128845&rows=50&page=1&sidx=SlNo+asc&sord=asc 50192 - ::1 Mozilla/5.0+(Windows+NT+6.1;+Win64;+x64)+AppleWebKit/537.36+(KHTML,+like+Gecko)+Chrome/56.0.2924.87+Safari/537.36 http://localhost:50192/Invoice/Invoiceview 200 0 0 43
2017-04-05 08:48:53 ::1 POST /Invoice/getCreditDetails/ - 50192 - ::1 Mozilla/5.0+(Windows+NT+6.1;+Win64;+x64)+AppleWebKit/537.36+(KHTML,+like+Gecko)+Chrome/56.0.2924.87+Safari/537.36 http://localhost:50192/Invoice/Invoiceview 200 0 0 6
2017-04-05 08:48:53 ::1 POST /Invoice/getEndUserRating/ - 50192 - ::1 Mozilla/5.0+(Windows+NT+6.1;+Win64;+x64)+AppleWebKit/537.36+(KHTML,+like+Gecko)+Chrome/56.0.2924.87+Safari/537.36 http://localhost:50192/Invoice/Invoiceview 200 0 0 7
2017-04-05 08:48:53 ::1 POST /Invoice/getUltimateApproverRating/ - 50192 - ::1 Mozilla/5.0+(Windows+NT+6.1;+Win64;+x64)+AppleWebKit/537.36+(KHTML,+like+Gecko)+Chrome/56.0.2924.87+Safari/537.36 http://localhost:50192/Invoice/Invoiceview 200 0 0 16
2017-04-05 08:48:53 ::1 POST /Invoice/getInvoiceImages/ - 50192 - ::1 Mozilla/5.0+(Windows+NT+6.1;+Win64;+x64)+AppleWebKit/537.36+(KHTML,+like+Gecko)+Chrome/56.0.2924.87+Safari/537.36 http://localhost:50192/Invoice/Invoiceview 200 0 0 523
2017-04-05 08:48:53 ::1 POST /Invoice/getcomments/ - 50192 - ::1 Mozilla/5.0+(Windows+NT+6.1;+Win64;+x64)+AppleWebKit/537.36+(KHTML,+like+Gecko)+Chrome/56.0.2924.87+Safari/537.36 http://localhost:50192/Invoice/Invoiceview 200 0 0 6
2017-04-05 08:48:53 ::1 POST /Invoice/GetInvoiceTax/ - 50192 - ::1 Mozilla/5.0+(Windows+NT+6.1;+Win64;+x64)+AppleWebKit/537.36+(KHTML,+like+Gecko)+Chrome/56.0.2924.87+Safari/537.36 http://localhost:50192/Invoice/Invoiceview 200 0 0 5
2017-04-05 08:48:54 ::1 GET /Invoice/getDetailsofInvoice/ id=8331 50192 - ::1 Mozilla/5.0+(Windows+NT+6.1;+Win64;+x64)+AppleWebKit/537.36+(KHTML,+like+Gecko)+Chrome/56.0.2924.87+Safari/537.36 http://localhost:50192/Invoice/Invoiceview 200 0 0 1044
