#Software: Microsoft Internet Information Services 10.0
#Version: 1.0
#Date: 2017-04-09 17:09:54
#Fields: date time s-ip cs-method cs-uri-stem cs-uri-query s-port cs-username c-ip cs(User-Agent) cs(Referer) sc-status sc-substatus sc-win32-status time-taken
2017-04-09 17:09:54 ::1 GET / - 50192 - ::1 Mozilla/5.0+(Windows+NT+6.1;+Win64;+x64)+AppleWebKit/537.36+(KHTML,+like+Gecko)+Chrome/57.0.2987.133+Safari/537.36 - 200 0 0 15259
2017-04-09 17:09:55 ::1 GET /__browserLink/requestData/f9b2bc50e4244def807a5b33458bca37 version=2 50192 - ::1 Mozilla/5.0+(Windows+NT+6.1;+Win64;+x64)+AppleWebKit/537.36+(KHTML,+like+Gecko)+Chrome/57.0.2987.133+Safari/537.36 http://localhost:50192/ 200 0 0 116
2017-04-09 17:11:25 ::1 POST /Login/Submit - 50192 - ::1 Mozilla/5.0+(Windows+NT+6.1;+Win64;+x64)+AppleWebKit/537.36+(KHTML,+like+Gecko)+Chrome/57.0.2987.133+Safari/537.36 http://localhost:50192/ 302 0 0 1310
2017-04-09 17:11:30 ::1 GET /Invoice/Invoiceview - 50192 - ::1 Mozilla/5.0+(Windows+NT+6.1;+Win64;+x64)+AppleWebKit/537.36+(KHTML,+like+Gecko)+Chrome/57.0.2987.133+Safari/537.36 http://localhost:50192/ 200 0 0 4271
2017-04-09 17:11:30 ::1 GET /scripts/charts - 50192 - ::1 Mozilla/5.0+(Windows+NT+6.1;+Win64;+x64)+AppleWebKit/537.36+(KHTML,+like+Gecko)+Chrome/57.0.2987.133+Safari/537.36 http://localhost:50192/Invoice/Invoiceview 404 0 0 172
2017-04-09 17:11:30 ::1 GET /Invoice/js/plugin/moment/moment.min.js - 50192 - ::1 Mozilla/5.0+(Windows+NT+6.1;+Win64;+x64)+AppleWebKit/537.36+(KHTML,+like+Gecko)+Chrome/57.0.2987.133+Safari/537.36 http://localhost:50192/Invoice/Invoiceview 404 0 2 469
2017-04-09 17:11:30 ::1 GET /Invoice/js/plugin/fullcalendar/jquery.fullcalendar.min.js - 50192 - ::1 Mozilla/5.0+(Windows+NT+6.1;+Win64;+x64)+AppleWebKit/537.36+(KHTML,+like+Gecko)+Chrome/57.0.2987.133+Safari/537.36 http://localhost:50192/Invoice/Invoiceview 404 0 2 422
2017-04-09 17:11:30 ::1 GET /content/smartadmin v=JuxzSo448Mp7JwlrY-SauM21UsbLTMWMWjxjl1A_dg81 50192 - ::1 Mozilla/5.0+(Windows+NT+6.1;+Win64;+x64)+AppleWebKit/537.36+(KHTML,+like+Gecko)+Chrome/57.0.2987.133+Safari/537.36 http://localhost:50192/Invoice/Invoiceview 200 0 0 546
2017-04-09 17:11:30 ::1 GET /scripts/smartadmin v=w4Rrl5bKuPcmGdhcINOZC9FNirYYAoCve0gGftO8EGU1 50192 - ::1 Mozilla/5.0+(Windows+NT+6.1;+Win64;+x64)+AppleWebKit/537.36+(KHTML,+like+Gecko)+Chrome/57.0.2987.133+Safari/537.36 http://localhost:50192/Invoice/Invoiceview 200 0 0 125
2017-04-09 17:11:30 ::1 GET /Invoice/js/plugin/moment/moment.min.js - 50192 - ::1 Mozilla/5.0+(Windows+NT+6.1;+Win64;+x64)+AppleWebKit/537.36+(KHTML,+like+Gecko)+Chrome/57.0.2987.133+Safari/537.36 http://localhost:50192/Invoice/Invoiceview 404 0 2 19
2017-04-09 17:11:30 ::1 GET /scripts/smart-chat v=IZ5lEhh90fTUVIFmSkk1c_frn_O4ZyYewEewS7_43fw1 50192 - ::1 Mozilla/5.0+(Windows+NT+6.1;+Win64;+x64)+AppleWebKit/537.36+(KHTML,+like+Gecko)+Chrome/57.0.2987.133+Safari/537.36 http://localhost:50192/Invoice/Invoiceview 200 0 0 6
2017-04-09 17:11:30 ::1 GET /Invoice/js/plugin/fullcalendar/jquery.fullcalendar.min.js - 50192 - ::1 Mozilla/5.0+(Windows+NT+6.1;+Win64;+x64)+AppleWebKit/537.36+(KHTML,+like+Gecko)+Chrome/57.0.2987.133+Safari/537.36 http://localhost:50192/Invoice/Invoiceview 404 0 2 8
2017-04-09 17:11:30 ::1 GET /scripts/vector-map - 50192 - ::1 Mozilla/5.0+(Windows+NT+6.1;+Win64;+x64)+AppleWebKit/537.36+(KHTML,+like+Gecko)+Chrome/57.0.2987.133+Safari/537.36 http://localhost:50192/Invoice/Invoiceview 404 0 0 4
2017-04-09 17:11:30 ::1 GET /scripts/full-calendar - 50192 - ::1 Mozilla/5.0+(Windows+NT+6.1;+Win64;+x64)+AppleWebKit/537.36+(KHTML,+like+Gecko)+Chrome/57.0.2987.133+Safari/537.36 http://localhost:50192/Invoice/Invoiceview 404 0 0 10
2017-04-09 17:11:30 ::1 GET /scripts/forms v=tagOowOv9G_o7dXkvkWzD9plfcMgv9nBUvHJYqW2gv01 50192 - ::1 Mozilla/5.0+(Windows+NT+6.1;+Win64;+x64)+AppleWebKit/537.36+(KHTML,+like+Gecko)+Chrome/57.0.2987.133+Safari/537.36 http://localhost:50192/Invoice/Invoiceview 200 0 0 80
2017-04-09 17:11:30 ::1 GET /scripts/datatables v=XrICtQdHI-0Tg7EBmcXtJgIqPWz1P-B96MXLJq44tiE1 50192 - ::1 Mozilla/5.0+(Windows+NT+6.1;+Win64;+x64)+AppleWebKit/537.36+(KHTML,+like+Gecko)+Chrome/57.0.2987.133+Safari/537.36 http://localhost:50192/Invoice/Invoiceview 200 0 0 148
2017-04-09 17:11:30 ::1 GET /scripts/jq-grid v=gzFIjP5a54GXB3_k8CuSLy6A4gnYb2BYcX52I7FDy4c1 50192 - ::1 Mozilla/5.0+(Windows+NT+6.1;+Win64;+x64)+AppleWebKit/537.36+(KHTML,+like+Gecko)+Chrome/57.0.2987.133+Safari/537.36 http://localhost:50192/Invoice/Invoiceview 200 0 0 197
2017-04-09 17:11:31 ::1 GET /Scripts/jquery.js - 50192 - ::1 Mozilla/5.0+(Windows+NT+6.1;+Win64;+x64)+AppleWebKit/537.36+(KHTML,+like+Gecko)+Chrome/57.0.2987.133+Safari/537.36 http://localhost:50192/Invoice/Invoiceview 404 0 2 45
2017-04-09 17:11:31 ::1 GET /scripts/charts - 50192 - ::1 Mozilla/5.0+(Windows+NT+6.1;+Win64;+x64)+AppleWebKit/537.36+(KHTML,+like+Gecko)+Chrome/57.0.2987.133+Safari/537.36 http://localhost:50192/Invoice/Invoiceview 404 0 0 2
2017-04-09 17:11:31 ::1 GET /scripts/vector-map - 50192 - ::1 Mozilla/5.0+(Windows+NT+6.1;+Win64;+x64)+AppleWebKit/537.36+(KHTML,+like+Gecko)+Chrome/57.0.2987.133+Safari/537.36 http://localhost:50192/Invoice/Invoiceview 404 0 0 2
2017-04-09 17:11:31 ::1 GET /scripts/full-calendar - 50192 - ::1 Mozilla/5.0+(Windows+NT+6.1;+Win64;+x64)+AppleWebKit/537.36+(KHTML,+like+Gecko)+Chrome/57.0.2987.133+Safari/537.36 http://localhost:50192/Invoice/Invoiceview 404 0 0 3
2017-04-09 17:11:31 ::1 GET /Scripts/jquery.js - 50192 - ::1 Mozilla/5.0+(Windows+NT+6.1;+Win64;+x64)+AppleWebKit/537.36+(KHTML,+like+Gecko)+Chrome/57.0.2987.133+Safari/537.36 http://localhost:50192/Invoice/Invoiceview 404 0 2 1
2017-04-09 17:11:31 ::1 GET /Invoice/js/plugin/moment/moment.min.js - 50192 - ::1 Mozilla/5.0+(Windows+NT+6.1;+Win64;+x64)+AppleWebKit/537.36+(KHTML,+like+Gecko)+Chrome/57.0.2987.133+Safari/537.36 http://localhost:50192/Invoice/Invoiceview 404 0 2 3
2017-04-09 17:11:31 ::1 GET /Invoice/js/plugin/fullcalendar/jquery.fullcalendar.min.js - 50192 - ::1 Mozilla/5.0+(Windows+NT+6.1;+Win64;+x64)+AppleWebKit/537.36+(KHTML,+like+Gecko)+Chrome/57.0.2987.133+Safari/537.36 http://localhost:50192/Invoice/Invoiceview 404 0 2 0
2017-04-09 17:11:31 ::1 POST /Invoice/GetOutStandingAmoutBar/ - 50192 - ::1 Mozilla/5.0+(Windows+NT+6.1;+Win64;+x64)+AppleWebKit/537.36+(KHTML,+like+Gecko)+Chrome/57.0.2987.133+Safari/537.36 http://localhost:50192/Invoice/Invoiceview 200 0 0 11
2017-04-09 17:11:31 ::1 POST /Invoice/GetOutStandingAmoutPerDeptid/ - 50192 - ::1 Mozilla/5.0+(Windows+NT+6.1;+Win64;+x64)+AppleWebKit/537.36+(KHTML,+like+Gecko)+Chrome/57.0.2987.133+Safari/537.36 http://localhost:50192/Invoice/Invoiceview 200 0 0 150
2017-04-09 17:11:31 ::1 GET /Invoice/GetInVoiceDetails/ _search=false&nd=1491757892030&rows=50&page=1&sidx=SlNo+asc&sord=asc 50192 - ::1 Mozilla/5.0+(Windows+NT+6.1;+Win64;+x64)+AppleWebKit/537.36+(KHTML,+like+Gecko)+Chrome/57.0.2987.133+Safari/537.36 http://localhost:50192/Invoice/Invoiceview 200 0 0 72
2017-04-09 17:11:34 ::1 GET /__browserLink/requestData/8c00ccbfa45c4656806f0d8e125eb776 version=2 50192 - ::1 Mozilla/5.0+(Windows+NT+6.1;+Win64;+x64)+AppleWebKit/537.36+(KHTML,+like+Gecko)+Chrome/57.0.2987.133+Safari/537.36 http://localhost:50192/Invoice/Invoiceview 200 0 0 89
2017-04-09 17:23:32 ::1 GET /Invoice/Invoiceview - 50192 - ::1 Mozilla/5.0+(Windows+NT+6.1;+Win64;+x64)+AppleWebKit/537.36+(KHTML,+like+Gecko)+Chrome/57.0.2987.133+Safari/537.36 http://localhost:50192/Invoice/Invoiceview 200 0 0 262
2017-04-09 17:23:32 ::1 GET /scripts/charts - 50192 - ::1 Mozilla/5.0+(Windows+NT+6.1;+Win64;+x64)+AppleWebKit/537.36+(KHTML,+like+Gecko)+Chrome/57.0.2987.133+Safari/537.36 http://localhost:50192/Invoice/Invoiceview 404 0 0 20
2017-04-09 17:23:32 ::1 GET /Invoice/js/plugin/fullcalendar/jquery.fullcalendar.min.js - 50192 - ::1 Mozilla/5.0+(Windows+NT+6.1;+Win64;+x64)+AppleWebKit/537.36+(KHTML,+like+Gecko)+Chrome/57.0.2987.133+Safari/537.36 http://localhost:50192/Invoice/Invoiceview 404 0 2 42
2017-04-09 17:23:32 ::1 GET /Invoice/js/plugin/moment/moment.min.js - 50192 - ::1 Mozilla/5.0+(Windows+NT+6.1;+Win64;+x64)+AppleWebKit/537.36+(KHTML,+like+Gecko)+Chrome/57.0.2987.133+Safari/537.36 http://localhost:50192/Invoice/Invoiceview 404 0 2 42
2017-04-09 17:23:40 ::1 GET /scripts/vector-map - 50192 - ::1 Mozilla/5.0+(Windows+NT+6.1;+Win64;+x64)+AppleWebKit/537.36+(KHTML,+like+Gecko)+Chrome/57.0.2987.133+Safari/537.36 http://localhost:50192/Invoice/Invoiceview 404 0 0 13
2017-04-09 17:23:40 ::1 GET /scripts/full-calendar - 50192 - ::1 Mozilla/5.0+(Windows+NT+6.1;+Win64;+x64)+AppleWebKit/537.36+(KHTML,+like+Gecko)+Chrome/57.0.2987.133+Safari/537.36 http://localhost:50192/Invoice/Invoiceview 404 0 0 17
2017-04-09 17:23:40 ::1 GET /Scripts/jquery.js - 50192 - ::1 Mozilla/5.0+(Windows+NT+6.1;+Win64;+x64)+AppleWebKit/537.36+(KHTML,+like+Gecko)+Chrome/57.0.2987.133+Safari/537.36 http://localhost:50192/Invoice/Invoiceview 404 0 2 3
2017-04-09 17:23:42 ::1 GET /Invoice/js/plugin/moment/moment.min.js - 50192 - ::1 Mozilla/5.0+(Windows+NT+6.1;+Win64;+x64)+AppleWebKit/537.36+(KHTML,+like+Gecko)+Chrome/57.0.2987.133+Safari/537.36 http://localhost:50192/Invoice/Invoiceview 404 0 2 3
2017-04-09 17:23:42 ::1 GET /Invoice/js/plugin/fullcalendar/jquery.fullcalendar.min.js - 50192 - ::1 Mozilla/5.0+(Windows+NT+6.1;+Win64;+x64)+AppleWebKit/537.36+(KHTML,+like+Gecko)+Chrome/57.0.2987.133+Safari/537.36 http://localhost:50192/Invoice/Invoiceview 404 0 2 4
2017-04-09 17:23:42 ::1 GET /scripts/charts - 50192 - ::1 Mozilla/5.0+(Windows+NT+6.1;+Win64;+x64)+AppleWebKit/537.36+(KHTML,+like+Gecko)+Chrome/57.0.2987.133+Safari/537.36 http://localhost:50192/Invoice/Invoiceview 404 0 0 2
2017-04-09 17:23:42 ::1 GET /scripts/vector-map - 50192 - ::1 Mozilla/5.0+(Windows+NT+6.1;+Win64;+x64)+AppleWebKit/537.36+(KHTML,+like+Gecko)+Chrome/57.0.2987.133+Safari/537.36 http://localhost:50192/Invoice/Invoiceview 404 0 0 9
2017-04-09 17:23:42 ::1 GET /scripts/full-calendar - 50192 - ::1 Mozilla/5.0+(Windows+NT+6.1;+Win64;+x64)+AppleWebKit/537.36+(KHTML,+like+Gecko)+Chrome/57.0.2987.133+Safari/537.36 http://localhost:50192/Invoice/Invoiceview 404 0 0 5
2017-04-09 17:23:42 ::1 GET /Scripts/jquery.js - 50192 - ::1 Mozilla/5.0+(Windows+NT+6.1;+Win64;+x64)+AppleWebKit/537.36+(KHTML,+like+Gecko)+Chrome/57.0.2987.133+Safari/537.36 http://localhost:50192/Invoice/Invoiceview 404 0 2 1
2017-04-09 17:23:42 ::1 GET /Invoice/js/plugin/moment/moment.min.js - 50192 - ::1 Mozilla/5.0+(Windows+NT+6.1;+Win64;+x64)+AppleWebKit/537.36+(KHTML,+like+Gecko)+Chrome/57.0.2987.133+Safari/537.36 http://localhost:50192/Invoice/Invoiceview 404 0 2 1
2017-04-09 17:23:42 ::1 GET /Invoice/js/plugin/fullcalendar/jquery.fullcalendar.min.js - 50192 - ::1 Mozilla/5.0+(Windows+NT+6.1;+Win64;+x64)+AppleWebKit/537.36+(KHTML,+like+Gecko)+Chrome/57.0.2987.133+Safari/537.36 http://localhost:50192/Invoice/Invoiceview 404 0 2 4
2017-04-09 17:23:42 ::1 POST /Invoice/GetOutStandingAmoutBar/ - 50192 - ::1 Mozilla/5.0+(Windows+NT+6.1;+Win64;+x64)+AppleWebKit/537.36+(KHTML,+like+Gecko)+Chrome/57.0.2987.133+Safari/537.36 http://localhost:50192/Invoice/Invoiceview 200 0 0 14
2017-04-09 17:23:42 ::1 POST /Invoice/GetOutStandingAmoutPerDeptid/ - 50192 - ::1 Mozilla/5.0+(Windows+NT+6.1;+Win64;+x64)+AppleWebKit/537.36+(KHTML,+like+Gecko)+Chrome/57.0.2987.133+Safari/537.36 http://localhost:50192/Invoice/Invoiceview 200 0 0 18
2017-04-09 17:23:42 ::1 GET /Invoice/GetInVoiceDetails/ _search=false&nd=1491758623031&rows=50&page=1&sidx=SlNo+asc&sord=asc 50192 - ::1 Mozilla/5.0+(Windows+NT+6.1;+Win64;+x64)+AppleWebKit/537.36+(KHTML,+like+Gecko)+Chrome/57.0.2987.133+Safari/537.36 http://localhost:50192/Invoice/Invoiceview 200 0 0 44
2017-04-09 17:23:49 ::1 POST /Invoice/getCreditDetails/ - 50192 - ::1 Mozilla/5.0+(Windows+NT+6.1;+Win64;+x64)+AppleWebKit/537.36+(KHTML,+like+Gecko)+Chrome/57.0.2987.133+Safari/537.36 http://localhost:50192/Invoice/Invoiceview 200 0 0 24
2017-04-09 17:23:49 ::1 POST /Invoice/getEndUserRating/ - 50192 - ::1 Mozilla/5.0+(Windows+NT+6.1;+Win64;+x64)+AppleWebKit/537.36+(KHTML,+like+Gecko)+Chrome/57.0.2987.133+Safari/537.36 http://localhost:50192/Invoice/Invoiceview 200 0 0 55
2017-04-09 17:23:49 ::1 POST /Invoice/getInvoiceImages/ - 50192 - ::1 Mozilla/5.0+(Windows+NT+6.1;+Win64;+x64)+AppleWebKit/537.36+(KHTML,+like+Gecko)+Chrome/57.0.2987.133+Safari/537.36 http://localhost:50192/Invoice/Invoiceview 200 0 0 593
2017-04-09 17:23:49 ::1 POST /Invoice/getcomments/ - 50192 - ::1 Mozilla/5.0+(Windows+NT+6.1;+Win64;+x64)+AppleWebKit/537.36+(KHTML,+like+Gecko)+Chrome/57.0.2987.133+Safari/537.36 http://localhost:50192/Invoice/Invoiceview 200 0 0 20
2017-04-09 17:23:49 ::1 POST /Invoice/GetInvoiceTax/ - 50192 - ::1 Mozilla/5.0+(Windows+NT+6.1;+Win64;+x64)+AppleWebKit/537.36+(KHTML,+like+Gecko)+Chrome/57.0.2987.133+Safari/537.36 http://localhost:50192/Invoice/Invoiceview 200 0 0 13
2017-04-09 17:23:49 ::1 HEAD /Files/InvoiceImages/INV-234055541417-2-16-17-1.pdf - 50192 - ::1 Mozilla/5.0+(Windows+NT+6.1;+Win64;+x64)+AppleWebKit/537.36+(KHTML,+like+Gecko)+Chrome/57.0.2987.133+Safari/537.36 http://localhost:50192/ViewerJS/ 200 0 0 54
2017-04-09 17:23:50 ::1 POST /Invoice/getUltimateApproverRating/ - 50192 - ::1 Mozilla/5.0+(Windows+NT+6.1;+Win64;+x64)+AppleWebKit/537.36+(KHTML,+like+Gecko)+Chrome/57.0.2987.133+Safari/537.36 http://localhost:50192/Invoice/Invoiceview 200 0 0 1046
2017-04-09 17:23:50 ::1 GET /Files/InvoiceImages/INV-234055541417-2-16-17-1.pdf - 50192 - ::1 Mozilla/5.0+(Windows+NT+6.1;+Win64;+x64)+AppleWebKit/537.36+(KHTML,+like+Gecko)+Chrome/57.0.2987.133+Safari/537.36 http://localhost:50192/ViewerJS/pdf.worker.js 200 0 0 9
2017-04-09 17:23:50 ::1 GET /Invoice/getDetailsofInvoice/ id=8330 50192 - ::1 Mozilla/5.0+(Windows+NT+6.1;+Win64;+x64)+AppleWebKit/537.36+(KHTML,+like+Gecko)+Chrome/57.0.2987.133+Safari/537.36 http://localhost:50192/Invoice/Invoiceview 200 0 0 1684
2017-04-09 17:23:51 ::1 POST /Invoice/getInvoiceData/ - 50192 - ::1 Mozilla/5.0+(Windows+NT+6.1;+Win64;+x64)+AppleWebKit/537.36+(KHTML,+like+Gecko)+Chrome/57.0.2987.133+Safari/537.36 http://localhost:50192/Invoice/Invoiceview 200 0 0 2084
2017-04-09 17:23:55 ::1 GET /__browserLink/requestData/5c784d6e36654487804dbd06e726e932 version=2 50192 - ::1 Mozilla/5.0+(Windows+NT+6.1;+Win64;+x64)+AppleWebKit/537.36+(KHTML,+like+Gecko)+Chrome/57.0.2987.133+Safari/537.36 http://localhost:50192/Invoice/Invoiceview 200 0 0 64
