#Software: Microsoft Internet Information Services 10.0
#Version: 1.0
#Date: 2017-03-10 05:12:40
#Fields: date time s-ip cs-method cs-uri-stem cs-uri-query s-port cs-username c-ip cs(User-Agent) cs(Referer) sc-status sc-substatus sc-win32-status time-taken
2017-03-10 05:12:40 ::1 GET / - 50192 - ::1 Mozilla/5.0+(Windows+NT+6.1;+Win64;+x64)+AppleWebKit/537.36+(KHTML,+like+Gecko)+Chrome/56.0.2924.87+Safari/537.36 - 200 0 0 28333
2017-03-10 05:12:40 ::1 GET /content/fonts/fontawesome-webfont.woff v=4.2.0 50192 - ::1 Mozilla/5.0+(Windows+NT+6.1;+Win64;+x64)+AppleWebKit/537.36+(KHTML,+like+Gecko)+Chrome/56.0.2924.87+Safari/537.36 http://localhost:50192/Content/css/font-awesome.min.css 200 0 0 19
2017-03-10 05:12:40 ::1 GET /content/img/mybg.png - 50192 - ::1 Mozilla/5.0+(Windows+NT+6.1;+Win64;+x64)+AppleWebKit/537.36+(KHTML,+like+Gecko)+Chrome/56.0.2924.87+Safari/537.36 http://localhost:50192/Content/css/smartadmin-production.min.css 200 0 0 55
2017-03-10 05:12:42 ::1 GET /__browserLink/requestData/40e5754ce0534a4baa86da991ae92df7 version=2 50192 - ::1 Mozilla/5.0+(Windows+NT+6.1;+Win64;+x64)+AppleWebKit/537.36+(KHTML,+like+Gecko)+Chrome/56.0.2924.87+Safari/537.36 http://localhost:50192/ 200 0 0 47
2017-03-10 05:16:45 ::1 POST /Login/Submit - 50192 - ::1 Mozilla/5.0+(Windows+NT+6.1;+Win64;+x64)+AppleWebKit/537.36+(KHTML,+like+Gecko)+Chrome/56.0.2924.87+Safari/537.36 http://localhost:50192/ 302 0 0 2475
2017-03-10 05:16:55 ::1 GET /Invoice/Invoiceview - 50192 - ::1 Mozilla/5.0+(Windows+NT+6.1;+Win64;+x64)+AppleWebKit/537.36+(KHTML,+like+Gecko)+Chrome/56.0.2924.87+Safari/537.36 http://localhost:50192/ 200 0 0 9701
2017-03-10 05:16:55 ::1 GET /Invoice/js/plugin/fullcalendar/jquery.fullcalendar.min.js - 50192 - ::1 Mozilla/5.0+(Windows+NT+6.1;+Win64;+x64)+AppleWebKit/537.36+(KHTML,+like+Gecko)+Chrome/56.0.2924.87+Safari/537.36 http://localhost:50192/Invoice/Invoiceview 404 0 2 497
2017-03-10 05:16:55 ::1 GET /Invoice/js/plugin/moment/moment.min.js - 50192 - ::1 Mozilla/5.0+(Windows+NT+6.1;+Win64;+x64)+AppleWebKit/537.36+(KHTML,+like+Gecko)+Chrome/56.0.2924.87+Safari/537.36 http://localhost:50192/Invoice/Invoiceview 404 0 2 497
2017-03-10 05:16:56 ::1 GET /scripts/charts - 50192 - ::1 Mozilla/5.0+(Windows+NT+6.1;+Win64;+x64)+AppleWebKit/537.36+(KHTML,+like+Gecko)+Chrome/56.0.2924.87+Safari/537.36 http://localhost:50192/Invoice/Invoiceview 404 0 0 1348
2017-03-10 05:16:56 ::1 GET /scripts/vector-map - 50192 - ::1 Mozilla/5.0+(Windows+NT+6.1;+Win64;+x64)+AppleWebKit/537.36+(KHTML,+like+Gecko)+Chrome/56.0.2924.87+Safari/537.36 http://localhost:50192/Invoice/Invoiceview 404 0 0 3
2017-03-10 05:16:56 ::1 GET /scripts/full-calendar - 50192 - ::1 Mozilla/5.0+(Windows+NT+6.1;+Win64;+x64)+AppleWebKit/537.36+(KHTML,+like+Gecko)+Chrome/56.0.2924.87+Safari/537.36 http://localhost:50192/Invoice/Invoiceview 404 0 0 3
2017-03-10 05:16:56 ::1 GET /Invoice/js/plugin/moment/moment.min.js - 50192 - ::1 Mozilla/5.0+(Windows+NT+6.1;+Win64;+x64)+AppleWebKit/537.36+(KHTML,+like+Gecko)+Chrome/56.0.2924.87+Safari/537.36 http://localhost:50192/Invoice/Invoiceview 404 0 2 16
2017-03-10 05:16:56 ::1 GET /Invoice/js/plugin/fullcalendar/jquery.fullcalendar.min.js - 50192 - ::1 Mozilla/5.0+(Windows+NT+6.1;+Win64;+x64)+AppleWebKit/537.36+(KHTML,+like+Gecko)+Chrome/56.0.2924.87+Safari/537.36 http://localhost:50192/Invoice/Invoiceview 404 0 2 3
2017-03-10 05:16:56 ::1 GET /Scripts/jquery.js - 50192 - ::1 Mozilla/5.0+(Windows+NT+6.1;+Win64;+x64)+AppleWebKit/537.36+(KHTML,+like+Gecko)+Chrome/56.0.2924.87+Safari/537.36 http://localhost:50192/Invoice/Invoiceview 404 0 2 36
2017-03-10 05:16:56 ::1 GET /content/fonts/glyphicons-halflings-regular.woff - 50192 - ::1 Mozilla/5.0+(Windows+NT+6.1;+Win64;+x64)+AppleWebKit/537.36+(KHTML,+like+Gecko)+Chrome/56.0.2924.87+Safari/537.36 http://localhost:50192/content/smartadmin?v=JuxzSo448Mp7JwlrY-SauM21UsbLTMWMWjxjl1A_dg81 200 0 0 29
2017-03-10 05:16:56 ::1 GET /scripts/charts - 50192 - ::1 Mozilla/5.0+(Windows+NT+6.1;+Win64;+x64)+AppleWebKit/537.36+(KHTML,+like+Gecko)+Chrome/56.0.2924.87+Safari/537.36 http://localhost:50192/Invoice/Invoiceview 404 0 0 3
2017-03-10 05:16:56 ::1 GET /scripts/vector-map - 50192 - ::1 Mozilla/5.0+(Windows+NT+6.1;+Win64;+x64)+AppleWebKit/537.36+(KHTML,+like+Gecko)+Chrome/56.0.2924.87+Safari/537.36 http://localhost:50192/Invoice/Invoiceview 404 0 0 14
2017-03-10 05:16:56 ::1 GET /scripts/full-calendar - 50192 - ::1 Mozilla/5.0+(Windows+NT+6.1;+Win64;+x64)+AppleWebKit/537.36+(KHTML,+like+Gecko)+Chrome/56.0.2924.87+Safari/537.36 http://localhost:50192/Invoice/Invoiceview 404 0 0 6
2017-03-10 05:16:56 ::1 GET /Scripts/jquery.js - 50192 - ::1 Mozilla/5.0+(Windows+NT+6.1;+Win64;+x64)+AppleWebKit/537.36+(KHTML,+like+Gecko)+Chrome/56.0.2924.87+Safari/537.36 http://localhost:50192/Invoice/Invoiceview 404 0 2 2
2017-03-10 05:16:56 ::1 GET /Invoice/js/plugin/moment/moment.min.js - 50192 - ::1 Mozilla/5.0+(Windows+NT+6.1;+Win64;+x64)+AppleWebKit/537.36+(KHTML,+like+Gecko)+Chrome/56.0.2924.87+Safari/537.36 http://localhost:50192/Invoice/Invoiceview 404 0 2 1
2017-03-10 05:16:56 ::1 GET /Invoice/js/plugin/fullcalendar/jquery.fullcalendar.min.js - 50192 - ::1 Mozilla/5.0+(Windows+NT+6.1;+Win64;+x64)+AppleWebKit/537.36+(KHTML,+like+Gecko)+Chrome/56.0.2924.87+Safari/537.36 http://localhost:50192/Invoice/Invoiceview 404 0 2 1
2017-03-10 05:16:56 ::1 POST /Invoice/GetOutStandingAmoutBar/ - 50192 - ::1 Mozilla/5.0+(Windows+NT+6.1;+Win64;+x64)+AppleWebKit/537.36+(KHTML,+like+Gecko)+Chrome/56.0.2924.87+Safari/537.36 http://localhost:50192/Invoice/Invoiceview 200 0 0 107
2017-03-10 05:16:56 ::1 POST /Invoice/GetOutStandingAmoutPerDeptid/ - 50192 - ::1 Mozilla/5.0+(Windows+NT+6.1;+Win64;+x64)+AppleWebKit/537.36+(KHTML,+like+Gecko)+Chrome/56.0.2924.87+Safari/537.36 http://localhost:50192/Invoice/Invoiceview 200 0 0 215
2017-03-10 05:16:58 ::1 GET /Invoice/GetInVoiceDetails/ _search=false&nd=1489123018030&rows=50&page=1&sidx=SlNo+asc&sord=asc 50192 - ::1 Mozilla/5.0+(Windows+NT+6.1;+Win64;+x64)+AppleWebKit/537.36+(KHTML,+like+Gecko)+Chrome/56.0.2924.87+Safari/537.36 http://localhost:50192/Invoice/Invoiceview 200 0 0 662
2017-03-10 05:16:59 ::1 GET /__browserLink/requestData/0859c1cf0e3849c6a2a0d89bfbd552b2 version=2 50192 - ::1 Mozilla/5.0+(Windows+NT+6.1;+Win64;+x64)+AppleWebKit/537.36+(KHTML,+like+Gecko)+Chrome/56.0.2924.87+Safari/537.36 http://localhost:50192/Invoice/Invoiceview 200 0 0 69
#Software: Microsoft Internet Information Services 10.0
#Version: 1.0
#Date: 2017-03-10 05:42:05
#Fields: date time s-ip cs-method cs-uri-stem cs-uri-query s-port cs-username c-ip cs(User-Agent) cs(Referer) sc-status sc-substatus sc-win32-status time-taken
2017-03-10 05:42:05 ::1 GET /Users/UsersView - 50192 - ::1 Mozilla/5.0+(Windows+NT+6.1;+Win64;+x64)+AppleWebKit/537.36+(KHTML,+like+Gecko)+Chrome/56.0.2924.87+Safari/537.36 http://localhost:50192/Invoice/Invoiceview 302 0 64 5196
2017-03-10 05:42:05 ::1 GET /Login/Login - 50192 - ::1 Mozilla/5.0+(Windows+NT+6.1;+Win64;+x64)+AppleWebKit/537.36+(KHTML,+like+Gecko)+Chrome/56.0.2924.87+Safari/537.36 http://localhost:50192/Invoice/Invoiceview 200 0 0 5693
2017-03-10 05:42:07 ::1 GET /__browserLink/requestData/747b37edd4074773b798785e5407990e version=2 50192 - ::1 Mozilla/5.0+(Windows+NT+6.1;+Win64;+x64)+AppleWebKit/537.36+(KHTML,+like+Gecko)+Chrome/56.0.2924.87+Safari/537.36 http://localhost:50192/Login/Login 200 0 0 9
2017-03-10 05:43:07 ::1 POST /Login/Submit - 50192 - ::1 Mozilla/5.0+(Windows+NT+6.1;+Win64;+x64)+AppleWebKit/537.36+(KHTML,+like+Gecko)+Chrome/56.0.2924.87+Safari/537.36 http://localhost:50192/Login/Login 302 0 0 14
2017-03-10 05:43:07 ::1 GET /Invoice/Invoiceview - 50192 - ::1 Mozilla/5.0+(Windows+NT+6.1;+Win64;+x64)+AppleWebKit/537.36+(KHTML,+like+Gecko)+Chrome/56.0.2924.87+Safari/537.36 http://localhost:50192/Login/Login 200 0 0 64
2017-03-10 05:43:07 ::1 GET /Invoice/js/plugin/fullcalendar/jquery.fullcalendar.min.js - 50192 - ::1 Mozilla/5.0+(Windows+NT+6.1;+Win64;+x64)+AppleWebKit/537.36+(KHTML,+like+Gecko)+Chrome/56.0.2924.87+Safari/537.36 http://localhost:50192/Invoice/Invoiceview 404 0 2 26
2017-03-10 05:43:07 ::1 GET /Invoice/js/plugin/moment/moment.min.js - 50192 - ::1 Mozilla/5.0+(Windows+NT+6.1;+Win64;+x64)+AppleWebKit/537.36+(KHTML,+like+Gecko)+Chrome/56.0.2924.87+Safari/537.36 http://localhost:50192/Invoice/Invoiceview 404 0 2 26
2017-03-10 05:43:07 ::1 GET /scripts/charts - 50192 - ::1 Mozilla/5.0+(Windows+NT+6.1;+Win64;+x64)+AppleWebKit/537.36+(KHTML,+like+Gecko)+Chrome/56.0.2924.87+Safari/537.36 http://localhost:50192/Invoice/Invoiceview 404 0 0 61
2017-03-10 05:43:07 ::1 GET /scripts/vector-map - 50192 - ::1 Mozilla/5.0+(Windows+NT+6.1;+Win64;+x64)+AppleWebKit/537.36+(KHTML,+like+Gecko)+Chrome/56.0.2924.87+Safari/537.36 http://localhost:50192/Invoice/Invoiceview 404 0 0 3
2017-03-10 05:43:07 ::1 GET /scripts/full-calendar - 50192 - ::1 Mozilla/5.0+(Windows+NT+6.1;+Win64;+x64)+AppleWebKit/537.36+(KHTML,+like+Gecko)+Chrome/56.0.2924.87+Safari/537.36 http://localhost:50192/Invoice/Invoiceview 404 0 0 5
2017-03-10 05:43:07 ::1 GET /Scripts/jquery.js - 50192 - ::1 Mozilla/5.0+(Windows+NT+6.1;+Win64;+x64)+AppleWebKit/537.36+(KHTML,+like+Gecko)+Chrome/56.0.2924.87+Safari/537.36 http://localhost:50192/Invoice/Invoiceview 404 0 2 1
2017-03-10 05:43:12 ::1 GET /Invoice/js/plugin/moment/moment.min.js - 50192 - ::1 Mozilla/5.0+(Windows+NT+6.1;+Win64;+x64)+AppleWebKit/537.36+(KHTML,+like+Gecko)+Chrome/56.0.2924.87+Safari/537.36 http://localhost:50192/Invoice/Invoiceview 404 0 2 3
2017-03-10 05:43:12 ::1 GET /Invoice/js/plugin/fullcalendar/jquery.fullcalendar.min.js - 50192 - ::1 Mozilla/5.0+(Windows+NT+6.1;+Win64;+x64)+AppleWebKit/537.36+(KHTML,+like+Gecko)+Chrome/56.0.2924.87+Safari/537.36 http://localhost:50192/Invoice/Invoiceview 404 0 2 2
2017-03-10 05:43:12 ::1 GET /scripts/charts - 50192 - ::1 Mozilla/5.0+(Windows+NT+6.1;+Win64;+x64)+AppleWebKit/537.36+(KHTML,+like+Gecko)+Chrome/56.0.2924.87+Safari/537.36 http://localhost:50192/Invoice/Invoiceview 404 0 0 3
2017-03-10 05:43:12 ::1 GET /scripts/vector-map - 50192 - ::1 Mozilla/5.0+(Windows+NT+6.1;+Win64;+x64)+AppleWebKit/537.36+(KHTML,+like+Gecko)+Chrome/56.0.2924.87+Safari/537.36 http://localhost:50192/Invoice/Invoiceview 404 0 0 3
2017-03-10 05:43:12 ::1 GET /scripts/full-calendar - 50192 - ::1 Mozilla/5.0+(Windows+NT+6.1;+Win64;+x64)+AppleWebKit/537.36+(KHTML,+like+Gecko)+Chrome/56.0.2924.87+Safari/537.36 http://localhost:50192/Invoice/Invoiceview 404 0 0 3
2017-03-10 05:43:12 ::1 GET /Scripts/jquery.js - 50192 - ::1 Mozilla/5.0+(Windows+NT+6.1;+Win64;+x64)+AppleWebKit/537.36+(KHTML,+like+Gecko)+Chrome/56.0.2924.87+Safari/537.36 http://localhost:50192/Invoice/Invoiceview 404 0 2 1
2017-03-10 05:43:12 ::1 GET /Invoice/js/plugin/moment/moment.min.js - 50192 - ::1 Mozilla/5.0+(Windows+NT+6.1;+Win64;+x64)+AppleWebKit/537.36+(KHTML,+like+Gecko)+Chrome/56.0.2924.87+Safari/537.36 http://localhost:50192/Invoice/Invoiceview 404 0 2 2
2017-03-10 05:43:12 ::1 GET /Invoice/js/plugin/fullcalendar/jquery.fullcalendar.min.js - 50192 - ::1 Mozilla/5.0+(Windows+NT+6.1;+Win64;+x64)+AppleWebKit/537.36+(KHTML,+like+Gecko)+Chrome/56.0.2924.87+Safari/537.36 http://localhost:50192/Invoice/Invoiceview 404 0 2 2
2017-03-10 05:43:12 ::1 POST /Invoice/GetOutStandingAmoutBar/ - 50192 - ::1 Mozilla/5.0+(Windows+NT+6.1;+Win64;+x64)+AppleWebKit/537.36+(KHTML,+like+Gecko)+Chrome/56.0.2924.87+Safari/537.36 http://localhost:50192/Invoice/Invoiceview 200 0 0 8
2017-03-10 05:43:12 ::1 POST /Invoice/GetOutStandingAmoutPerDeptid/ - 50192 - ::1 Mozilla/5.0+(Windows+NT+6.1;+Win64;+x64)+AppleWebKit/537.36+(KHTML,+like+Gecko)+Chrome/56.0.2924.87+Safari/537.36 http://localhost:50192/Invoice/Invoiceview 200 0 0 8
2017-03-10 05:43:12 ::1 GET /Invoice/GetInVoiceDetails/ _search=false&nd=1489124592852&rows=50&page=1&sidx=SlNo+asc&sord=asc 50192 - ::1 Mozilla/5.0+(Windows+NT+6.1;+Win64;+x64)+AppleWebKit/537.36+(KHTML,+like+Gecko)+Chrome/56.0.2924.87+Safari/537.36 http://localhost:50192/Invoice/Invoiceview 200 0 0 5
2017-03-10 05:43:14 ::1 GET /__browserLink/requestData/23ac4b84c927417197d3d62487d27524 version=2 50192 - ::1 Mozilla/5.0+(Windows+NT+6.1;+Win64;+x64)+AppleWebKit/537.36+(KHTML,+like+Gecko)+Chrome/56.0.2924.87+Safari/537.36 http://localhost:50192/Invoice/Invoiceview 200 0 0 58
2017-03-10 05:45:55 ::1 GET /Users/UsersView - 50192 - ::1 Mozilla/5.0+(Windows+NT+6.1;+Win64;+x64)+AppleWebKit/537.36+(KHTML,+like+Gecko)+Chrome/56.0.2924.87+Safari/537.36 http://localhost:50192/Invoice/Invoiceview 200 0 64 1566
2017-03-10 05:45:55 ::1 GET /Invoice/MyDashboardInvoiceview - 50192 - ::1 Mozilla/5.0+(Windows+NT+6.1;+Win64;+x64)+AppleWebKit/537.36+(KHTML,+like+Gecko)+Chrome/56.0.2924.87+Safari/537.36 http://localhost:50192/Invoice/Invoiceview 302 0 0 7
2017-03-10 05:45:55 ::1 GET /Invoice/Invoiceview - 50192 - ::1 Mozilla/5.0+(Windows+NT+6.1;+Win64;+x64)+AppleWebKit/537.36+(KHTML,+like+Gecko)+Chrome/56.0.2924.87+Safari/537.36 http://localhost:50192/Invoice/Invoiceview 200 0 0 46
2017-03-10 05:45:55 ::1 GET /scripts/charts - 50192 - ::1 Mozilla/5.0+(Windows+NT+6.1;+Win64;+x64)+AppleWebKit/537.36+(KHTML,+like+Gecko)+Chrome/56.0.2924.87+Safari/537.36 http://localhost:50192/Invoice/Invoiceview 404 0 0 10
2017-03-10 05:45:55 ::1 GET /Invoice/js/plugin/moment/moment.min.js - 50192 - ::1 Mozilla/5.0+(Windows+NT+6.1;+Win64;+x64)+AppleWebKit/537.36+(KHTML,+like+Gecko)+Chrome/56.0.2924.87+Safari/537.36 http://localhost:50192/Invoice/Invoiceview 404 0 2 26
2017-03-10 05:45:55 ::1 GET /Invoice/js/plugin/fullcalendar/jquery.fullcalendar.min.js - 50192 - ::1 Mozilla/5.0+(Windows+NT+6.1;+Win64;+x64)+AppleWebKit/537.36+(KHTML,+like+Gecko)+Chrome/56.0.2924.87+Safari/537.36 http://localhost:50192/Invoice/Invoiceview 404 0 2 48
2017-03-10 05:45:55 ::1 GET /Invoice/Invoiceview - 50192 - ::1 Mozilla/5.0+(Windows+NT+6.1;+Win64;+x64)+AppleWebKit/537.36+(KHTML,+like+Gecko)+Chrome/56.0.2924.87+Safari/537.36 http://localhost:50192/Invoice/Invoiceview 200 0 64 1188
2017-03-10 05:45:55 ::1 GET /scripts/vector-map - 50192 - ::1 Mozilla/5.0+(Windows+NT+6.1;+Win64;+x64)+AppleWebKit/537.36+(KHTML,+like+Gecko)+Chrome/56.0.2924.87+Safari/537.36 http://localhost:50192/Invoice/Invoiceview 404 0 0 5
2017-03-10 05:45:55 ::1 GET /scripts/full-calendar - 50192 - ::1 Mozilla/5.0+(Windows+NT+6.1;+Win64;+x64)+AppleWebKit/537.36+(KHTML,+like+Gecko)+Chrome/56.0.2924.87+Safari/537.36 http://localhost:50192/Invoice/Invoiceview 404 0 0 5
2017-03-10 05:45:55 ::1 GET /Scripts/jquery.js - 50192 - ::1 Mozilla/5.0+(Windows+NT+6.1;+Win64;+x64)+AppleWebKit/537.36+(KHTML,+like+Gecko)+Chrome/56.0.2924.87+Safari/537.36 http://localhost:50192/Invoice/Invoiceview 404 0 2 1
2017-03-10 05:45:55 ::1 GET /Invoice/js/plugin/moment/moment.min.js - 50192 - ::1 Mozilla/5.0+(Windows+NT+6.1;+Win64;+x64)+AppleWebKit/537.36+(KHTML,+like+Gecko)+Chrome/56.0.2924.87+Safari/537.36 http://localhost:50192/Invoice/Invoiceview 404 0 2 2
2017-03-10 05:45:55 ::1 GET /Invoice/js/plugin/fullcalendar/jquery.fullcalendar.min.js - 50192 - ::1 Mozilla/5.0+(Windows+NT+6.1;+Win64;+x64)+AppleWebKit/537.36+(KHTML,+like+Gecko)+Chrome/56.0.2924.87+Safari/537.36 http://localhost:50192/Invoice/Invoiceview 404 0 2 2
2017-03-10 05:45:55 ::1 GET /scripts/charts - 50192 - ::1 Mozilla/5.0+(Windows+NT+6.1;+Win64;+x64)+AppleWebKit/537.36+(KHTML,+like+Gecko)+Chrome/56.0.2924.87+Safari/537.36 http://localhost:50192/Invoice/Invoiceview 404 0 0 4
2017-03-10 05:45:55 ::1 GET /scripts/vector-map - 50192 - ::1 Mozilla/5.0+(Windows+NT+6.1;+Win64;+x64)+AppleWebKit/537.36+(KHTML,+like+Gecko)+Chrome/56.0.2924.87+Safari/537.36 http://localhost:50192/Invoice/Invoiceview 404 0 0 21
2017-03-10 05:45:55 ::1 GET /scripts/full-calendar - 50192 - ::1 Mozilla/5.0+(Windows+NT+6.1;+Win64;+x64)+AppleWebKit/537.36+(KHTML,+like+Gecko)+Chrome/56.0.2924.87+Safari/537.36 http://localhost:50192/Invoice/Invoiceview 404 0 0 2
2017-03-10 05:45:55 ::1 GET /Scripts/jquery.js - 50192 - ::1 Mozilla/5.0+(Windows+NT+6.1;+Win64;+x64)+AppleWebKit/537.36+(KHTML,+like+Gecko)+Chrome/56.0.2924.87+Safari/537.36 http://localhost:50192/Invoice/Invoiceview 404 0 2 2
2017-03-10 05:45:56 ::1 GET /Invoice/js/plugin/moment/moment.min.js - 50192 - ::1 Mozilla/5.0+(Windows+NT+6.1;+Win64;+x64)+AppleWebKit/537.36+(KHTML,+like+Gecko)+Chrome/56.0.2924.87+Safari/537.36 http://localhost:50192/Invoice/Invoiceview 404 0 2 2
2017-03-10 05:45:56 ::1 GET /Invoice/js/plugin/fullcalendar/jquery.fullcalendar.min.js - 50192 - ::1 Mozilla/5.0+(Windows+NT+6.1;+Win64;+x64)+AppleWebKit/537.36+(KHTML,+like+Gecko)+Chrome/56.0.2924.87+Safari/537.36 http://localhost:50192/Invoice/Invoiceview 404 0 2 3
2017-03-10 05:45:56 ::1 POST /Invoice/GetOutStandingAmoutBar/ - 50192 - ::1 Mozilla/5.0+(Windows+NT+6.1;+Win64;+x64)+AppleWebKit/537.36+(KHTML,+like+Gecko)+Chrome/56.0.2924.87+Safari/537.36 http://localhost:50192/Invoice/Invoiceview 200 0 0 8
2017-03-10 05:45:56 ::1 POST /Invoice/GetOutStandingAmoutPerDeptid/ - 50192 - ::1 Mozilla/5.0+(Windows+NT+6.1;+Win64;+x64)+AppleWebKit/537.36+(KHTML,+like+Gecko)+Chrome/56.0.2924.87+Safari/537.36 http://localhost:50192/Invoice/Invoiceview 200 0 0 9
2017-03-10 05:45:56 ::1 GET /Invoice/GetInVoiceDetails/ _search=false&nd=1489124756812&rows=50&page=1&sidx=SlNo+asc&sord=asc 50192 - ::1 Mozilla/5.0+(Windows+NT+6.1;+Win64;+x64)+AppleWebKit/537.36+(KHTML,+like+Gecko)+Chrome/56.0.2924.87+Safari/537.36 http://localhost:50192/Invoice/Invoiceview 200 0 0 71
2017-03-10 05:45:58 ::1 GET /__browserLink/requestData/22c70cbaa4d142c4adc6e522952eee99 version=2 50192 - ::1 Mozilla/5.0+(Windows+NT+6.1;+Win64;+x64)+AppleWebKit/537.36+(KHTML,+like+Gecko)+Chrome/56.0.2924.87+Safari/537.36 http://localhost:50192/Invoice/Invoiceview 200 0 0 79
2017-03-10 05:46:00 ::1 GET /content/sound/messagebox.mp3 - 50192 - ::1 Mozilla/5.0+(Windows+NT+6.1;+Win64;+x64)+AppleWebKit/537.36+(KHTML,+like+Gecko)+Chrome/56.0.2924.87+Safari/537.36 http://localhost:50192/Invoice/Invoiceview 200 0 0 80
2017-03-10 05:46:04 ::1 GET / - 50192 - ::1 Mozilla/5.0+(Windows+NT+6.1;+Win64;+x64)+AppleWebKit/537.36+(KHTML,+like+Gecko)+Chrome/56.0.2924.87+Safari/537.36 http://localhost:50192/Invoice/Invoiceview 200 0 0 4
2017-03-10 05:46:04 ::1 GET /__browserLink/requestData/bd3b4032fbed46e8ad9f8512e6843f94 version=2 50192 - ::1 Mozilla/5.0+(Windows+NT+6.1;+Win64;+x64)+AppleWebKit/537.36+(KHTML,+like+Gecko)+Chrome/56.0.2924.87+Safari/537.36 http://localhost:50192/ 200 0 0 7
2017-03-10 05:46:07 ::1 POST /Login/Submit - 50192 - ::1 Mozilla/5.0+(Windows+NT+6.1;+Win64;+x64)+AppleWebKit/537.36+(KHTML,+like+Gecko)+Chrome/56.0.2924.87+Safari/537.36 http://localhost:50192/ 302 0 0 9
2017-03-10 05:46:07 ::1 GET /Invoice/Invoiceview - 50192 - ::1 Mozilla/5.0+(Windows+NT+6.1;+Win64;+x64)+AppleWebKit/537.36+(KHTML,+like+Gecko)+Chrome/56.0.2924.87+Safari/537.36 http://localhost:50192/ 200 0 0 106
2017-03-10 05:46:07 ::1 GET /scripts/charts - 50192 - ::1 Mozilla/5.0+(Windows+NT+6.1;+Win64;+x64)+AppleWebKit/537.36+(KHTML,+like+Gecko)+Chrome/56.0.2924.87+Safari/537.36 http://localhost:50192/Invoice/Invoiceview 404 0 0 57
2017-03-10 05:46:07 ::1 GET /Invoice/js/plugin/fullcalendar/jquery.fullcalendar.min.js - 50192 - ::1 Mozilla/5.0+(Windows+NT+6.1;+Win64;+x64)+AppleWebKit/537.36+(KHTML,+like+Gecko)+Chrome/56.0.2924.87+Safari/537.36 http://localhost:50192/Invoice/Invoiceview 404 0 2 32
2017-03-10 05:46:07 ::1 GET /Invoice/js/plugin/moment/moment.min.js - 50192 - ::1 Mozilla/5.0+(Windows+NT+6.1;+Win64;+x64)+AppleWebKit/537.36+(KHTML,+like+Gecko)+Chrome/56.0.2924.87+Safari/537.36 http://localhost:50192/Invoice/Invoiceview 404 0 2 32
2017-03-10 05:46:07 ::1 GET /scripts/vector-map - 50192 - ::1 Mozilla/5.0+(Windows+NT+6.1;+Win64;+x64)+AppleWebKit/537.36+(KHTML,+like+Gecko)+Chrome/56.0.2924.87+Safari/537.36 http://localhost:50192/Invoice/Invoiceview 404 0 0 3
2017-03-10 05:46:07 ::1 GET /scripts/full-calendar - 50192 - ::1 Mozilla/5.0+(Windows+NT+6.1;+Win64;+x64)+AppleWebKit/537.36+(KHTML,+like+Gecko)+Chrome/56.0.2924.87+Safari/537.36 http://localhost:50192/Invoice/Invoiceview 404 0 0 3
2017-03-10 05:46:07 ::1 GET /Scripts/jquery.js - 50192 - ::1 Mozilla/5.0+(Windows+NT+6.1;+Win64;+x64)+AppleWebKit/537.36+(KHTML,+like+Gecko)+Chrome/56.0.2924.87+Safari/537.36 http://localhost:50192/Invoice/Invoiceview 404 0 2 2
2017-03-10 05:46:07 ::1 GET /Invoice/js/plugin/moment/moment.min.js - 50192 - ::1 Mozilla/5.0+(Windows+NT+6.1;+Win64;+x64)+AppleWebKit/537.36+(KHTML,+like+Gecko)+Chrome/56.0.2924.87+Safari/537.36 http://localhost:50192/Invoice/Invoiceview 404 0 2 1
2017-03-10 05:46:07 ::1 GET /Invoice/js/plugin/fullcalendar/jquery.fullcalendar.min.js - 50192 - ::1 Mozilla/5.0+(Windows+NT+6.1;+Win64;+x64)+AppleWebKit/537.36+(KHTML,+like+Gecko)+Chrome/56.0.2924.87+Safari/537.36 http://localhost:50192/Invoice/Invoiceview 404 0 2 2
2017-03-10 05:46:07 ::1 GET /scripts/charts - 50192 - ::1 Mozilla/5.0+(Windows+NT+6.1;+Win64;+x64)+AppleWebKit/537.36+(KHTML,+like+Gecko)+Chrome/56.0.2924.87+Safari/537.36 http://localhost:50192/Invoice/Invoiceview 404 0 0 3
2017-03-10 05:46:07 ::1 GET /scripts/vector-map - 50192 - ::1 Mozilla/5.0+(Windows+NT+6.1;+Win64;+x64)+AppleWebKit/537.36+(KHTML,+like+Gecko)+Chrome/56.0.2924.87+Safari/537.36 http://localhost:50192/Invoice/Invoiceview 404 0 0 7
2017-03-10 05:46:07 ::1 GET /scripts/full-calendar - 50192 - ::1 Mozilla/5.0+(Windows+NT+6.1;+Win64;+x64)+AppleWebKit/537.36+(KHTML,+like+Gecko)+Chrome/56.0.2924.87+Safari/537.36 http://localhost:50192/Invoice/Invoiceview 404 0 0 8
2017-03-10 05:46:07 ::1 GET /Scripts/jquery.js - 50192 - ::1 Mozilla/5.0+(Windows+NT+6.1;+Win64;+x64)+AppleWebKit/537.36+(KHTML,+like+Gecko)+Chrome/56.0.2924.87+Safari/537.36 http://localhost:50192/Invoice/Invoiceview 404 0 2 2
2017-03-10 05:46:07 ::1 GET /Invoice/js/plugin/moment/moment.min.js - 50192 - ::1 Mozilla/5.0+(Windows+NT+6.1;+Win64;+x64)+AppleWebKit/537.36+(KHTML,+like+Gecko)+Chrome/56.0.2924.87+Safari/537.36 http://localhost:50192/Invoice/Invoiceview 404 0 2 1
2017-03-10 05:46:07 ::1 GET /Invoice/js/plugin/fullcalendar/jquery.fullcalendar.min.js - 50192 - ::1 Mozilla/5.0+(Windows+NT+6.1;+Win64;+x64)+AppleWebKit/537.36+(KHTML,+like+Gecko)+Chrome/56.0.2924.87+Safari/537.36 http://localhost:50192/Invoice/Invoiceview 404 0 2 2
2017-03-10 05:46:07 ::1 POST /Invoice/GetOutStandingAmoutBar/ - 50192 - ::1 Mozilla/5.0+(Windows+NT+6.1;+Win64;+x64)+AppleWebKit/537.36+(KHTML,+like+Gecko)+Chrome/56.0.2924.87+Safari/537.36 http://localhost:50192/Invoice/Invoiceview 200 0 0 10
2017-03-10 05:46:07 ::1 POST /Invoice/GetOutStandingAmoutPerDeptid/ - 50192 - ::1 Mozilla/5.0+(Windows+NT+6.1;+Win64;+x64)+AppleWebKit/537.36+(KHTML,+like+Gecko)+Chrome/56.0.2924.87+Safari/537.36 http://localhost:50192/Invoice/Invoiceview 200 0 0 9
2017-03-10 05:46:07 ::1 GET /Invoice/GetInVoiceDetails/ _search=false&nd=1489124768618&rows=50&page=1&sidx=SlNo+asc&sord=asc 50192 - ::1 Mozilla/5.0+(Windows+NT+6.1;+Win64;+x64)+AppleWebKit/537.36+(KHTML,+like+Gecko)+Chrome/56.0.2924.87+Safari/537.36 http://localhost:50192/Invoice/Invoiceview 200 0 0 51
2017-03-10 05:46:10 ::1 GET /__browserLink/requestData/469ec256f662445ea315d6ccab053755 version=2 50192 - ::1 Mozilla/5.0+(Windows+NT+6.1;+Win64;+x64)+AppleWebKit/537.36+(KHTML,+like+Gecko)+Chrome/56.0.2924.87+Safari/537.36 http://localhost:50192/Invoice/Invoiceview 200 0 0 54
2017-03-10 05:46:12 ::1 GET /Invoice/CreateInvoice - 50192 - ::1 Mozilla/5.0+(Windows+NT+6.1;+Win64;+x64)+AppleWebKit/537.36+(KHTML,+like+Gecko)+Chrome/56.0.2924.87+Safari/537.36 http://localhost:50192/Invoice/Invoiceview 200 0 0 121
2017-03-10 05:46:12 ::1 GET /scripts/charts - 50192 - ::1 Mozilla/5.0+(Windows+NT+6.1;+Win64;+x64)+AppleWebKit/537.36+(KHTML,+like+Gecko)+Chrome/56.0.2924.87+Safari/537.36 http://localhost:50192/Invoice/CreateInvoice 404 0 0 32
2017-03-10 05:46:12 ::1 GET /Invoice/js/plugin/moment/moment.min.js - 50192 - ::1 Mozilla/5.0+(Windows+NT+6.1;+Win64;+x64)+AppleWebKit/537.36+(KHTML,+like+Gecko)+Chrome/56.0.2924.87+Safari/537.36 http://localhost:50192/Invoice/CreateInvoice 404 0 2 37
2017-03-10 05:46:12 ::1 GET /Invoice/js/plugin/fullcalendar/jquery.fullcalendar.min.js - 50192 - ::1 Mozilla/5.0+(Windows+NT+6.1;+Win64;+x64)+AppleWebKit/537.36+(KHTML,+like+Gecko)+Chrome/56.0.2924.87+Safari/537.36 http://localhost:50192/Invoice/CreateInvoice 404 0 2 40
2017-03-10 05:46:12 ::1 GET /scripts/vector-map - 50192 - ::1 Mozilla/5.0+(Windows+NT+6.1;+Win64;+x64)+AppleWebKit/537.36+(KHTML,+like+Gecko)+Chrome/56.0.2924.87+Safari/537.36 http://localhost:50192/Invoice/CreateInvoice 404 0 0 5
2017-03-10 05:46:12 ::1 GET /scripts/full-calendar - 50192 - ::1 Mozilla/5.0+(Windows+NT+6.1;+Win64;+x64)+AppleWebKit/537.36+(KHTML,+like+Gecko)+Chrome/56.0.2924.87+Safari/537.36 http://localhost:50192/Invoice/CreateInvoice 404 0 0 3
2017-03-10 05:46:12 ::1 GET /Scripts/jquery.js - 50192 - ::1 Mozilla/5.0+(Windows+NT+6.1;+Win64;+x64)+AppleWebKit/537.36+(KHTML,+like+Gecko)+Chrome/56.0.2924.87+Safari/537.36 http://localhost:50192/Invoice/CreateInvoice 404 0 2 2
2017-03-10 05:46:12 ::1 GET /Invoice/js/plugin/moment/moment.min.js - 50192 - ::1 Mozilla/5.0+(Windows+NT+6.1;+Win64;+x64)+AppleWebKit/537.36+(KHTML,+like+Gecko)+Chrome/56.0.2924.87+Safari/537.36 http://localhost:50192/Invoice/CreateInvoice 404 0 2 12
2017-03-10 05:46:12 ::1 GET /Invoice/js/plugin/fullcalendar/jquery.fullcalendar.min.js - 50192 - ::1 Mozilla/5.0+(Windows+NT+6.1;+Win64;+x64)+AppleWebKit/537.36+(KHTML,+like+Gecko)+Chrome/56.0.2924.87+Safari/537.36 http://localhost:50192/Invoice/CreateInvoice 404 0 2 17
2017-03-10 05:46:12 ::1 GET /scripts/charts - 50192 - ::1 Mozilla/5.0+(Windows+NT+6.1;+Win64;+x64)+AppleWebKit/537.36+(KHTML,+like+Gecko)+Chrome/56.0.2924.87+Safari/537.36 http://localhost:50192/Invoice/CreateInvoice 404 0 0 3
2017-03-10 05:46:12 ::1 GET /scripts/vector-map - 50192 - ::1 Mozilla/5.0+(Windows+NT+6.1;+Win64;+x64)+AppleWebKit/537.36+(KHTML,+like+Gecko)+Chrome/56.0.2924.87+Safari/537.36 http://localhost:50192/Invoice/CreateInvoice 404 0 0 9
2017-03-10 05:46:12 ::1 GET /scripts/full-calendar - 50192 - ::1 Mozilla/5.0+(Windows+NT+6.1;+Win64;+x64)+AppleWebKit/537.36+(KHTML,+like+Gecko)+Chrome/56.0.2924.87+Safari/537.36 http://localhost:50192/Invoice/CreateInvoice 404 0 0 4
2017-03-10 05:46:12 ::1 GET /Scripts/jquery.js - 50192 - ::1 Mozilla/5.0+(Windows+NT+6.1;+Win64;+x64)+AppleWebKit/537.36+(KHTML,+like+Gecko)+Chrome/56.0.2924.87+Safari/537.36 http://localhost:50192/Invoice/CreateInvoice 404 0 2 2
2017-03-10 05:46:12 ::1 GET /Invoice/getvendor/ - 50192 - ::1 Mozilla/5.0+(Windows+NT+6.1;+Win64;+x64)+AppleWebKit/537.36+(KHTML,+like+Gecko)+Chrome/56.0.2924.87+Safari/537.36 http://localhost:50192/Invoice/CreateInvoice 200 0 0 19
2017-03-10 05:46:13 ::1 GET /__browserLink/requestData/6a3bc33a8be34798964e77fd2474b14e version=2 50192 - ::1 Mozilla/5.0+(Windows+NT+6.1;+Win64;+x64)+AppleWebKit/537.36+(KHTML,+like+Gecko)+Chrome/56.0.2924.87+Safari/537.36 http://localhost:50192/Invoice/CreateInvoice 200 0 0 30
#Software: Microsoft Internet Information Services 10.0
#Version: 1.0
#Date: 2017-03-10 06:04:13
#Fields: date time s-ip cs-method cs-uri-stem cs-uri-query s-port cs-username c-ip cs(User-Agent) cs(Referer) sc-status sc-substatus sc-win32-status time-taken
2017-03-10 06:04:13 ::1 GET /Invoice/CreateInvoice - 50192 - ::1 Mozilla/5.0+(Windows+NT+6.1;+Win64;+x64)+AppleWebKit/537.36+(KHTML,+like+Gecko)+Chrome/56.0.2924.87+Safari/537.36 http://localhost:50192/Invoice/Invoiceview 200 0 0 37
2017-03-10 06:04:13 ::1 GET /scripts/charts - 50192 - ::1 Mozilla/5.0+(Windows+NT+6.1;+Win64;+x64)+AppleWebKit/537.36+(KHTML,+like+Gecko)+Chrome/56.0.2924.87+Safari/537.36 http://localhost:50192/Invoice/CreateInvoice 404 0 0 32
2017-03-10 06:04:13 ::1 GET /Invoice/js/plugin/moment/moment.min.js - 50192 - ::1 Mozilla/5.0+(Windows+NT+6.1;+Win64;+x64)+AppleWebKit/537.36+(KHTML,+like+Gecko)+Chrome/56.0.2924.87+Safari/537.36 http://localhost:50192/Invoice/CreateInvoice 404 0 2 36
2017-03-10 06:04:13 ::1 GET /Invoice/js/plugin/fullcalendar/jquery.fullcalendar.min.js - 50192 - ::1 Mozilla/5.0+(Windows+NT+6.1;+Win64;+x64)+AppleWebKit/537.36+(KHTML,+like+Gecko)+Chrome/56.0.2924.87+Safari/537.36 http://localhost:50192/Invoice/CreateInvoice 404 0 2 40
2017-03-10 06:04:13 ::1 GET /scripts/vector-map - 50192 - ::1 Mozilla/5.0+(Windows+NT+6.1;+Win64;+x64)+AppleWebKit/537.36+(KHTML,+like+Gecko)+Chrome/56.0.2924.87+Safari/537.36 http://localhost:50192/Invoice/CreateInvoice 404 0 0 3
2017-03-10 06:04:13 ::1 GET /scripts/full-calendar - 50192 - ::1 Mozilla/5.0+(Windows+NT+6.1;+Win64;+x64)+AppleWebKit/537.36+(KHTML,+like+Gecko)+Chrome/56.0.2924.87+Safari/537.36 http://localhost:50192/Invoice/CreateInvoice 404 0 0 3
2017-03-10 06:04:13 ::1 GET /Scripts/jquery.js - 50192 - ::1 Mozilla/5.0+(Windows+NT+6.1;+Win64;+x64)+AppleWebKit/537.36+(KHTML,+like+Gecko)+Chrome/56.0.2924.87+Safari/537.36 http://localhost:50192/Invoice/CreateInvoice 404 0 2 2
2017-03-10 06:04:13 ::1 GET /Invoice/js/plugin/moment/moment.min.js - 50192 - ::1 Mozilla/5.0+(Windows+NT+6.1;+Win64;+x64)+AppleWebKit/537.36+(KHTML,+like+Gecko)+Chrome/56.0.2924.87+Safari/537.36 http://localhost:50192/Invoice/CreateInvoice 404 0 2 2
2017-03-10 06:04:13 ::1 GET /Invoice/js/plugin/fullcalendar/jquery.fullcalendar.min.js - 50192 - ::1 Mozilla/5.0+(Windows+NT+6.1;+Win64;+x64)+AppleWebKit/537.36+(KHTML,+like+Gecko)+Chrome/56.0.2924.87+Safari/537.36 http://localhost:50192/Invoice/CreateInvoice 404 0 2 2
2017-03-10 06:04:13 ::1 GET /scripts/charts - 50192 - ::1 Mozilla/5.0+(Windows+NT+6.1;+Win64;+x64)+AppleWebKit/537.36+(KHTML,+like+Gecko)+Chrome/56.0.2924.87+Safari/537.36 http://localhost:50192/Invoice/CreateInvoice 404 0 0 2
2017-03-10 06:04:13 ::1 GET /scripts/vector-map - 50192 - ::1 Mozilla/5.0+(Windows+NT+6.1;+Win64;+x64)+AppleWebKit/537.36+(KHTML,+like+Gecko)+Chrome/56.0.2924.87+Safari/537.36 http://localhost:50192/Invoice/CreateInvoice 404 0 0 11
2017-03-10 06:04:13 ::1 GET /scripts/full-calendar - 50192 - ::1 Mozilla/5.0+(Windows+NT+6.1;+Win64;+x64)+AppleWebKit/537.36+(KHTML,+like+Gecko)+Chrome/56.0.2924.87+Safari/537.36 http://localhost:50192/Invoice/CreateInvoice 404 0 0 5
2017-03-10 06:04:13 ::1 GET /Scripts/jquery.js - 50192 - ::1 Mozilla/5.0+(Windows+NT+6.1;+Win64;+x64)+AppleWebKit/537.36+(KHTML,+like+Gecko)+Chrome/56.0.2924.87+Safari/537.36 http://localhost:50192/Invoice/CreateInvoice 404 0 2 1
2017-03-10 06:04:14 ::1 GET /Invoice/getvendor/ - 50192 - ::1 Mozilla/5.0+(Windows+NT+6.1;+Win64;+x64)+AppleWebKit/537.36+(KHTML,+like+Gecko)+Chrome/56.0.2924.87+Safari/537.36 http://localhost:50192/Invoice/CreateInvoice 200 0 0 15
2017-03-10 06:04:14 ::1 GET /favicon.ico - 50192 - ::1 Mozilla/5.0+(Windows+NT+6.1;+Win64;+x64)+AppleWebKit/537.36+(KHTML,+like+Gecko)+Chrome/56.0.2924.87+Safari/537.36 http://localhost:50192/Invoice/CreateInvoice 200 0 0 52
2017-03-10 06:04:14 ::1 GET /__browserLink/requestData/6dfd09b885234dd986a9414deea1885e version=2 50192 - ::1 Mozilla/5.0+(Windows+NT+6.1;+Win64;+x64)+AppleWebKit/537.36+(KHTML,+like+Gecko)+Chrome/56.0.2924.87+Safari/537.36 http://localhost:50192/Invoice/CreateInvoice 200 0 0 22
2017-03-10 06:04:21 ::1 GET /Invoice/Invoiceview - 50192 - ::1 Mozilla/5.0+(Windows+NT+6.1;+Win64;+x64)+AppleWebKit/537.36+(KHTML,+like+Gecko)+Chrome/56.0.2924.87+Safari/537.36 http://localhost:50192/Invoice/CreateInvoice 200 0 0 106
2017-03-10 06:04:21 ::1 GET /scripts/charts - 50192 - ::1 Mozilla/5.0+(Windows+NT+6.1;+Win64;+x64)+AppleWebKit/537.36+(KHTML,+like+Gecko)+Chrome/56.0.2924.87+Safari/537.36 http://localhost:50192/Invoice/Invoiceview 404 0 0 82
2017-03-10 06:04:21 ::1 GET /Invoice/js/plugin/fullcalendar/jquery.fullcalendar.min.js - 50192 - ::1 Mozilla/5.0+(Windows+NT+6.1;+Win64;+x64)+AppleWebKit/537.36+(KHTML,+like+Gecko)+Chrome/56.0.2924.87+Safari/537.36 http://localhost:50192/Invoice/Invoiceview 404 0 2 37
2017-03-10 06:04:21 ::1 GET /Invoice/js/plugin/moment/moment.min.js - 50192 - ::1 Mozilla/5.0+(Windows+NT+6.1;+Win64;+x64)+AppleWebKit/537.36+(KHTML,+like+Gecko)+Chrome/56.0.2924.87+Safari/537.36 http://localhost:50192/Invoice/Invoiceview 404 0 2 38
2017-03-10 06:04:21 ::1 GET /Invoice/js/plugin/fullcalendar/jquery.fullcalendar.min.js - 50192 - ::1 Mozilla/5.0+(Windows+NT+6.1;+Win64;+x64)+AppleWebKit/537.36+(KHTML,+like+Gecko)+Chrome/56.0.2924.87+Safari/537.36 http://localhost:50192/Invoice/Invoiceview 404 0 2 3
2017-03-10 06:04:21 ::1 GET /scripts/vector-map - 50192 - ::1 Mozilla/5.0+(Windows+NT+6.1;+Win64;+x64)+AppleWebKit/537.36+(KHTML,+like+Gecko)+Chrome/56.0.2924.87+Safari/537.36 http://localhost:50192/Invoice/Invoiceview 404 0 0 5
2017-03-10 06:04:21 ::1 GET /scripts/full-calendar - 50192 - ::1 Mozilla/5.0+(Windows+NT+6.1;+Win64;+x64)+AppleWebKit/537.36+(KHTML,+like+Gecko)+Chrome/56.0.2924.87+Safari/537.36 http://localhost:50192/Invoice/Invoiceview 404 0 0 14
2017-03-10 06:04:21 ::1 GET /Scripts/jquery.js - 50192 - ::1 Mozilla/5.0+(Windows+NT+6.1;+Win64;+x64)+AppleWebKit/537.36+(KHTML,+like+Gecko)+Chrome/56.0.2924.87+Safari/537.36 http://localhost:50192/Invoice/Invoiceview 404 0 2 7
2017-03-10 06:04:21 ::1 GET /scripts/charts - 50192 - ::1 Mozilla/5.0+(Windows+NT+6.1;+Win64;+x64)+AppleWebKit/537.36+(KHTML,+like+Gecko)+Chrome/56.0.2924.87+Safari/537.36 http://localhost:50192/Invoice/Invoiceview 404 0 0 3
2017-03-10 06:04:21 ::1 GET /scripts/vector-map - 50192 - ::1 Mozilla/5.0+(Windows+NT+6.1;+Win64;+x64)+AppleWebKit/537.36+(KHTML,+like+Gecko)+Chrome/56.0.2924.87+Safari/537.36 http://localhost:50192/Invoice/Invoiceview 404 0 0 9
2017-03-10 06:04:21 ::1 GET /scripts/full-calendar - 50192 - ::1 Mozilla/5.0+(Windows+NT+6.1;+Win64;+x64)+AppleWebKit/537.36+(KHTML,+like+Gecko)+Chrome/56.0.2924.87+Safari/537.36 http://localhost:50192/Invoice/Invoiceview 404 0 0 2
2017-03-10 06:04:21 ::1 GET /Scripts/jquery.js - 50192 - ::1 Mozilla/5.0+(Windows+NT+6.1;+Win64;+x64)+AppleWebKit/537.36+(KHTML,+like+Gecko)+Chrome/56.0.2924.87+Safari/537.36 http://localhost:50192/Invoice/Invoiceview 404 0 2 1
2017-03-10 06:04:21 ::1 GET /Invoice/js/plugin/moment/moment.min.js - 50192 - ::1 Mozilla/5.0+(Windows+NT+6.1;+Win64;+x64)+AppleWebKit/537.36+(KHTML,+like+Gecko)+Chrome/56.0.2924.87+Safari/537.36 http://localhost:50192/Invoice/Invoiceview 404 0 2 1
2017-03-10 06:04:21 ::1 GET /Invoice/js/plugin/fullcalendar/jquery.fullcalendar.min.js - 50192 - ::1 Mozilla/5.0+(Windows+NT+6.1;+Win64;+x64)+AppleWebKit/537.36+(KHTML,+like+Gecko)+Chrome/56.0.2924.87+Safari/537.36 http://localhost:50192/Invoice/Invoiceview 404 0 2 2
2017-03-10 06:04:21 ::1 POST /Invoice/GetOutStandingAmoutBar/ - 50192 - ::1 Mozilla/5.0+(Windows+NT+6.1;+Win64;+x64)+AppleWebKit/537.36+(KHTML,+like+Gecko)+Chrome/56.0.2924.87+Safari/537.36 http://localhost:50192/Invoice/Invoiceview 200 0 0 9
2017-03-10 06:04:21 ::1 POST /Invoice/GetOutStandingAmoutPerDeptid/ - 50192 - ::1 Mozilla/5.0+(Windows+NT+6.1;+Win64;+x64)+AppleWebKit/537.36+(KHTML,+like+Gecko)+Chrome/56.0.2924.87+Safari/537.36 http://localhost:50192/Invoice/Invoiceview 200 0 0 9
2017-03-10 06:04:21 ::1 GET /Invoice/GetInVoiceDetails/ _search=false&nd=1489125861966&rows=50&page=1&sidx=SlNo+asc&sord=asc 50192 - ::1 Mozilla/5.0+(Windows+NT+6.1;+Win64;+x64)+AppleWebKit/537.36+(KHTML,+like+Gecko)+Chrome/56.0.2924.87+Safari/537.36 http://localhost:50192/Invoice/Invoiceview 200 0 0 48
2017-03-10 06:04:23 ::1 GET /__browserLink/requestData/f132e177c1cd4eb18408a8bfd51060af version=2 50192 - ::1 Mozilla/5.0+(Windows+NT+6.1;+Win64;+x64)+AppleWebKit/537.36+(KHTML,+like+Gecko)+Chrome/56.0.2924.87+Safari/537.36 http://localhost:50192/Invoice/Invoiceview 200 0 0 81
2017-03-10 06:04:28 ::1 GET / - 50192 - ::1 Mozilla/5.0+(Windows+NT+6.1;+Win64;+x64)+AppleWebKit/537.36+(KHTML,+like+Gecko)+Chrome/56.0.2924.87+Safari/537.36 http://localhost:50192/Invoice/Invoiceview 200 0 0 9
2017-03-10 06:04:28 ::1 GET /__browserLink/requestData/e180022951a84c809a88b2b2407f6181 version=2 50192 - ::1 Mozilla/5.0+(Windows+NT+6.1;+Win64;+x64)+AppleWebKit/537.36+(KHTML,+like+Gecko)+Chrome/56.0.2924.87+Safari/537.36 http://localhost:50192/ 200 0 0 6
2017-03-10 06:04:42 ::1 POST /Login/Submit - 50192 - ::1 Mozilla/5.0+(Windows+NT+6.1;+Win64;+x64)+AppleWebKit/537.36+(KHTML,+like+Gecko)+Chrome/56.0.2924.87+Safari/537.36 http://localhost:50192/ 302 0 0 9
2017-03-10 06:04:42 ::1 GET /Invoice/Invoiceview - 50192 - ::1 Mozilla/5.0+(Windows+NT+6.1;+Win64;+x64)+AppleWebKit/537.36+(KHTML,+like+Gecko)+Chrome/56.0.2924.87+Safari/537.36 http://localhost:50192/ 200 0 0 57
2017-03-10 06:04:42 ::1 GET /scripts/charts - 50192 - ::1 Mozilla/5.0+(Windows+NT+6.1;+Win64;+x64)+AppleWebKit/537.36+(KHTML,+like+Gecko)+Chrome/56.0.2924.87+Safari/537.36 http://localhost:50192/Invoice/Invoiceview 404 0 0 20
2017-03-10 06:04:42 ::1 GET /Invoice/js/plugin/moment/moment.min.js - 50192 - ::1 Mozilla/5.0+(Windows+NT+6.1;+Win64;+x64)+AppleWebKit/537.36+(KHTML,+like+Gecko)+Chrome/56.0.2924.87+Safari/537.36 http://localhost:50192/Invoice/Invoiceview 404 0 2 23
2017-03-10 06:04:42 ::1 GET /Invoice/js/plugin/fullcalendar/jquery.fullcalendar.min.js - 50192 - ::1 Mozilla/5.0+(Windows+NT+6.1;+Win64;+x64)+AppleWebKit/537.36+(KHTML,+like+Gecko)+Chrome/56.0.2924.87+Safari/537.36 http://localhost:50192/Invoice/Invoiceview 404 0 2 26
2017-03-10 06:04:42 ::1 GET /scripts/vector-map - 50192 - ::1 Mozilla/5.0+(Windows+NT+6.1;+Win64;+x64)+AppleWebKit/537.36+(KHTML,+like+Gecko)+Chrome/56.0.2924.87+Safari/537.36 http://localhost:50192/Invoice/Invoiceview 404 0 0 2
2017-03-10 06:04:42 ::1 GET /scripts/full-calendar - 50192 - ::1 Mozilla/5.0+(Windows+NT+6.1;+Win64;+x64)+AppleWebKit/537.36+(KHTML,+like+Gecko)+Chrome/56.0.2924.87+Safari/537.36 http://localhost:50192/Invoice/Invoiceview 404 0 0 3
2017-03-10 06:04:42 ::1 GET /Scripts/jquery.js - 50192 - ::1 Mozilla/5.0+(Windows+NT+6.1;+Win64;+x64)+AppleWebKit/537.36+(KHTML,+like+Gecko)+Chrome/56.0.2924.87+Safari/537.36 http://localhost:50192/Invoice/Invoiceview 404 0 2 1
2017-03-10 06:04:42 ::1 GET /Invoice/js/plugin/moment/moment.min.js - 50192 - ::1 Mozilla/5.0+(Windows+NT+6.1;+Win64;+x64)+AppleWebKit/537.36+(KHTML,+like+Gecko)+Chrome/56.0.2924.87+Safari/537.36 http://localhost:50192/Invoice/Invoiceview 404 0 2 0
2017-03-10 06:04:42 ::1 GET /Invoice/js/plugin/fullcalendar/jquery.fullcalendar.min.js - 50192 - ::1 Mozilla/5.0+(Windows+NT+6.1;+Win64;+x64)+AppleWebKit/537.36+(KHTML,+like+Gecko)+Chrome/56.0.2924.87+Safari/537.36 http://localhost:50192/Invoice/Invoiceview 404 0 2 0
2017-03-10 06:04:42 ::1 GET /scripts/charts - 50192 - ::1 Mozilla/5.0+(Windows+NT+6.1;+Win64;+x64)+AppleWebKit/537.36+(KHTML,+like+Gecko)+Chrome/56.0.2924.87+Safari/537.36 http://localhost:50192/Invoice/Invoiceview 404 0 0 2
2017-03-10 06:04:42 ::1 GET /scripts/vector-map - 50192 - ::1 Mozilla/5.0+(Windows+NT+6.1;+Win64;+x64)+AppleWebKit/537.36+(KHTML,+like+Gecko)+Chrome/56.0.2924.87+Safari/537.36 http://localhost:50192/Invoice/Invoiceview 404 0 0 6
2017-03-10 06:04:42 ::1 GET /scripts/full-calendar - 50192 - ::1 Mozilla/5.0+(Windows+NT+6.1;+Win64;+x64)+AppleWebKit/537.36+(KHTML,+like+Gecko)+Chrome/56.0.2924.87+Safari/537.36 http://localhost:50192/Invoice/Invoiceview 404 0 0 4
2017-03-10 06:04:42 ::1 GET /Scripts/jquery.js - 50192 - ::1 Mozilla/5.0+(Windows+NT+6.1;+Win64;+x64)+AppleWebKit/537.36+(KHTML,+like+Gecko)+Chrome/56.0.2924.87+Safari/537.36 http://localhost:50192/Invoice/Invoiceview 404 0 2 0
2017-03-10 06:04:42 ::1 GET /Invoice/js/plugin/moment/moment.min.js - 50192 - ::1 Mozilla/5.0+(Windows+NT+6.1;+Win64;+x64)+AppleWebKit/537.36+(KHTML,+like+Gecko)+Chrome/56.0.2924.87+Safari/537.36 http://localhost:50192/Invoice/Invoiceview 404 0 2 6
2017-03-10 06:04:42 ::1 GET /Invoice/js/plugin/fullcalendar/jquery.fullcalendar.min.js - 50192 - ::1 Mozilla/5.0+(Windows+NT+6.1;+Win64;+x64)+AppleWebKit/537.36+(KHTML,+like+Gecko)+Chrome/56.0.2924.87+Safari/537.36 http://localhost:50192/Invoice/Invoiceview 404 0 2 12
2017-03-10 06:04:42 ::1 POST /Invoice/GetOutStandingAmoutBar/ - 50192 - ::1 Mozilla/5.0+(Windows+NT+6.1;+Win64;+x64)+AppleWebKit/537.36+(KHTML,+like+Gecko)+Chrome/56.0.2924.87+Safari/537.36 http://localhost:50192/Invoice/Invoiceview 200 0 0 7
2017-03-10 06:04:42 ::1 POST /Invoice/GetOutStandingAmoutPerDeptid/ - 50192 - ::1 Mozilla/5.0+(Windows+NT+6.1;+Win64;+x64)+AppleWebKit/537.36+(KHTML,+like+Gecko)+Chrome/56.0.2924.87+Safari/537.36 http://localhost:50192/Invoice/Invoiceview 200 0 0 7
2017-03-10 06:04:42 ::1 GET /Invoice/GetInVoiceDetails/ _search=false&nd=1489125883055&rows=50&page=1&sidx=SlNo+asc&sord=asc 50192 - ::1 Mozilla/5.0+(Windows+NT+6.1;+Win64;+x64)+AppleWebKit/537.36+(KHTML,+like+Gecko)+Chrome/56.0.2924.87+Safari/537.36 http://localhost:50192/Invoice/Invoiceview 200 0 0 25
2017-03-10 06:04:44 ::1 GET /__browserLink/requestData/8b282f4459fd483ca5a5963a9752cab0 version=2 50192 - ::1 Mozilla/5.0+(Windows+NT+6.1;+Win64;+x64)+AppleWebKit/537.36+(KHTML,+like+Gecko)+Chrome/56.0.2924.87+Safari/537.36 http://localhost:50192/Invoice/Invoiceview 200 0 0 108
2017-03-10 06:04:50 ::1 POST /Invoice/getCreditDetails/ - 50192 - ::1 Mozilla/5.0+(Windows+NT+6.1;+Win64;+x64)+AppleWebKit/537.36+(KHTML,+like+Gecko)+Chrome/56.0.2924.87+Safari/537.36 http://localhost:50192/Invoice/Invoiceview 200 0 0 18
2017-03-10 06:04:50 ::1 POST /Invoice/getEndUserRating/ - 50192 - ::1 Mozilla/5.0+(Windows+NT+6.1;+Win64;+x64)+AppleWebKit/537.36+(KHTML,+like+Gecko)+Chrome/56.0.2924.87+Safari/537.36 http://localhost:50192/Invoice/Invoiceview 200 0 0 116
2017-03-10 06:04:50 ::1 POST /Invoice/getInvoiceData/ - 50192 - ::1 Mozilla/5.0+(Windows+NT+6.1;+Win64;+x64)+AppleWebKit/537.36+(KHTML,+like+Gecko)+Chrome/56.0.2924.87+Safari/537.36 http://localhost:50192/Invoice/Invoiceview 200 0 0 522
2017-03-10 06:04:52 ::1 GET /Invoice/getDetailsofInvoice/ id=7328 50192 - ::1 Mozilla/5.0+(Windows+NT+6.1;+Win64;+x64)+AppleWebKit/537.36+(KHTML,+like+Gecko)+Chrome/56.0.2924.87+Safari/537.36 http://localhost:50192/Invoice/Invoiceview 200 0 0 1118
2017-03-10 06:04:52 ::1 POST /Invoice/getInvoiceImages/ - 50192 - ::1 Mozilla/5.0+(Windows+NT+6.1;+Win64;+x64)+AppleWebKit/537.36+(KHTML,+like+Gecko)+Chrome/56.0.2924.87+Safari/537.36 http://localhost:50192/Invoice/Invoiceview 200 0 0 1585
2017-03-10 06:04:52 ::1 POST /Invoice/getcomments/ - 50192 - ::1 Mozilla/5.0+(Windows+NT+6.1;+Win64;+x64)+AppleWebKit/537.36+(KHTML,+like+Gecko)+Chrome/56.0.2924.87+Safari/537.36 http://localhost:50192/Invoice/Invoiceview 200 0 0 14
2017-03-10 06:04:52 ::1 POST /Invoice/GetInvoiceTax/ - 50192 - ::1 Mozilla/5.0+(Windows+NT+6.1;+Win64;+x64)+AppleWebKit/537.36+(KHTML,+like+Gecko)+Chrome/56.0.2924.87+Safari/537.36 http://localhost:50192/Invoice/Invoiceview 200 0 0 9
2017-03-10 06:04:52 ::1 GET /ViewerJS/ - 50192 - ::1 Mozilla/5.0+(Windows+NT+6.1;+Win64;+x64)+AppleWebKit/537.36+(KHTML,+like+Gecko)+Chrome/56.0.2924.87+Safari/537.36 http://localhost:50192/Invoice/Invoiceview 200 0 0 43
2017-03-10 06:04:52 ::1 GET /ViewerJS/PluginLoader.js - 50192 - ::1 Mozilla/5.0+(Windows+NT+6.1;+Win64;+x64)+AppleWebKit/537.36+(KHTML,+like+Gecko)+Chrome/56.0.2924.87+Safari/537.36 http://localhost:50192/ViewerJS/ 200 0 0 27
2017-03-10 06:04:52 ::1 GET /ViewerJS/viewer.js - 50192 - ::1 Mozilla/5.0+(Windows+NT+6.1;+Win64;+x64)+AppleWebKit/537.36+(KHTML,+like+Gecko)+Chrome/56.0.2924.87+Safari/537.36 http://localhost:50192/ViewerJS/ 200 0 0 32
2017-03-10 06:04:52 ::1 GET /ViewerJS/viewer.css - 50192 - ::1 Mozilla/5.0+(Windows+NT+6.1;+Win64;+x64)+AppleWebKit/537.36+(KHTML,+like+Gecko)+Chrome/56.0.2924.87+Safari/537.36 http://localhost:50192/ViewerJS/ 200 0 0 34
2017-03-10 06:04:52 ::1 GET /ViewerJS/images/toolbarButton-fullscreen.png - 50192 - ::1 Mozilla/5.0+(Windows+NT+6.1;+Win64;+x64)+AppleWebKit/537.36+(KHTML,+like+Gecko)+Chrome/56.0.2924.87+Safari/537.36 http://localhost:50192/ViewerJS/viewer.css 200 0 0 1
2017-03-10 06:04:52 ::1 GET /ViewerJS/images/toolbarButton-download.png - 50192 - ::1 Mozilla/5.0+(Windows+NT+6.1;+Win64;+x64)+AppleWebKit/537.36+(KHTML,+like+Gecko)+Chrome/56.0.2924.87+Safari/537.36 http://localhost:50192/ViewerJS/viewer.css 200 0 0 2
2017-03-10 06:04:52 ::1 GET /ViewerJS/images/toolbarButton-pageUp.png - 50192 - ::1 Mozilla/5.0+(Windows+NT+6.1;+Win64;+x64)+AppleWebKit/537.36+(KHTML,+like+Gecko)+Chrome/56.0.2924.87+Safari/537.36 http://localhost:50192/ViewerJS/viewer.css 200 0 0 4
2017-03-10 06:04:52 ::1 GET /ViewerJS/images/toolbarButton-pageDown.png - 50192 - ::1 Mozilla/5.0+(Windows+NT+6.1;+Win64;+x64)+AppleWebKit/537.36+(KHTML,+like+Gecko)+Chrome/56.0.2924.87+Safari/537.36 http://localhost:50192/ViewerJS/viewer.css 200 0 0 2
2017-03-10 06:04:52 ::1 GET /ViewerJS/images/toolbarButton-zoomOut.png - 50192 - ::1 Mozilla/5.0+(Windows+NT+6.1;+Win64;+x64)+AppleWebKit/537.36+(KHTML,+like+Gecko)+Chrome/56.0.2924.87+Safari/537.36 http://localhost:50192/ViewerJS/viewer.css 200 0 0 2
2017-03-10 06:04:52 ::1 GET /ViewerJS/images/toolbarButton-menuArrows.png - 50192 - ::1 Mozilla/5.0+(Windows+NT+6.1;+Win64;+x64)+AppleWebKit/537.36+(KHTML,+like+Gecko)+Chrome/56.0.2924.87+Safari/537.36 http://localhost:50192/ViewerJS/viewer.css 200 0 0 7
2017-03-10 06:04:52 ::1 GET /ViewerJS/images/texture.png - 50192 - ::1 Mozilla/5.0+(Windows+NT+6.1;+Win64;+x64)+AppleWebKit/537.36+(KHTML,+like+Gecko)+Chrome/56.0.2924.87+Safari/537.36 http://localhost:50192/ViewerJS/viewer.css 200 0 0 15
2017-03-10 06:04:52 ::1 GET /ViewerJS/images/toolbarButton-zoomIn.png - 50192 - ::1 Mozilla/5.0+(Windows+NT+6.1;+Win64;+x64)+AppleWebKit/537.36+(KHTML,+like+Gecko)+Chrome/56.0.2924.87+Safari/537.36 http://localhost:50192/ViewerJS/viewer.css 200 0 0 4
2017-03-10 06:04:52 ::1 GET /ViewerJS/images/toolbarButton-presentation.png - 50192 - ::1 Mozilla/5.0+(Windows+NT+6.1;+Win64;+x64)+AppleWebKit/537.36+(KHTML,+like+Gecko)+Chrome/56.0.2924.87+Safari/537.36 http://localhost:50192/ViewerJS/viewer.css 200 0 0 19
2017-03-10 06:04:52 ::1 HEAD /Files/InvoiceImages/INV-PB23741414-1-20-17-1.pdf - 50192 - ::1 Mozilla/5.0+(Windows+NT+6.1;+Win64;+x64)+AppleWebKit/537.36+(KHTML,+like+Gecko)+Chrome/56.0.2924.87+Safari/537.36 http://localhost:50192/ViewerJS/ 200 0 0 30
2017-03-10 06:04:52 ::1 GET /ViewerJS/PDFViewerPlugin.js - 50192 - ::1 Mozilla/5.0+(Windows+NT+6.1;+Win64;+x64)+AppleWebKit/537.36+(KHTML,+like+Gecko)+Chrome/56.0.2924.87+Safari/537.36 http://localhost:50192/ViewerJS/ 200 0 0 7
2017-03-10 06:04:52 ::1 POST /Invoice/getUltimateApproverRating/ - 50192 - ::1 Mozilla/5.0+(Windows+NT+6.1;+Win64;+x64)+AppleWebKit/537.36+(KHTML,+like+Gecko)+Chrome/56.0.2924.87+Safari/537.36 http://localhost:50192/Invoice/Invoiceview 200 0 0 2026
2017-03-10 06:04:52 ::1 GET /ViewerJS/images/kogmbh.png - 50192 - ::1 Mozilla/5.0+(Windows+NT+6.1;+Win64;+x64)+AppleWebKit/537.36+(KHTML,+like+Gecko)+Chrome/56.0.2924.87+Safari/537.36 http://localhost:50192/ViewerJS/ 200 0 0 2
2017-03-10 06:04:52 ::1 GET /ViewerJS/PDFViewerPlugin.css - 50192 - ::1 Mozilla/5.0+(Windows+NT+6.1;+Win64;+x64)+AppleWebKit/537.36+(KHTML,+like+Gecko)+Chrome/56.0.2924.87+Safari/537.36 http://localhost:50192/ViewerJS/ 200 0 0 6
2017-03-10 06:04:52 ::1 GET /ViewerJS/images/nlnet.png - 50192 - ::1 Mozilla/5.0+(Windows+NT+6.1;+Win64;+x64)+AppleWebKit/537.36+(KHTML,+like+Gecko)+Chrome/56.0.2924.87+Safari/537.36 http://localhost:50192/ViewerJS/ 200 0 0 17
2017-03-10 06:04:52 ::1 GET /ViewerJS/compatibility.js - 50192 - ::1 Mozilla/5.0+(Windows+NT+6.1;+Win64;+x64)+AppleWebKit/537.36+(KHTML,+like+Gecko)+Chrome/56.0.2924.87+Safari/537.36 http://localhost:50192/ViewerJS/ 200 0 0 18
2017-03-10 06:04:52 ::1 GET /ViewerJS/pdfjsversion.js - 50192 - ::1 Mozilla/5.0+(Windows+NT+6.1;+Win64;+x64)+AppleWebKit/537.36+(KHTML,+like+Gecko)+Chrome/56.0.2924.87+Safari/537.36 http://localhost:50192/ViewerJS/ 200 0 0 3
2017-03-10 06:04:52 ::1 GET /ViewerJS/ui_utils.js - 50192 - ::1 Mozilla/5.0+(Windows+NT+6.1;+Win64;+x64)+AppleWebKit/537.36+(KHTML,+like+Gecko)+Chrome/56.0.2924.87+Safari/537.36 http://localhost:50192/ViewerJS/ 200 0 0 6
2017-03-10 06:04:53 ::1 GET /ViewerJS/text_layer_builder.js - 50192 - ::1 Mozilla/5.0+(Windows+NT+6.1;+Win64;+x64)+AppleWebKit/537.36+(KHTML,+like+Gecko)+Chrome/56.0.2924.87+Safari/537.36 http://localhost:50192/ViewerJS/ 200 0 0 55
2017-03-10 06:04:53 ::1 GET /ViewerJS/pdf.js - 50192 - ::1 Mozilla/5.0+(Windows+NT+6.1;+Win64;+x64)+AppleWebKit/537.36+(KHTML,+like+Gecko)+Chrome/56.0.2924.87+Safari/537.36 http://localhost:50192/ViewerJS/ 200 0 0 73
2017-03-10 06:04:53 ::1 GET /ViewerJS/pdf.worker.js - 50192 - ::1 Mozilla/5.0+(Windows+NT+6.1;+Win64;+x64)+AppleWebKit/537.36+(KHTML,+like+Gecko)+Chrome/56.0.2924.87+Safari/537.36 http://localhost:50192/ViewerJS/ 200 0 0 116
2017-03-10 06:04:53 ::1 GET /Files/InvoiceImages/INV-PB23741414-1-20-17-1.pdf - 50192 - ::1 Mozilla/5.0+(Windows+NT+6.1;+Win64;+x64)+AppleWebKit/537.36+(KHTML,+like+Gecko)+Chrome/56.0.2924.87+Safari/537.36 http://localhost:50192/ViewerJS/pdf.worker.js 200 0 0 1
#Software: Microsoft Internet Information Services 10.0
#Version: 1.0
#Date: 2017-03-10 09:07:16
#Fields: date time s-ip cs-method cs-uri-stem cs-uri-query s-port cs-username c-ip cs(User-Agent) cs(Referer) sc-status sc-substatus sc-win32-status time-taken
2017-03-10 09:07:16 ::1 GET / - 50192 - ::1 Mozilla/5.0+(Windows+NT+6.1;+Win64;+x64)+AppleWebKit/537.36+(KHTML,+like+Gecko)+Chrome/56.0.2924.87+Safari/537.36 - 200 0 0 13249
2017-03-10 09:07:18 ::1 GET /__browserLink/requestData/41ce5c38cdf6422c9c76b1da876b374a version=2 50192 - ::1 Mozilla/5.0+(Windows+NT+6.1;+Win64;+x64)+AppleWebKit/537.36+(KHTML,+like+Gecko)+Chrome/56.0.2924.87+Safari/537.36 http://localhost:50192/ 200 0 0 49
2017-03-10 09:07:22 ::1 POST /Login/Submit - 50192 - ::1 Mozilla/5.0+(Windows+NT+6.1;+Win64;+x64)+AppleWebKit/537.36+(KHTML,+like+Gecko)+Chrome/56.0.2924.87+Safari/537.36 http://localhost:50192/ 302 0 0 639
2017-03-10 09:07:26 ::1 GET /Invoice/Invoiceview - 50192 - ::1 Mozilla/5.0+(Windows+NT+6.1;+Win64;+x64)+AppleWebKit/537.36+(KHTML,+like+Gecko)+Chrome/56.0.2924.87+Safari/537.36 http://localhost:50192/ 200 0 0 3617
2017-03-10 09:07:26 ::1 GET /scripts/charts - 50192 - ::1 Mozilla/5.0+(Windows+NT+6.1;+Win64;+x64)+AppleWebKit/537.36+(KHTML,+like+Gecko)+Chrome/56.0.2924.87+Safari/537.36 http://localhost:50192/Invoice/Invoiceview 404 0 0 29
2017-03-10 09:07:26 ::1 GET /Invoice/js/plugin/moment/moment.min.js - 50192 - ::1 Mozilla/5.0+(Windows+NT+6.1;+Win64;+x64)+AppleWebKit/537.36+(KHTML,+like+Gecko)+Chrome/56.0.2924.87+Safari/537.36 http://localhost:50192/Invoice/Invoiceview 404 0 2 30
2017-03-10 09:07:26 ::1 GET /Invoice/js/plugin/fullcalendar/jquery.fullcalendar.min.js - 50192 - ::1 Mozilla/5.0+(Windows+NT+6.1;+Win64;+x64)+AppleWebKit/537.36+(KHTML,+like+Gecko)+Chrome/56.0.2924.87+Safari/537.36 http://localhost:50192/Invoice/Invoiceview 404 0 2 32
2017-03-10 09:07:26 ::1 GET /scripts/vector-map - 50192 - ::1 Mozilla/5.0+(Windows+NT+6.1;+Win64;+x64)+AppleWebKit/537.36+(KHTML,+like+Gecko)+Chrome/56.0.2924.87+Safari/537.36 http://localhost:50192/Invoice/Invoiceview 404 0 0 3
2017-03-10 09:07:26 ::1 GET /scripts/full-calendar - 50192 - ::1 Mozilla/5.0+(Windows+NT+6.1;+Win64;+x64)+AppleWebKit/537.36+(KHTML,+like+Gecko)+Chrome/56.0.2924.87+Safari/537.36 http://localhost:50192/Invoice/Invoiceview 404 0 0 4
2017-03-10 09:07:26 ::1 GET /Scripts/jquery.js - 50192 - ::1 Mozilla/5.0+(Windows+NT+6.1;+Win64;+x64)+AppleWebKit/537.36+(KHTML,+like+Gecko)+Chrome/56.0.2924.87+Safari/537.36 http://localhost:50192/Invoice/Invoiceview 404 0 2 2
2017-03-10 09:07:26 ::1 GET /Invoice/js/plugin/moment/moment.min.js - 50192 - ::1 Mozilla/5.0+(Windows+NT+6.1;+Win64;+x64)+AppleWebKit/537.36+(KHTML,+like+Gecko)+Chrome/56.0.2924.87+Safari/537.36 http://localhost:50192/Invoice/Invoiceview 404 0 2 3
2017-03-10 09:07:26 ::1 GET /Invoice/js/plugin/fullcalendar/jquery.fullcalendar.min.js - 50192 - ::1 Mozilla/5.0+(Windows+NT+6.1;+Win64;+x64)+AppleWebKit/537.36+(KHTML,+like+Gecko)+Chrome/56.0.2924.87+Safari/537.36 http://localhost:50192/Invoice/Invoiceview 404 0 2 1
2017-03-10 09:07:26 ::1 GET /scripts/charts - 50192 - ::1 Mozilla/5.0+(Windows+NT+6.1;+Win64;+x64)+AppleWebKit/537.36+(KHTML,+like+Gecko)+Chrome/56.0.2924.87+Safari/537.36 http://localhost:50192/Invoice/Invoiceview 404 0 0 2
2017-03-10 09:07:26 ::1 GET /scripts/vector-map - 50192 - ::1 Mozilla/5.0+(Windows+NT+6.1;+Win64;+x64)+AppleWebKit/537.36+(KHTML,+like+Gecko)+Chrome/56.0.2924.87+Safari/537.36 http://localhost:50192/Invoice/Invoiceview 404 0 0 12
2017-03-10 09:07:26 ::1 GET /scripts/full-calendar - 50192 - ::1 Mozilla/5.0+(Windows+NT+6.1;+Win64;+x64)+AppleWebKit/537.36+(KHTML,+like+Gecko)+Chrome/56.0.2924.87+Safari/537.36 http://localhost:50192/Invoice/Invoiceview 404 0 0 3
2017-03-10 09:07:26 ::1 GET /Scripts/jquery.js - 50192 - ::1 Mozilla/5.0+(Windows+NT+6.1;+Win64;+x64)+AppleWebKit/537.36+(KHTML,+like+Gecko)+Chrome/56.0.2924.87+Safari/537.36 http://localhost:50192/Invoice/Invoiceview 404 0 2 1
2017-03-10 09:07:26 ::1 GET /Invoice/js/plugin/moment/moment.min.js - 50192 - ::1 Mozilla/5.0+(Windows+NT+6.1;+Win64;+x64)+AppleWebKit/537.36+(KHTML,+like+Gecko)+Chrome/56.0.2924.87+Safari/537.36 http://localhost:50192/Invoice/Invoiceview 404 0 2 0
2017-03-10 09:07:26 ::1 GET /Invoice/js/plugin/fullcalendar/jquery.fullcalendar.min.js - 50192 - ::1 Mozilla/5.0+(Windows+NT+6.1;+Win64;+x64)+AppleWebKit/537.36+(KHTML,+like+Gecko)+Chrome/56.0.2924.87+Safari/537.36 http://localhost:50192/Invoice/Invoiceview 404 0 2 3
2017-03-10 09:07:26 ::1 POST /Invoice/GetOutStandingAmoutBar/ - 50192 - ::1 Mozilla/5.0+(Windows+NT+6.1;+Win64;+x64)+AppleWebKit/537.36+(KHTML,+like+Gecko)+Chrome/56.0.2924.87+Safari/537.36 http://localhost:50192/Invoice/Invoiceview 200 0 0 12
2017-03-10 09:07:27 ::1 POST /Invoice/GetOutStandingAmoutPerDeptid/ - 50192 - ::1 Mozilla/5.0+(Windows+NT+6.1;+Win64;+x64)+AppleWebKit/537.36+(KHTML,+like+Gecko)+Chrome/56.0.2924.87+Safari/537.36 http://localhost:50192/Invoice/Invoiceview 200 0 0 35
2017-03-10 09:07:27 ::1 GET /Invoice/GetInVoiceDetails/ _search=false&nd=1489136847622&rows=50&page=1&sidx=SlNo+asc&sord=asc 50192 - ::1 Mozilla/5.0+(Windows+NT+6.1;+Win64;+x64)+AppleWebKit/537.36+(KHTML,+like+Gecko)+Chrome/56.0.2924.87+Safari/537.36 http://localhost:50192/Invoice/Invoiceview 200 0 0 40
2017-03-10 09:07:29 ::1 GET /__browserLink/requestData/cbbd3caa80d54057acb1b7cb3c4c0cf3 version=2 50192 - ::1 Mozilla/5.0+(Windows+NT+6.1;+Win64;+x64)+AppleWebKit/537.36+(KHTML,+like+Gecko)+Chrome/56.0.2924.87+Safari/537.36 http://localhost:50192/Invoice/Invoiceview 200 0 0 73
2017-03-10 09:07:58 ::1 GET /Invoice/Invoiceview - 50192 - ::1 Mozilla/5.0+(Windows+NT+6.1;+Win64;+x64)+AppleWebKit/537.36+(KHTML,+like+Gecko)+Chrome/56.0.2924.87+Safari/537.36 http://localhost:50192/Invoice/Invoiceview 200 0 0 64
2017-03-10 09:07:58 ::1 GET /scripts/charts - 50192 - ::1 Mozilla/5.0+(Windows+NT+6.1;+Win64;+x64)+AppleWebKit/537.36+(KHTML,+like+Gecko)+Chrome/56.0.2924.87+Safari/537.36 http://localhost:50192/Invoice/Invoiceview 404 0 0 61
2017-03-10 09:07:58 ::1 GET /Invoice/js/plugin/moment/moment.min.js - 50192 - ::1 Mozilla/5.0+(Windows+NT+6.1;+Win64;+x64)+AppleWebKit/537.36+(KHTML,+like+Gecko)+Chrome/56.0.2924.87+Safari/537.36 http://localhost:50192/Invoice/Invoiceview 404 0 2 7
2017-03-10 09:07:58 ::1 GET /Invoice/js/plugin/fullcalendar/jquery.fullcalendar.min.js - 50192 - ::1 Mozilla/5.0+(Windows+NT+6.1;+Win64;+x64)+AppleWebKit/537.36+(KHTML,+like+Gecko)+Chrome/56.0.2924.87+Safari/537.36 http://localhost:50192/Invoice/Invoiceview 404 0 2 21
2017-03-10 09:07:58 ::1 GET /scripts/full-calendar - 50192 - ::1 Mozilla/5.0+(Windows+NT+6.1;+Win64;+x64)+AppleWebKit/537.36+(KHTML,+like+Gecko)+Chrome/56.0.2924.87+Safari/537.36 http://localhost:50192/Invoice/Invoiceview 404 0 0 17
2017-03-10 09:07:58 ::1 GET /Scripts/jquery.js - 50192 - ::1 Mozilla/5.0+(Windows+NT+6.1;+Win64;+x64)+AppleWebKit/537.36+(KHTML,+like+Gecko)+Chrome/56.0.2924.87+Safari/537.36 http://localhost:50192/Invoice/Invoiceview 404 0 2 6
2017-03-10 09:07:58 ::1 GET /scripts/charts - 50192 - ::1 Mozilla/5.0+(Windows+NT+6.1;+Win64;+x64)+AppleWebKit/537.36+(KHTML,+like+Gecko)+Chrome/56.0.2924.87+Safari/537.36 http://localhost:50192/Invoice/Invoiceview 404 0 0 2
2017-03-10 09:07:58 ::1 GET /scripts/vector-map - 50192 - ::1 Mozilla/5.0+(Windows+NT+6.1;+Win64;+x64)+AppleWebKit/537.36+(KHTML,+like+Gecko)+Chrome/56.0.2924.87+Safari/537.36 http://localhost:50192/Invoice/Invoiceview 404 0 0 516
2017-03-10 09:07:58 ::1 GET /scripts/full-calendar - 50192 - ::1 Mozilla/5.0+(Windows+NT+6.1;+Win64;+x64)+AppleWebKit/537.36+(KHTML,+like+Gecko)+Chrome/56.0.2924.87+Safari/537.36 http://localhost:50192/Invoice/Invoiceview 404 0 0 6
2017-03-10 09:07:58 ::1 GET /Scripts/jquery.js - 50192 - ::1 Mozilla/5.0+(Windows+NT+6.1;+Win64;+x64)+AppleWebKit/537.36+(KHTML,+like+Gecko)+Chrome/56.0.2924.87+Safari/537.36 http://localhost:50192/Invoice/Invoiceview 404 0 2 0
2017-03-10 09:07:58 ::1 GET /Invoice/js/plugin/moment/moment.min.js - 50192 - ::1 Mozilla/5.0+(Windows+NT+6.1;+Win64;+x64)+AppleWebKit/537.36+(KHTML,+like+Gecko)+Chrome/56.0.2924.87+Safari/537.36 http://localhost:50192/Invoice/Invoiceview 404 0 2 0
2017-03-10 09:07:58 ::1 GET /Invoice/js/plugin/fullcalendar/jquery.fullcalendar.min.js - 50192 - ::1 Mozilla/5.0+(Windows+NT+6.1;+Win64;+x64)+AppleWebKit/537.36+(KHTML,+like+Gecko)+Chrome/56.0.2924.87+Safari/537.36 http://localhost:50192/Invoice/Invoiceview 404 0 2 0
2017-03-10 09:07:59 ::1 POST /Invoice/GetOutStandingAmoutBar/ - 50192 - ::1 Mozilla/5.0+(Windows+NT+6.1;+Win64;+x64)+AppleWebKit/537.36+(KHTML,+like+Gecko)+Chrome/56.0.2924.87+Safari/537.36 http://localhost:50192/Invoice/Invoiceview 200 0 0 7
2017-03-10 09:07:59 ::1 POST /Invoice/GetOutStandingAmoutPerDeptid/ - 50192 - ::1 Mozilla/5.0+(Windows+NT+6.1;+Win64;+x64)+AppleWebKit/537.36+(KHTML,+like+Gecko)+Chrome/56.0.2924.87+Safari/537.36 http://localhost:50192/Invoice/Invoiceview 200 0 0 7
2017-03-10 09:07:59 ::1 GET /Invoice/GetInVoiceDetails/ _search=false&nd=1489136879350&rows=50&page=1&sidx=SlNo+asc&sord=asc 50192 - ::1 Mozilla/5.0+(Windows+NT+6.1;+Win64;+x64)+AppleWebKit/537.36+(KHTML,+like+Gecko)+Chrome/56.0.2924.87+Safari/537.36 http://localhost:50192/Invoice/Invoiceview 200 0 0 21
2017-03-10 09:08:03 ::1 GET /__browserLink/requestData/f7a03acabf374abe8933e0edb40513cd version=2 50192 - ::1 Mozilla/5.0+(Windows+NT+6.1;+Win64;+x64)+AppleWebKit/537.36+(KHTML,+like+Gecko)+Chrome/56.0.2924.87+Safari/537.36 http://localhost:50192/Invoice/Invoiceview 200 0 0 65
2017-03-10 09:08:05 ::1 POST /Invoice/getCreditDetails/ - 50192 - ::1 Mozilla/5.0+(Windows+NT+6.1;+Win64;+x64)+AppleWebKit/537.36+(KHTML,+like+Gecko)+Chrome/56.0.2924.87+Safari/537.36 http://localhost:50192/Invoice/Invoiceview 200 0 0 16
2017-03-10 09:08:05 ::1 POST /Invoice/getEndUserRating/ - 50192 - ::1 Mozilla/5.0+(Windows+NT+6.1;+Win64;+x64)+AppleWebKit/537.36+(KHTML,+like+Gecko)+Chrome/56.0.2924.87+Safari/537.36 http://localhost:50192/Invoice/Invoiceview 200 0 0 28
2017-03-10 09:08:05 ::1 POST /Invoice/getInvoiceImages/ - 50192 - ::1 Mozilla/5.0+(Windows+NT+6.1;+Win64;+x64)+AppleWebKit/537.36+(KHTML,+like+Gecko)+Chrome/56.0.2924.87+Safari/537.36 http://localhost:50192/Invoice/Invoiceview 200 0 0 548
2017-03-10 09:08:05 ::1 POST /Invoice/getcomments/ - 50192 - ::1 Mozilla/5.0+(Windows+NT+6.1;+Win64;+x64)+AppleWebKit/537.36+(KHTML,+like+Gecko)+Chrome/56.0.2924.87+Safari/537.36 http://localhost:50192/Invoice/Invoiceview 200 0 0 99
2017-03-10 09:08:05 ::1 POST /Invoice/GetInvoiceTax/ - 50192 - ::1 Mozilla/5.0+(Windows+NT+6.1;+Win64;+x64)+AppleWebKit/537.36+(KHTML,+like+Gecko)+Chrome/56.0.2924.87+Safari/537.36 http://localhost:50192/Invoice/Invoiceview 200 0 0 13
2017-03-10 09:08:05 ::1 HEAD /Files/InvoiceImages/INV-2340555712478-11-28-16-1.pdf - 50192 - ::1 Mozilla/5.0+(Windows+NT+6.1;+Win64;+x64)+AppleWebKit/537.36+(KHTML,+like+Gecko)+Chrome/56.0.2924.87+Safari/537.36 http://localhost:50192/ViewerJS/ 200 0 0 102
2017-03-10 09:08:06 ::1 POST /Invoice/getInvoiceData/ - 50192 - ::1 Mozilla/5.0+(Windows+NT+6.1;+Win64;+x64)+AppleWebKit/537.36+(KHTML,+like+Gecko)+Chrome/56.0.2924.87+Safari/537.36 http://localhost:50192/Invoice/Invoiceview 200 0 0 1045
2017-03-10 09:08:06 ::1 GET /Files/InvoiceImages/INV-2340555712478-11-28-16-1.pdf - 50192 - ::1 Mozilla/5.0+(Windows+NT+6.1;+Win64;+x64)+AppleWebKit/537.36+(KHTML,+like+Gecko)+Chrome/56.0.2924.87+Safari/537.36 http://localhost:50192/ViewerJS/pdf.worker.js 200 0 64 84
2017-03-10 09:08:06 ::1 GET /Files/InvoiceImages/INV-2340555712478-11-28-16-1.pdf - 50192 - ::1 Mozilla/5.0+(Windows+NT+6.1;+Win64;+x64)+AppleWebKit/537.36+(KHTML,+like+Gecko)+Chrome/56.0.2924.87+Safari/537.36 http://localhost:50192/ViewerJS/pdf.worker.js 200 0 0 54
2017-03-10 09:08:06 ::1 GET /Invoice/getDetailsofInvoice/ id=7320 50192 - ::1 Mozilla/5.0+(Windows+NT+6.1;+Win64;+x64)+AppleWebKit/537.36+(KHTML,+like+Gecko)+Chrome/56.0.2924.87+Safari/537.36 http://localhost:50192/Invoice/Invoiceview 200 0 0 1575
2017-03-10 09:08:07 ::1 POST /Invoice/getUltimateApproverRating/ - 50192 - ::1 Mozilla/5.0+(Windows+NT+6.1;+Win64;+x64)+AppleWebKit/537.36+(KHTML,+like+Gecko)+Chrome/56.0.2924.87+Safari/537.36 http://localhost:50192/Invoice/Invoiceview 200 0 0 2072
#Software: Microsoft Internet Information Services 10.0
#Version: 1.0
#Date: 2017-03-10 10:39:16
#Fields: date time s-ip cs-method cs-uri-stem cs-uri-query s-port cs-username c-ip cs(User-Agent) cs(Referer) sc-status sc-substatus sc-win32-status time-taken
2017-03-10 10:39:16 ::1 GET / - 50192 - ::1 Mozilla/5.0+(Windows+NT+6.1;+Win64;+x64)+AppleWebKit/537.36+(KHTML,+like+Gecko)+Chrome/56.0.2924.87+Safari/537.36 - 200 0 0 14131
2017-03-10 10:39:18 ::1 GET /__browserLink/requestData/995e218c8c394495b010a2be2f267cdc version=2 50192 - ::1 Mozilla/5.0+(Windows+NT+6.1;+Win64;+x64)+AppleWebKit/537.36+(KHTML,+like+Gecko)+Chrome/56.0.2924.87+Safari/537.36 http://localhost:50192/ 200 0 0 41
2017-03-10 10:39:25 ::1 POST /Login/Submit - 50192 - ::1 Mozilla/5.0+(Windows+NT+6.1;+Win64;+x64)+AppleWebKit/537.36+(KHTML,+like+Gecko)+Chrome/56.0.2924.87+Safari/537.36 http://localhost:50192/ 302 0 0 1448
2017-03-10 10:39:29 ::1 GET /Invoice/Invoiceview - 50192 - ::1 Mozilla/5.0+(Windows+NT+6.1;+Win64;+x64)+AppleWebKit/537.36+(KHTML,+like+Gecko)+Chrome/56.0.2924.87+Safari/537.36 http://localhost:50192/ 200 0 0 4145
2017-03-10 10:39:29 ::1 GET /scripts/charts - 50192 - ::1 Mozilla/5.0+(Windows+NT+6.1;+Win64;+x64)+AppleWebKit/537.36+(KHTML,+like+Gecko)+Chrome/56.0.2924.87+Safari/537.36 http://localhost:50192/Invoice/Invoiceview 404 0 0 48
2017-03-10 10:39:29 ::1 GET /Invoice/js/plugin/fullcalendar/jquery.fullcalendar.min.js - 50192 - ::1 Mozilla/5.0+(Windows+NT+6.1;+Win64;+x64)+AppleWebKit/537.36+(KHTML,+like+Gecko)+Chrome/56.0.2924.87+Safari/537.36 http://localhost:50192/Invoice/Invoiceview 404 0 2 44
2017-03-10 10:39:29 ::1 GET /Invoice/js/plugin/moment/moment.min.js - 50192 - ::1 Mozilla/5.0+(Windows+NT+6.1;+Win64;+x64)+AppleWebKit/537.36+(KHTML,+like+Gecko)+Chrome/56.0.2924.87+Safari/537.36 http://localhost:50192/Invoice/Invoiceview 404 0 2 45
2017-03-10 10:39:29 ::1 GET /scripts/vector-map - 50192 - ::1 Mozilla/5.0+(Windows+NT+6.1;+Win64;+x64)+AppleWebKit/537.36+(KHTML,+like+Gecko)+Chrome/56.0.2924.87+Safari/537.36 http://localhost:50192/Invoice/Invoiceview 404 0 0 6
2017-03-10 10:39:29 ::1 GET /scripts/full-calendar - 50192 - ::1 Mozilla/5.0+(Windows+NT+6.1;+Win64;+x64)+AppleWebKit/537.36+(KHTML,+like+Gecko)+Chrome/56.0.2924.87+Safari/537.36 http://localhost:50192/Invoice/Invoiceview 404 0 0 5
2017-03-10 10:39:29 ::1 GET /Scripts/jquery.js - 50192 - ::1 Mozilla/5.0+(Windows+NT+6.1;+Win64;+x64)+AppleWebKit/537.36+(KHTML,+like+Gecko)+Chrome/56.0.2924.87+Safari/537.36 http://localhost:50192/Invoice/Invoiceview 404 0 2 2
2017-03-10 10:39:31 ::1 GET /Invoice/js/plugin/moment/moment.min.js - 50192 - ::1 Mozilla/5.0+(Windows+NT+6.1;+Win64;+x64)+AppleWebKit/537.36+(KHTML,+like+Gecko)+Chrome/56.0.2924.87+Safari/537.36 http://localhost:50192/Invoice/Invoiceview 404 0 2 2
2017-03-10 10:39:31 ::1 GET /Invoice/js/plugin/fullcalendar/jquery.fullcalendar.min.js - 50192 - ::1 Mozilla/5.0+(Windows+NT+6.1;+Win64;+x64)+AppleWebKit/537.36+(KHTML,+like+Gecko)+Chrome/56.0.2924.87+Safari/537.36 http://localhost:50192/Invoice/Invoiceview 404 0 2 3
2017-03-10 10:39:31 ::1 GET /scripts/charts - 50192 - ::1 Mozilla/5.0+(Windows+NT+6.1;+Win64;+x64)+AppleWebKit/537.36+(KHTML,+like+Gecko)+Chrome/56.0.2924.87+Safari/537.36 http://localhost:50192/Invoice/Invoiceview 404 0 0 3
2017-03-10 10:39:31 ::1 GET /scripts/vector-map - 50192 - ::1 Mozilla/5.0+(Windows+NT+6.1;+Win64;+x64)+AppleWebKit/537.36+(KHTML,+like+Gecko)+Chrome/56.0.2924.87+Safari/537.36 http://localhost:50192/Invoice/Invoiceview 404 0 0 5
2017-03-10 10:39:31 ::1 GET /scripts/full-calendar - 50192 - ::1 Mozilla/5.0+(Windows+NT+6.1;+Win64;+x64)+AppleWebKit/537.36+(KHTML,+like+Gecko)+Chrome/56.0.2924.87+Safari/537.36 http://localhost:50192/Invoice/Invoiceview 404 0 0 7
2017-03-10 10:39:31 ::1 GET /Scripts/jquery.js - 50192 - ::1 Mozilla/5.0+(Windows+NT+6.1;+Win64;+x64)+AppleWebKit/537.36+(KHTML,+like+Gecko)+Chrome/56.0.2924.87+Safari/537.36 http://localhost:50192/Invoice/Invoiceview 404 0 2 1
2017-03-10 10:39:31 ::1 GET /Invoice/js/plugin/moment/moment.min.js - 50192 - ::1 Mozilla/5.0+(Windows+NT+6.1;+Win64;+x64)+AppleWebKit/537.36+(KHTML,+like+Gecko)+Chrome/56.0.2924.87+Safari/537.36 http://localhost:50192/Invoice/Invoiceview 404 0 2 2
2017-03-10 10:39:31 ::1 GET /Invoice/js/plugin/fullcalendar/jquery.fullcalendar.min.js - 50192 - ::1 Mozilla/5.0+(Windows+NT+6.1;+Win64;+x64)+AppleWebKit/537.36+(KHTML,+like+Gecko)+Chrome/56.0.2924.87+Safari/537.36 http://localhost:50192/Invoice/Invoiceview 404 0 2 1
2017-03-10 10:39:31 ::1 POST /Invoice/GetOutStandingAmoutBar/ - 50192 - ::1 Mozilla/5.0+(Windows+NT+6.1;+Win64;+x64)+AppleWebKit/537.36+(KHTML,+like+Gecko)+Chrome/56.0.2924.87+Safari/537.36 http://localhost:50192/Invoice/Invoiceview 200 0 0 13
2017-03-10 10:39:31 ::1 POST /Invoice/GetOutStandingAmoutPerDeptid/ - 50192 - ::1 Mozilla/5.0+(Windows+NT+6.1;+Win64;+x64)+AppleWebKit/537.36+(KHTML,+like+Gecko)+Chrome/56.0.2924.87+Safari/537.36 http://localhost:50192/Invoice/Invoiceview 200 0 0 36
2017-03-10 10:39:31 ::1 GET /Invoice/GetInVoiceDetails/ _search=false&nd=1489142371810&rows=50&page=1&sidx=SlNo+asc&sord=asc 50192 - ::1 Mozilla/5.0+(Windows+NT+6.1;+Win64;+x64)+AppleWebKit/537.36+(KHTML,+like+Gecko)+Chrome/56.0.2924.87+Safari/537.36 http://localhost:50192/Invoice/Invoiceview 200 0 0 44
2017-03-10 10:39:33 ::1 GET /__browserLink/requestData/266d9a0f2afc4239ab204fb79ed52a3c version=2 50192 - ::1 Mozilla/5.0+(Windows+NT+6.1;+Win64;+x64)+AppleWebKit/537.36+(KHTML,+like+Gecko)+Chrome/56.0.2924.87+Safari/537.36 http://localhost:50192/Invoice/Invoiceview 200 0 0 99
2017-03-10 10:39:35 ::1 POST /Invoice/getCreditDetails/ - 50192 - ::1 Mozilla/5.0+(Windows+NT+6.1;+Win64;+x64)+AppleWebKit/537.36+(KHTML,+like+Gecko)+Chrome/56.0.2924.87+Safari/537.36 http://localhost:50192/Invoice/Invoiceview 200 0 0 13
2017-03-10 10:39:35 ::1 POST /Invoice/getEndUserRating/ - 50192 - ::1 Mozilla/5.0+(Windows+NT+6.1;+Win64;+x64)+AppleWebKit/537.36+(KHTML,+like+Gecko)+Chrome/56.0.2924.87+Safari/537.36 http://localhost:50192/Invoice/Invoiceview 200 0 0 28
2017-03-10 10:39:35 ::1 GET /Invoice/getDetailsofInvoice/ id=7328 50192 - ::1 Mozilla/5.0+(Windows+NT+6.1;+Win64;+x64)+AppleWebKit/537.36+(KHTML,+like+Gecko)+Chrome/56.0.2924.87+Safari/537.36 http://localhost:50192/Invoice/Invoiceview 200 0 0 563
2017-03-10 10:39:36 ::1 POST /Invoice/getInvoiceData/ - 50192 - ::1 Mozilla/5.0+(Windows+NT+6.1;+Win64;+x64)+AppleWebKit/537.36+(KHTML,+like+Gecko)+Chrome/56.0.2924.87+Safari/537.36 http://localhost:50192/Invoice/Invoiceview 200 0 0 1055
2017-03-10 10:39:36 ::1 POST /Invoice/getInvoiceImages/ - 50192 - ::1 Mozilla/5.0+(Windows+NT+6.1;+Win64;+x64)+AppleWebKit/537.36+(KHTML,+like+Gecko)+Chrome/56.0.2924.87+Safari/537.36 http://localhost:50192/Invoice/Invoiceview 200 0 0 1583
2017-03-10 10:39:36 ::1 POST /Invoice/getcomments/ - 50192 - ::1 Mozilla/5.0+(Windows+NT+6.1;+Win64;+x64)+AppleWebKit/537.36+(KHTML,+like+Gecko)+Chrome/56.0.2924.87+Safari/537.36 http://localhost:50192/Invoice/Invoiceview 200 0 0 7
2017-03-10 10:39:36 ::1 POST /Invoice/GetInvoiceTax/ - 50192 - ::1 Mozilla/5.0+(Windows+NT+6.1;+Win64;+x64)+AppleWebKit/537.36+(KHTML,+like+Gecko)+Chrome/56.0.2924.87+Safari/537.36 http://localhost:50192/Invoice/Invoiceview 200 0 0 6
2017-03-10 10:39:36 ::1 HEAD /Files/InvoiceImages/INV-PB23741414-1-20-17-1.pdf - 50192 - ::1 Mozilla/5.0+(Windows+NT+6.1;+Win64;+x64)+AppleWebKit/537.36+(KHTML,+like+Gecko)+Chrome/56.0.2924.87+Safari/537.36 http://localhost:50192/ViewerJS/ 200 0 0 23
2017-03-10 10:39:37 ::1 POST /Invoice/getUltimateApproverRating/ - 50192 - ::1 Mozilla/5.0+(Windows+NT+6.1;+Win64;+x64)+AppleWebKit/537.36+(KHTML,+like+Gecko)+Chrome/56.0.2924.87+Safari/537.36 http://localhost:50192/Invoice/Invoiceview 200 0 0 2082
2017-03-10 10:39:37 ::1 GET /Files/InvoiceImages/INV-PB23741414-1-20-17-1.pdf - 50192 - ::1 Mozilla/5.0+(Windows+NT+6.1;+Win64;+x64)+AppleWebKit/537.36+(KHTML,+like+Gecko)+Chrome/56.0.2924.87+Safari/537.36 http://localhost:50192/ViewerJS/pdf.worker.js 200 0 0 5
#Software: Microsoft Internet Information Services 10.0
#Version: 1.0
#Date: 2017-03-10 11:13:47
#Fields: date time s-ip cs-method cs-uri-stem cs-uri-query s-port cs-username c-ip cs(User-Agent) cs(Referer) sc-status sc-substatus sc-win32-status time-taken
2017-03-10 11:13:47 ::1 GET /Invoice/Invoiceview - 50192 - ::1 Mozilla/5.0+(Windows+NT+6.1;+Win64;+x64)+AppleWebKit/537.36+(KHTML,+like+Gecko)+Chrome/56.0.2924.87+Safari/537.36 - 302 0 64 16445
2017-03-10 11:13:47 ::1 GET /Login/Login - 50192 - ::1 Mozilla/5.0+(Windows+NT+6.1;+Win64;+x64)+AppleWebKit/537.36+(KHTML,+like+Gecko)+Chrome/56.0.2924.87+Safari/537.36 - 200 0 0 9313
2017-03-10 11:13:49 ::1 GET /__browserLink/requestData/9428aca9ced041f6be4caebf2f56e8ed version=2 50192 - ::1 Mozilla/5.0+(Windows+NT+6.1;+Win64;+x64)+AppleWebKit/537.36+(KHTML,+like+Gecko)+Chrome/56.0.2924.87+Safari/537.36 http://localhost:50192/Login/Login 200 0 0 82
2017-03-10 11:13:51 ::1 POST /Login/Submit - 50192 - ::1 Mozilla/5.0+(Windows+NT+6.1;+Win64;+x64)+AppleWebKit/537.36+(KHTML,+like+Gecko)+Chrome/56.0.2924.87+Safari/537.36 http://localhost:50192/Login/Login 302 0 0 1456
2017-03-10 11:13:54 ::1 GET /Invoice/Invoiceview - 50192 - ::1 Mozilla/5.0+(Windows+NT+6.1;+Win64;+x64)+AppleWebKit/537.36+(KHTML,+like+Gecko)+Chrome/56.0.2924.87+Safari/537.36 http://localhost:50192/Login/Login 200 0 0 2425
2017-03-10 11:13:54 ::1 GET /scripts/charts - 50192 - ::1 Mozilla/5.0+(Windows+NT+6.1;+Win64;+x64)+AppleWebKit/537.36+(KHTML,+like+Gecko)+Chrome/56.0.2924.87+Safari/537.36 http://localhost:50192/Invoice/Invoiceview 404 0 0 20
2017-03-10 11:13:54 ::1 GET /Invoice/js/plugin/moment/moment.min.js - 50192 - ::1 Mozilla/5.0+(Windows+NT+6.1;+Win64;+x64)+AppleWebKit/537.36+(KHTML,+like+Gecko)+Chrome/56.0.2924.87+Safari/537.36 http://localhost:50192/Invoice/Invoiceview 404 0 2 25
2017-03-10 11:13:54 ::1 GET /Invoice/js/plugin/fullcalendar/jquery.fullcalendar.min.js - 50192 - ::1 Mozilla/5.0+(Windows+NT+6.1;+Win64;+x64)+AppleWebKit/537.36+(KHTML,+like+Gecko)+Chrome/56.0.2924.87+Safari/537.36 http://localhost:50192/Invoice/Invoiceview 404 0 2 22
2017-03-10 11:13:54 ::1 GET /scripts/vector-map - 50192 - ::1 Mozilla/5.0+(Windows+NT+6.1;+Win64;+x64)+AppleWebKit/537.36+(KHTML,+like+Gecko)+Chrome/56.0.2924.87+Safari/537.36 http://localhost:50192/Invoice/Invoiceview 404 0 0 5
2017-03-10 11:13:54 ::1 GET /scripts/full-calendar - 50192 - ::1 Mozilla/5.0+(Windows+NT+6.1;+Win64;+x64)+AppleWebKit/537.36+(KHTML,+like+Gecko)+Chrome/56.0.2924.87+Safari/537.36 http://localhost:50192/Invoice/Invoiceview 404 0 0 3
2017-03-10 11:13:54 ::1 GET /Scripts/jquery.js - 50192 - ::1 Mozilla/5.0+(Windows+NT+6.1;+Win64;+x64)+AppleWebKit/537.36+(KHTML,+like+Gecko)+Chrome/56.0.2924.87+Safari/537.36 http://localhost:50192/Invoice/Invoiceview 404 0 2 1
2017-03-10 11:13:54 ::1 GET /Invoice/js/plugin/moment/moment.min.js - 50192 - ::1 Mozilla/5.0+(Windows+NT+6.1;+Win64;+x64)+AppleWebKit/537.36+(KHTML,+like+Gecko)+Chrome/56.0.2924.87+Safari/537.36 http://localhost:50192/Invoice/Invoiceview 404 0 2 2
2017-03-10 11:13:54 ::1 GET /Invoice/js/plugin/fullcalendar/jquery.fullcalendar.min.js - 50192 - ::1 Mozilla/5.0+(Windows+NT+6.1;+Win64;+x64)+AppleWebKit/537.36+(KHTML,+like+Gecko)+Chrome/56.0.2924.87+Safari/537.36 http://localhost:50192/Invoice/Invoiceview 404 0 2 1
2017-03-10 11:13:54 ::1 GET /scripts/charts - 50192 - ::1 Mozilla/5.0+(Windows+NT+6.1;+Win64;+x64)+AppleWebKit/537.36+(KHTML,+like+Gecko)+Chrome/56.0.2924.87+Safari/537.36 http://localhost:50192/Invoice/Invoiceview 404 0 0 4
2017-03-10 11:13:54 ::1 GET /scripts/vector-map - 50192 - ::1 Mozilla/5.0+(Windows+NT+6.1;+Win64;+x64)+AppleWebKit/537.36+(KHTML,+like+Gecko)+Chrome/56.0.2924.87+Safari/537.36 http://localhost:50192/Invoice/Invoiceview 404 0 0 17
2017-03-10 11:13:54 ::1 GET /scripts/full-calendar - 50192 - ::1 Mozilla/5.0+(Windows+NT+6.1;+Win64;+x64)+AppleWebKit/537.36+(KHTML,+like+Gecko)+Chrome/56.0.2924.87+Safari/537.36 http://localhost:50192/Invoice/Invoiceview 404 0 0 4
2017-03-10 11:13:54 ::1 GET /Scripts/jquery.js - 50192 - ::1 Mozilla/5.0+(Windows+NT+6.1;+Win64;+x64)+AppleWebKit/537.36+(KHTML,+like+Gecko)+Chrome/56.0.2924.87+Safari/537.36 http://localhost:50192/Invoice/Invoiceview 404 0 2 1
2017-03-10 11:13:54 ::1 GET /Invoice/js/plugin/moment/moment.min.js - 50192 - ::1 Mozilla/5.0+(Windows+NT+6.1;+Win64;+x64)+AppleWebKit/537.36+(KHTML,+like+Gecko)+Chrome/56.0.2924.87+Safari/537.36 http://localhost:50192/Invoice/Invoiceview 404 0 2 1
2017-03-10 11:13:54 ::1 GET /Invoice/js/plugin/fullcalendar/jquery.fullcalendar.min.js - 50192 - ::1 Mozilla/5.0+(Windows+NT+6.1;+Win64;+x64)+AppleWebKit/537.36+(KHTML,+like+Gecko)+Chrome/56.0.2924.87+Safari/537.36 http://localhost:50192/Invoice/Invoiceview 404 0 2 1
2017-03-10 11:13:55 ::1 POST /Invoice/GetOutStandingAmoutBar/ - 50192 - ::1 Mozilla/5.0+(Windows+NT+6.1;+Win64;+x64)+AppleWebKit/537.36+(KHTML,+like+Gecko)+Chrome/56.0.2924.87+Safari/537.36 http://localhost:50192/Invoice/Invoiceview 200 0 0 13
2017-03-10 11:13:55 ::1 POST /Invoice/GetOutStandingAmoutPerDeptid/ - 50192 - ::1 Mozilla/5.0+(Windows+NT+6.1;+Win64;+x64)+AppleWebKit/537.36+(KHTML,+like+Gecko)+Chrome/56.0.2924.87+Safari/537.36 http://localhost:50192/Invoice/Invoiceview 200 0 0 27
2017-03-10 11:13:55 ::1 GET /Invoice/GetInVoiceDetails/ _search=false&nd=1489144435496&rows=50&page=1&sidx=SlNo+asc&sord=asc 50192 - ::1 Mozilla/5.0+(Windows+NT+6.1;+Win64;+x64)+AppleWebKit/537.36+(KHTML,+like+Gecko)+Chrome/56.0.2924.87+Safari/537.36 http://localhost:50192/Invoice/Invoiceview 200 0 0 40
2017-03-10 11:13:56 ::1 GET /__browserLink/requestData/38b56bd922ce4662921ba77f923f7c03 version=2 50192 - ::1 Mozilla/5.0+(Windows+NT+6.1;+Win64;+x64)+AppleWebKit/537.36+(KHTML,+like+Gecko)+Chrome/56.0.2924.87+Safari/537.36 http://localhost:50192/Invoice/Invoiceview 200 0 0 82
2017-03-10 11:24:14 ::1 POST /Invoice/getCreditDetails/ - 50192 - ::1 Mozilla/5.0+(Windows+NT+6.1;+Win64;+x64)+AppleWebKit/537.36+(KHTML,+like+Gecko)+Chrome/56.0.2924.87+Safari/537.36 http://localhost:50192/Invoice/Invoiceview 200 0 0 22
2017-03-10 11:24:14 ::1 POST /Invoice/getEndUserRating/ - 50192 - ::1 Mozilla/5.0+(Windows+NT+6.1;+Win64;+x64)+AppleWebKit/537.36+(KHTML,+like+Gecko)+Chrome/56.0.2924.87+Safari/537.36 http://localhost:50192/Invoice/Invoiceview 200 0 0 43
2017-03-10 11:24:14 ::1 GET /Invoice/getDetailsofInvoice/ id=7328 50192 - ::1 Mozilla/5.0+(Windows+NT+6.1;+Win64;+x64)+AppleWebKit/537.36+(KHTML,+like+Gecko)+Chrome/56.0.2924.87+Safari/537.36 http://localhost:50192/Invoice/Invoiceview 200 0 0 565
2017-03-10 11:24:15 ::1 POST /Invoice/getUltimateApproverRating/ - 50192 - ::1 Mozilla/5.0+(Windows+NT+6.1;+Win64;+x64)+AppleWebKit/537.36+(KHTML,+like+Gecko)+Chrome/56.0.2924.87+Safari/537.36 http://localhost:50192/Invoice/Invoiceview 200 0 0 1023
2017-03-10 11:24:15 ::1 POST /Invoice/getInvoiceData/ - 50192 - ::1 Mozilla/5.0+(Windows+NT+6.1;+Win64;+x64)+AppleWebKit/537.36+(KHTML,+like+Gecko)+Chrome/56.0.2924.87+Safari/537.36 http://localhost:50192/Invoice/Invoiceview 200 0 0 1057
2017-03-10 11:24:15 ::1 POST /Invoice/getInvoiceImages/ - 50192 - ::1 Mozilla/5.0+(Windows+NT+6.1;+Win64;+x64)+AppleWebKit/537.36+(KHTML,+like+Gecko)+Chrome/56.0.2924.87+Safari/537.36 http://localhost:50192/Invoice/Invoiceview 200 0 0 1575
2017-03-10 11:24:15 ::1 POST /Invoice/getcomments/ - 50192 - ::1 Mozilla/5.0+(Windows+NT+6.1;+Win64;+x64)+AppleWebKit/537.36+(KHTML,+like+Gecko)+Chrome/56.0.2924.87+Safari/537.36 http://localhost:50192/Invoice/Invoiceview 200 0 0 10
2017-03-10 11:24:15 ::1 POST /Invoice/GetInvoiceTax/ - 50192 - ::1 Mozilla/5.0+(Windows+NT+6.1;+Win64;+x64)+AppleWebKit/537.36+(KHTML,+like+Gecko)+Chrome/56.0.2924.87+Safari/537.36 http://localhost:50192/Invoice/Invoiceview 200 0 0 10
