#Software: Microsoft Internet Information Services 10.0
#Version: 1.0
#Date: 2017-03-13 11:18:16
#Fields: date time s-ip cs-method cs-uri-stem cs-uri-query s-port cs-username c-ip cs(User-Agent) cs(Referer) sc-status sc-substatus sc-win32-status time-taken
2017-03-13 11:18:16 ::1 GET / - 50192 - ::1 Mozilla/5.0+(Windows+NT+6.1;+Win64;+x64)+AppleWebKit/537.36+(KHTML,+like+Gecko)+Chrome/56.0.2924.87+Safari/537.36 - 200 0 0 11172
2017-03-13 11:18:19 ::1 GET /__browserLink/requestData/03767ef725ea4dfe8a9b7891ef58e780 version=2 50192 - ::1 Mozilla/5.0+(Windows+NT+6.1;+Win64;+x64)+AppleWebKit/537.36+(KHTML,+like+Gecko)+Chrome/56.0.2924.87+Safari/537.36 http://localhost:50192/ 200 0 0 57
2017-03-13 11:19:27 ::1 POST /Login/Submit - 50192 - ::1 Mozilla/5.0+(Windows+NT+6.1;+Win64;+x64)+AppleWebKit/537.36+(KHTML,+like+Gecko)+Chrome/56.0.2924.87+Safari/537.36 http://localhost:50192/ 302 0 0 1540
2017-03-13 11:19:32 ::1 GET /Invoice/Invoiceview - 50192 - ::1 Mozilla/5.0+(Windows+NT+6.1;+Win64;+x64)+AppleWebKit/537.36+(KHTML,+like+Gecko)+Chrome/56.0.2924.87+Safari/537.36 http://localhost:50192/ 200 0 0 5786
2017-03-13 11:19:32 ::1 GET /scripts/charts - 50192 - ::1 Mozilla/5.0+(Windows+NT+6.1;+Win64;+x64)+AppleWebKit/537.36+(KHTML,+like+Gecko)+Chrome/56.0.2924.87+Safari/537.36 http://localhost:50192/Invoice/Invoiceview 404 0 0 28
2017-03-13 11:19:32 ::1 GET /Invoice/js/plugin/fullcalendar/jquery.fullcalendar.min.js - 50192 - ::1 Mozilla/5.0+(Windows+NT+6.1;+Win64;+x64)+AppleWebKit/537.36+(KHTML,+like+Gecko)+Chrome/56.0.2924.87+Safari/537.36 http://localhost:50192/Invoice/Invoiceview 404 0 2 112
2017-03-13 11:19:32 ::1 GET /Invoice/js/plugin/moment/moment.min.js - 50192 - ::1 Mozilla/5.0+(Windows+NT+6.1;+Win64;+x64)+AppleWebKit/537.36+(KHTML,+like+Gecko)+Chrome/56.0.2924.87+Safari/537.36 http://localhost:50192/Invoice/Invoiceview 404 0 2 113
2017-03-13 11:19:32 ::1 GET /scripts/vector-map - 50192 - ::1 Mozilla/5.0+(Windows+NT+6.1;+Win64;+x64)+AppleWebKit/537.36+(KHTML,+like+Gecko)+Chrome/56.0.2924.87+Safari/537.36 http://localhost:50192/Invoice/Invoiceview 404 0 0 2
2017-03-13 11:19:32 ::1 GET /scripts/full-calendar - 50192 - ::1 Mozilla/5.0+(Windows+NT+6.1;+Win64;+x64)+AppleWebKit/537.36+(KHTML,+like+Gecko)+Chrome/56.0.2924.87+Safari/537.36 http://localhost:50192/Invoice/Invoiceview 404 0 0 5
2017-03-13 11:19:32 ::1 GET /Scripts/jquery.js - 50192 - ::1 Mozilla/5.0+(Windows+NT+6.1;+Win64;+x64)+AppleWebKit/537.36+(KHTML,+like+Gecko)+Chrome/56.0.2924.87+Safari/537.36 http://localhost:50192/Invoice/Invoiceview 404 0 2 3
2017-03-13 11:19:32 ::1 GET /Invoice/js/plugin/moment/moment.min.js - 50192 - ::1 Mozilla/5.0+(Windows+NT+6.1;+Win64;+x64)+AppleWebKit/537.36+(KHTML,+like+Gecko)+Chrome/56.0.2924.87+Safari/537.36 http://localhost:50192/Invoice/Invoiceview 404 0 2 2
2017-03-13 11:19:32 ::1 GET /Invoice/js/plugin/fullcalendar/jquery.fullcalendar.min.js - 50192 - ::1 Mozilla/5.0+(Windows+NT+6.1;+Win64;+x64)+AppleWebKit/537.36+(KHTML,+like+Gecko)+Chrome/56.0.2924.87+Safari/537.36 http://localhost:50192/Invoice/Invoiceview 404 0 2 3
2017-03-13 11:19:32 ::1 GET /scripts/charts - 50192 - ::1 Mozilla/5.0+(Windows+NT+6.1;+Win64;+x64)+AppleWebKit/537.36+(KHTML,+like+Gecko)+Chrome/56.0.2924.87+Safari/537.36 http://localhost:50192/Invoice/Invoiceview 404 0 0 2
2017-03-13 11:19:32 ::1 GET /scripts/vector-map - 50192 - ::1 Mozilla/5.0+(Windows+NT+6.1;+Win64;+x64)+AppleWebKit/537.36+(KHTML,+like+Gecko)+Chrome/56.0.2924.87+Safari/537.36 http://localhost:50192/Invoice/Invoiceview 404 0 0 6
2017-03-13 11:19:32 ::1 GET /scripts/full-calendar - 50192 - ::1 Mozilla/5.0+(Windows+NT+6.1;+Win64;+x64)+AppleWebKit/537.36+(KHTML,+like+Gecko)+Chrome/56.0.2924.87+Safari/537.36 http://localhost:50192/Invoice/Invoiceview 404 0 0 16
2017-03-13 11:19:32 ::1 GET /Scripts/jquery.js - 50192 - ::1 Mozilla/5.0+(Windows+NT+6.1;+Win64;+x64)+AppleWebKit/537.36+(KHTML,+like+Gecko)+Chrome/56.0.2924.87+Safari/537.36 http://localhost:50192/Invoice/Invoiceview 404 0 2 3
2017-03-13 11:19:33 ::1 GET /Invoice/js/plugin/moment/moment.min.js - 50192 - ::1 Mozilla/5.0+(Windows+NT+6.1;+Win64;+x64)+AppleWebKit/537.36+(KHTML,+like+Gecko)+Chrome/56.0.2924.87+Safari/537.36 http://localhost:50192/Invoice/Invoiceview 404 0 2 1
2017-03-13 11:19:33 ::1 GET /Invoice/js/plugin/fullcalendar/jquery.fullcalendar.min.js - 50192 - ::1 Mozilla/5.0+(Windows+NT+6.1;+Win64;+x64)+AppleWebKit/537.36+(KHTML,+like+Gecko)+Chrome/56.0.2924.87+Safari/537.36 http://localhost:50192/Invoice/Invoiceview 404 0 2 1
2017-03-13 11:19:33 ::1 POST /Invoice/GetOutStandingAmoutBar/ - 50192 - ::1 Mozilla/5.0+(Windows+NT+6.1;+Win64;+x64)+AppleWebKit/537.36+(KHTML,+like+Gecko)+Chrome/56.0.2924.87+Safari/537.36 http://localhost:50192/Invoice/Invoiceview 200 0 0 105
2017-03-13 11:19:33 ::1 POST /Invoice/GetOutStandingAmoutPerDeptid/ - 50192 - ::1 Mozilla/5.0+(Windows+NT+6.1;+Win64;+x64)+AppleWebKit/537.36+(KHTML,+like+Gecko)+Chrome/56.0.2924.87+Safari/537.36 http://localhost:50192/Invoice/Invoiceview 200 0 0 82
2017-03-13 11:19:35 ::1 GET /Invoice/GetInVoiceDetails/ _search=false&nd=1489403974424&rows=50&page=1&sidx=SlNo+asc&sord=asc 50192 - ::1 Mozilla/5.0+(Windows+NT+6.1;+Win64;+x64)+AppleWebKit/537.36+(KHTML,+like+Gecko)+Chrome/56.0.2924.87+Safari/537.36 http://localhost:50192/Invoice/Invoiceview 200 0 0 883
2017-03-13 11:19:36 ::1 GET /__browserLink/requestData/c34a627e7314440e947642ec5758b8da version=2 50192 - ::1 Mozilla/5.0+(Windows+NT+6.1;+Win64;+x64)+AppleWebKit/537.36+(KHTML,+like+Gecko)+Chrome/56.0.2924.87+Safari/537.36 http://localhost:50192/Invoice/Invoiceview 200 0 0 83
2017-03-13 11:19:39 ::1 GET /Invoice/Invoiceview - 50192 - ::1 Mozilla/5.0+(Windows+NT+6.1;+Win64;+x64)+AppleWebKit/537.36+(KHTML,+like+Gecko)+Chrome/56.0.2924.87+Safari/537.36 http://localhost:50192/Invoice/Invoiceview 200 0 0 68
2017-03-13 11:19:39 ::1 GET /scripts/charts - 50192 - ::1 Mozilla/5.0+(Windows+NT+6.1;+Win64;+x64)+AppleWebKit/537.36+(KHTML,+like+Gecko)+Chrome/56.0.2924.87+Safari/537.36 http://localhost:50192/Invoice/Invoiceview 404 0 0 24
2017-03-13 11:19:39 ::1 GET /Invoice/js/plugin/moment/moment.min.js - 50192 - ::1 Mozilla/5.0+(Windows+NT+6.1;+Win64;+x64)+AppleWebKit/537.36+(KHTML,+like+Gecko)+Chrome/56.0.2924.87+Safari/537.36 http://localhost:50192/Invoice/Invoiceview 404 0 2 20
2017-03-13 11:19:39 ::1 GET /Invoice/js/plugin/fullcalendar/jquery.fullcalendar.min.js - 50192 - ::1 Mozilla/5.0+(Windows+NT+6.1;+Win64;+x64)+AppleWebKit/537.36+(KHTML,+like+Gecko)+Chrome/56.0.2924.87+Safari/537.36 http://localhost:50192/Invoice/Invoiceview 404 0 2 23
2017-03-13 11:19:39 ::1 GET /scripts/vector-map - 50192 - ::1 Mozilla/5.0+(Windows+NT+6.1;+Win64;+x64)+AppleWebKit/537.36+(KHTML,+like+Gecko)+Chrome/56.0.2924.87+Safari/537.36 http://localhost:50192/Invoice/Invoiceview 404 0 0 5
2017-03-13 11:19:39 ::1 GET /scripts/full-calendar - 50192 - ::1 Mozilla/5.0+(Windows+NT+6.1;+Win64;+x64)+AppleWebKit/537.36+(KHTML,+like+Gecko)+Chrome/56.0.2924.87+Safari/537.36 http://localhost:50192/Invoice/Invoiceview 404 0 0 3
2017-03-13 11:19:39 ::1 GET /Scripts/jquery.js - 50192 - ::1 Mozilla/5.0+(Windows+NT+6.1;+Win64;+x64)+AppleWebKit/537.36+(KHTML,+like+Gecko)+Chrome/56.0.2924.87+Safari/537.36 http://localhost:50192/Invoice/Invoiceview 404 0 2 1
2017-03-13 11:19:39 ::1 GET /Invoice/js/plugin/moment/moment.min.js - 50192 - ::1 Mozilla/5.0+(Windows+NT+6.1;+Win64;+x64)+AppleWebKit/537.36+(KHTML,+like+Gecko)+Chrome/56.0.2924.87+Safari/537.36 http://localhost:50192/Invoice/Invoiceview 404 0 2 3
2017-03-13 11:19:39 ::1 GET /Invoice/js/plugin/fullcalendar/jquery.fullcalendar.min.js - 50192 - ::1 Mozilla/5.0+(Windows+NT+6.1;+Win64;+x64)+AppleWebKit/537.36+(KHTML,+like+Gecko)+Chrome/56.0.2924.87+Safari/537.36 http://localhost:50192/Invoice/Invoiceview 404 0 2 3
2017-03-13 11:19:39 ::1 GET /scripts/charts - 50192 - ::1 Mozilla/5.0+(Windows+NT+6.1;+Win64;+x64)+AppleWebKit/537.36+(KHTML,+like+Gecko)+Chrome/56.0.2924.87+Safari/537.36 http://localhost:50192/Invoice/Invoiceview 404 0 0 2
2017-03-13 11:19:39 ::1 GET /scripts/vector-map - 50192 - ::1 Mozilla/5.0+(Windows+NT+6.1;+Win64;+x64)+AppleWebKit/537.36+(KHTML,+like+Gecko)+Chrome/56.0.2924.87+Safari/537.36 http://localhost:50192/Invoice/Invoiceview 404 0 0 3
2017-03-13 11:19:39 ::1 GET /scripts/full-calendar - 50192 - ::1 Mozilla/5.0+(Windows+NT+6.1;+Win64;+x64)+AppleWebKit/537.36+(KHTML,+like+Gecko)+Chrome/56.0.2924.87+Safari/537.36 http://localhost:50192/Invoice/Invoiceview 404 0 0 3
2017-03-13 11:19:39 ::1 GET /Scripts/jquery.js - 50192 - ::1 Mozilla/5.0+(Windows+NT+6.1;+Win64;+x64)+AppleWebKit/537.36+(KHTML,+like+Gecko)+Chrome/56.0.2924.87+Safari/537.36 http://localhost:50192/Invoice/Invoiceview 404 0 2 1
2017-03-13 11:19:39 ::1 GET /Invoice/js/plugin/moment/moment.min.js - 50192 - ::1 Mozilla/5.0+(Windows+NT+6.1;+Win64;+x64)+AppleWebKit/537.36+(KHTML,+like+Gecko)+Chrome/56.0.2924.87+Safari/537.36 http://localhost:50192/Invoice/Invoiceview 404 0 2 2
2017-03-13 11:19:39 ::1 GET /Invoice/js/plugin/fullcalendar/jquery.fullcalendar.min.js - 50192 - ::1 Mozilla/5.0+(Windows+NT+6.1;+Win64;+x64)+AppleWebKit/537.36+(KHTML,+like+Gecko)+Chrome/56.0.2924.87+Safari/537.36 http://localhost:50192/Invoice/Invoiceview 404 0 2 4
2017-03-13 11:19:39 ::1 POST /Invoice/GetOutStandingAmoutBar/ - 50192 - ::1 Mozilla/5.0+(Windows+NT+6.1;+Win64;+x64)+AppleWebKit/537.36+(KHTML,+like+Gecko)+Chrome/56.0.2924.87+Safari/537.36 http://localhost:50192/Invoice/Invoiceview 200 0 0 8
2017-03-13 11:19:39 ::1 POST /Invoice/GetOutStandingAmoutPerDeptid/ - 50192 - ::1 Mozilla/5.0+(Windows+NT+6.1;+Win64;+x64)+AppleWebKit/537.36+(KHTML,+like+Gecko)+Chrome/56.0.2924.87+Safari/537.36 http://localhost:50192/Invoice/Invoiceview 200 0 0 17
2017-03-13 11:19:39 ::1 GET /Invoice/GetInVoiceDetails/ _search=false&nd=1489403979955&rows=50&page=1&sidx=SlNo+asc&sord=asc 50192 - ::1 Mozilla/5.0+(Windows+NT+6.1;+Win64;+x64)+AppleWebKit/537.36+(KHTML,+like+Gecko)+Chrome/56.0.2924.87+Safari/537.36 http://localhost:50192/Invoice/Invoiceview 200 0 0 21
2017-03-13 11:19:41 ::1 GET /__browserLink/requestData/48b815d784174b4ba1a295a21fd15374 version=2 50192 - ::1 Mozilla/5.0+(Windows+NT+6.1;+Win64;+x64)+AppleWebKit/537.36+(KHTML,+like+Gecko)+Chrome/56.0.2924.87+Safari/537.36 http://localhost:50192/Invoice/Invoiceview 200 0 0 84
2017-03-13 11:19:45 ::1 GET /Login/Login - 50192 - ::1 Mozilla/5.0+(Windows+NT+6.1;+Win64;+x64)+AppleWebKit/537.36+(KHTML,+like+Gecko)+Chrome/56.0.2924.87+Safari/537.36 - 200 0 0 13
2017-03-13 11:19:45 ::1 GET /__browserLink/requestData/d03873ca3ae24071b6c1b0e8d16dc467 version=2 50192 - ::1 Mozilla/5.0+(Windows+NT+6.1;+Win64;+x64)+AppleWebKit/537.36+(KHTML,+like+Gecko)+Chrome/56.0.2924.87+Safari/537.36 http://localhost:50192/Login/Login 200 0 0 5
2017-03-13 11:19:50 ::1 POST /Login/Submit - 50192 - ::1 Mozilla/5.0+(Windows+NT+6.1;+Win64;+x64)+AppleWebKit/537.36+(KHTML,+like+Gecko)+Chrome/56.0.2924.87+Safari/537.36 http://localhost:50192/Login/Login 302 0 0 11
2017-03-13 11:19:50 ::1 GET /Invoice/Invoiceview - 50192 - ::1 Mozilla/5.0+(Windows+NT+6.1;+Win64;+x64)+AppleWebKit/537.36+(KHTML,+like+Gecko)+Chrome/56.0.2924.87+Safari/537.36 http://localhost:50192/Login/Login 200 0 0 83
2017-03-13 11:19:50 ::1 GET /scripts/charts - 50192 - ::1 Mozilla/5.0+(Windows+NT+6.1;+Win64;+x64)+AppleWebKit/537.36+(KHTML,+like+Gecko)+Chrome/56.0.2924.87+Safari/537.36 http://localhost:50192/Invoice/Invoiceview 404 0 0 33
2017-03-13 11:19:50 ::1 GET /Invoice/js/plugin/moment/moment.min.js - 50192 - ::1 Mozilla/5.0+(Windows+NT+6.1;+Win64;+x64)+AppleWebKit/537.36+(KHTML,+like+Gecko)+Chrome/56.0.2924.87+Safari/537.36 http://localhost:50192/Invoice/Invoiceview 404 0 2 31
2017-03-13 11:19:50 ::1 GET /Invoice/js/plugin/fullcalendar/jquery.fullcalendar.min.js - 50192 - ::1 Mozilla/5.0+(Windows+NT+6.1;+Win64;+x64)+AppleWebKit/537.36+(KHTML,+like+Gecko)+Chrome/56.0.2924.87+Safari/537.36 http://localhost:50192/Invoice/Invoiceview 404 0 2 30
2017-03-13 11:19:50 ::1 GET /scripts/vector-map - 50192 - ::1 Mozilla/5.0+(Windows+NT+6.1;+Win64;+x64)+AppleWebKit/537.36+(KHTML,+like+Gecko)+Chrome/56.0.2924.87+Safari/537.36 http://localhost:50192/Invoice/Invoiceview 404 0 0 3
2017-03-13 11:19:50 ::1 GET /scripts/full-calendar - 50192 - ::1 Mozilla/5.0+(Windows+NT+6.1;+Win64;+x64)+AppleWebKit/537.36+(KHTML,+like+Gecko)+Chrome/56.0.2924.87+Safari/537.36 http://localhost:50192/Invoice/Invoiceview 404 0 0 3
2017-03-13 11:19:50 ::1 GET /Scripts/jquery.js - 50192 - ::1 Mozilla/5.0+(Windows+NT+6.1;+Win64;+x64)+AppleWebKit/537.36+(KHTML,+like+Gecko)+Chrome/56.0.2924.87+Safari/537.36 http://localhost:50192/Invoice/Invoiceview 404 0 2 2
2017-03-13 11:19:50 ::1 GET /Invoice/js/plugin/moment/moment.min.js - 50192 - ::1 Mozilla/5.0+(Windows+NT+6.1;+Win64;+x64)+AppleWebKit/537.36+(KHTML,+like+Gecko)+Chrome/56.0.2924.87+Safari/537.36 http://localhost:50192/Invoice/Invoiceview 404 0 2 2
2017-03-13 11:19:50 ::1 GET /Invoice/js/plugin/fullcalendar/jquery.fullcalendar.min.js - 50192 - ::1 Mozilla/5.0+(Windows+NT+6.1;+Win64;+x64)+AppleWebKit/537.36+(KHTML,+like+Gecko)+Chrome/56.0.2924.87+Safari/537.36 http://localhost:50192/Invoice/Invoiceview 404 0 2 2
2017-03-13 11:19:50 ::1 GET /scripts/charts - 50192 - ::1 Mozilla/5.0+(Windows+NT+6.1;+Win64;+x64)+AppleWebKit/537.36+(KHTML,+like+Gecko)+Chrome/56.0.2924.87+Safari/537.36 http://localhost:50192/Invoice/Invoiceview 404 0 0 2
2017-03-13 11:19:50 ::1 GET /scripts/vector-map - 50192 - ::1 Mozilla/5.0+(Windows+NT+6.1;+Win64;+x64)+AppleWebKit/537.36+(KHTML,+like+Gecko)+Chrome/56.0.2924.87+Safari/537.36 http://localhost:50192/Invoice/Invoiceview 404 0 0 18
2017-03-13 11:19:50 ::1 GET /scripts/full-calendar - 50192 - ::1 Mozilla/5.0+(Windows+NT+6.1;+Win64;+x64)+AppleWebKit/537.36+(KHTML,+like+Gecko)+Chrome/56.0.2924.87+Safari/537.36 http://localhost:50192/Invoice/Invoiceview 404 0 0 7
2017-03-13 11:19:50 ::1 GET /Scripts/jquery.js - 50192 - ::1 Mozilla/5.0+(Windows+NT+6.1;+Win64;+x64)+AppleWebKit/537.36+(KHTML,+like+Gecko)+Chrome/56.0.2924.87+Safari/537.36 http://localhost:50192/Invoice/Invoiceview 404 0 2 2
2017-03-13 11:19:50 ::1 GET /Invoice/js/plugin/moment/moment.min.js - 50192 - ::1 Mozilla/5.0+(Windows+NT+6.1;+Win64;+x64)+AppleWebKit/537.36+(KHTML,+like+Gecko)+Chrome/56.0.2924.87+Safari/537.36 http://localhost:50192/Invoice/Invoiceview 404 0 2 2
2017-03-13 11:19:50 ::1 GET /Invoice/js/plugin/fullcalendar/jquery.fullcalendar.min.js - 50192 - ::1 Mozilla/5.0+(Windows+NT+6.1;+Win64;+x64)+AppleWebKit/537.36+(KHTML,+like+Gecko)+Chrome/56.0.2924.87+Safari/537.36 http://localhost:50192/Invoice/Invoiceview 404 0 2 3
2017-03-13 11:19:50 ::1 POST /Invoice/GetOutStandingAmoutBar/ - 50192 - ::1 Mozilla/5.0+(Windows+NT+6.1;+Win64;+x64)+AppleWebKit/537.36+(KHTML,+like+Gecko)+Chrome/56.0.2924.87+Safari/537.36 http://localhost:50192/Invoice/Invoiceview 200 0 0 8
2017-03-13 11:19:50 ::1 POST /Invoice/GetOutStandingAmoutPerDeptid/ - 50192 - ::1 Mozilla/5.0+(Windows+NT+6.1;+Win64;+x64)+AppleWebKit/537.36+(KHTML,+like+Gecko)+Chrome/56.0.2924.87+Safari/537.36 http://localhost:50192/Invoice/Invoiceview 200 0 0 9
2017-03-13 11:19:50 ::1 GET /Invoice/GetInVoiceDetails/ _search=false&nd=1489403991000&rows=50&page=1&sidx=SlNo+asc&sord=asc 50192 - ::1 Mozilla/5.0+(Windows+NT+6.1;+Win64;+x64)+AppleWebKit/537.36+(KHTML,+like+Gecko)+Chrome/56.0.2924.87+Safari/537.36 http://localhost:50192/Invoice/Invoiceview 200 0 0 44
2017-03-13 11:19:52 ::1 GET /__browserLink/requestData/64f43192b6b848499daa54cbc9eeb830 version=2 50192 - ::1 Mozilla/5.0+(Windows+NT+6.1;+Win64;+x64)+AppleWebKit/537.36+(KHTML,+like+Gecko)+Chrome/56.0.2924.87+Safari/537.36 http://localhost:50192/Invoice/Invoiceview 200 0 0 76
2017-03-13 11:19:55 ::1 GET /Invoice/CreateInvoice - 50192 - ::1 Mozilla/5.0+(Windows+NT+6.1;+Win64;+x64)+AppleWebKit/537.36+(KHTML,+like+Gecko)+Chrome/56.0.2924.87+Safari/537.36 http://localhost:50192/Invoice/Invoiceview 200 0 0 101
2017-03-13 11:19:55 ::1 GET /scripts/charts - 50192 - ::1 Mozilla/5.0+(Windows+NT+6.1;+Win64;+x64)+AppleWebKit/537.36+(KHTML,+like+Gecko)+Chrome/56.0.2924.87+Safari/537.36 http://localhost:50192/Invoice/CreateInvoice 404 0 0 23
2017-03-13 11:19:55 ::1 GET /Invoice/js/plugin/fullcalendar/jquery.fullcalendar.min.js - 50192 - ::1 Mozilla/5.0+(Windows+NT+6.1;+Win64;+x64)+AppleWebKit/537.36+(KHTML,+like+Gecko)+Chrome/56.0.2924.87+Safari/537.36 http://localhost:50192/Invoice/CreateInvoice 404 0 2 23
2017-03-13 11:19:55 ::1 GET /Invoice/js/plugin/moment/moment.min.js - 50192 - ::1 Mozilla/5.0+(Windows+NT+6.1;+Win64;+x64)+AppleWebKit/537.36+(KHTML,+like+Gecko)+Chrome/56.0.2924.87+Safari/537.36 http://localhost:50192/Invoice/CreateInvoice 404 0 2 39
2017-03-13 11:19:55 ::1 GET /scripts/vector-map - 50192 - ::1 Mozilla/5.0+(Windows+NT+6.1;+Win64;+x64)+AppleWebKit/537.36+(KHTML,+like+Gecko)+Chrome/56.0.2924.87+Safari/537.36 http://localhost:50192/Invoice/CreateInvoice 404 0 0 3
2017-03-13 11:19:55 ::1 GET /scripts/full-calendar - 50192 - ::1 Mozilla/5.0+(Windows+NT+6.1;+Win64;+x64)+AppleWebKit/537.36+(KHTML,+like+Gecko)+Chrome/56.0.2924.87+Safari/537.36 http://localhost:50192/Invoice/CreateInvoice 404 0 0 4
2017-03-13 11:19:55 ::1 GET /Scripts/jquery.js - 50192 - ::1 Mozilla/5.0+(Windows+NT+6.1;+Win64;+x64)+AppleWebKit/537.36+(KHTML,+like+Gecko)+Chrome/56.0.2924.87+Safari/537.36 http://localhost:50192/Invoice/CreateInvoice 404 0 2 2
2017-03-13 11:19:55 ::1 GET /Invoice/js/plugin/moment/moment.min.js - 50192 - ::1 Mozilla/5.0+(Windows+NT+6.1;+Win64;+x64)+AppleWebKit/537.36+(KHTML,+like+Gecko)+Chrome/56.0.2924.87+Safari/537.36 http://localhost:50192/Invoice/CreateInvoice 404 0 2 12
2017-03-13 11:19:55 ::1 GET /Invoice/js/plugin/fullcalendar/jquery.fullcalendar.min.js - 50192 - ::1 Mozilla/5.0+(Windows+NT+6.1;+Win64;+x64)+AppleWebKit/537.36+(KHTML,+like+Gecko)+Chrome/56.0.2924.87+Safari/537.36 http://localhost:50192/Invoice/CreateInvoice 404 0 2 2
2017-03-13 11:19:55 ::1 GET /scripts/charts - 50192 - ::1 Mozilla/5.0+(Windows+NT+6.1;+Win64;+x64)+AppleWebKit/537.36+(KHTML,+like+Gecko)+Chrome/56.0.2924.87+Safari/537.36 http://localhost:50192/Invoice/CreateInvoice 404 0 0 2
2017-03-13 11:19:55 ::1 GET /scripts/vector-map - 50192 - ::1 Mozilla/5.0+(Windows+NT+6.1;+Win64;+x64)+AppleWebKit/537.36+(KHTML,+like+Gecko)+Chrome/56.0.2924.87+Safari/537.36 http://localhost:50192/Invoice/CreateInvoice 404 0 0 6
2017-03-13 11:19:55 ::1 GET /scripts/full-calendar - 50192 - ::1 Mozilla/5.0+(Windows+NT+6.1;+Win64;+x64)+AppleWebKit/537.36+(KHTML,+like+Gecko)+Chrome/56.0.2924.87+Safari/537.36 http://localhost:50192/Invoice/CreateInvoice 404 0 0 4
2017-03-13 11:19:55 ::1 GET /Scripts/jquery.js - 50192 - ::1 Mozilla/5.0+(Windows+NT+6.1;+Win64;+x64)+AppleWebKit/537.36+(KHTML,+like+Gecko)+Chrome/56.0.2924.87+Safari/537.36 http://localhost:50192/Invoice/CreateInvoice 404 0 2 1
2017-03-13 11:19:55 ::1 GET /Invoice/getvendor/ - 50192 - ::1 Mozilla/5.0+(Windows+NT+6.1;+Win64;+x64)+AppleWebKit/537.36+(KHTML,+like+Gecko)+Chrome/56.0.2924.87+Safari/537.36 http://localhost:50192/Invoice/CreateInvoice 200 0 0 15
2017-03-13 11:19:56 ::1 GET /__browserLink/requestData/77b46fedbc1d4fb1ae068317e08de89c version=2 50192 - ::1 Mozilla/5.0+(Windows+NT+6.1;+Win64;+x64)+AppleWebKit/537.36+(KHTML,+like+Gecko)+Chrome/56.0.2924.87+Safari/537.36 http://localhost:50192/Invoice/CreateInvoice 200 0 0 15
