#Software: Microsoft Internet Information Services 10.0
#Version: 1.0
#Date: 2017-04-13 10:08:16
#Fields: date time s-ip cs-method cs-uri-stem cs-uri-query s-port cs-username c-ip cs(User-Agent) cs(Referer) sc-status sc-substatus sc-win32-status time-taken
2017-04-13 10:08:16 ::1 GET / - 50192 - ::1 Mozilla/5.0+(Windows+NT+6.1;+Win64;+x64)+AppleWebKit/537.36+(KHTML,+like+Gecko)+Chrome/57.0.2987.133+Safari/537.36 - 200 0 0 21854
2017-04-13 10:08:16 ::1 GET /content/img/mybg.png - 50192 - ::1 Mozilla/5.0+(Windows+NT+6.1;+Win64;+x64)+AppleWebKit/537.36+(KHTML,+like+Gecko)+Chrome/57.0.2987.133+Safari/537.36 http://localhost:50192/Content/css/smartadmin-production.min.css 200 0 0 22
2017-04-13 10:08:16 ::1 GET /content/fonts/fontawesome-webfont.woff v=4.2.0 50192 - ::1 Mozilla/5.0+(Windows+NT+6.1;+Win64;+x64)+AppleWebKit/537.36+(KHTML,+like+Gecko)+Chrome/57.0.2987.133+Safari/537.36 http://localhost:50192/Content/css/font-awesome.min.css 200 0 0 22
2017-04-13 10:08:16 ::1 GET /Content/img/favicon/favicon.ico - 50192 - ::1 Mozilla/5.0+(Windows+NT+6.1;+Win64;+x64)+AppleWebKit/537.36+(KHTML,+like+Gecko)+Chrome/57.0.2987.133+Safari/537.36 http://localhost:50192/ 200 0 0 98
2017-04-13 10:08:19 ::1 GET /__browserLink/requestData/a76638153d1c44be84796dfab6d89cd1 version=2 50192 - ::1 Mozilla/5.0+(Windows+NT+6.1;+Win64;+x64)+AppleWebKit/537.36+(KHTML,+like+Gecko)+Chrome/57.0.2987.133+Safari/537.36 http://localhost:50192/ 200 0 0 88
2017-04-13 10:08:38 ::1 POST /Login/Submit - 50192 - ::1 Mozilla/5.0+(Windows+NT+6.1;+Win64;+x64)+AppleWebKit/537.36+(KHTML,+like+Gecko)+Chrome/57.0.2987.133+Safari/537.36 http://localhost:50192/ 302 0 0 957
2017-04-13 10:08:47 ::1 GET /Invoice/Invoiceview - 50192 - ::1 Mozilla/5.0+(Windows+NT+6.1;+Win64;+x64)+AppleWebKit/537.36+(KHTML,+like+Gecko)+Chrome/57.0.2987.133+Safari/537.36 http://localhost:50192/ 200 0 0 9332
2017-04-13 10:08:47 ::1 GET /scripts/charts - 50192 - ::1 Mozilla/5.0+(Windows+NT+6.1;+Win64;+x64)+AppleWebKit/537.36+(KHTML,+like+Gecko)+Chrome/57.0.2987.133+Safari/537.36 http://localhost:50192/Invoice/Invoiceview 404 0 0 11
2017-04-13 10:08:47 ::1 GET /Invoice/js/plugin/fullcalendar/jquery.fullcalendar.min.js - 50192 - ::1 Mozilla/5.0+(Windows+NT+6.1;+Win64;+x64)+AppleWebKit/537.36+(KHTML,+like+Gecko)+Chrome/57.0.2987.133+Safari/537.36 http://localhost:50192/Invoice/Invoiceview 404 0 2 244
2017-04-13 10:08:47 ::1 GET /Invoice/js/plugin/moment/moment.min.js - 50192 - ::1 Mozilla/5.0+(Windows+NT+6.1;+Win64;+x64)+AppleWebKit/537.36+(KHTML,+like+Gecko)+Chrome/57.0.2987.133+Safari/537.36 http://localhost:50192/Invoice/Invoiceview 404 0 2 245
2017-04-13 10:08:47 ::1 GET /scripts/vector-map - 50192 - ::1 Mozilla/5.0+(Windows+NT+6.1;+Win64;+x64)+AppleWebKit/537.36+(KHTML,+like+Gecko)+Chrome/57.0.2987.133+Safari/537.36 http://localhost:50192/Invoice/Invoiceview 404 0 0 2
2017-04-13 10:08:47 ::1 GET /scripts/full-calendar - 50192 - ::1 Mozilla/5.0+(Windows+NT+6.1;+Win64;+x64)+AppleWebKit/537.36+(KHTML,+like+Gecko)+Chrome/57.0.2987.133+Safari/537.36 http://localhost:50192/Invoice/Invoiceview 404 0 0 3
2017-04-13 10:08:47 ::1 GET /Scripts/jquery.js - 50192 - ::1 Mozilla/5.0+(Windows+NT+6.1;+Win64;+x64)+AppleWebKit/537.36+(KHTML,+like+Gecko)+Chrome/57.0.2987.133+Safari/537.36 http://localhost:50192/Invoice/Invoiceview 404 0 2 9
2017-04-13 10:08:47 ::1 GET /Invoice/js/plugin/moment/moment.min.js - 50192 - ::1 Mozilla/5.0+(Windows+NT+6.1;+Win64;+x64)+AppleWebKit/537.36+(KHTML,+like+Gecko)+Chrome/57.0.2987.133+Safari/537.36 http://localhost:50192/Invoice/Invoiceview 404 0 2 2
2017-04-13 10:08:47 ::1 GET /Invoice/js/plugin/fullcalendar/jquery.fullcalendar.min.js - 50192 - ::1 Mozilla/5.0+(Windows+NT+6.1;+Win64;+x64)+AppleWebKit/537.36+(KHTML,+like+Gecko)+Chrome/57.0.2987.133+Safari/537.36 http://localhost:50192/Invoice/Invoiceview 404 0 2 2
2017-04-13 10:08:48 ::1 GET /scripts/charts - 50192 - ::1 Mozilla/5.0+(Windows+NT+6.1;+Win64;+x64)+AppleWebKit/537.36+(KHTML,+like+Gecko)+Chrome/57.0.2987.133+Safari/537.36 http://localhost:50192/Invoice/Invoiceview 404 0 0 2
2017-04-13 10:08:48 ::1 GET /scripts/vector-map - 50192 - ::1 Mozilla/5.0+(Windows+NT+6.1;+Win64;+x64)+AppleWebKit/537.36+(KHTML,+like+Gecko)+Chrome/57.0.2987.133+Safari/537.36 http://localhost:50192/Invoice/Invoiceview 404 0 0 3
2017-04-13 10:08:48 ::1 GET /scripts/full-calendar - 50192 - ::1 Mozilla/5.0+(Windows+NT+6.1;+Win64;+x64)+AppleWebKit/537.36+(KHTML,+like+Gecko)+Chrome/57.0.2987.133+Safari/537.36 http://localhost:50192/Invoice/Invoiceview 404 0 0 2
2017-04-13 10:08:48 ::1 GET /Scripts/jquery.js - 50192 - ::1 Mozilla/5.0+(Windows+NT+6.1;+Win64;+x64)+AppleWebKit/537.36+(KHTML,+like+Gecko)+Chrome/57.0.2987.133+Safari/537.36 http://localhost:50192/Invoice/Invoiceview 404 0 2 1
2017-04-13 10:08:48 ::1 GET /Invoice/js/plugin/moment/moment.min.js - 50192 - ::1 Mozilla/5.0+(Windows+NT+6.1;+Win64;+x64)+AppleWebKit/537.36+(KHTML,+like+Gecko)+Chrome/57.0.2987.133+Safari/537.36 http://localhost:50192/Invoice/Invoiceview 404 0 2 2
2017-04-13 10:08:48 ::1 GET /Invoice/js/plugin/fullcalendar/jquery.fullcalendar.min.js - 50192 - ::1 Mozilla/5.0+(Windows+NT+6.1;+Win64;+x64)+AppleWebKit/537.36+(KHTML,+like+Gecko)+Chrome/57.0.2987.133+Safari/537.36 http://localhost:50192/Invoice/Invoiceview 404 0 2 2
2017-04-13 10:08:48 ::1 POST /Invoice/GetOutStandingAmoutBar/ - 50192 - ::1 Mozilla/5.0+(Windows+NT+6.1;+Win64;+x64)+AppleWebKit/537.36+(KHTML,+like+Gecko)+Chrome/57.0.2987.133+Safari/537.36 http://localhost:50192/Invoice/Invoiceview 200 0 0 74
2017-04-13 10:08:48 ::1 POST /Invoice/GetOutStandingAmoutPerDeptid/ - 50192 - ::1 Mozilla/5.0+(Windows+NT+6.1;+Win64;+x64)+AppleWebKit/537.36+(KHTML,+like+Gecko)+Chrome/57.0.2987.133+Safari/537.36 http://localhost:50192/Invoice/Invoiceview 200 0 0 81
2017-04-13 10:08:50 ::1 GET /Invoice/GetInVoiceDetails/ _search=false&nd=1492078129419&rows=50&page=1&sidx=SlNo+asc&sord=asc 50192 - ::1 Mozilla/5.0+(Windows+NT+6.1;+Win64;+x64)+AppleWebKit/537.36+(KHTML,+like+Gecko)+Chrome/57.0.2987.133+Safari/537.36 http://localhost:50192/Invoice/Invoiceview 200 0 0 595
2017-04-13 10:08:51 ::1 GET /__browserLink/requestData/f19ab0f11f6e40bf83c70514b1a61002 version=2 50192 - ::1 Mozilla/5.0+(Windows+NT+6.1;+Win64;+x64)+AppleWebKit/537.36+(KHTML,+like+Gecko)+Chrome/57.0.2987.133+Safari/537.36 http://localhost:50192/Invoice/Invoiceview 200 0 0 63
#Software: Microsoft Internet Information Services 10.0
#Version: 1.0
#Date: 2017-04-13 10:38:18
#Fields: date time s-ip cs-method cs-uri-stem cs-uri-query s-port cs-username c-ip cs(User-Agent) cs(Referer) sc-status sc-substatus sc-win32-status time-taken
2017-04-13 10:38:18 ::1 GET /Invoice/Invoiceview - 50192 - ::1 Mozilla/5.0+(Windows+NT+6.1;+Win64;+x64)+AppleWebKit/537.36+(KHTML,+like+Gecko)+Chrome/57.0.2987.133+Safari/537.36 http://localhost:50192/Invoice/Invoiceview 302 0 0 3827
2017-04-13 10:38:18 ::1 GET /Login/Login - 50192 - ::1 Mozilla/5.0+(Windows+NT+6.1;+Win64;+x64)+AppleWebKit/537.36+(KHTML,+like+Gecko)+Chrome/57.0.2987.133+Safari/537.36 http://localhost:50192/Invoice/Invoiceview 200 0 0 4315
2017-04-13 10:38:19 ::1 GET /__browserLink/requestData/0f66c34b26df4d64a18083ec46d446b3 version=2 50192 - ::1 Mozilla/5.0+(Windows+NT+6.1;+Win64;+x64)+AppleWebKit/537.36+(KHTML,+like+Gecko)+Chrome/57.0.2987.133+Safari/537.36 http://localhost:50192/Login/Login 200 0 0 6
2017-04-13 10:38:19 ::1 POST /Login/Submit - 50192 - ::1 Mozilla/5.0+(Windows+NT+6.1;+Win64;+x64)+AppleWebKit/537.36+(KHTML,+like+Gecko)+Chrome/57.0.2987.133+Safari/537.36 http://localhost:50192/Login/Login 302 0 0 24
2017-04-13 10:38:19 ::1 GET /Invoice/Invoiceview - 50192 - ::1 Mozilla/5.0+(Windows+NT+6.1;+Win64;+x64)+AppleWebKit/537.36+(KHTML,+like+Gecko)+Chrome/57.0.2987.133+Safari/537.36 http://localhost:50192/Login/Login 200 0 0 274
2017-04-13 10:38:20 ::1 GET /scripts/charts - 50192 - ::1 Mozilla/5.0+(Windows+NT+6.1;+Win64;+x64)+AppleWebKit/537.36+(KHTML,+like+Gecko)+Chrome/57.0.2987.133+Safari/537.36 http://localhost:50192/Invoice/Invoiceview 404 0 0 13
2017-04-13 10:38:20 ::1 GET /Invoice/js/plugin/moment/moment.min.js - 50192 - ::1 Mozilla/5.0+(Windows+NT+6.1;+Win64;+x64)+AppleWebKit/537.36+(KHTML,+like+Gecko)+Chrome/57.0.2987.133+Safari/537.36 http://localhost:50192/Invoice/Invoiceview 404 0 2 31
2017-04-13 10:38:20 ::1 GET /Invoice/js/plugin/fullcalendar/jquery.fullcalendar.min.js - 50192 - ::1 Mozilla/5.0+(Windows+NT+6.1;+Win64;+x64)+AppleWebKit/537.36+(KHTML,+like+Gecko)+Chrome/57.0.2987.133+Safari/537.36 http://localhost:50192/Invoice/Invoiceview 404 0 2 30
2017-04-13 10:38:20 ::1 GET /scripts/vector-map - 50192 - ::1 Mozilla/5.0+(Windows+NT+6.1;+Win64;+x64)+AppleWebKit/537.36+(KHTML,+like+Gecko)+Chrome/57.0.2987.133+Safari/537.36 http://localhost:50192/Invoice/Invoiceview 404 0 0 3
2017-04-13 10:38:20 ::1 GET /scripts/full-calendar - 50192 - ::1 Mozilla/5.0+(Windows+NT+6.1;+Win64;+x64)+AppleWebKit/537.36+(KHTML,+like+Gecko)+Chrome/57.0.2987.133+Safari/537.36 http://localhost:50192/Invoice/Invoiceview 404 0 0 3
2017-04-13 10:38:20 ::1 GET /Scripts/jquery.js - 50192 - ::1 Mozilla/5.0+(Windows+NT+6.1;+Win64;+x64)+AppleWebKit/537.36+(KHTML,+like+Gecko)+Chrome/57.0.2987.133+Safari/537.36 http://localhost:50192/Invoice/Invoiceview 404 0 2 1
2017-04-13 10:38:20 ::1 GET /Invoice/js/plugin/moment/moment.min.js - 50192 - ::1 Mozilla/5.0+(Windows+NT+6.1;+Win64;+x64)+AppleWebKit/537.36+(KHTML,+like+Gecko)+Chrome/57.0.2987.133+Safari/537.36 http://localhost:50192/Invoice/Invoiceview 404 0 2 6
2017-04-13 10:38:20 ::1 GET /Invoice/js/plugin/fullcalendar/jquery.fullcalendar.min.js - 50192 - ::1 Mozilla/5.0+(Windows+NT+6.1;+Win64;+x64)+AppleWebKit/537.36+(KHTML,+like+Gecko)+Chrome/57.0.2987.133+Safari/537.36 http://localhost:50192/Invoice/Invoiceview 404 0 2 6
2017-04-13 10:38:20 ::1 GET /scripts/charts - 50192 - ::1 Mozilla/5.0+(Windows+NT+6.1;+Win64;+x64)+AppleWebKit/537.36+(KHTML,+like+Gecko)+Chrome/57.0.2987.133+Safari/537.36 http://localhost:50192/Invoice/Invoiceview 404 0 0 2
2017-04-13 10:38:20 ::1 GET /scripts/vector-map - 50192 - ::1 Mozilla/5.0+(Windows+NT+6.1;+Win64;+x64)+AppleWebKit/537.36+(KHTML,+like+Gecko)+Chrome/57.0.2987.133+Safari/537.36 http://localhost:50192/Invoice/Invoiceview 404 0 0 3
2017-04-13 10:38:20 ::1 GET /scripts/full-calendar - 50192 - ::1 Mozilla/5.0+(Windows+NT+6.1;+Win64;+x64)+AppleWebKit/537.36+(KHTML,+like+Gecko)+Chrome/57.0.2987.133+Safari/537.36 http://localhost:50192/Invoice/Invoiceview 404 0 0 7
2017-04-13 10:38:20 ::1 GET /Scripts/jquery.js - 50192 - ::1 Mozilla/5.0+(Windows+NT+6.1;+Win64;+x64)+AppleWebKit/537.36+(KHTML,+like+Gecko)+Chrome/57.0.2987.133+Safari/537.36 http://localhost:50192/Invoice/Invoiceview 404 0 2 2
2017-04-13 10:38:20 ::1 GET /Invoice/js/plugin/moment/moment.min.js - 50192 - ::1 Mozilla/5.0+(Windows+NT+6.1;+Win64;+x64)+AppleWebKit/537.36+(KHTML,+like+Gecko)+Chrome/57.0.2987.133+Safari/537.36 http://localhost:50192/Invoice/Invoiceview 404 0 2 2
2017-04-13 10:38:20 ::1 GET /Invoice/js/plugin/fullcalendar/jquery.fullcalendar.min.js - 50192 - ::1 Mozilla/5.0+(Windows+NT+6.1;+Win64;+x64)+AppleWebKit/537.36+(KHTML,+like+Gecko)+Chrome/57.0.2987.133+Safari/537.36 http://localhost:50192/Invoice/Invoiceview 404 0 2 1
2017-04-13 10:38:20 ::1 POST /Invoice/GetOutStandingAmoutBar/ - 50192 - ::1 Mozilla/5.0+(Windows+NT+6.1;+Win64;+x64)+AppleWebKit/537.36+(KHTML,+like+Gecko)+Chrome/57.0.2987.133+Safari/537.36 http://localhost:50192/Invoice/Invoiceview 200 0 0 8
2017-04-13 10:38:20 ::1 POST /Invoice/GetOutStandingAmoutPerDeptid/ - 50192 - ::1 Mozilla/5.0+(Windows+NT+6.1;+Win64;+x64)+AppleWebKit/537.36+(KHTML,+like+Gecko)+Chrome/57.0.2987.133+Safari/537.36 http://localhost:50192/Invoice/Invoiceview 200 0 0 8
2017-04-13 10:38:21 ::1 GET /Invoice/GetInVoiceDetails/ _search=false&nd=1492079901618&rows=50&page=1&sidx=SlNo+asc&sord=asc 50192 - ::1 Mozilla/5.0+(Windows+NT+6.1;+Win64;+x64)+AppleWebKit/537.36+(KHTML,+like+Gecko)+Chrome/57.0.2987.133+Safari/537.36 http://localhost:50192/Invoice/Invoiceview 200 0 0 46
2017-04-13 10:38:23 ::1 GET /__browserLink/requestData/d832eae1b0334533bb767d4494b2449d version=2 50192 - ::1 Mozilla/5.0+(Windows+NT+6.1;+Win64;+x64)+AppleWebKit/537.36+(KHTML,+like+Gecko)+Chrome/57.0.2987.133+Safari/537.36 http://localhost:50192/Invoice/Invoiceview 200 0 0 81
2017-04-13 10:38:24 ::1 GET /Invoice/Invoiceview - 50192 - ::1 Mozilla/5.0+(Windows+NT+6.1;+Win64;+x64)+AppleWebKit/537.36+(KHTML,+like+Gecko)+Chrome/57.0.2987.133+Safari/537.36 http://localhost:50192/Invoice/Invoiceview 200 0 0 99
2017-04-13 10:38:24 ::1 GET /scripts/charts - 50192 - ::1 Mozilla/5.0+(Windows+NT+6.1;+Win64;+x64)+AppleWebKit/537.36+(KHTML,+like+Gecko)+Chrome/57.0.2987.133+Safari/537.36 http://localhost:50192/Invoice/Invoiceview 404 0 0 55
2017-04-13 10:38:24 ::1 GET /Invoice/js/plugin/moment/moment.min.js - 50192 - ::1 Mozilla/5.0+(Windows+NT+6.1;+Win64;+x64)+AppleWebKit/537.36+(KHTML,+like+Gecko)+Chrome/57.0.2987.133+Safari/537.36 http://localhost:50192/Invoice/Invoiceview 404 0 2 44
2017-04-13 10:38:24 ::1 GET /Invoice/js/plugin/fullcalendar/jquery.fullcalendar.min.js - 50192 - ::1 Mozilla/5.0+(Windows+NT+6.1;+Win64;+x64)+AppleWebKit/537.36+(KHTML,+like+Gecko)+Chrome/57.0.2987.133+Safari/537.36 http://localhost:50192/Invoice/Invoiceview 404 0 2 44
2017-04-13 10:38:24 ::1 GET /scripts/vector-map - 50192 - ::1 Mozilla/5.0+(Windows+NT+6.1;+Win64;+x64)+AppleWebKit/537.36+(KHTML,+like+Gecko)+Chrome/57.0.2987.133+Safari/537.36 http://localhost:50192/Invoice/Invoiceview 404 0 0 2
2017-04-13 10:38:24 ::1 GET /scripts/full-calendar - 50192 - ::1 Mozilla/5.0+(Windows+NT+6.1;+Win64;+x64)+AppleWebKit/537.36+(KHTML,+like+Gecko)+Chrome/57.0.2987.133+Safari/537.36 http://localhost:50192/Invoice/Invoiceview 404 0 0 3
2017-04-13 10:38:24 ::1 GET /Invoice/js/plugin/moment/moment.min.js - 50192 - ::1 Mozilla/5.0+(Windows+NT+6.1;+Win64;+x64)+AppleWebKit/537.36+(KHTML,+like+Gecko)+Chrome/57.0.2987.133+Safari/537.36 http://localhost:50192/Invoice/Invoiceview 404 0 2 3
2017-04-13 10:38:24 ::1 GET /Scripts/jquery.js - 50192 - ::1 Mozilla/5.0+(Windows+NT+6.1;+Win64;+x64)+AppleWebKit/537.36+(KHTML,+like+Gecko)+Chrome/57.0.2987.133+Safari/537.36 http://localhost:50192/Invoice/Invoiceview 404 0 2 3
2017-04-13 10:38:24 ::1 GET /Invoice/js/plugin/fullcalendar/jquery.fullcalendar.min.js - 50192 - ::1 Mozilla/5.0+(Windows+NT+6.1;+Win64;+x64)+AppleWebKit/537.36+(KHTML,+like+Gecko)+Chrome/57.0.2987.133+Safari/537.36 http://localhost:50192/Invoice/Invoiceview 404 0 2 4
2017-04-13 10:38:24 ::1 GET /scripts/charts - 50192 - ::1 Mozilla/5.0+(Windows+NT+6.1;+Win64;+x64)+AppleWebKit/537.36+(KHTML,+like+Gecko)+Chrome/57.0.2987.133+Safari/537.36 http://localhost:50192/Invoice/Invoiceview 404 0 0 4
2017-04-13 10:38:24 ::1 GET /scripts/vector-map - 50192 - ::1 Mozilla/5.0+(Windows+NT+6.1;+Win64;+x64)+AppleWebKit/537.36+(KHTML,+like+Gecko)+Chrome/57.0.2987.133+Safari/537.36 http://localhost:50192/Invoice/Invoiceview 404 0 0 9
2017-04-13 10:38:24 ::1 GET /scripts/full-calendar - 50192 - ::1 Mozilla/5.0+(Windows+NT+6.1;+Win64;+x64)+AppleWebKit/537.36+(KHTML,+like+Gecko)+Chrome/57.0.2987.133+Safari/537.36 http://localhost:50192/Invoice/Invoiceview 404 0 0 8
2017-04-13 10:38:24 ::1 GET /Scripts/jquery.js - 50192 - ::1 Mozilla/5.0+(Windows+NT+6.1;+Win64;+x64)+AppleWebKit/537.36+(KHTML,+like+Gecko)+Chrome/57.0.2987.133+Safari/537.36 http://localhost:50192/Invoice/Invoiceview 404 0 2 2
2017-04-13 10:38:24 ::1 GET /Invoice/js/plugin/moment/moment.min.js - 50192 - ::1 Mozilla/5.0+(Windows+NT+6.1;+Win64;+x64)+AppleWebKit/537.36+(KHTML,+like+Gecko)+Chrome/57.0.2987.133+Safari/537.36 http://localhost:50192/Invoice/Invoiceview 404 0 2 1
2017-04-13 10:38:24 ::1 GET /Invoice/js/plugin/fullcalendar/jquery.fullcalendar.min.js - 50192 - ::1 Mozilla/5.0+(Windows+NT+6.1;+Win64;+x64)+AppleWebKit/537.36+(KHTML,+like+Gecko)+Chrome/57.0.2987.133+Safari/537.36 http://localhost:50192/Invoice/Invoiceview 404 0 2 6
2017-04-13 10:38:24 ::1 POST /Invoice/GetOutStandingAmoutBar/ - 50192 - ::1 Mozilla/5.0+(Windows+NT+6.1;+Win64;+x64)+AppleWebKit/537.36+(KHTML,+like+Gecko)+Chrome/57.0.2987.133+Safari/537.36 http://localhost:50192/Invoice/Invoiceview 200 0 0 7
2017-04-13 10:38:24 ::1 POST /Invoice/GetOutStandingAmoutPerDeptid/ - 50192 - ::1 Mozilla/5.0+(Windows+NT+6.1;+Win64;+x64)+AppleWebKit/537.36+(KHTML,+like+Gecko)+Chrome/57.0.2987.133+Safari/537.36 http://localhost:50192/Invoice/Invoiceview 200 0 0 8
2017-04-13 10:38:24 ::1 GET /Invoice/GetInVoiceDetails/ _search=false&nd=1492079904848&rows=50&page=1&sidx=SlNo+asc&sord=asc 50192 - ::1 Mozilla/5.0+(Windows+NT+6.1;+Win64;+x64)+AppleWebKit/537.36+(KHTML,+like+Gecko)+Chrome/57.0.2987.133+Safari/537.36 http://localhost:50192/Invoice/Invoiceview 200 0 0 38
2017-04-13 10:38:26 ::1 GET /__browserLink/requestData/b740a809e45a47aca184d4da1fb193ec version=2 50192 - ::1 Mozilla/5.0+(Windows+NT+6.1;+Win64;+x64)+AppleWebKit/537.36+(KHTML,+like+Gecko)+Chrome/57.0.2987.133+Safari/537.36 http://localhost:50192/Invoice/Invoiceview 200 0 0 97
2017-04-13 10:38:28 ::1 POST /Invoice/getCreditDetails/ - 50192 - ::1 Mozilla/5.0+(Windows+NT+6.1;+Win64;+x64)+AppleWebKit/537.36+(KHTML,+like+Gecko)+Chrome/57.0.2987.133+Safari/537.36 http://localhost:50192/Invoice/Invoiceview 200 0 0 47
2017-04-13 10:38:28 ::1 POST /Invoice/getEndUserRating/ - 50192 - ::1 Mozilla/5.0+(Windows+NT+6.1;+Win64;+x64)+AppleWebKit/537.36+(KHTML,+like+Gecko)+Chrome/57.0.2987.133+Safari/537.36 http://localhost:50192/Invoice/Invoiceview 200 0 0 47
2017-04-13 10:38:28 ::1 GET /Invoice/getDetailsofInvoice/ id=8330 50192 - ::1 Mozilla/5.0+(Windows+NT+6.1;+Win64;+x64)+AppleWebKit/537.36+(KHTML,+like+Gecko)+Chrome/57.0.2987.133+Safari/537.36 http://localhost:50192/Invoice/Invoiceview 200 0 0 595
2017-04-13 10:38:29 ::1 POST /Invoice/getInvoiceData/ - 50192 - ::1 Mozilla/5.0+(Windows+NT+6.1;+Win64;+x64)+AppleWebKit/537.36+(KHTML,+like+Gecko)+Chrome/57.0.2987.133+Safari/537.36 http://localhost:50192/Invoice/Invoiceview 200 0 0 1041
2017-04-13 10:38:29 ::1 POST /Invoice/getInvoiceImages/ - 50192 - ::1 Mozilla/5.0+(Windows+NT+6.1;+Win64;+x64)+AppleWebKit/537.36+(KHTML,+like+Gecko)+Chrome/57.0.2987.133+Safari/537.36 http://localhost:50192/Invoice/Invoiceview 200 0 0 1577
2017-04-13 10:38:29 ::1 POST /Invoice/getcomments/ - 50192 - ::1 Mozilla/5.0+(Windows+NT+6.1;+Win64;+x64)+AppleWebKit/537.36+(KHTML,+like+Gecko)+Chrome/57.0.2987.133+Safari/537.36 http://localhost:50192/Invoice/Invoiceview 200 0 0 24
2017-04-13 10:38:29 ::1 POST /Invoice/GetInvoiceTax/ - 50192 - ::1 Mozilla/5.0+(Windows+NT+6.1;+Win64;+x64)+AppleWebKit/537.36+(KHTML,+like+Gecko)+Chrome/57.0.2987.133+Safari/537.36 http://localhost:50192/Invoice/Invoiceview 200 0 0 19
2017-04-13 10:38:29 ::1 POST /Invoice/getUltimateApproverRating/ - 50192 - ::1 Mozilla/5.0+(Windows+NT+6.1;+Win64;+x64)+AppleWebKit/537.36+(KHTML,+like+Gecko)+Chrome/57.0.2987.133+Safari/537.36 http://localhost:50192/Invoice/Invoiceview 200 0 0 2036
2017-04-13 10:39:04 ::1 POST /Invoice/UpdateInvoiceInfo - 50192 - ::1 Mozilla/5.0+(Windows+NT+6.1;+Win64;+x64)+AppleWebKit/537.36+(KHTML,+like+Gecko)+Chrome/57.0.2987.133+Safari/537.36 http://localhost:50192/Invoice/Invoiceview 200 0 0 362
2017-04-13 10:39:14 ::1 POST /Invoice/UpdateInvoiceInfo - 50192 - ::1 Mozilla/5.0+(Windows+NT+6.1;+Win64;+x64)+AppleWebKit/537.36+(KHTML,+like+Gecko)+Chrome/57.0.2987.133+Safari/537.36 http://localhost:50192/Invoice/Invoiceview 500 0 0 3076
2017-04-13 10:39:14 ::1 GET /favicon.ico - 50192 - ::1 Mozilla/5.0+(Windows+NT+6.1;+Win64;+x64)+AppleWebKit/537.36+(KHTML,+like+Gecko)+Chrome/57.0.2987.133+Safari/537.36 http://localhost:50192/Invoice/UpdateInvoiceInfo 200 0 0 48
2017-04-13 10:39:17 ::1 POST /Invoice/GetOutStandingAmoutBar/ - 50192 - ::1 Mozilla/5.0+(Windows+NT+6.1;+Win64;+x64)+AppleWebKit/537.36+(KHTML,+like+Gecko)+Chrome/57.0.2987.133+Safari/537.36 http://localhost:50192/Invoice/Invoiceview 200 0 0 7
2017-04-13 10:39:17 ::1 POST /Invoice/GetOutStandingAmoutPerDeptid/ - 50192 - ::1 Mozilla/5.0+(Windows+NT+6.1;+Win64;+x64)+AppleWebKit/537.36+(KHTML,+like+Gecko)+Chrome/57.0.2987.133+Safari/537.36 http://localhost:50192/Invoice/Invoiceview 200 0 0 11
2017-04-13 10:39:17 ::1 GET /Invoice/GetInVoiceDetails/ _search=false&nd=1492079957504&rows=50&page=1&sidx=SlNo+asc&sord=asc 50192 - ::1 Mozilla/5.0+(Windows+NT+6.1;+Win64;+x64)+AppleWebKit/537.36+(KHTML,+like+Gecko)+Chrome/57.0.2987.133+Safari/537.36 http://localhost:50192/Invoice/Invoiceview 200 0 0 34
2017-04-13 10:39:21 ::1 POST /Invoice/getCreditDetails/ - 50192 - ::1 Mozilla/5.0+(Windows+NT+6.1;+Win64;+x64)+AppleWebKit/537.36+(KHTML,+like+Gecko)+Chrome/57.0.2987.133+Safari/537.36 http://localhost:50192/Invoice/Invoiceview 200 0 0 11
2017-04-13 10:39:21 ::1 POST /Invoice/getEndUserRating/ - 50192 - ::1 Mozilla/5.0+(Windows+NT+6.1;+Win64;+x64)+AppleWebKit/537.36+(KHTML,+like+Gecko)+Chrome/57.0.2987.133+Safari/537.36 http://localhost:50192/Invoice/Invoiceview 200 0 0 10
2017-04-13 10:39:21 ::1 GET /Invoice/getDetailsofInvoice/ id=8329 50192 - ::1 Mozilla/5.0+(Windows+NT+6.1;+Win64;+x64)+AppleWebKit/537.36+(KHTML,+like+Gecko)+Chrome/57.0.2987.133+Safari/537.36 http://localhost:50192/Invoice/Invoiceview 200 0 0 524
2017-04-13 10:39:22 ::1 POST /Invoice/getUltimateApproverRating/ - 50192 - ::1 Mozilla/5.0+(Windows+NT+6.1;+Win64;+x64)+AppleWebKit/537.36+(KHTML,+like+Gecko)+Chrome/57.0.2987.133+Safari/537.36 http://localhost:50192/Invoice/Invoiceview 200 0 0 1043
2017-04-13 10:39:22 ::1 POST /Invoice/getInvoiceImages/ - 50192 - ::1 Mozilla/5.0+(Windows+NT+6.1;+Win64;+x64)+AppleWebKit/537.36+(KHTML,+like+Gecko)+Chrome/57.0.2987.133+Safari/537.36 http://localhost:50192/Invoice/Invoiceview 200 0 0 1553
2017-04-13 10:39:22 ::1 POST /Invoice/getcomments/ - 50192 - ::1 Mozilla/5.0+(Windows+NT+6.1;+Win64;+x64)+AppleWebKit/537.36+(KHTML,+like+Gecko)+Chrome/57.0.2987.133+Safari/537.36 http://localhost:50192/Invoice/Invoiceview 200 0 0 7
2017-04-13 10:39:22 ::1 POST /Invoice/GetInvoiceTax/ - 50192 - ::1 Mozilla/5.0+(Windows+NT+6.1;+Win64;+x64)+AppleWebKit/537.36+(KHTML,+like+Gecko)+Chrome/57.0.2987.133+Safari/537.36 http://localhost:50192/Invoice/Invoiceview 200 0 0 7
2017-04-13 10:39:23 ::1 POST /Invoice/getInvoiceData/ - 50192 - ::1 Mozilla/5.0+(Windows+NT+6.1;+Win64;+x64)+AppleWebKit/537.36+(KHTML,+like+Gecko)+Chrome/57.0.2987.133+Safari/537.36 http://localhost:50192/Invoice/Invoiceview 200 0 0 2049
2017-04-13 10:39:36 ::1 POST /Invoice/UpdateInvoiceInfo - 50192 - ::1 Mozilla/5.0+(Windows+NT+6.1;+Win64;+x64)+AppleWebKit/537.36+(KHTML,+like+Gecko)+Chrome/57.0.2987.133+Safari/537.36 http://localhost:50192/Invoice/Invoiceview 200 0 0 98
2017-04-13 10:39:40 ::1 POST /Invoice/GetOutStandingAmoutBar/ - 50192 - ::1 Mozilla/5.0+(Windows+NT+6.1;+Win64;+x64)+AppleWebKit/537.36+(KHTML,+like+Gecko)+Chrome/57.0.2987.133+Safari/537.36 http://localhost:50192/Invoice/Invoiceview 200 0 0 7
2017-04-13 10:39:40 ::1 POST /Invoice/GetOutStandingAmoutPerDeptid/ - 50192 - ::1 Mozilla/5.0+(Windows+NT+6.1;+Win64;+x64)+AppleWebKit/537.36+(KHTML,+like+Gecko)+Chrome/57.0.2987.133+Safari/537.36 http://localhost:50192/Invoice/Invoiceview 200 0 0 9
2017-04-13 10:39:40 ::1 GET /Invoice/GetInVoiceDetails/ _search=false&nd=1492079980716&rows=50&page=1&sidx=SlNo+asc&sord=asc 50192 - ::1 Mozilla/5.0+(Windows+NT+6.1;+Win64;+x64)+AppleWebKit/537.36+(KHTML,+like+Gecko)+Chrome/57.0.2987.133+Safari/537.36 http://localhost:50192/Invoice/Invoiceview 200 0 0 37
2017-04-13 10:39:51 ::1 GET /content/img/jqueryui/ui-icons_454545_256x240.png - 50192 - ::1 Mozilla/5.0+(Windows+NT+6.1;+Win64;+x64)+AppleWebKit/537.36+(KHTML,+like+Gecko)+Chrome/57.0.2987.133+Safari/537.36 http://localhost:50192/Content/dist/css/smartadmin-production.min.css 200 0 0 48
2017-04-13 10:41:13 ::1 GET /Invoice/Invoiceview - 50192 - ::1 Mozilla/5.0+(Windows+NT+6.1;+Win64;+x64)+AppleWebKit/537.36+(KHTML,+like+Gecko)+Chrome/57.0.2987.133+Safari/537.36 http://localhost:50192/Invoice/Invoiceview 200 0 0 165
2017-04-13 10:41:13 ::1 GET /Invoice/js/plugin/fullcalendar/jquery.fullcalendar.min.js - 50192 - ::1 Mozilla/5.0+(Windows+NT+6.1;+Win64;+x64)+AppleWebKit/537.36+(KHTML,+like+Gecko)+Chrome/57.0.2987.133+Safari/537.36 http://localhost:50192/Invoice/Invoiceview 404 0 2 48
2017-04-13 10:41:13 ::1 GET /Invoice/js/plugin/moment/moment.min.js - 50192 - ::1 Mozilla/5.0+(Windows+NT+6.1;+Win64;+x64)+AppleWebKit/537.36+(KHTML,+like+Gecko)+Chrome/57.0.2987.133+Safari/537.36 http://localhost:50192/Invoice/Invoiceview 404 0 2 48
2017-04-13 10:41:13 ::1 GET /scripts/charts - 50192 - ::1 Mozilla/5.0+(Windows+NT+6.1;+Win64;+x64)+AppleWebKit/537.36+(KHTML,+like+Gecko)+Chrome/57.0.2987.133+Safari/537.36 http://localhost:50192/Invoice/Invoiceview 404 0 0 80
2017-04-13 10:41:13 ::1 GET /scripts/vector-map - 50192 - ::1 Mozilla/5.0+(Windows+NT+6.1;+Win64;+x64)+AppleWebKit/537.36+(KHTML,+like+Gecko)+Chrome/57.0.2987.133+Safari/537.36 http://localhost:50192/Invoice/Invoiceview 404 0 0 4
2017-04-13 10:41:13 ::1 GET /scripts/full-calendar - 50192 - ::1 Mozilla/5.0+(Windows+NT+6.1;+Win64;+x64)+AppleWebKit/537.36+(KHTML,+like+Gecko)+Chrome/57.0.2987.133+Safari/537.36 http://localhost:50192/Invoice/Invoiceview 404 0 0 9
2017-04-13 10:41:13 ::1 GET /Scripts/jquery.js - 50192 - ::1 Mozilla/5.0+(Windows+NT+6.1;+Win64;+x64)+AppleWebKit/537.36+(KHTML,+like+Gecko)+Chrome/57.0.2987.133+Safari/537.36 http://localhost:50192/Invoice/Invoiceview 404 0 2 6
2017-04-13 10:41:13 ::1 GET /Invoice/js/plugin/moment/moment.min.js - 50192 - ::1 Mozilla/5.0+(Windows+NT+6.1;+Win64;+x64)+AppleWebKit/537.36+(KHTML,+like+Gecko)+Chrome/57.0.2987.133+Safari/537.36 http://localhost:50192/Invoice/Invoiceview 404 0 2 11
2017-04-13 10:41:13 ::1 GET /Invoice/js/plugin/fullcalendar/jquery.fullcalendar.min.js - 50192 - ::1 Mozilla/5.0+(Windows+NT+6.1;+Win64;+x64)+AppleWebKit/537.36+(KHTML,+like+Gecko)+Chrome/57.0.2987.133+Safari/537.36 http://localhost:50192/Invoice/Invoiceview 404 0 2 3
2017-04-13 10:41:13 ::1 GET /scripts/charts - 50192 - ::1 Mozilla/5.0+(Windows+NT+6.1;+Win64;+x64)+AppleWebKit/537.36+(KHTML,+like+Gecko)+Chrome/57.0.2987.133+Safari/537.36 http://localhost:50192/Invoice/Invoiceview 404 0 0 3
2017-04-13 10:41:13 ::1 GET /scripts/vector-map - 50192 - ::1 Mozilla/5.0+(Windows+NT+6.1;+Win64;+x64)+AppleWebKit/537.36+(KHTML,+like+Gecko)+Chrome/57.0.2987.133+Safari/537.36 http://localhost:50192/Invoice/Invoiceview 404 0 0 5
2017-04-13 10:41:13 ::1 GET /scripts/full-calendar - 50192 - ::1 Mozilla/5.0+(Windows+NT+6.1;+Win64;+x64)+AppleWebKit/537.36+(KHTML,+like+Gecko)+Chrome/57.0.2987.133+Safari/537.36 http://localhost:50192/Invoice/Invoiceview 404 0 0 6
2017-04-13 10:41:13 ::1 GET /Scripts/jquery.js - 50192 - ::1 Mozilla/5.0+(Windows+NT+6.1;+Win64;+x64)+AppleWebKit/537.36+(KHTML,+like+Gecko)+Chrome/57.0.2987.133+Safari/537.36 http://localhost:50192/Invoice/Invoiceview 404 0 2 1
2017-04-13 10:41:13 ::1 GET /Invoice/js/plugin/moment/moment.min.js - 50192 - ::1 Mozilla/5.0+(Windows+NT+6.1;+Win64;+x64)+AppleWebKit/537.36+(KHTML,+like+Gecko)+Chrome/57.0.2987.133+Safari/537.36 http://localhost:50192/Invoice/Invoiceview 404 0 2 2
2017-04-13 10:41:13 ::1 GET /Invoice/js/plugin/fullcalendar/jquery.fullcalendar.min.js - 50192 - ::1 Mozilla/5.0+(Windows+NT+6.1;+Win64;+x64)+AppleWebKit/537.36+(KHTML,+like+Gecko)+Chrome/57.0.2987.133+Safari/537.36 http://localhost:50192/Invoice/Invoiceview 404 0 2 6
2017-04-13 10:41:13 ::1 POST /Invoice/GetOutStandingAmoutBar/ - 50192 - ::1 Mozilla/5.0+(Windows+NT+6.1;+Win64;+x64)+AppleWebKit/537.36+(KHTML,+like+Gecko)+Chrome/57.0.2987.133+Safari/537.36 http://localhost:50192/Invoice/Invoiceview 200 0 0 8
2017-04-13 10:41:13 ::1 POST /Invoice/GetOutStandingAmoutPerDeptid/ - 50192 - ::1 Mozilla/5.0+(Windows+NT+6.1;+Win64;+x64)+AppleWebKit/537.36+(KHTML,+like+Gecko)+Chrome/57.0.2987.133+Safari/537.36 http://localhost:50192/Invoice/Invoiceview 200 0 0 10
2017-04-13 10:41:13 ::1 GET /Invoice/getDetailsofInvoice/ id=8329 50192 - ::1 Mozilla/5.0+(Windows+NT+6.1;+Win64;+x64)+AppleWebKit/537.36+(KHTML,+like+Gecko)+Chrome/57.0.2987.133+Safari/537.36 http://localhost:50192/Invoice/Invoiceview 200 0 0 7
2017-04-13 10:41:14 ::1 POST /Invoice/getInvoiceImages/ - 50192 - ::1 Mozilla/5.0+(Windows+NT+6.1;+Win64;+x64)+AppleWebKit/537.36+(KHTML,+like+Gecko)+Chrome/57.0.2987.133+Safari/537.36 http://localhost:50192/Invoice/Invoiceview 200 0 0 527
2017-04-13 10:41:14 ::1 POST /Invoice/getcomments/ - 50192 - ::1 Mozilla/5.0+(Windows+NT+6.1;+Win64;+x64)+AppleWebKit/537.36+(KHTML,+like+Gecko)+Chrome/57.0.2987.133+Safari/537.36 http://localhost:50192/Invoice/Invoiceview 200 0 0 13
2017-04-13 10:41:14 ::1 POST /Invoice/GetInvoiceTax/ - 50192 - ::1 Mozilla/5.0+(Windows+NT+6.1;+Win64;+x64)+AppleWebKit/537.36+(KHTML,+like+Gecko)+Chrome/57.0.2987.133+Safari/537.36 http://localhost:50192/Invoice/Invoiceview 200 0 0 7
2017-04-13 10:41:14 ::1 GET /Invoice/GetInVoiceDetails/ _search=false&nd=1492080074822&rows=50&page=1&sidx=SlNo+asc&sord=asc 50192 - ::1 Mozilla/5.0+(Windows+NT+6.1;+Win64;+x64)+AppleWebKit/537.36+(KHTML,+like+Gecko)+Chrome/57.0.2987.133+Safari/537.36 http://localhost:50192/Invoice/Invoiceview 200 0 0 48
2017-04-13 10:41:14 ::1 GET /Files/InvoiceImages/INV-234055781-2-8-17-1.pdf - 50192 - ::1 Mozilla/5.0+(Windows+NT+6.1;+Win64;+x64)+AppleWebKit/537.36+(KHTML,+like+Gecko)+Chrome/57.0.2987.133+Safari/537.36 http://localhost:50192/Invoice/Invoiceview 200 0 64 235
2017-04-13 10:41:14 ::1 GET /Files/InvoiceImages/INV-234055781-2-8-17-1.pdf - 50192 - ::1 Mozilla/5.0+(Windows+NT+6.1;+Win64;+x64)+AppleWebKit/537.36+(KHTML,+like+Gecko)+Chrome/57.0.2987.133+Safari/537.36 http://localhost:50192/Invoice/Invoiceview 200 0 0 80
2017-04-13 10:41:14 ::1 GET /favicon.ico - 50192 - ::1 Mozilla/5.0+(Windows+NT+6.1;+Win64;+x64)+AppleWebKit/537.36+(KHTML,+like+Gecko)+Chrome/57.0.2987.133+Safari/537.36 http://localhost:50192/Invoice/Invoiceview 200 0 0 58
2017-04-13 10:41:14 ::1 GET /Invoice/getDetailsofHome/ id=8329 50192 - ::1 Mozilla/5.0+(Windows+NT+6.1;+Win64;+x64)+AppleWebKit/537.36+(KHTML,+like+Gecko)+Chrome/57.0.2987.133+Safari/537.36 http://localhost:50192/Invoice/Invoiceview 404 0 0 1111
2017-04-13 10:41:16 ::1 GET /__browserLink/requestData/633ad26853ae46e79bef20e8317060d8 version=2 50192 - ::1 Mozilla/5.0+(Windows+NT+6.1;+Win64;+x64)+AppleWebKit/537.36+(KHTML,+like+Gecko)+Chrome/57.0.2987.133+Safari/537.36 http://localhost:50192/Invoice/Invoiceview 200 0 0 118
2017-04-13 10:41:30 ::1 GET /Invoice/Invoiceview - 50192 - ::1 Mozilla/5.0+(Windows+NT+6.1;+Win64;+x64)+AppleWebKit/537.36+(KHTML,+like+Gecko)+Chrome/57.0.2987.133+Safari/537.36 http://localhost:50192/Invoice/Invoiceview 200 0 0 125
2017-04-13 10:41:30 ::1 GET /scripts/charts - 50192 - ::1 Mozilla/5.0+(Windows+NT+6.1;+Win64;+x64)+AppleWebKit/537.36+(KHTML,+like+Gecko)+Chrome/57.0.2987.133+Safari/537.36 http://localhost:50192/Invoice/Invoiceview 404 0 0 30
2017-04-13 10:41:30 ::1 GET /Invoice/js/plugin/moment/moment.min.js - 50192 - ::1 Mozilla/5.0+(Windows+NT+6.1;+Win64;+x64)+AppleWebKit/537.36+(KHTML,+like+Gecko)+Chrome/57.0.2987.133+Safari/537.36 http://localhost:50192/Invoice/Invoiceview 404 0 2 43
2017-04-13 10:41:30 ::1 GET /Invoice/js/plugin/fullcalendar/jquery.fullcalendar.min.js - 50192 - ::1 Mozilla/5.0+(Windows+NT+6.1;+Win64;+x64)+AppleWebKit/537.36+(KHTML,+like+Gecko)+Chrome/57.0.2987.133+Safari/537.36 http://localhost:50192/Invoice/Invoiceview 404 0 2 43
2017-04-13 10:41:30 ::1 GET /scripts/vector-map - 50192 - ::1 Mozilla/5.0+(Windows+NT+6.1;+Win64;+x64)+AppleWebKit/537.36+(KHTML,+like+Gecko)+Chrome/57.0.2987.133+Safari/537.36 http://localhost:50192/Invoice/Invoiceview 404 0 0 4
2017-04-13 10:41:30 ::1 GET /scripts/full-calendar - 50192 - ::1 Mozilla/5.0+(Windows+NT+6.1;+Win64;+x64)+AppleWebKit/537.36+(KHTML,+like+Gecko)+Chrome/57.0.2987.133+Safari/537.36 http://localhost:50192/Invoice/Invoiceview 404 0 0 3
2017-04-13 10:41:30 ::1 GET /Scripts/jquery.js - 50192 - ::1 Mozilla/5.0+(Windows+NT+6.1;+Win64;+x64)+AppleWebKit/537.36+(KHTML,+like+Gecko)+Chrome/57.0.2987.133+Safari/537.36 http://localhost:50192/Invoice/Invoiceview 404 0 2 1
2017-04-13 10:41:30 ::1 GET /Invoice/js/plugin/moment/moment.min.js - 50192 - ::1 Mozilla/5.0+(Windows+NT+6.1;+Win64;+x64)+AppleWebKit/537.36+(KHTML,+like+Gecko)+Chrome/57.0.2987.133+Safari/537.36 http://localhost:50192/Invoice/Invoiceview 404 0 2 2
2017-04-13 10:41:30 ::1 GET /Invoice/js/plugin/fullcalendar/jquery.fullcalendar.min.js - 50192 - ::1 Mozilla/5.0+(Windows+NT+6.1;+Win64;+x64)+AppleWebKit/537.36+(KHTML,+like+Gecko)+Chrome/57.0.2987.133+Safari/537.36 http://localhost:50192/Invoice/Invoiceview 404 0 2 2
2017-04-13 10:41:30 ::1 GET /scripts/charts - 50192 - ::1 Mozilla/5.0+(Windows+NT+6.1;+Win64;+x64)+AppleWebKit/537.36+(KHTML,+like+Gecko)+Chrome/57.0.2987.133+Safari/537.36 http://localhost:50192/Invoice/Invoiceview 404 0 0 2
2017-04-13 10:41:30 ::1 GET /scripts/vector-map - 50192 - ::1 Mozilla/5.0+(Windows+NT+6.1;+Win64;+x64)+AppleWebKit/537.36+(KHTML,+like+Gecko)+Chrome/57.0.2987.133+Safari/537.36 http://localhost:50192/Invoice/Invoiceview 404 0 0 4
2017-04-13 10:41:30 ::1 GET /scripts/full-calendar - 50192 - ::1 Mozilla/5.0+(Windows+NT+6.1;+Win64;+x64)+AppleWebKit/537.36+(KHTML,+like+Gecko)+Chrome/57.0.2987.133+Safari/537.36 http://localhost:50192/Invoice/Invoiceview 404 0 0 4
2017-04-13 10:41:30 ::1 GET /Scripts/jquery.js - 50192 - ::1 Mozilla/5.0+(Windows+NT+6.1;+Win64;+x64)+AppleWebKit/537.36+(KHTML,+like+Gecko)+Chrome/57.0.2987.133+Safari/537.36 http://localhost:50192/Invoice/Invoiceview 404 0 2 2
2017-04-13 10:41:30 ::1 GET /Invoice/js/plugin/moment/moment.min.js - 50192 - ::1 Mozilla/5.0+(Windows+NT+6.1;+Win64;+x64)+AppleWebKit/537.36+(KHTML,+like+Gecko)+Chrome/57.0.2987.133+Safari/537.36 http://localhost:50192/Invoice/Invoiceview 404 0 2 2
2017-04-13 10:41:30 ::1 GET /Invoice/js/plugin/fullcalendar/jquery.fullcalendar.min.js - 50192 - ::1 Mozilla/5.0+(Windows+NT+6.1;+Win64;+x64)+AppleWebKit/537.36+(KHTML,+like+Gecko)+Chrome/57.0.2987.133+Safari/537.36 http://localhost:50192/Invoice/Invoiceview 404 0 2 6
2017-04-13 10:41:30 ::1 POST /Invoice/GetOutStandingAmoutBar/ - 50192 - ::1 Mozilla/5.0+(Windows+NT+6.1;+Win64;+x64)+AppleWebKit/537.36+(KHTML,+like+Gecko)+Chrome/57.0.2987.133+Safari/537.36 http://localhost:50192/Invoice/Invoiceview 200 0 0 7
2017-04-13 10:41:30 ::1 POST /Invoice/GetOutStandingAmoutPerDeptid/ - 50192 - ::1 Mozilla/5.0+(Windows+NT+6.1;+Win64;+x64)+AppleWebKit/537.36+(KHTML,+like+Gecko)+Chrome/57.0.2987.133+Safari/537.36 http://localhost:50192/Invoice/Invoiceview 200 0 0 8
2017-04-13 10:41:30 ::1 GET /Invoice/GetInVoiceDetails/ _search=false&nd=1492080091691&rows=50&page=1&sidx=SlNo+asc&sord=asc 50192 - ::1 Mozilla/5.0+(Windows+NT+6.1;+Win64;+x64)+AppleWebKit/537.36+(KHTML,+like+Gecko)+Chrome/57.0.2987.133+Safari/537.36 http://localhost:50192/Invoice/Invoiceview 200 0 0 35
2017-04-13 10:41:33 ::1 GET /__browserLink/requestData/1068b29190e04c39aa064ad7e11a44cc version=2 50192 - ::1 Mozilla/5.0+(Windows+NT+6.1;+Win64;+x64)+AppleWebKit/537.36+(KHTML,+like+Gecko)+Chrome/57.0.2987.133+Safari/537.36 http://localhost:50192/Invoice/Invoiceview 200 0 0 87
2017-04-13 10:41:35 ::1 POST /Invoice/getCreditDetails/ - 50192 - ::1 Mozilla/5.0+(Windows+NT+6.1;+Win64;+x64)+AppleWebKit/537.36+(KHTML,+like+Gecko)+Chrome/57.0.2987.133+Safari/537.36 http://localhost:50192/Invoice/Invoiceview 200 0 0 6
2017-04-13 10:41:35 ::1 POST /Invoice/getInvoiceData/ - 50192 - ::1 Mozilla/5.0+(Windows+NT+6.1;+Win64;+x64)+AppleWebKit/537.36+(KHTML,+like+Gecko)+Chrome/57.0.2987.133+Safari/537.36 http://localhost:50192/Invoice/Invoiceview 200 0 0 13
2017-04-13 10:41:35 ::1 POST /Invoice/getInvoiceImages/ - 50192 - ::1 Mozilla/5.0+(Windows+NT+6.1;+Win64;+x64)+AppleWebKit/537.36+(KHTML,+like+Gecko)+Chrome/57.0.2987.133+Safari/537.36 http://localhost:50192/Invoice/Invoiceview 200 0 0 16
2017-04-13 10:41:35 ::1 POST /Invoice/getcomments/ - 50192 - ::1 Mozilla/5.0+(Windows+NT+6.1;+Win64;+x64)+AppleWebKit/537.36+(KHTML,+like+Gecko)+Chrome/57.0.2987.133+Safari/537.36 http://localhost:50192/Invoice/Invoiceview 200 0 0 4
2017-04-13 10:41:35 ::1 POST /Invoice/GetInvoiceTax/ - 50192 - ::1 Mozilla/5.0+(Windows+NT+6.1;+Win64;+x64)+AppleWebKit/537.36+(KHTML,+like+Gecko)+Chrome/57.0.2987.133+Safari/537.36 http://localhost:50192/Invoice/Invoiceview 200 0 0 4
2017-04-13 10:41:35 ::1 HEAD /Files/InvoiceImages/INV-PB23741251-1-25-17-1.pdf - 50192 - ::1 Mozilla/5.0+(Windows+NT+6.1;+Win64;+x64)+AppleWebKit/537.36+(KHTML,+like+Gecko)+Chrome/57.0.2987.133+Safari/537.36 http://localhost:50192/ViewerJS/ 200 0 0 29
2017-04-13 10:41:35 ::1 GET /Files/InvoiceImages/INV-PB23741251-1-25-17-1.pdf - 50192 - ::1 Mozilla/5.0+(Windows+NT+6.1;+Win64;+x64)+AppleWebKit/537.36+(KHTML,+like+Gecko)+Chrome/57.0.2987.133+Safari/537.36 http://localhost:50192/ViewerJS/pdf.worker.js 200 0 0 2
2017-04-13 10:41:35 ::1 POST /Invoice/getUltimateApproverRating/ - 50192 - ::1 Mozilla/5.0+(Windows+NT+6.1;+Win64;+x64)+AppleWebKit/537.36+(KHTML,+like+Gecko)+Chrome/57.0.2987.133+Safari/537.36 http://localhost:50192/Invoice/Invoiceview 200 0 0 531
2017-04-13 10:41:36 ::1 GET /Invoice/getDetailsofInvoice/ id=8328 50192 - ::1 Mozilla/5.0+(Windows+NT+6.1;+Win64;+x64)+AppleWebKit/537.36+(KHTML,+like+Gecko)+Chrome/57.0.2987.133+Safari/537.36 http://localhost:50192/Invoice/Invoiceview 200 0 0 1035
2017-04-13 10:41:36 ::1 POST /Invoice/getEndUserRating/ - 50192 - ::1 Mozilla/5.0+(Windows+NT+6.1;+Win64;+x64)+AppleWebKit/537.36+(KHTML,+like+Gecko)+Chrome/57.0.2987.133+Safari/537.36 http://localhost:50192/Invoice/Invoiceview 200 0 0 1558
2017-04-13 10:41:47 ::1 POST /Invoice/UpdateInvoiceInfo - 50192 - ::1 Mozilla/5.0+(Windows+NT+6.1;+Win64;+x64)+AppleWebKit/537.36+(KHTML,+like+Gecko)+Chrome/57.0.2987.133+Safari/537.36 http://localhost:50192/Invoice/Invoiceview 200 0 0 149
2017-04-13 10:41:53 ::1 POST /Invoice/GetOutStandingAmoutBar/ - 50192 - ::1 Mozilla/5.0+(Windows+NT+6.1;+Win64;+x64)+AppleWebKit/537.36+(KHTML,+like+Gecko)+Chrome/57.0.2987.133+Safari/537.36 http://localhost:50192/Invoice/Invoiceview 200 0 0 8
2017-04-13 10:41:53 ::1 POST /Invoice/GetOutStandingAmoutPerDeptid/ - 50192 - ::1 Mozilla/5.0+(Windows+NT+6.1;+Win64;+x64)+AppleWebKit/537.36+(KHTML,+like+Gecko)+Chrome/57.0.2987.133+Safari/537.36 http://localhost:50192/Invoice/Invoiceview 200 0 0 8
2017-04-13 10:41:53 ::1 GET /Invoice/GetInVoiceDetails/ _search=false&nd=1492080113560&rows=50&page=1&sidx=SlNo+asc&sord=asc 50192 - ::1 Mozilla/5.0+(Windows+NT+6.1;+Win64;+x64)+AppleWebKit/537.36+(KHTML,+like+Gecko)+Chrome/57.0.2987.133+Safari/537.36 http://localhost:50192/Invoice/Invoiceview 200 0 0 31
2017-04-13 10:42:41 ::1 GET /Invoice/MyDashboardInvoiceview - 50192 - ::1 Mozilla/5.0+(Windows+NT+6.1;+Win64;+x64)+AppleWebKit/537.36+(KHTML,+like+Gecko)+Chrome/57.0.2987.133+Safari/537.36 http://localhost:50192/Invoice/Invoiceview 302 0 0 27
2017-04-13 10:42:41 ::1 GET /Invoice/Invoiceview - 50192 - ::1 Mozilla/5.0+(Windows+NT+6.1;+Win64;+x64)+AppleWebKit/537.36+(KHTML,+like+Gecko)+Chrome/57.0.2987.133+Safari/537.36 http://localhost:50192/Invoice/Invoiceview 200 0 0 126
2017-04-13 10:42:41 ::1 GET /scripts/charts - 50192 - ::1 Mozilla/5.0+(Windows+NT+6.1;+Win64;+x64)+AppleWebKit/537.36+(KHTML,+like+Gecko)+Chrome/57.0.2987.133+Safari/537.36 http://localhost:50192/Invoice/Invoiceview 404 0 0 15
2017-04-13 10:42:41 ::1 GET /Invoice/js/plugin/fullcalendar/jquery.fullcalendar.min.js - 50192 - ::1 Mozilla/5.0+(Windows+NT+6.1;+Win64;+x64)+AppleWebKit/537.36+(KHTML,+like+Gecko)+Chrome/57.0.2987.133+Safari/537.36 http://localhost:50192/Invoice/Invoiceview 404 0 2 58
2017-04-13 10:42:41 ::1 GET /Invoice/js/plugin/moment/moment.min.js - 50192 - ::1 Mozilla/5.0+(Windows+NT+6.1;+Win64;+x64)+AppleWebKit/537.36+(KHTML,+like+Gecko)+Chrome/57.0.2987.133+Safari/537.36 http://localhost:50192/Invoice/Invoiceview 404 0 2 58
2017-04-13 10:42:41 ::1 GET /scripts/vector-map - 50192 - ::1 Mozilla/5.0+(Windows+NT+6.1;+Win64;+x64)+AppleWebKit/537.36+(KHTML,+like+Gecko)+Chrome/57.0.2987.133+Safari/537.36 http://localhost:50192/Invoice/Invoiceview 404 0 0 3
2017-04-13 10:42:41 ::1 GET /scripts/full-calendar - 50192 - ::1 Mozilla/5.0+(Windows+NT+6.1;+Win64;+x64)+AppleWebKit/537.36+(KHTML,+like+Gecko)+Chrome/57.0.2987.133+Safari/537.36 http://localhost:50192/Invoice/Invoiceview 404 0 0 4
2017-04-13 10:42:41 ::1 GET /Invoice/js/plugin/moment/moment.min.js - 50192 - ::1 Mozilla/5.0+(Windows+NT+6.1;+Win64;+x64)+AppleWebKit/537.36+(KHTML,+like+Gecko)+Chrome/57.0.2987.133+Safari/537.36 http://localhost:50192/Invoice/Invoiceview 404 0 2 3
2017-04-13 10:42:41 ::1 GET /Invoice/js/plugin/fullcalendar/jquery.fullcalendar.min.js - 50192 - ::1 Mozilla/5.0+(Windows+NT+6.1;+Win64;+x64)+AppleWebKit/537.36+(KHTML,+like+Gecko)+Chrome/57.0.2987.133+Safari/537.36 http://localhost:50192/Invoice/Invoiceview 404 0 2 2
2017-04-13 10:42:41 ::1 GET /Scripts/jquery.js - 50192 - ::1 Mozilla/5.0+(Windows+NT+6.1;+Win64;+x64)+AppleWebKit/537.36+(KHTML,+like+Gecko)+Chrome/57.0.2987.133+Safari/537.36 http://localhost:50192/Invoice/Invoiceview 404 0 2 3
2017-04-13 10:42:41 ::1 GET /scripts/charts - 50192 - ::1 Mozilla/5.0+(Windows+NT+6.1;+Win64;+x64)+AppleWebKit/537.36+(KHTML,+like+Gecko)+Chrome/57.0.2987.133+Safari/537.36 http://localhost:50192/Invoice/Invoiceview 404 0 0 3
2017-04-13 10:42:41 ::1 GET /scripts/vector-map - 50192 - ::1 Mozilla/5.0+(Windows+NT+6.1;+Win64;+x64)+AppleWebKit/537.36+(KHTML,+like+Gecko)+Chrome/57.0.2987.133+Safari/537.36 http://localhost:50192/Invoice/Invoiceview 404 0 0 11
2017-04-13 10:42:41 ::1 GET /scripts/full-calendar - 50192 - ::1 Mozilla/5.0+(Windows+NT+6.1;+Win64;+x64)+AppleWebKit/537.36+(KHTML,+like+Gecko)+Chrome/57.0.2987.133+Safari/537.36 http://localhost:50192/Invoice/Invoiceview 404 0 0 6
2017-04-13 10:42:41 ::1 GET /Scripts/jquery.js - 50192 - ::1 Mozilla/5.0+(Windows+NT+6.1;+Win64;+x64)+AppleWebKit/537.36+(KHTML,+like+Gecko)+Chrome/57.0.2987.133+Safari/537.36 http://localhost:50192/Invoice/Invoiceview 404 0 2 1
2017-04-13 10:42:41 ::1 GET /Invoice/js/plugin/moment/moment.min.js - 50192 - ::1 Mozilla/5.0+(Windows+NT+6.1;+Win64;+x64)+AppleWebKit/537.36+(KHTML,+like+Gecko)+Chrome/57.0.2987.133+Safari/537.36 http://localhost:50192/Invoice/Invoiceview 404 0 2 2
2017-04-13 10:42:41 ::1 GET /Invoice/js/plugin/fullcalendar/jquery.fullcalendar.min.js - 50192 - ::1 Mozilla/5.0+(Windows+NT+6.1;+Win64;+x64)+AppleWebKit/537.36+(KHTML,+like+Gecko)+Chrome/57.0.2987.133+Safari/537.36 http://localhost:50192/Invoice/Invoiceview 404 0 2 5
2017-04-13 10:42:41 ::1 POST /Invoice/GetOutStandingAmoutBar/ - 50192 - ::1 Mozilla/5.0+(Windows+NT+6.1;+Win64;+x64)+AppleWebKit/537.36+(KHTML,+like+Gecko)+Chrome/57.0.2987.133+Safari/537.36 http://localhost:50192/Invoice/Invoiceview 200 0 0 8
2017-04-13 10:42:41 ::1 POST /Invoice/GetOutStandingAmoutPerDeptid/ - 50192 - ::1 Mozilla/5.0+(Windows+NT+6.1;+Win64;+x64)+AppleWebKit/537.36+(KHTML,+like+Gecko)+Chrome/57.0.2987.133+Safari/537.36 http://localhost:50192/Invoice/Invoiceview 200 0 0 8
2017-04-13 10:42:41 ::1 GET /Invoice/getDetailsofHome/ id=8328 50192 - ::1 Mozilla/5.0+(Windows+NT+6.1;+Win64;+x64)+AppleWebKit/537.36+(KHTML,+like+Gecko)+Chrome/57.0.2987.133+Safari/537.36 http://localhost:50192/Invoice/Invoiceview 404 0 0 6
2017-04-13 10:42:42 ::1 POST /Invoice/getInvoiceImages/ - 50192 - ::1 Mozilla/5.0+(Windows+NT+6.1;+Win64;+x64)+AppleWebKit/537.36+(KHTML,+like+Gecko)+Chrome/57.0.2987.133+Safari/537.36 http://localhost:50192/Invoice/Invoiceview 200 0 0 520
2017-04-13 10:42:42 ::1 POST /Invoice/getcomments/ - 50192 - ::1 Mozilla/5.0+(Windows+NT+6.1;+Win64;+x64)+AppleWebKit/537.36+(KHTML,+like+Gecko)+Chrome/57.0.2987.133+Safari/537.36 http://localhost:50192/Invoice/Invoiceview 200 0 0 22
2017-04-13 10:42:42 ::1 POST /Invoice/GetInvoiceTax/ - 50192 - ::1 Mozilla/5.0+(Windows+NT+6.1;+Win64;+x64)+AppleWebKit/537.36+(KHTML,+like+Gecko)+Chrome/57.0.2987.133+Safari/537.36 http://localhost:50192/Invoice/Invoiceview 200 0 0 7
2017-04-13 10:42:42 ::1 GET /Invoice/GetInVoiceDetails/ _search=false&nd=1492080162951&rows=50&page=1&sidx=SlNo+asc&sord=asc 50192 - ::1 Mozilla/5.0+(Windows+NT+6.1;+Win64;+x64)+AppleWebKit/537.36+(KHTML,+like+Gecko)+Chrome/57.0.2987.133+Safari/537.36 http://localhost:50192/Invoice/Invoiceview 200 0 0 330
2017-04-13 10:42:42 ::1 GET /Invoice/getDetailsofInvoice/ id=8328 50192 - ::1 Mozilla/5.0+(Windows+NT+6.1;+Win64;+x64)+AppleWebKit/537.36+(KHTML,+like+Gecko)+Chrome/57.0.2987.133+Safari/537.36 http://localhost:50192/Invoice/Invoiceview 200 0 0 1051
2017-04-13 10:42:45 ::1 GET /__browserLink/requestData/e2b3f86c17614ab2a23ad64ff2d8bb81 version=2 50192 - ::1 Mozilla/5.0+(Windows+NT+6.1;+Win64;+x64)+AppleWebKit/537.36+(KHTML,+like+Gecko)+Chrome/57.0.2987.133+Safari/537.36 http://localhost:50192/Invoice/Invoiceview 200 0 0 63
2017-04-13 10:43:01 ::1 GET /Invoice/MyDashboardInvoiceview - 50192 - ::1 Mozilla/5.0+(Windows+NT+6.1;+Win64;+x64)+AppleWebKit/537.36+(KHTML,+like+Gecko)+Chrome/57.0.2987.133+Safari/537.36 http://localhost:50192/Invoice/Invoiceview 302 0 0 14
2017-04-13 10:43:01 ::1 GET /Invoice/Invoiceview - 50192 - ::1 Mozilla/5.0+(Windows+NT+6.1;+Win64;+x64)+AppleWebKit/537.36+(KHTML,+like+Gecko)+Chrome/57.0.2987.133+Safari/537.36 http://localhost:50192/Invoice/Invoiceview 200 0 0 113
2017-04-13 10:43:01 ::1 GET /scripts/charts - 50192 - ::1 Mozilla/5.0+(Windows+NT+6.1;+Win64;+x64)+AppleWebKit/537.36+(KHTML,+like+Gecko)+Chrome/57.0.2987.133+Safari/537.36 http://localhost:50192/Invoice/Invoiceview 404 0 0 36
2017-04-13 10:43:01 ::1 GET /Invoice/js/plugin/fullcalendar/jquery.fullcalendar.min.js - 50192 - ::1 Mozilla/5.0+(Windows+NT+6.1;+Win64;+x64)+AppleWebKit/537.36+(KHTML,+like+Gecko)+Chrome/57.0.2987.133+Safari/537.36 http://localhost:50192/Invoice/Invoiceview 404 0 2 36
2017-04-13 10:43:01 ::1 GET /Invoice/js/plugin/moment/moment.min.js - 50192 - ::1 Mozilla/5.0+(Windows+NT+6.1;+Win64;+x64)+AppleWebKit/537.36+(KHTML,+like+Gecko)+Chrome/57.0.2987.133+Safari/537.36 http://localhost:50192/Invoice/Invoiceview 404 0 2 36
2017-04-13 10:43:01 ::1 GET /scripts/vector-map - 50192 - ::1 Mozilla/5.0+(Windows+NT+6.1;+Win64;+x64)+AppleWebKit/537.36+(KHTML,+like+Gecko)+Chrome/57.0.2987.133+Safari/537.36 http://localhost:50192/Invoice/Invoiceview 404 0 0 3
2017-04-13 10:43:01 ::1 GET /scripts/full-calendar - 50192 - ::1 Mozilla/5.0+(Windows+NT+6.1;+Win64;+x64)+AppleWebKit/537.36+(KHTML,+like+Gecko)+Chrome/57.0.2987.133+Safari/537.36 http://localhost:50192/Invoice/Invoiceview 404 0 0 4
2017-04-13 10:43:01 ::1 GET /Invoice/js/plugin/moment/moment.min.js - 50192 - ::1 Mozilla/5.0+(Windows+NT+6.1;+Win64;+x64)+AppleWebKit/537.36+(KHTML,+like+Gecko)+Chrome/57.0.2987.133+Safari/537.36 http://localhost:50192/Invoice/Invoiceview 404 0 2 3
2017-04-13 10:43:01 ::1 GET /Scripts/jquery.js - 50192 - ::1 Mozilla/5.0+(Windows+NT+6.1;+Win64;+x64)+AppleWebKit/537.36+(KHTML,+like+Gecko)+Chrome/57.0.2987.133+Safari/537.36 http://localhost:50192/Invoice/Invoiceview 404 0 2 4
2017-04-13 10:43:01 ::1 GET /Invoice/js/plugin/fullcalendar/jquery.fullcalendar.min.js - 50192 - ::1 Mozilla/5.0+(Windows+NT+6.1;+Win64;+x64)+AppleWebKit/537.36+(KHTML,+like+Gecko)+Chrome/57.0.2987.133+Safari/537.36 http://localhost:50192/Invoice/Invoiceview 404 0 2 8
2017-04-13 10:43:01 ::1 GET /scripts/charts - 50192 - ::1 Mozilla/5.0+(Windows+NT+6.1;+Win64;+x64)+AppleWebKit/537.36+(KHTML,+like+Gecko)+Chrome/57.0.2987.133+Safari/537.36 http://localhost:50192/Invoice/Invoiceview 404 0 0 4
2017-04-13 10:43:01 ::1 GET /scripts/vector-map - 50192 - ::1 Mozilla/5.0+(Windows+NT+6.1;+Win64;+x64)+AppleWebKit/537.36+(KHTML,+like+Gecko)+Chrome/57.0.2987.133+Safari/537.36 http://localhost:50192/Invoice/Invoiceview 404 0 0 6
2017-04-13 10:43:01 ::1 GET /scripts/full-calendar - 50192 - ::1 Mozilla/5.0+(Windows+NT+6.1;+Win64;+x64)+AppleWebKit/537.36+(KHTML,+like+Gecko)+Chrome/57.0.2987.133+Safari/537.36 http://localhost:50192/Invoice/Invoiceview 404 0 0 6
2017-04-13 10:43:01 ::1 GET /Scripts/jquery.js - 50192 - ::1 Mozilla/5.0+(Windows+NT+6.1;+Win64;+x64)+AppleWebKit/537.36+(KHTML,+like+Gecko)+Chrome/57.0.2987.133+Safari/537.36 http://localhost:50192/Invoice/Invoiceview 404 0 2 1
2017-04-13 10:43:01 ::1 GET /Invoice/js/plugin/moment/moment.min.js - 50192 - ::1 Mozilla/5.0+(Windows+NT+6.1;+Win64;+x64)+AppleWebKit/537.36+(KHTML,+like+Gecko)+Chrome/57.0.2987.133+Safari/537.36 http://localhost:50192/Invoice/Invoiceview 404 0 2 1
2017-04-13 10:43:01 ::1 GET /Invoice/js/plugin/fullcalendar/jquery.fullcalendar.min.js - 50192 - ::1 Mozilla/5.0+(Windows+NT+6.1;+Win64;+x64)+AppleWebKit/537.36+(KHTML,+like+Gecko)+Chrome/57.0.2987.133+Safari/537.36 http://localhost:50192/Invoice/Invoiceview 404 0 2 2
2017-04-13 10:43:01 ::1 POST /Invoice/GetOutStandingAmoutBar/ - 50192 - ::1 Mozilla/5.0+(Windows+NT+6.1;+Win64;+x64)+AppleWebKit/537.36+(KHTML,+like+Gecko)+Chrome/57.0.2987.133+Safari/537.36 http://localhost:50192/Invoice/Invoiceview 200 0 0 8
2017-04-13 10:43:01 ::1 POST /Invoice/GetOutStandingAmoutPerDeptid/ - 50192 - ::1 Mozilla/5.0+(Windows+NT+6.1;+Win64;+x64)+AppleWebKit/537.36+(KHTML,+like+Gecko)+Chrome/57.0.2987.133+Safari/537.36 http://localhost:50192/Invoice/Invoiceview 200 0 0 9
2017-04-13 10:43:01 ::1 GET /Invoice/GetInVoiceDetails/ _search=false&nd=1492080181784&rows=50&page=1&sidx=SlNo+asc&sord=asc 50192 - ::1 Mozilla/5.0+(Windows+NT+6.1;+Win64;+x64)+AppleWebKit/537.36+(KHTML,+like+Gecko)+Chrome/57.0.2987.133+Safari/537.36 http://localhost:50192/Invoice/Invoiceview 200 0 0 129
2017-04-13 10:43:02 ::1 GET /__browserLink/requestData/6c03507ccbd34e4a9e94f31626c8e1a3 version=2 50192 - ::1 Mozilla/5.0+(Windows+NT+6.1;+Win64;+x64)+AppleWebKit/537.36+(KHTML,+like+Gecko)+Chrome/57.0.2987.133+Safari/537.36 http://localhost:50192/Invoice/Invoiceview 200 0 0 78
2017-04-13 10:43:13 ::1 POST /Invoice/getCreditDetails/ - 50192 - ::1 Mozilla/5.0+(Windows+NT+6.1;+Win64;+x64)+AppleWebKit/537.36+(KHTML,+like+Gecko)+Chrome/57.0.2987.133+Safari/537.36 http://localhost:50192/Invoice/Invoiceview 200 0 0 14
2017-04-13 10:43:13 ::1 POST /Invoice/getEndUserRating/ - 50192 - ::1 Mozilla/5.0+(Windows+NT+6.1;+Win64;+x64)+AppleWebKit/537.36+(KHTML,+like+Gecko)+Chrome/57.0.2987.133+Safari/537.36 http://localhost:50192/Invoice/Invoiceview 200 0 0 10
2017-04-13 10:43:13 ::1 POST /Invoice/getInvoiceImages/ - 50192 - ::1 Mozilla/5.0+(Windows+NT+6.1;+Win64;+x64)+AppleWebKit/537.36+(KHTML,+like+Gecko)+Chrome/57.0.2987.133+Safari/537.36 http://localhost:50192/Invoice/Invoiceview 200 0 0 539
2017-04-13 10:43:13 ::1 POST /Invoice/getcomments/ - 50192 - ::1 Mozilla/5.0+(Windows+NT+6.1;+Win64;+x64)+AppleWebKit/537.36+(KHTML,+like+Gecko)+Chrome/57.0.2987.133+Safari/537.36 http://localhost:50192/Invoice/Invoiceview 200 0 0 13
2017-04-13 10:43:13 ::1 POST /Invoice/GetInvoiceTax/ - 50192 - ::1 Mozilla/5.0+(Windows+NT+6.1;+Win64;+x64)+AppleWebKit/537.36+(KHTML,+like+Gecko)+Chrome/57.0.2987.133+Safari/537.36 http://localhost:50192/Invoice/Invoiceview 200 0 0 12
2017-04-13 10:43:13 ::1 HEAD /Files/InvoiceImages/INV-PB23741414-1-20-17-1.pdf - 50192 - ::1 Mozilla/5.0+(Windows+NT+6.1;+Win64;+x64)+AppleWebKit/537.36+(KHTML,+like+Gecko)+Chrome/57.0.2987.133+Safari/537.36 http://localhost:50192/ViewerJS/ 200 0 0 56
2017-04-13 10:43:15 ::1 GET /Invoice/getDetailsofInvoice/ id=7328 50192 - ::1 Mozilla/5.0+(Windows+NT+6.1;+Win64;+x64)+AppleWebKit/537.36+(KHTML,+like+Gecko)+Chrome/57.0.2987.133+Safari/537.36 http://localhost:50192/Invoice/Invoiceview 200 0 0 1037
2017-04-13 10:43:15 ::1 GET /Files/InvoiceImages/INV-PB23741414-1-20-17-1.pdf - 50192 - ::1 Mozilla/5.0+(Windows+NT+6.1;+Win64;+x64)+AppleWebKit/537.36+(KHTML,+like+Gecko)+Chrome/57.0.2987.133+Safari/537.36 http://localhost:50192/ViewerJS/pdf.worker.js 200 0 0 3
2017-04-13 10:43:15 ::1 POST /Invoice/getInvoiceData/ - 50192 - ::1 Mozilla/5.0+(Windows+NT+6.1;+Win64;+x64)+AppleWebKit/537.36+(KHTML,+like+Gecko)+Chrome/57.0.2987.133+Safari/537.36 http://localhost:50192/Invoice/Invoiceview 200 0 0 1557
2017-04-13 10:43:16 ::1 POST /Invoice/getUltimateApproverRating/ - 50192 - ::1 Mozilla/5.0+(Windows+NT+6.1;+Win64;+x64)+AppleWebKit/537.36+(KHTML,+like+Gecko)+Chrome/57.0.2987.133+Safari/537.36 http://localhost:50192/Invoice/Invoiceview 200 0 0 2053
2017-04-13 10:43:26 ::1 POST /Invoice/UpdateInvoiceInfo - 50192 - ::1 Mozilla/5.0+(Windows+NT+6.1;+Win64;+x64)+AppleWebKit/537.36+(KHTML,+like+Gecko)+Chrome/57.0.2987.133+Safari/537.36 http://localhost:50192/Invoice/Invoiceview 200 0 0 154
2017-04-13 10:43:31 ::1 POST /Invoice/GetOutStandingAmoutBar/ - 50192 - ::1 Mozilla/5.0+(Windows+NT+6.1;+Win64;+x64)+AppleWebKit/537.36+(KHTML,+like+Gecko)+Chrome/57.0.2987.133+Safari/537.36 http://localhost:50192/Invoice/Invoiceview 200 0 0 7
2017-04-13 10:43:31 ::1 POST /Invoice/GetOutStandingAmoutPerDeptid/ - 50192 - ::1 Mozilla/5.0+(Windows+NT+6.1;+Win64;+x64)+AppleWebKit/537.36+(KHTML,+like+Gecko)+Chrome/57.0.2987.133+Safari/537.36 http://localhost:50192/Invoice/Invoiceview 200 0 0 8
2017-04-13 10:43:31 ::1 GET /Invoice/GetInVoiceDetails/ _search=false&nd=1492080211314&rows=50&page=1&sidx=SlNo+asc&sord=asc 50192 - ::1 Mozilla/5.0+(Windows+NT+6.1;+Win64;+x64)+AppleWebKit/537.36+(KHTML,+like+Gecko)+Chrome/57.0.2987.133+Safari/537.36 http://localhost:50192/Invoice/Invoiceview 200 0 0 30
2017-04-13 10:43:37 ::1 POST /Invoice/getCreditDetails/ - 50192 - ::1 Mozilla/5.0+(Windows+NT+6.1;+Win64;+x64)+AppleWebKit/537.36+(KHTML,+like+Gecko)+Chrome/57.0.2987.133+Safari/537.36 http://localhost:50192/Invoice/Invoiceview 200 0 0 12
2017-04-13 10:43:37 ::1 POST /Invoice/getEndUserRating/ - 50192 - ::1 Mozilla/5.0+(Windows+NT+6.1;+Win64;+x64)+AppleWebKit/537.36+(KHTML,+like+Gecko)+Chrome/57.0.2987.133+Safari/537.36 http://localhost:50192/Invoice/Invoiceview 200 0 0 17
2017-04-13 10:43:37 ::1 POST /Invoice/getInvoiceImages/ - 50192 - ::1 Mozilla/5.0+(Windows+NT+6.1;+Win64;+x64)+AppleWebKit/537.36+(KHTML,+like+Gecko)+Chrome/57.0.2987.133+Safari/537.36 http://localhost:50192/Invoice/Invoiceview 200 0 0 511
2017-04-13 10:43:37 ::1 POST /Invoice/getcomments/ - 50192 - ::1 Mozilla/5.0+(Windows+NT+6.1;+Win64;+x64)+AppleWebKit/537.36+(KHTML,+like+Gecko)+Chrome/57.0.2987.133+Safari/537.36 http://localhost:50192/Invoice/Invoiceview 200 0 0 6
2017-04-13 10:43:37 ::1 POST /Invoice/GetInvoiceTax/ - 50192 - ::1 Mozilla/5.0+(Windows+NT+6.1;+Win64;+x64)+AppleWebKit/537.36+(KHTML,+like+Gecko)+Chrome/57.0.2987.133+Safari/537.36 http://localhost:50192/Invoice/Invoiceview 200 0 0 6
2017-04-13 10:43:38 ::1 GET /Invoice/getDetailsofInvoice/ id=7329 50192 - ::1 Mozilla/5.0+(Windows+NT+6.1;+Win64;+x64)+AppleWebKit/537.36+(KHTML,+like+Gecko)+Chrome/57.0.2987.133+Safari/537.36 http://localhost:50192/Invoice/Invoiceview 200 0 0 1016
2017-04-13 10:43:38 ::1 POST /Invoice/getInvoiceData/ - 50192 - ::1 Mozilla/5.0+(Windows+NT+6.1;+Win64;+x64)+AppleWebKit/537.36+(KHTML,+like+Gecko)+Chrome/57.0.2987.133+Safari/537.36 http://localhost:50192/Invoice/Invoiceview 200 0 0 1523
2017-04-13 10:43:39 ::1 POST /Invoice/getUltimateApproverRating/ - 50192 - ::1 Mozilla/5.0+(Windows+NT+6.1;+Win64;+x64)+AppleWebKit/537.36+(KHTML,+like+Gecko)+Chrome/57.0.2987.133+Safari/537.36 http://localhost:50192/Invoice/Invoiceview 200 0 0 2034
2017-04-13 10:43:42 ::1 GET /Invoice/MyDashboardInvoiceview - 50192 - ::1 Mozilla/5.0+(Windows+NT+6.1;+Win64;+x64)+AppleWebKit/537.36+(KHTML,+like+Gecko)+Chrome/57.0.2987.133+Safari/537.36 http://localhost:50192/Invoice/Invoiceview 302 0 0 14
2017-04-13 10:43:42 ::1 GET /Invoice/Invoiceview - 50192 - ::1 Mozilla/5.0+(Windows+NT+6.1;+Win64;+x64)+AppleWebKit/537.36+(KHTML,+like+Gecko)+Chrome/57.0.2987.133+Safari/537.36 http://localhost:50192/Invoice/Invoiceview 200 0 0 92
2017-04-13 10:43:42 ::1 GET /scripts/charts - 50192 - ::1 Mozilla/5.0+(Windows+NT+6.1;+Win64;+x64)+AppleWebKit/537.36+(KHTML,+like+Gecko)+Chrome/57.0.2987.133+Safari/537.36 http://localhost:50192/Invoice/Invoiceview 404 0 0 25
2017-04-13 10:43:42 ::1 GET /Invoice/js/plugin/moment/moment.min.js - 50192 - ::1 Mozilla/5.0+(Windows+NT+6.1;+Win64;+x64)+AppleWebKit/537.36+(KHTML,+like+Gecko)+Chrome/57.0.2987.133+Safari/537.36 http://localhost:50192/Invoice/Invoiceview 404 0 2 37
2017-04-13 10:43:42 ::1 GET /Invoice/js/plugin/fullcalendar/jquery.fullcalendar.min.js - 50192 - ::1 Mozilla/5.0+(Windows+NT+6.1;+Win64;+x64)+AppleWebKit/537.36+(KHTML,+like+Gecko)+Chrome/57.0.2987.133+Safari/537.36 http://localhost:50192/Invoice/Invoiceview 404 0 2 35
2017-04-13 10:43:42 ::1 GET /scripts/vector-map - 50192 - ::1 Mozilla/5.0+(Windows+NT+6.1;+Win64;+x64)+AppleWebKit/537.36+(KHTML,+like+Gecko)+Chrome/57.0.2987.133+Safari/537.36 http://localhost:50192/Invoice/Invoiceview 404 0 0 3
2017-04-13 10:43:42 ::1 GET /scripts/full-calendar - 50192 - ::1 Mozilla/5.0+(Windows+NT+6.1;+Win64;+x64)+AppleWebKit/537.36+(KHTML,+like+Gecko)+Chrome/57.0.2987.133+Safari/537.36 http://localhost:50192/Invoice/Invoiceview 404 0 0 3
2017-04-13 10:43:42 ::1 GET /Invoice/js/plugin/moment/moment.min.js - 50192 - ::1 Mozilla/5.0+(Windows+NT+6.1;+Win64;+x64)+AppleWebKit/537.36+(KHTML,+like+Gecko)+Chrome/57.0.2987.133+Safari/537.36 http://localhost:50192/Invoice/Invoiceview 404 0 2 2
2017-04-13 10:43:42 ::1 GET /Invoice/js/plugin/fullcalendar/jquery.fullcalendar.min.js - 50192 - ::1 Mozilla/5.0+(Windows+NT+6.1;+Win64;+x64)+AppleWebKit/537.36+(KHTML,+like+Gecko)+Chrome/57.0.2987.133+Safari/537.36 http://localhost:50192/Invoice/Invoiceview 404 0 2 2
2017-04-13 10:43:42 ::1 GET /Scripts/jquery.js - 50192 - ::1 Mozilla/5.0+(Windows+NT+6.1;+Win64;+x64)+AppleWebKit/537.36+(KHTML,+like+Gecko)+Chrome/57.0.2987.133+Safari/537.36 http://localhost:50192/Invoice/Invoiceview 404 0 2 7
2017-04-13 10:43:42 ::1 GET /scripts/charts - 50192 - ::1 Mozilla/5.0+(Windows+NT+6.1;+Win64;+x64)+AppleWebKit/537.36+(KHTML,+like+Gecko)+Chrome/57.0.2987.133+Safari/537.36 http://localhost:50192/Invoice/Invoiceview 404 0 0 2
2017-04-13 10:43:42 ::1 GET /scripts/vector-map - 50192 - ::1 Mozilla/5.0+(Windows+NT+6.1;+Win64;+x64)+AppleWebKit/537.36+(KHTML,+like+Gecko)+Chrome/57.0.2987.133+Safari/537.36 http://localhost:50192/Invoice/Invoiceview 404 0 0 20
2017-04-13 10:43:42 ::1 GET /scripts/full-calendar - 50192 - ::1 Mozilla/5.0+(Windows+NT+6.1;+Win64;+x64)+AppleWebKit/537.36+(KHTML,+like+Gecko)+Chrome/57.0.2987.133+Safari/537.36 http://localhost:50192/Invoice/Invoiceview 404 0 0 3
2017-04-13 10:43:42 ::1 GET /Scripts/jquery.js - 50192 - ::1 Mozilla/5.0+(Windows+NT+6.1;+Win64;+x64)+AppleWebKit/537.36+(KHTML,+like+Gecko)+Chrome/57.0.2987.133+Safari/537.36 http://localhost:50192/Invoice/Invoiceview 404 0 2 2
2017-04-13 10:43:42 ::1 GET /Invoice/js/plugin/moment/moment.min.js - 50192 - ::1 Mozilla/5.0+(Windows+NT+6.1;+Win64;+x64)+AppleWebKit/537.36+(KHTML,+like+Gecko)+Chrome/57.0.2987.133+Safari/537.36 http://localhost:50192/Invoice/Invoiceview 404 0 2 1
2017-04-13 10:43:42 ::1 GET /Invoice/js/plugin/fullcalendar/jquery.fullcalendar.min.js - 50192 - ::1 Mozilla/5.0+(Windows+NT+6.1;+Win64;+x64)+AppleWebKit/537.36+(KHTML,+like+Gecko)+Chrome/57.0.2987.133+Safari/537.36 http://localhost:50192/Invoice/Invoiceview 404 0 2 2
2017-04-13 10:43:42 ::1 POST /Invoice/GetOutStandingAmoutBar/ - 50192 - ::1 Mozilla/5.0+(Windows+NT+6.1;+Win64;+x64)+AppleWebKit/537.36+(KHTML,+like+Gecko)+Chrome/57.0.2987.133+Safari/537.36 http://localhost:50192/Invoice/Invoiceview 200 0 0 8
2017-04-13 10:43:42 ::1 POST /Invoice/GetOutStandingAmoutPerDeptid/ - 50192 - ::1 Mozilla/5.0+(Windows+NT+6.1;+Win64;+x64)+AppleWebKit/537.36+(KHTML,+like+Gecko)+Chrome/57.0.2987.133+Safari/537.36 http://localhost:50192/Invoice/Invoiceview 200 0 0 10
2017-04-13 10:43:42 ::1 GET /Invoice/GetInVoiceDetails/ _search=false&nd=1492080223167&rows=50&page=1&sidx=SlNo+asc&sord=asc 50192 - ::1 Mozilla/5.0+(Windows+NT+6.1;+Win64;+x64)+AppleWebKit/537.36+(KHTML,+like+Gecko)+Chrome/57.0.2987.133+Safari/537.36 http://localhost:50192/Invoice/Invoiceview 200 0 0 173
2017-04-13 10:43:44 ::1 GET /__browserLink/requestData/07dc457c86684d479c93ee5c204a3a92 version=2 50192 - ::1 Mozilla/5.0+(Windows+NT+6.1;+Win64;+x64)+AppleWebKit/537.36+(KHTML,+like+Gecko)+Chrome/57.0.2987.133+Safari/537.36 http://localhost:50192/Invoice/Invoiceview 200 0 0 101
2017-04-13 10:43:47 ::1 GET /Invoice/MyDashboardInvoiceview - 50192 - ::1 Mozilla/5.0+(Windows+NT+6.1;+Win64;+x64)+AppleWebKit/537.36+(KHTML,+like+Gecko)+Chrome/57.0.2987.133+Safari/537.36 http://localhost:50192/Invoice/Invoiceview 302 0 0 10
2017-04-13 10:43:47 ::1 GET /Invoice/Invoiceview - 50192 - ::1 Mozilla/5.0+(Windows+NT+6.1;+Win64;+x64)+AppleWebKit/537.36+(KHTML,+like+Gecko)+Chrome/57.0.2987.133+Safari/537.36 http://localhost:50192/Invoice/Invoiceview 200 0 0 132
2017-04-13 10:43:47 ::1 GET /scripts/charts - 50192 - ::1 Mozilla/5.0+(Windows+NT+6.1;+Win64;+x64)+AppleWebKit/537.36+(KHTML,+like+Gecko)+Chrome/57.0.2987.133+Safari/537.36 http://localhost:50192/Invoice/Invoiceview 404 0 0 16
2017-04-13 10:43:47 ::1 GET /Invoice/js/plugin/moment/moment.min.js - 50192 - ::1 Mozilla/5.0+(Windows+NT+6.1;+Win64;+x64)+AppleWebKit/537.36+(KHTML,+like+Gecko)+Chrome/57.0.2987.133+Safari/537.36 http://localhost:50192/Invoice/Invoiceview 404 0 2 37
2017-04-13 10:43:47 ::1 GET /Invoice/js/plugin/fullcalendar/jquery.fullcalendar.min.js - 50192 - ::1 Mozilla/5.0+(Windows+NT+6.1;+Win64;+x64)+AppleWebKit/537.36+(KHTML,+like+Gecko)+Chrome/57.0.2987.133+Safari/537.36 http://localhost:50192/Invoice/Invoiceview 404 0 2 27
2017-04-13 10:43:47 ::1 GET /scripts/vector-map - 50192 - ::1 Mozilla/5.0+(Windows+NT+6.1;+Win64;+x64)+AppleWebKit/537.36+(KHTML,+like+Gecko)+Chrome/57.0.2987.133+Safari/537.36 http://localhost:50192/Invoice/Invoiceview 404 0 0 3
2017-04-13 10:43:47 ::1 GET /scripts/full-calendar - 50192 - ::1 Mozilla/5.0+(Windows+NT+6.1;+Win64;+x64)+AppleWebKit/537.36+(KHTML,+like+Gecko)+Chrome/57.0.2987.133+Safari/537.36 http://localhost:50192/Invoice/Invoiceview 404 0 0 3
2017-04-13 10:43:47 ::1 GET /Invoice/js/plugin/moment/moment.min.js - 50192 - ::1 Mozilla/5.0+(Windows+NT+6.1;+Win64;+x64)+AppleWebKit/537.36+(KHTML,+like+Gecko)+Chrome/57.0.2987.133+Safari/537.36 http://localhost:50192/Invoice/Invoiceview 404 0 2 2
2017-04-13 10:43:47 ::1 GET /Scripts/jquery.js - 50192 - ::1 Mozilla/5.0+(Windows+NT+6.1;+Win64;+x64)+AppleWebKit/537.36+(KHTML,+like+Gecko)+Chrome/57.0.2987.133+Safari/537.36 http://localhost:50192/Invoice/Invoiceview 404 0 2 3
2017-04-13 10:43:47 ::1 GET /Invoice/js/plugin/fullcalendar/jquery.fullcalendar.min.js - 50192 - ::1 Mozilla/5.0+(Windows+NT+6.1;+Win64;+x64)+AppleWebKit/537.36+(KHTML,+like+Gecko)+Chrome/57.0.2987.133+Safari/537.36 http://localhost:50192/Invoice/Invoiceview 404 0 2 2
2017-04-13 10:43:47 ::1 GET /scripts/charts - 50192 - ::1 Mozilla/5.0+(Windows+NT+6.1;+Win64;+x64)+AppleWebKit/537.36+(KHTML,+like+Gecko)+Chrome/57.0.2987.133+Safari/537.36 http://localhost:50192/Invoice/Invoiceview 404 0 0 5
2017-04-13 10:43:47 ::1 GET /scripts/vector-map - 50192 - ::1 Mozilla/5.0+(Windows+NT+6.1;+Win64;+x64)+AppleWebKit/537.36+(KHTML,+like+Gecko)+Chrome/57.0.2987.133+Safari/537.36 http://localhost:50192/Invoice/Invoiceview 404 0 0 10
2017-04-13 10:43:47 ::1 GET /scripts/full-calendar - 50192 - ::1 Mozilla/5.0+(Windows+NT+6.1;+Win64;+x64)+AppleWebKit/537.36+(KHTML,+like+Gecko)+Chrome/57.0.2987.133+Safari/537.36 http://localhost:50192/Invoice/Invoiceview 404 0 0 5
2017-04-13 10:43:47 ::1 GET /Scripts/jquery.js - 50192 - ::1 Mozilla/5.0+(Windows+NT+6.1;+Win64;+x64)+AppleWebKit/537.36+(KHTML,+like+Gecko)+Chrome/57.0.2987.133+Safari/537.36 http://localhost:50192/Invoice/Invoiceview 404 0 2 1
2017-04-13 10:43:47 ::1 GET /Invoice/js/plugin/moment/moment.min.js - 50192 - ::1 Mozilla/5.0+(Windows+NT+6.1;+Win64;+x64)+AppleWebKit/537.36+(KHTML,+like+Gecko)+Chrome/57.0.2987.133+Safari/537.36 http://localhost:50192/Invoice/Invoiceview 404 0 2 2
2017-04-13 10:43:47 ::1 GET /Invoice/js/plugin/fullcalendar/jquery.fullcalendar.min.js - 50192 - ::1 Mozilla/5.0+(Windows+NT+6.1;+Win64;+x64)+AppleWebKit/537.36+(KHTML,+like+Gecko)+Chrome/57.0.2987.133+Safari/537.36 http://localhost:50192/Invoice/Invoiceview 404 0 2 6
2017-04-13 10:43:47 ::1 POST /Invoice/GetOutStandingAmoutBar/ - 50192 - ::1 Mozilla/5.0+(Windows+NT+6.1;+Win64;+x64)+AppleWebKit/537.36+(KHTML,+like+Gecko)+Chrome/57.0.2987.133+Safari/537.36 http://localhost:50192/Invoice/Invoiceview 200 0 0 9
2017-04-13 10:43:47 ::1 POST /Invoice/GetOutStandingAmoutPerDeptid/ - 50192 - ::1 Mozilla/5.0+(Windows+NT+6.1;+Win64;+x64)+AppleWebKit/537.36+(KHTML,+like+Gecko)+Chrome/57.0.2987.133+Safari/537.36 http://localhost:50192/Invoice/Invoiceview 200 0 0 8
2017-04-13 10:43:47 ::1 GET /Invoice/GetInVoiceDetails/ _search=false&nd=1492080227995&rows=50&page=1&sidx=SlNo+asc&sord=asc 50192 - ::1 Mozilla/5.0+(Windows+NT+6.1;+Win64;+x64)+AppleWebKit/537.36+(KHTML,+like+Gecko)+Chrome/57.0.2987.133+Safari/537.36 http://localhost:50192/Invoice/Invoiceview 200 0 0 136
2017-04-13 10:43:49 ::1 GET /__browserLink/requestData/c7560579f39f42a7a6cb25d9ce8e3130 version=2 50192 - ::1 Mozilla/5.0+(Windows+NT+6.1;+Win64;+x64)+AppleWebKit/537.36+(KHTML,+like+Gecko)+Chrome/57.0.2987.133+Safari/537.36 http://localhost:50192/Invoice/Invoiceview 200 0 0 107
2017-04-13 10:43:54 ::1 POST /Invoice/getCreditDetails/ - 50192 - ::1 Mozilla/5.0+(Windows+NT+6.1;+Win64;+x64)+AppleWebKit/537.36+(KHTML,+like+Gecko)+Chrome/57.0.2987.133+Safari/537.36 http://localhost:50192/Invoice/Invoiceview 200 0 0 19
2017-04-13 10:43:54 ::1 POST /Invoice/getEndUserRating/ - 50192 - ::1 Mozilla/5.0+(Windows+NT+6.1;+Win64;+x64)+AppleWebKit/537.36+(KHTML,+like+Gecko)+Chrome/57.0.2987.133+Safari/537.36 http://localhost:50192/Invoice/Invoiceview 200 0 0 13
2017-04-13 10:43:54 ::1 POST /Invoice/getInvoiceData/ - 50192 - ::1 Mozilla/5.0+(Windows+NT+6.1;+Win64;+x64)+AppleWebKit/537.36+(KHTML,+like+Gecko)+Chrome/57.0.2987.133+Safari/537.36 http://localhost:50192/Invoice/Invoiceview 200 0 0 530
2017-04-13 10:43:55 ::1 GET /Invoice/getDetailsofInvoice/ id=9331 50192 - ::1 Mozilla/5.0+(Windows+NT+6.1;+Win64;+x64)+AppleWebKit/537.36+(KHTML,+like+Gecko)+Chrome/57.0.2987.133+Safari/537.36 http://localhost:50192/Invoice/Invoiceview 200 0 0 1032
2017-04-13 10:43:55 ::1 POST /Invoice/getInvoiceImages/ - 50192 - ::1 Mozilla/5.0+(Windows+NT+6.1;+Win64;+x64)+AppleWebKit/537.36+(KHTML,+like+Gecko)+Chrome/57.0.2987.133+Safari/537.36 http://localhost:50192/Invoice/Invoiceview 200 0 0 1538
2017-04-13 10:43:55 ::1 POST /Invoice/getcomments/ - 50192 - ::1 Mozilla/5.0+(Windows+NT+6.1;+Win64;+x64)+AppleWebKit/537.36+(KHTML,+like+Gecko)+Chrome/57.0.2987.133+Safari/537.36 http://localhost:50192/Invoice/Invoiceview 200 0 0 12
2017-04-13 10:43:55 ::1 POST /Invoice/GetInvoiceTax/ - 50192 - ::1 Mozilla/5.0+(Windows+NT+6.1;+Win64;+x64)+AppleWebKit/537.36+(KHTML,+like+Gecko)+Chrome/57.0.2987.133+Safari/537.36 http://localhost:50192/Invoice/Invoiceview 200 0 0 8
2017-04-13 10:43:55 ::1 HEAD /Files/InvoiceImages/INV-2340555631114-2-23-17-1.pdf - 50192 - ::1 Mozilla/5.0+(Windows+NT+6.1;+Win64;+x64)+AppleWebKit/537.36+(KHTML,+like+Gecko)+Chrome/57.0.2987.133+Safari/537.36 http://localhost:50192/ViewerJS/ 200 0 0 43
2017-04-13 10:43:56 ::1 POST /Invoice/getUltimateApproverRating/ - 50192 - ::1 Mozilla/5.0+(Windows+NT+6.1;+Win64;+x64)+AppleWebKit/537.36+(KHTML,+like+Gecko)+Chrome/57.0.2987.133+Safari/537.36 http://localhost:50192/Invoice/Invoiceview 200 0 0 2042
2017-04-13 10:43:56 ::1 GET /Files/InvoiceImages/INV-2340555631114-2-23-17-1.pdf - 50192 - ::1 Mozilla/5.0+(Windows+NT+6.1;+Win64;+x64)+AppleWebKit/537.36+(KHTML,+like+Gecko)+Chrome/57.0.2987.133+Safari/537.36 http://localhost:50192/ViewerJS/pdf.worker.js 200 0 64 7
2017-04-13 10:43:56 ::1 GET /Files/InvoiceImages/INV-2340555631114-2-23-17-1.pdf - 50192 - ::1 Mozilla/5.0+(Windows+NT+6.1;+Win64;+x64)+AppleWebKit/537.36+(KHTML,+like+Gecko)+Chrome/57.0.2987.133+Safari/537.36 http://localhost:50192/ViewerJS/pdf.worker.js 200 0 0 7
2017-04-13 10:44:39 ::1 POST /Invoice/UpdateCredit/ - 50192 - ::1 Mozilla/5.0+(Windows+NT+6.1;+Win64;+x64)+AppleWebKit/537.36+(KHTML,+like+Gecko)+Chrome/57.0.2987.133+Safari/537.36 http://localhost:50192/Invoice/Invoiceview 200 0 0 67
2017-04-13 10:44:40 ::1 POST /Invoice/getCreditDetails/ - 50192 - ::1 Mozilla/5.0+(Windows+NT+6.1;+Win64;+x64)+AppleWebKit/537.36+(KHTML,+like+Gecko)+Chrome/57.0.2987.133+Safari/537.36 http://localhost:50192/Invoice/Invoiceview 200 0 0 29
#Software: Microsoft Internet Information Services 10.0
#Version: 1.0
#Date: 2017-04-13 11:55:32
#Fields: date time s-ip cs-method cs-uri-stem cs-uri-query s-port cs-username c-ip cs(User-Agent) cs(Referer) sc-status sc-substatus sc-win32-status time-taken
2017-04-13 11:55:32 ::1 GET /Invoice/Invoiceview - 50192 - ::1 Mozilla/5.0+(Windows+NT+6.1;+Win64;+x64)+AppleWebKit/537.36+(KHTML,+like+Gecko)+Chrome/57.0.2987.133+Safari/537.36 http://localhost:50192/Invoice/Invoiceview 302 0 0 3414
2017-04-13 11:55:32 ::1 GET /Login/Login - 50192 - ::1 Mozilla/5.0+(Windows+NT+6.1;+Win64;+x64)+AppleWebKit/537.36+(KHTML,+like+Gecko)+Chrome/57.0.2987.133+Safari/537.36 http://localhost:50192/Invoice/Invoiceview 200 0 0 3890
2017-04-13 11:55:34 ::1 GET /__browserLink/requestData/0f80830d11f349a6ab9a9f0dc510b179 version=2 50192 - ::1 Mozilla/5.0+(Windows+NT+6.1;+Win64;+x64)+AppleWebKit/537.36+(KHTML,+like+Gecko)+Chrome/57.0.2987.133+Safari/537.36 http://localhost:50192/Login/Login 200 0 0 9
2017-04-13 11:55:37 ::1 POST /Login/Submit - 50192 - ::1 Mozilla/5.0+(Windows+NT+6.1;+Win64;+x64)+AppleWebKit/537.36+(KHTML,+like+Gecko)+Chrome/57.0.2987.133+Safari/537.36 http://localhost:50192/Login/Login 302 0 0 13
2017-04-13 11:55:37 ::1 GET /Invoice/Invoiceview - 50192 - ::1 Mozilla/5.0+(Windows+NT+6.1;+Win64;+x64)+AppleWebKit/537.36+(KHTML,+like+Gecko)+Chrome/57.0.2987.133+Safari/537.36 http://localhost:50192/Login/Login 200 0 0 82
2017-04-13 11:55:37 ::1 GET /scripts/charts - 50192 - ::1 Mozilla/5.0+(Windows+NT+6.1;+Win64;+x64)+AppleWebKit/537.36+(KHTML,+like+Gecko)+Chrome/57.0.2987.133+Safari/537.36 http://localhost:50192/Invoice/Invoiceview 404 0 0 14
2017-04-13 11:55:37 ::1 GET /Invoice/js/plugin/moment/moment.min.js - 50192 - ::1 Mozilla/5.0+(Windows+NT+6.1;+Win64;+x64)+AppleWebKit/537.36+(KHTML,+like+Gecko)+Chrome/57.0.2987.133+Safari/537.36 http://localhost:50192/Invoice/Invoiceview 404 0 2 48
2017-04-13 11:55:37 ::1 GET /Invoice/js/plugin/fullcalendar/jquery.fullcalendar.min.js - 50192 - ::1 Mozilla/5.0+(Windows+NT+6.1;+Win64;+x64)+AppleWebKit/537.36+(KHTML,+like+Gecko)+Chrome/57.0.2987.133+Safari/537.36 http://localhost:50192/Invoice/Invoiceview 404 0 2 48
2017-04-13 11:55:37 ::1 GET /scripts/vector-map - 50192 - ::1 Mozilla/5.0+(Windows+NT+6.1;+Win64;+x64)+AppleWebKit/537.36+(KHTML,+like+Gecko)+Chrome/57.0.2987.133+Safari/537.36 http://localhost:50192/Invoice/Invoiceview 404 0 0 3
2017-04-13 11:55:37 ::1 GET /scripts/full-calendar - 50192 - ::1 Mozilla/5.0+(Windows+NT+6.1;+Win64;+x64)+AppleWebKit/537.36+(KHTML,+like+Gecko)+Chrome/57.0.2987.133+Safari/537.36 http://localhost:50192/Invoice/Invoiceview 404 0 0 5
2017-04-13 11:55:37 ::1 GET /Scripts/jquery.js - 50192 - ::1 Mozilla/5.0+(Windows+NT+6.1;+Win64;+x64)+AppleWebKit/537.36+(KHTML,+like+Gecko)+Chrome/57.0.2987.133+Safari/537.36 http://localhost:50192/Invoice/Invoiceview 404 0 2 2
2017-04-13 11:55:37 ::1 GET /Invoice/js/plugin/moment/moment.min.js - 50192 - ::1 Mozilla/5.0+(Windows+NT+6.1;+Win64;+x64)+AppleWebKit/537.36+(KHTML,+like+Gecko)+Chrome/57.0.2987.133+Safari/537.36 http://localhost:50192/Invoice/Invoiceview 404 0 2 3
2017-04-13 11:55:37 ::1 GET /Invoice/js/plugin/fullcalendar/jquery.fullcalendar.min.js - 50192 - ::1 Mozilla/5.0+(Windows+NT+6.1;+Win64;+x64)+AppleWebKit/537.36+(KHTML,+like+Gecko)+Chrome/57.0.2987.133+Safari/537.36 http://localhost:50192/Invoice/Invoiceview 404 0 2 3
2017-04-13 11:55:37 ::1 GET /scripts/charts - 50192 - ::1 Mozilla/5.0+(Windows+NT+6.1;+Win64;+x64)+AppleWebKit/537.36+(KHTML,+like+Gecko)+Chrome/57.0.2987.133+Safari/537.36 http://localhost:50192/Invoice/Invoiceview 404 0 0 2
2017-04-13 11:55:37 ::1 GET /scripts/vector-map - 50192 - ::1 Mozilla/5.0+(Windows+NT+6.1;+Win64;+x64)+AppleWebKit/537.36+(KHTML,+like+Gecko)+Chrome/57.0.2987.133+Safari/537.36 http://localhost:50192/Invoice/Invoiceview 404 0 0 4
2017-04-13 11:55:37 ::1 GET /scripts/full-calendar - 50192 - ::1 Mozilla/5.0+(Windows+NT+6.1;+Win64;+x64)+AppleWebKit/537.36+(KHTML,+like+Gecko)+Chrome/57.0.2987.133+Safari/537.36 http://localhost:50192/Invoice/Invoiceview 404 0 0 8
2017-04-13 11:55:37 ::1 GET /Scripts/jquery.js - 50192 - ::1 Mozilla/5.0+(Windows+NT+6.1;+Win64;+x64)+AppleWebKit/537.36+(KHTML,+like+Gecko)+Chrome/57.0.2987.133+Safari/537.36 http://localhost:50192/Invoice/Invoiceview 404 0 2 1
2017-04-13 11:55:37 ::1 GET /Invoice/js/plugin/moment/moment.min.js - 50192 - ::1 Mozilla/5.0+(Windows+NT+6.1;+Win64;+x64)+AppleWebKit/537.36+(KHTML,+like+Gecko)+Chrome/57.0.2987.133+Safari/537.36 http://localhost:50192/Invoice/Invoiceview 404 0 2 2
2017-04-13 11:55:37 ::1 GET /Invoice/js/plugin/fullcalendar/jquery.fullcalendar.min.js - 50192 - ::1 Mozilla/5.0+(Windows+NT+6.1;+Win64;+x64)+AppleWebKit/537.36+(KHTML,+like+Gecko)+Chrome/57.0.2987.133+Safari/537.36 http://localhost:50192/Invoice/Invoiceview 404 0 2 2
2017-04-13 11:55:37 ::1 POST /Invoice/GetOutStandingAmoutBar/ - 50192 - ::1 Mozilla/5.0+(Windows+NT+6.1;+Win64;+x64)+AppleWebKit/537.36+(KHTML,+like+Gecko)+Chrome/57.0.2987.133+Safari/537.36 http://localhost:50192/Invoice/Invoiceview 200 0 0 9
2017-04-13 11:55:37 ::1 POST /Invoice/GetOutStandingAmoutPerDeptid/ - 50192 - ::1 Mozilla/5.0+(Windows+NT+6.1;+Win64;+x64)+AppleWebKit/537.36+(KHTML,+like+Gecko)+Chrome/57.0.2987.133+Safari/537.36 http://localhost:50192/Invoice/Invoiceview 200 0 0 9
2017-04-13 11:55:38 ::1 GET /Invoice/GetInVoiceDetails/ _search=false&nd=1492084538199&rows=50&page=1&sidx=SlNo+asc&sord=asc 50192 - ::1 Mozilla/5.0+(Windows+NT+6.1;+Win64;+x64)+AppleWebKit/537.36+(KHTML,+like+Gecko)+Chrome/57.0.2987.133+Safari/537.36 http://localhost:50192/Invoice/Invoiceview 200 0 0 38
2017-04-13 11:55:38 ::1 GET /favicon.ico - 50192 - ::1 Mozilla/5.0+(Windows+NT+6.1;+Win64;+x64)+AppleWebKit/537.36+(KHTML,+like+Gecko)+Chrome/57.0.2987.133+Safari/537.36 http://localhost:50192/Invoice/Invoiceview 200 0 0 94
2017-04-13 11:55:39 ::1 GET /__browserLink/requestData/4595f7d4fdc74c55b3f3694c718456b5 version=2 50192 - ::1 Mozilla/5.0+(Windows+NT+6.1;+Win64;+x64)+AppleWebKit/537.36+(KHTML,+like+Gecko)+Chrome/57.0.2987.133+Safari/537.36 http://localhost:50192/Invoice/Invoiceview 200 0 0 143
2017-04-13 11:55:41 ::1 POST /Invoice/getCreditDetails/ - 50192 - ::1 Mozilla/5.0+(Windows+NT+6.1;+Win64;+x64)+AppleWebKit/537.36+(KHTML,+like+Gecko)+Chrome/57.0.2987.133+Safari/537.36 http://localhost:50192/Invoice/Invoiceview 200 0 0 3
2017-04-13 11:55:41 ::1 POST /Invoice/getInvoiceData/ - 50192 - ::1 Mozilla/5.0+(Windows+NT+6.1;+Win64;+x64)+AppleWebKit/537.36+(KHTML,+like+Gecko)+Chrome/57.0.2987.133+Safari/537.36 http://localhost:50192/Invoice/Invoiceview 200 0 0 6
2017-04-13 11:55:41 ::1 POST /Invoice/getInvoiceImages/ - 50192 - ::1 Mozilla/5.0+(Windows+NT+6.1;+Win64;+x64)+AppleWebKit/537.36+(KHTML,+like+Gecko)+Chrome/57.0.2987.133+Safari/537.36 http://localhost:50192/Invoice/Invoiceview 200 0 0 539
2017-04-13 11:55:41 ::1 POST /Invoice/getcomments/ - 50192 - ::1 Mozilla/5.0+(Windows+NT+6.1;+Win64;+x64)+AppleWebKit/537.36+(KHTML,+like+Gecko)+Chrome/57.0.2987.133+Safari/537.36 http://localhost:50192/Invoice/Invoiceview 200 0 0 9
2017-04-13 11:55:41 ::1 POST /Invoice/GetInvoiceTax/ - 50192 - ::1 Mozilla/5.0+(Windows+NT+6.1;+Win64;+x64)+AppleWebKit/537.36+(KHTML,+like+Gecko)+Chrome/57.0.2987.133+Safari/537.36 http://localhost:50192/Invoice/Invoiceview 200 0 0 5
2017-04-13 11:55:41 ::1 HEAD /Files/InvoiceImages/INV-PB2374123-1-20-17-1.pdf - 50192 - ::1 Mozilla/5.0+(Windows+NT+6.1;+Win64;+x64)+AppleWebKit/537.36+(KHTML,+like+Gecko)+Chrome/57.0.2987.133+Safari/537.36 http://localhost:50192/ViewerJS/ 200 0 0 55
2017-04-13 11:55:42 ::1 POST /Invoice/getEndUserRating/ - 50192 - ::1 Mozilla/5.0+(Windows+NT+6.1;+Win64;+x64)+AppleWebKit/537.36+(KHTML,+like+Gecko)+Chrome/57.0.2987.133+Safari/537.36 http://localhost:50192/Invoice/Invoiceview 200 0 0 1035
2017-04-13 11:55:42 ::1 GET /Files/InvoiceImages/INV-PB2374123-1-20-17-1.pdf - 50192 - ::1 Mozilla/5.0+(Windows+NT+6.1;+Win64;+x64)+AppleWebKit/537.36+(KHTML,+like+Gecko)+Chrome/57.0.2987.133+Safari/537.36 http://localhost:50192/ViewerJS/pdf.worker.js 200 0 0 4
2017-04-13 11:55:42 ::1 GET /Invoice/getDetailsofInvoice/ id=7329 50192 - ::1 Mozilla/5.0+(Windows+NT+6.1;+Win64;+x64)+AppleWebKit/537.36+(KHTML,+like+Gecko)+Chrome/57.0.2987.133+Safari/537.36 http://localhost:50192/Invoice/Invoiceview 200 0 0 1548
2017-04-13 11:55:43 ::1 POST /Invoice/getUltimateApproverRating/ - 50192 - ::1 Mozilla/5.0+(Windows+NT+6.1;+Win64;+x64)+AppleWebKit/537.36+(KHTML,+like+Gecko)+Chrome/57.0.2987.133+Safari/537.36 http://localhost:50192/Invoice/Invoiceview 200 0 0 2058
2017-04-13 11:55:53 ::1 POST /Invoice/UpdateInvoiceInfo - 50192 - ::1 Mozilla/5.0+(Windows+NT+6.1;+Win64;+x64)+AppleWebKit/537.36+(KHTML,+like+Gecko)+Chrome/57.0.2987.133+Safari/537.36 http://localhost:50192/Invoice/Invoiceview 200 0 0 84
2017-04-13 11:55:57 ::1 POST /Invoice/UpdateInvoiceInfo - 50192 - ::1 Mozilla/5.0+(Windows+NT+6.1;+Win64;+x64)+AppleWebKit/537.36+(KHTML,+like+Gecko)+Chrome/57.0.2987.133+Safari/537.36 http://localhost:50192/Invoice/Invoiceview 500 0 0 1123
2017-04-13 11:55:57 ::1 GET /favicon.ico - 50192 - ::1 Mozilla/5.0+(Windows+NT+6.1;+Win64;+x64)+AppleWebKit/537.36+(KHTML,+like+Gecko)+Chrome/57.0.2987.133+Safari/537.36 http://localhost:50192/Invoice/UpdateInvoiceInfo 200 0 0 4
2017-04-13 11:56:02 ::1 POST /Invoice/GetOutStandingAmoutBar/ - 50192 - ::1 Mozilla/5.0+(Windows+NT+6.1;+Win64;+x64)+AppleWebKit/537.36+(KHTML,+like+Gecko)+Chrome/57.0.2987.133+Safari/537.36 http://localhost:50192/Invoice/Invoiceview 200 0 0 8
2017-04-13 11:56:02 ::1 POST /Invoice/GetOutStandingAmoutPerDeptid/ - 50192 - ::1 Mozilla/5.0+(Windows+NT+6.1;+Win64;+x64)+AppleWebKit/537.36+(KHTML,+like+Gecko)+Chrome/57.0.2987.133+Safari/537.36 http://localhost:50192/Invoice/Invoiceview 200 0 0 8
2017-04-13 11:56:02 ::1 GET /Invoice/GetInVoiceDetails/ _search=false&nd=1492084562365&rows=50&page=1&sidx=SlNo+asc&sord=asc 50192 - ::1 Mozilla/5.0+(Windows+NT+6.1;+Win64;+x64)+AppleWebKit/537.36+(KHTML,+like+Gecko)+Chrome/57.0.2987.133+Safari/537.36 http://localhost:50192/Invoice/Invoiceview 200 0 0 36
2017-04-13 11:56:05 ::1 POST /Invoice/getCreditDetails/ - 50192 - ::1 Mozilla/5.0+(Windows+NT+6.1;+Win64;+x64)+AppleWebKit/537.36+(KHTML,+like+Gecko)+Chrome/57.0.2987.133+Safari/537.36 http://localhost:50192/Invoice/Invoiceview 200 0 0 7
2017-04-13 11:56:05 ::1 POST /Invoice/getEndUserRating/ - 50192 - ::1 Mozilla/5.0+(Windows+NT+6.1;+Win64;+x64)+AppleWebKit/537.36+(KHTML,+like+Gecko)+Chrome/57.0.2987.133+Safari/537.36 http://localhost:50192/Invoice/Invoiceview 200 0 0 12
2017-04-13 11:56:05 ::1 GET /Invoice/getDetailsofInvoice/ id=7327 50192 - ::1 Mozilla/5.0+(Windows+NT+6.1;+Win64;+x64)+AppleWebKit/537.36+(KHTML,+like+Gecko)+Chrome/57.0.2987.133+Safari/537.36 http://localhost:50192/Invoice/Invoiceview 200 0 0 525
2017-04-13 11:56:06 ::1 POST /Invoice/getUltimateApproverRating/ - 50192 - ::1 Mozilla/5.0+(Windows+NT+6.1;+Win64;+x64)+AppleWebKit/537.36+(KHTML,+like+Gecko)+Chrome/57.0.2987.133+Safari/537.36 http://localhost:50192/Invoice/Invoiceview 200 0 0 1048
2017-04-13 11:56:06 ::1 POST /Invoice/getInvoiceImages/ - 50192 - ::1 Mozilla/5.0+(Windows+NT+6.1;+Win64;+x64)+AppleWebKit/537.36+(KHTML,+like+Gecko)+Chrome/57.0.2987.133+Safari/537.36 http://localhost:50192/Invoice/Invoiceview 200 0 0 1534
2017-04-13 11:56:06 ::1 POST /Invoice/getcomments/ - 50192 - ::1 Mozilla/5.0+(Windows+NT+6.1;+Win64;+x64)+AppleWebKit/537.36+(KHTML,+like+Gecko)+Chrome/57.0.2987.133+Safari/537.36 http://localhost:50192/Invoice/Invoiceview 200 0 0 8
2017-04-13 11:56:06 ::1 POST /Invoice/GetInvoiceTax/ - 50192 - ::1 Mozilla/5.0+(Windows+NT+6.1;+Win64;+x64)+AppleWebKit/537.36+(KHTML,+like+Gecko)+Chrome/57.0.2987.133+Safari/537.36 http://localhost:50192/Invoice/Invoiceview 200 0 0 7
2017-04-13 11:56:07 ::1 POST /Invoice/getInvoiceData/ - 50192 - ::1 Mozilla/5.0+(Windows+NT+6.1;+Win64;+x64)+AppleWebKit/537.36+(KHTML,+like+Gecko)+Chrome/57.0.2987.133+Safari/537.36 http://localhost:50192/Invoice/Invoiceview 200 0 0 2062
2017-04-13 11:56:11 ::1 GET /Invoice/MyDashboardInvoiceview - 50192 - ::1 Mozilla/5.0+(Windows+NT+6.1;+Win64;+x64)+AppleWebKit/537.36+(KHTML,+like+Gecko)+Chrome/57.0.2987.133+Safari/537.36 http://localhost:50192/Invoice/Invoiceview 302 0 0 13
2017-04-13 11:56:11 ::1 GET /Invoice/Invoiceview - 50192 - ::1 Mozilla/5.0+(Windows+NT+6.1;+Win64;+x64)+AppleWebKit/537.36+(KHTML,+like+Gecko)+Chrome/57.0.2987.133+Safari/537.36 http://localhost:50192/Invoice/Invoiceview 200 0 0 80
2017-04-13 11:56:11 ::1 GET /scripts/charts - 50192 - ::1 Mozilla/5.0+(Windows+NT+6.1;+Win64;+x64)+AppleWebKit/537.36+(KHTML,+like+Gecko)+Chrome/57.0.2987.133+Safari/537.36 http://localhost:50192/Invoice/Invoiceview 404 0 0 22
2017-04-13 11:56:11 ::1 GET /Invoice/js/plugin/fullcalendar/jquery.fullcalendar.min.js - 50192 - ::1 Mozilla/5.0+(Windows+NT+6.1;+Win64;+x64)+AppleWebKit/537.36+(KHTML,+like+Gecko)+Chrome/57.0.2987.133+Safari/537.36 http://localhost:50192/Invoice/Invoiceview 404 0 2 48
2017-04-13 11:56:11 ::1 GET /Invoice/js/plugin/moment/moment.min.js - 50192 - ::1 Mozilla/5.0+(Windows+NT+6.1;+Win64;+x64)+AppleWebKit/537.36+(KHTML,+like+Gecko)+Chrome/57.0.2987.133+Safari/537.36 http://localhost:50192/Invoice/Invoiceview 404 0 2 67
2017-04-13 11:56:11 ::1 GET /scripts/vector-map - 50192 - ::1 Mozilla/5.0+(Windows+NT+6.1;+Win64;+x64)+AppleWebKit/537.36+(KHTML,+like+Gecko)+Chrome/57.0.2987.133+Safari/537.36 http://localhost:50192/Invoice/Invoiceview 404 0 0 3
2017-04-13 11:56:11 ::1 GET /scripts/full-calendar - 50192 - ::1 Mozilla/5.0+(Windows+NT+6.1;+Win64;+x64)+AppleWebKit/537.36+(KHTML,+like+Gecko)+Chrome/57.0.2987.133+Safari/537.36 http://localhost:50192/Invoice/Invoiceview 404 0 0 4
2017-04-13 11:56:11 ::1 GET /Invoice/js/plugin/moment/moment.min.js - 50192 - ::1 Mozilla/5.0+(Windows+NT+6.1;+Win64;+x64)+AppleWebKit/537.36+(KHTML,+like+Gecko)+Chrome/57.0.2987.133+Safari/537.36 http://localhost:50192/Invoice/Invoiceview 404 0 2 4
2017-04-13 11:56:11 ::1 GET /Scripts/jquery.js - 50192 - ::1 Mozilla/5.0+(Windows+NT+6.1;+Win64;+x64)+AppleWebKit/537.36+(KHTML,+like+Gecko)+Chrome/57.0.2987.133+Safari/537.36 http://localhost:50192/Invoice/Invoiceview 404 0 2 8
2017-04-13 11:56:11 ::1 GET /Invoice/js/plugin/fullcalendar/jquery.fullcalendar.min.js - 50192 - ::1 Mozilla/5.0+(Windows+NT+6.1;+Win64;+x64)+AppleWebKit/537.36+(KHTML,+like+Gecko)+Chrome/57.0.2987.133+Safari/537.36 http://localhost:50192/Invoice/Invoiceview 404 0 2 11
2017-04-13 11:56:11 ::1 GET /scripts/charts - 50192 - ::1 Mozilla/5.0+(Windows+NT+6.1;+Win64;+x64)+AppleWebKit/537.36+(KHTML,+like+Gecko)+Chrome/57.0.2987.133+Safari/537.36 http://localhost:50192/Invoice/Invoiceview 404 0 0 3
2017-04-13 11:56:11 ::1 GET /scripts/vector-map - 50192 - ::1 Mozilla/5.0+(Windows+NT+6.1;+Win64;+x64)+AppleWebKit/537.36+(KHTML,+like+Gecko)+Chrome/57.0.2987.133+Safari/537.36 http://localhost:50192/Invoice/Invoiceview 404 0 0 4
2017-04-13 11:56:11 ::1 GET /scripts/full-calendar - 50192 - ::1 Mozilla/5.0+(Windows+NT+6.1;+Win64;+x64)+AppleWebKit/537.36+(KHTML,+like+Gecko)+Chrome/57.0.2987.133+Safari/537.36 http://localhost:50192/Invoice/Invoiceview 404 0 0 7
2017-04-13 11:56:11 ::1 GET /Scripts/jquery.js - 50192 - ::1 Mozilla/5.0+(Windows+NT+6.1;+Win64;+x64)+AppleWebKit/537.36+(KHTML,+like+Gecko)+Chrome/57.0.2987.133+Safari/537.36 http://localhost:50192/Invoice/Invoiceview 404 0 2 1
2017-04-13 11:56:11 ::1 GET /Invoice/js/plugin/moment/moment.min.js - 50192 - ::1 Mozilla/5.0+(Windows+NT+6.1;+Win64;+x64)+AppleWebKit/537.36+(KHTML,+like+Gecko)+Chrome/57.0.2987.133+Safari/537.36 http://localhost:50192/Invoice/Invoiceview 404 0 2 1
2017-04-13 11:56:11 ::1 GET /Invoice/js/plugin/fullcalendar/jquery.fullcalendar.min.js - 50192 - ::1 Mozilla/5.0+(Windows+NT+6.1;+Win64;+x64)+AppleWebKit/537.36+(KHTML,+like+Gecko)+Chrome/57.0.2987.133+Safari/537.36 http://localhost:50192/Invoice/Invoiceview 404 0 2 2
2017-04-13 11:56:11 ::1 POST /Invoice/GetOutStandingAmoutBar/ - 50192 - ::1 Mozilla/5.0+(Windows+NT+6.1;+Win64;+x64)+AppleWebKit/537.36+(KHTML,+like+Gecko)+Chrome/57.0.2987.133+Safari/537.36 http://localhost:50192/Invoice/Invoiceview 200 0 0 7
2017-04-13 11:56:11 ::1 POST /Invoice/GetOutStandingAmoutPerDeptid/ - 50192 - ::1 Mozilla/5.0+(Windows+NT+6.1;+Win64;+x64)+AppleWebKit/537.36+(KHTML,+like+Gecko)+Chrome/57.0.2987.133+Safari/537.36 http://localhost:50192/Invoice/Invoiceview 200 0 0 7
2017-04-13 11:56:11 ::1 GET /Invoice/GetInVoiceDetails/ _search=false&nd=1492084572488&rows=50&page=1&sidx=SlNo+asc&sord=asc 50192 - ::1 Mozilla/5.0+(Windows+NT+6.1;+Win64;+x64)+AppleWebKit/537.36+(KHTML,+like+Gecko)+Chrome/57.0.2987.133+Safari/537.36 http://localhost:50192/Invoice/Invoiceview 200 0 0 191
2017-04-13 11:56:13 ::1 GET /__browserLink/requestData/c74723a4008947b9b4c714b0fd85e4f4 version=2 50192 - ::1 Mozilla/5.0+(Windows+NT+6.1;+Win64;+x64)+AppleWebKit/537.36+(KHTML,+like+Gecko)+Chrome/57.0.2987.133+Safari/537.36 http://localhost:50192/Invoice/Invoiceview 200 0 0 114
2017-04-13 11:56:15 ::1 POST /Invoice/getCreditDetails/ - 50192 - ::1 Mozilla/5.0+(Windows+NT+6.1;+Win64;+x64)+AppleWebKit/537.36+(KHTML,+like+Gecko)+Chrome/57.0.2987.133+Safari/537.36 http://localhost:50192/Invoice/Invoiceview 200 0 0 9
2017-04-13 11:56:15 ::1 POST /Invoice/getEndUserRating/ - 50192 - ::1 Mozilla/5.0+(Windows+NT+6.1;+Win64;+x64)+AppleWebKit/537.36+(KHTML,+like+Gecko)+Chrome/57.0.2987.133+Safari/537.36 http://localhost:50192/Invoice/Invoiceview 200 0 0 11
2017-04-13 11:56:15 ::1 POST /Invoice/getInvoiceImages/ - 50192 - ::1 Mozilla/5.0+(Windows+NT+6.1;+Win64;+x64)+AppleWebKit/537.36+(KHTML,+like+Gecko)+Chrome/57.0.2987.133+Safari/537.36 http://localhost:50192/Invoice/Invoiceview 200 0 0 509
2017-04-13 11:56:15 ::1 POST /Invoice/getcomments/ - 50192 - ::1 Mozilla/5.0+(Windows+NT+6.1;+Win64;+x64)+AppleWebKit/537.36+(KHTML,+like+Gecko)+Chrome/57.0.2987.133+Safari/537.36 http://localhost:50192/Invoice/Invoiceview 200 0 0 11
2017-04-13 11:56:15 ::1 POST /Invoice/GetInvoiceTax/ - 50192 - ::1 Mozilla/5.0+(Windows+NT+6.1;+Win64;+x64)+AppleWebKit/537.36+(KHTML,+like+Gecko)+Chrome/57.0.2987.133+Safari/537.36 http://localhost:50192/Invoice/Invoiceview 200 0 0 11
2017-04-13 11:56:15 ::1 HEAD /Files/InvoiceImages/INV-2340555631114-2-23-17-1.pdf - 50192 - ::1 Mozilla/5.0+(Windows+NT+6.1;+Win64;+x64)+AppleWebKit/537.36+(KHTML,+like+Gecko)+Chrome/57.0.2987.133+Safari/537.36 http://localhost:50192/ViewerJS/ 200 0 0 3
2017-04-13 11:56:16 ::1 GET /Files/InvoiceImages/INV-2340555631114-2-23-17-1.pdf - 50192 - ::1 Mozilla/5.0+(Windows+NT+6.1;+Win64;+x64)+AppleWebKit/537.36+(KHTML,+like+Gecko)+Chrome/57.0.2987.133+Safari/537.36 http://localhost:50192/ViewerJS/pdf.worker.js 200 0 0 52
2017-04-13 11:56:16 ::1 POST /Invoice/getInvoiceData/ - 50192 - ::1 Mozilla/5.0+(Windows+NT+6.1;+Win64;+x64)+AppleWebKit/537.36+(KHTML,+like+Gecko)+Chrome/57.0.2987.133+Safari/537.36 http://localhost:50192/Invoice/Invoiceview 200 0 0 1057
2017-04-13 11:56:16 ::1 GET /Invoice/getDetailsofInvoice/ id=9331 50192 - ::1 Mozilla/5.0+(Windows+NT+6.1;+Win64;+x64)+AppleWebKit/537.36+(KHTML,+like+Gecko)+Chrome/57.0.2987.133+Safari/537.36 http://localhost:50192/Invoice/Invoiceview 200 0 0 1535
2017-04-13 11:56:17 ::1 POST /Invoice/getUltimateApproverRating/ - 50192 - ::1 Mozilla/5.0+(Windows+NT+6.1;+Win64;+x64)+AppleWebKit/537.36+(KHTML,+like+Gecko)+Chrome/57.0.2987.133+Safari/537.36 http://localhost:50192/Invoice/Invoiceview 200 0 0 2044
2017-04-13 11:56:27 ::1 GET /Invoice/DownloadFile/22 - 50192 - ::1 Mozilla/5.0+(Windows+NT+6.1;+Win64;+x64)+AppleWebKit/537.36+(KHTML,+like+Gecko)+Chrome/57.0.2987.133+Safari/537.36 http://localhost:50192/Invoice/Invoiceview 200 0 0 72
2017-04-13 11:56:37 ::1 POST /Invoice/UpdateCredit/ - 50192 - ::1 Mozilla/5.0+(Windows+NT+6.1;+Win64;+x64)+AppleWebKit/537.36+(KHTML,+like+Gecko)+Chrome/57.0.2987.133+Safari/537.36 http://localhost:50192/Invoice/Invoiceview 200 0 0 20
2017-04-13 11:56:38 ::1 POST /Invoice/getCreditDetails/ - 50192 - ::1 Mozilla/5.0+(Windows+NT+6.1;+Win64;+x64)+AppleWebKit/537.36+(KHTML,+like+Gecko)+Chrome/57.0.2987.133+Safari/537.36 http://localhost:50192/Invoice/Invoiceview 200 0 0 23
