#Software: Microsoft Internet Information Services 10.0
#Version: 1.0
#Date: 2017-04-10 04:41:13
#Fields: date time s-ip cs-method cs-uri-stem cs-uri-query s-port cs-username c-ip cs(User-Agent) cs(Referer) sc-status sc-substatus sc-win32-status time-taken
2017-04-10 04:41:13 ::1 GET / - 50192 - ::1 Mozilla/5.0+(Windows+NT+6.1;+Win64;+x64)+AppleWebKit/537.36+(KHTML,+like+Gecko)+Chrome/57.0.2987.133+Safari/537.36 - 200 0 0 20967
2017-04-10 04:41:14 ::1 GET /__browserLink/requestData/3c72544d3f114f4ab78d2e3017ebb264 version=2 50192 - ::1 Mozilla/5.0+(Windows+NT+6.1;+Win64;+x64)+AppleWebKit/537.36+(KHTML,+like+Gecko)+Chrome/57.0.2987.133+Safari/537.36 http://localhost:50192/ 200 0 0 42
2017-04-10 04:46:30 ::1 POST /Login/Submit - 50192 - ::1 Mozilla/5.0+(Windows+NT+6.1;+Win64;+x64)+AppleWebKit/537.36+(KHTML,+like+Gecko)+Chrome/57.0.2987.133+Safari/537.36 http://localhost:50192/ 302 0 0 1519
2017-04-10 04:46:37 ::1 GET /Invoice/Invoiceview - 50192 - ::1 Mozilla/5.0+(Windows+NT+6.1;+Win64;+x64)+AppleWebKit/537.36+(KHTML,+like+Gecko)+Chrome/57.0.2987.133+Safari/537.36 http://localhost:50192/ 200 0 64 6317
2017-04-10 04:46:37 ::1 POST /Login/Submit - 50192 - ::1 Mozilla/5.0+(Windows+NT+6.1;+Win64;+x64)+AppleWebKit/537.36+(KHTML,+like+Gecko)+Chrome/57.0.2987.133+Safari/537.36 http://localhost:50192/ 302 0 0 1550
2017-04-10 04:46:37 ::1 GET /Invoice/Invoiceview - 50192 - ::1 Mozilla/5.0+(Windows+NT+6.1;+Win64;+x64)+AppleWebKit/537.36+(KHTML,+like+Gecko)+Chrome/57.0.2987.133+Safari/537.36 http://localhost:50192/ 200 0 0 111
2017-04-10 04:46:37 ::1 GET /Invoice/js/plugin/fullcalendar/jquery.fullcalendar.min.js - 50192 - ::1 Mozilla/5.0+(Windows+NT+6.1;+Win64;+x64)+AppleWebKit/537.36+(KHTML,+like+Gecko)+Chrome/57.0.2987.133+Safari/537.36 http://localhost:50192/Invoice/Invoiceview 404 0 2 250
2017-04-10 04:46:37 ::1 GET /Invoice/js/plugin/moment/moment.min.js - 50192 - ::1 Mozilla/5.0+(Windows+NT+6.1;+Win64;+x64)+AppleWebKit/537.36+(KHTML,+like+Gecko)+Chrome/57.0.2987.133+Safari/537.36 http://localhost:50192/Invoice/Invoiceview 404 0 2 250
2017-04-10 04:46:37 ::1 GET /scripts/charts - 50192 - ::1 Mozilla/5.0+(Windows+NT+6.1;+Win64;+x64)+AppleWebKit/537.36+(KHTML,+like+Gecko)+Chrome/57.0.2987.133+Safari/537.36 http://localhost:50192/Invoice/Invoiceview 404 0 0 631
2017-04-10 04:46:37 ::1 GET /Invoice/js/plugin/moment/moment.min.js - 50192 - ::1 Mozilla/5.0+(Windows+NT+6.1;+Win64;+x64)+AppleWebKit/537.36+(KHTML,+like+Gecko)+Chrome/57.0.2987.133+Safari/537.36 http://localhost:50192/Invoice/Invoiceview 404 0 2 1
2017-04-10 04:46:37 ::1 GET /Invoice/js/plugin/fullcalendar/jquery.fullcalendar.min.js - 50192 - ::1 Mozilla/5.0+(Windows+NT+6.1;+Win64;+x64)+AppleWebKit/537.36+(KHTML,+like+Gecko)+Chrome/57.0.2987.133+Safari/537.36 http://localhost:50192/Invoice/Invoiceview 404 0 2 2
2017-04-10 04:46:37 ::1 GET /scripts/full-calendar - 50192 - ::1 Mozilla/5.0+(Windows+NT+6.1;+Win64;+x64)+AppleWebKit/537.36+(KHTML,+like+Gecko)+Chrome/57.0.2987.133+Safari/537.36 http://localhost:50192/Invoice/Invoiceview 404 0 0 4
2017-04-10 04:46:38 ::1 GET /scripts/charts - 50192 - ::1 Mozilla/5.0+(Windows+NT+6.1;+Win64;+x64)+AppleWebKit/537.36+(KHTML,+like+Gecko)+Chrome/57.0.2987.133+Safari/537.36 http://localhost:50192/Invoice/Invoiceview 404 0 0 3
2017-04-10 04:46:38 ::1 GET /Scripts/jquery.js - 50192 - ::1 Mozilla/5.0+(Windows+NT+6.1;+Win64;+x64)+AppleWebKit/537.36+(KHTML,+like+Gecko)+Chrome/57.0.2987.133+Safari/537.36 http://localhost:50192/Invoice/Invoiceview 404 0 2 7
2017-04-10 04:46:38 ::1 GET /scripts/vector-map - 50192 - ::1 Mozilla/5.0+(Windows+NT+6.1;+Win64;+x64)+AppleWebKit/537.36+(KHTML,+like+Gecko)+Chrome/57.0.2987.133+Safari/537.36 http://localhost:50192/Invoice/Invoiceview 404 0 0 505
2017-04-10 04:46:38 ::1 GET /scripts/full-calendar - 50192 - ::1 Mozilla/5.0+(Windows+NT+6.1;+Win64;+x64)+AppleWebKit/537.36+(KHTML,+like+Gecko)+Chrome/57.0.2987.133+Safari/537.36 http://localhost:50192/Invoice/Invoiceview 404 0 0 4
2017-04-10 04:46:38 ::1 GET /Scripts/jquery.js - 50192 - ::1 Mozilla/5.0+(Windows+NT+6.1;+Win64;+x64)+AppleWebKit/537.36+(KHTML,+like+Gecko)+Chrome/57.0.2987.133+Safari/537.36 http://localhost:50192/Invoice/Invoiceview 404 0 2 3
2017-04-10 04:46:38 ::1 GET /Invoice/js/plugin/moment/moment.min.js - 50192 - ::1 Mozilla/5.0+(Windows+NT+6.1;+Win64;+x64)+AppleWebKit/537.36+(KHTML,+like+Gecko)+Chrome/57.0.2987.133+Safari/537.36 http://localhost:50192/Invoice/Invoiceview 404 0 2 3
2017-04-10 04:46:38 ::1 GET /Invoice/js/plugin/fullcalendar/jquery.fullcalendar.min.js - 50192 - ::1 Mozilla/5.0+(Windows+NT+6.1;+Win64;+x64)+AppleWebKit/537.36+(KHTML,+like+Gecko)+Chrome/57.0.2987.133+Safari/537.36 http://localhost:50192/Invoice/Invoiceview 404 0 2 2
2017-04-10 04:46:38 ::1 POST /Invoice/GetOutStandingAmoutBar/ - 50192 - ::1 Mozilla/5.0+(Windows+NT+6.1;+Win64;+x64)+AppleWebKit/537.36+(KHTML,+like+Gecko)+Chrome/57.0.2987.133+Safari/537.36 http://localhost:50192/Invoice/Invoiceview 200 0 0 163
2017-04-10 04:46:38 ::1 POST /Invoice/GetOutStandingAmoutPerDeptid/ - 50192 - ::1 Mozilla/5.0+(Windows+NT+6.1;+Win64;+x64)+AppleWebKit/537.36+(KHTML,+like+Gecko)+Chrome/57.0.2987.133+Safari/537.36 http://localhost:50192/Invoice/Invoiceview 200 0 0 114
2017-04-10 04:46:40 ::1 GET /Invoice/GetInVoiceDetails/ _search=false&nd=1491799599267&rows=50&page=1&sidx=SlNo+asc&sord=asc 50192 - ::1 Mozilla/5.0+(Windows+NT+6.1;+Win64;+x64)+AppleWebKit/537.36+(KHTML,+like+Gecko)+Chrome/57.0.2987.133+Safari/537.36 http://localhost:50192/Invoice/Invoiceview 200 0 0 1008
2017-04-10 04:46:40 ::1 GET /__browserLink/requestData/be4d788f4fd84567a00bd66de1004ed9 version=2 50192 - ::1 Mozilla/5.0+(Windows+NT+6.1;+Win64;+x64)+AppleWebKit/537.36+(KHTML,+like+Gecko)+Chrome/57.0.2987.133+Safari/537.36 http://localhost:50192/Invoice/Invoiceview 200 0 0 95
#Software: Microsoft Internet Information Services 10.0
#Version: 1.0
#Date: 2017-04-10 06:07:17
#Fields: date time s-ip cs-method cs-uri-stem cs-uri-query s-port cs-username c-ip cs(User-Agent) cs(Referer) sc-status sc-substatus sc-win32-status time-taken
2017-04-10 06:07:17 ::1 GET /Invoice/Invoiceview - 50192 - ::1 Mozilla/5.0+(Windows+NT+6.1;+Win64;+x64)+AppleWebKit/537.36+(KHTML,+like+Gecko)+Chrome/57.0.2987.133+Safari/537.36 http://localhost:50192/ 302 0 0 1843
2017-04-10 06:07:17 ::1 GET /Login/Login - 50192 - ::1 Mozilla/5.0+(Windows+NT+6.1;+Win64;+x64)+AppleWebKit/537.36+(KHTML,+like+Gecko)+Chrome/57.0.2987.133+Safari/537.36 http://localhost:50192/ 200 0 0 2167
2017-04-10 06:07:18 ::1 GET /__browserLink/requestData/733018b2ab0f4287a49e41e0c0343f48 version=2 50192 - ::1 Mozilla/5.0+(Windows+NT+6.1;+Win64;+x64)+AppleWebKit/537.36+(KHTML,+like+Gecko)+Chrome/57.0.2987.133+Safari/537.36 http://localhost:50192/Login/Login 200 0 0 12
2017-04-10 06:07:27 ::1 POST /Login/Submit - 50192 - ::1 Mozilla/5.0+(Windows+NT+6.1;+Win64;+x64)+AppleWebKit/537.36+(KHTML,+like+Gecko)+Chrome/57.0.2987.133+Safari/537.36 http://localhost:50192/Login/Login 302 0 0 14
2017-04-10 06:07:27 ::1 GET /Invoice/Invoiceview - 50192 - ::1 Mozilla/5.0+(Windows+NT+6.1;+Win64;+x64)+AppleWebKit/537.36+(KHTML,+like+Gecko)+Chrome/57.0.2987.133+Safari/537.36 http://localhost:50192/Login/Login 200 0 0 76
2017-04-10 06:07:27 ::1 GET /scripts/charts - 50192 - ::1 Mozilla/5.0+(Windows+NT+6.1;+Win64;+x64)+AppleWebKit/537.36+(KHTML,+like+Gecko)+Chrome/57.0.2987.133+Safari/537.36 http://localhost:50192/Invoice/Invoiceview 404 0 0 32
2017-04-10 06:07:27 ::1 GET /Invoice/js/plugin/moment/moment.min.js - 50192 - ::1 Mozilla/5.0+(Windows+NT+6.1;+Win64;+x64)+AppleWebKit/537.36+(KHTML,+like+Gecko)+Chrome/57.0.2987.133+Safari/537.36 http://localhost:50192/Invoice/Invoiceview 404 0 2 37
2017-04-10 06:07:27 ::1 GET /Invoice/js/plugin/fullcalendar/jquery.fullcalendar.min.js - 50192 - ::1 Mozilla/5.0+(Windows+NT+6.1;+Win64;+x64)+AppleWebKit/537.36+(KHTML,+like+Gecko)+Chrome/57.0.2987.133+Safari/537.36 http://localhost:50192/Invoice/Invoiceview 404 0 2 37
2017-04-10 06:07:27 ::1 GET /scripts/vector-map - 50192 - ::1 Mozilla/5.0+(Windows+NT+6.1;+Win64;+x64)+AppleWebKit/537.36+(KHTML,+like+Gecko)+Chrome/57.0.2987.133+Safari/537.36 http://localhost:50192/Invoice/Invoiceview 404 0 0 3
2017-04-10 06:07:27 ::1 GET /scripts/full-calendar - 50192 - ::1 Mozilla/5.0+(Windows+NT+6.1;+Win64;+x64)+AppleWebKit/537.36+(KHTML,+like+Gecko)+Chrome/57.0.2987.133+Safari/537.36 http://localhost:50192/Invoice/Invoiceview 404 0 0 8
2017-04-10 06:07:27 ::1 GET /Scripts/jquery.js - 50192 - ::1 Mozilla/5.0+(Windows+NT+6.1;+Win64;+x64)+AppleWebKit/537.36+(KHTML,+like+Gecko)+Chrome/57.0.2987.133+Safari/537.36 http://localhost:50192/Invoice/Invoiceview 404 0 2 1
2017-04-10 06:07:27 ::1 GET /Invoice/js/plugin/moment/moment.min.js - 50192 - ::1 Mozilla/5.0+(Windows+NT+6.1;+Win64;+x64)+AppleWebKit/537.36+(KHTML,+like+Gecko)+Chrome/57.0.2987.133+Safari/537.36 http://localhost:50192/Invoice/Invoiceview 404 0 2 2
2017-04-10 06:07:27 ::1 GET /Invoice/js/plugin/fullcalendar/jquery.fullcalendar.min.js - 50192 - ::1 Mozilla/5.0+(Windows+NT+6.1;+Win64;+x64)+AppleWebKit/537.36+(KHTML,+like+Gecko)+Chrome/57.0.2987.133+Safari/537.36 http://localhost:50192/Invoice/Invoiceview 404 0 2 2
2017-04-10 06:07:27 ::1 GET /scripts/charts - 50192 - ::1 Mozilla/5.0+(Windows+NT+6.1;+Win64;+x64)+AppleWebKit/537.36+(KHTML,+like+Gecko)+Chrome/57.0.2987.133+Safari/537.36 http://localhost:50192/Invoice/Invoiceview 404 0 0 3
2017-04-10 06:07:27 ::1 GET /scripts/vector-map - 50192 - ::1 Mozilla/5.0+(Windows+NT+6.1;+Win64;+x64)+AppleWebKit/537.36+(KHTML,+like+Gecko)+Chrome/57.0.2987.133+Safari/537.36 http://localhost:50192/Invoice/Invoiceview 404 0 0 3
2017-04-10 06:07:27 ::1 GET /scripts/full-calendar - 50192 - ::1 Mozilla/5.0+(Windows+NT+6.1;+Win64;+x64)+AppleWebKit/537.36+(KHTML,+like+Gecko)+Chrome/57.0.2987.133+Safari/537.36 http://localhost:50192/Invoice/Invoiceview 404 0 0 3
2017-04-10 06:07:27 ::1 GET /Scripts/jquery.js - 50192 - ::1 Mozilla/5.0+(Windows+NT+6.1;+Win64;+x64)+AppleWebKit/537.36+(KHTML,+like+Gecko)+Chrome/57.0.2987.133+Safari/537.36 http://localhost:50192/Invoice/Invoiceview 404 0 2 1
2017-04-10 06:07:27 ::1 GET /Invoice/js/plugin/moment/moment.min.js - 50192 - ::1 Mozilla/5.0+(Windows+NT+6.1;+Win64;+x64)+AppleWebKit/537.36+(KHTML,+like+Gecko)+Chrome/57.0.2987.133+Safari/537.36 http://localhost:50192/Invoice/Invoiceview 404 0 2 1
2017-04-10 06:07:27 ::1 GET /Invoice/js/plugin/fullcalendar/jquery.fullcalendar.min.js - 50192 - ::1 Mozilla/5.0+(Windows+NT+6.1;+Win64;+x64)+AppleWebKit/537.36+(KHTML,+like+Gecko)+Chrome/57.0.2987.133+Safari/537.36 http://localhost:50192/Invoice/Invoiceview 404 0 2 2
2017-04-10 06:07:28 ::1 POST /Invoice/GetOutStandingAmoutBar/ - 50192 - ::1 Mozilla/5.0+(Windows+NT+6.1;+Win64;+x64)+AppleWebKit/537.36+(KHTML,+like+Gecko)+Chrome/57.0.2987.133+Safari/537.36 http://localhost:50192/Invoice/Invoiceview 200 0 0 8
2017-04-10 06:07:28 ::1 POST /Invoice/GetOutStandingAmoutPerDeptid/ - 50192 - ::1 Mozilla/5.0+(Windows+NT+6.1;+Win64;+x64)+AppleWebKit/537.36+(KHTML,+like+Gecko)+Chrome/57.0.2987.133+Safari/537.36 http://localhost:50192/Invoice/Invoiceview 200 0 0 9
2017-04-10 06:07:28 ::1 GET /Invoice/GetInVoiceDetails/ _search=false&nd=1491804448264&rows=50&page=1&sidx=SlNo+asc&sord=asc 50192 - ::1 Mozilla/5.0+(Windows+NT+6.1;+Win64;+x64)+AppleWebKit/537.36+(KHTML,+like+Gecko)+Chrome/57.0.2987.133+Safari/537.36 http://localhost:50192/Invoice/Invoiceview 200 0 0 55
2017-04-10 06:07:28 ::1 GET /favicon.ico - 50192 - ::1 Mozilla/5.0+(Windows+NT+6.1;+Win64;+x64)+AppleWebKit/537.36+(KHTML,+like+Gecko)+Chrome/57.0.2987.133+Safari/537.36 http://localhost:50192/Invoice/Invoiceview 200 0 0 83
2017-04-10 06:07:29 ::1 GET /__browserLink/requestData/df29438b6443456babd98c777d5476fc version=2 50192 - ::1 Mozilla/5.0+(Windows+NT+6.1;+Win64;+x64)+AppleWebKit/537.36+(KHTML,+like+Gecko)+Chrome/57.0.2987.133+Safari/537.36 http://localhost:50192/Invoice/Invoiceview 200 0 0 77
2017-04-10 06:13:00 ::1 POST /Invoice/getCreditDetails/ - 50192 - ::1 Mozilla/5.0+(Windows+NT+6.1;+Win64;+x64)+AppleWebKit/537.36+(KHTML,+like+Gecko)+Chrome/57.0.2987.133+Safari/537.36 http://localhost:50192/Invoice/Invoiceview 200 0 0 20
2017-04-10 06:13:00 ::1 POST /Invoice/getEndUserRating/ - 50192 - ::1 Mozilla/5.0+(Windows+NT+6.1;+Win64;+x64)+AppleWebKit/537.36+(KHTML,+like+Gecko)+Chrome/57.0.2987.133+Safari/537.36 http://localhost:50192/Invoice/Invoiceview 200 0 0 45
2017-04-10 06:13:00 ::1 POST /Invoice/getInvoiceData/ - 50192 - ::1 Mozilla/5.0+(Windows+NT+6.1;+Win64;+x64)+AppleWebKit/537.36+(KHTML,+like+Gecko)+Chrome/57.0.2987.133+Safari/537.36 http://localhost:50192/Invoice/Invoiceview 200 0 0 556
2017-04-10 06:13:01 ::1 GET /Invoice/getDetailsofInvoice/ id=8330 50192 - ::1 Mozilla/5.0+(Windows+NT+6.1;+Win64;+x64)+AppleWebKit/537.36+(KHTML,+like+Gecko)+Chrome/57.0.2987.133+Safari/537.36 http://localhost:50192/Invoice/Invoiceview 200 0 0 1099
2017-04-10 06:13:01 ::1 POST /Invoice/getInvoiceImages/ - 50192 - ::1 Mozilla/5.0+(Windows+NT+6.1;+Win64;+x64)+AppleWebKit/537.36+(KHTML,+like+Gecko)+Chrome/57.0.2987.133+Safari/537.36 http://localhost:50192/Invoice/Invoiceview 200 0 0 1605
2017-04-10 06:13:01 ::1 POST /Invoice/getcomments/ - 50192 - ::1 Mozilla/5.0+(Windows+NT+6.1;+Win64;+x64)+AppleWebKit/537.36+(KHTML,+like+Gecko)+Chrome/57.0.2987.133+Safari/537.36 http://localhost:50192/Invoice/Invoiceview 200 0 0 13
2017-04-10 06:13:01 ::1 POST /Invoice/GetInvoiceTax/ - 50192 - ::1 Mozilla/5.0+(Windows+NT+6.1;+Win64;+x64)+AppleWebKit/537.36+(KHTML,+like+Gecko)+Chrome/57.0.2987.133+Safari/537.36 http://localhost:50192/Invoice/Invoiceview 200 0 0 12
2017-04-10 06:13:01 ::1 POST /Invoice/getUltimateApproverRating/ - 50192 - ::1 Mozilla/5.0+(Windows+NT+6.1;+Win64;+x64)+AppleWebKit/537.36+(KHTML,+like+Gecko)+Chrome/57.0.2987.133+Safari/537.36 http://localhost:50192/Invoice/Invoiceview 200 0 0 2070
