#Software: Microsoft Internet Information Services 10.0
#Version: 1.0
#Date: 2017-03-09 06:12:48
#Fields: date time s-ip cs-method cs-uri-stem cs-uri-query s-port cs-username c-ip cs(User-Agent) cs(Referer) sc-status sc-substatus sc-win32-status time-taken
2017-03-09 06:12:48 ::1 GET / - 50843 - ::1 Mozilla/5.0+(Windows+NT+6.1;+Win64;+x64)+AppleWebKit/537.36+(KHTML,+like+Gecko)+Chrome/56.0.2924.87+Safari/537.36 - 200 0 0 11398
2017-03-09 06:12:48 ::1 GET /Scripts/libs/jquery-2.1.1.min.js - 50843 - ::1 Mozilla/5.0+(Windows+NT+6.1;+Win64;+x64)+AppleWebKit/537.36+(KHTML,+like+Gecko)+Chrome/56.0.2924.87+Safari/537.36 http://localhost:50843/ 404 0 2 3
2017-03-09 06:12:48 ::1 GET /Scripts/app.config.js - 50843 - ::1 Mozilla/5.0+(Windows+NT+6.1;+Win64;+x64)+AppleWebKit/537.36+(KHTML,+like+Gecko)+Chrome/56.0.2924.87+Safari/537.36 http://localhost:50843/ 404 0 2 2
2017-03-09 06:12:48 ::1 GET /Scripts/bootstrap/bootstrap.min.js - 50843 - ::1 Mozilla/5.0+(Windows+NT+6.1;+Win64;+x64)+AppleWebKit/537.36+(KHTML,+like+Gecko)+Chrome/56.0.2924.87+Safari/537.36 http://localhost:50843/ 404 0 2 2
2017-03-09 06:12:48 ::1 GET /Scripts/notification/SmartNotification.min.js - 50843 - ::1 Mozilla/5.0+(Windows+NT+6.1;+Win64;+x64)+AppleWebKit/537.36+(KHTML,+like+Gecko)+Chrome/56.0.2924.87+Safari/537.36 http://localhost:50843/ 404 0 2 3
2017-03-09 06:12:48 ::1 GET /Scripts/plugin/jquery-validate/jquery.validate.min.js - 50843 - ::1 Mozilla/5.0+(Windows+NT+6.1;+Win64;+x64)+AppleWebKit/537.36+(KHTML,+like+Gecko)+Chrome/56.0.2924.87+Safari/537.36 http://localhost:50843/ 404 0 2 3
2017-03-09 06:12:48 ::1 GET /Scripts/plugin/masked-input/jquery.maskedinput.min.js - 50843 - ::1 Mozilla/5.0+(Windows+NT+6.1;+Win64;+x64)+AppleWebKit/537.36+(KHTML,+like+Gecko)+Chrome/56.0.2924.87+Safari/537.36 http://localhost:50843/ 404 0 2 6
2017-03-09 06:12:48 ::1 GET /Scripts/app.min.js - 50843 - ::1 Mozilla/5.0+(Windows+NT+6.1;+Win64;+x64)+AppleWebKit/537.36+(KHTML,+like+Gecko)+Chrome/56.0.2924.87+Safari/537.36 http://localhost:50843/ 404 0 2 6
2017-03-09 06:12:48 ::1 GET /Scripts/libs/jquery-2.1.1.min.js - 50843 - ::1 Mozilla/5.0+(Windows+NT+6.1;+Win64;+x64)+AppleWebKit/537.36+(KHTML,+like+Gecko)+Chrome/56.0.2924.87+Safari/537.36 http://localhost:50843/ 404 0 2 3
2017-03-09 06:12:48 ::1 GET /Scripts/app.config.js - 50843 - ::1 Mozilla/5.0+(Windows+NT+6.1;+Win64;+x64)+AppleWebKit/537.36+(KHTML,+like+Gecko)+Chrome/56.0.2924.87+Safari/537.36 http://localhost:50843/ 404 0 2 2
2017-03-09 06:12:48 ::1 GET /Scripts/bootstrap/bootstrap.min.js - 50843 - ::1 Mozilla/5.0+(Windows+NT+6.1;+Win64;+x64)+AppleWebKit/537.36+(KHTML,+like+Gecko)+Chrome/56.0.2924.87+Safari/537.36 http://localhost:50843/ 404 0 2 2
2017-03-09 06:12:48 ::1 GET /Scripts/notification/SmartNotification.min.js - 50843 - ::1 Mozilla/5.0+(Windows+NT+6.1;+Win64;+x64)+AppleWebKit/537.36+(KHTML,+like+Gecko)+Chrome/56.0.2924.87+Safari/537.36 http://localhost:50843/ 404 0 2 2
2017-03-09 06:12:48 ::1 GET /Scripts/plugin/jquery-validate/jquery.validate.min.js - 50843 - ::1 Mozilla/5.0+(Windows+NT+6.1;+Win64;+x64)+AppleWebKit/537.36+(KHTML,+like+Gecko)+Chrome/56.0.2924.87+Safari/537.36 http://localhost:50843/ 404 0 2 2
2017-03-09 06:12:48 ::1 GET /Scripts/plugin/masked-input/jquery.maskedinput.min.js - 50843 - ::1 Mozilla/5.0+(Windows+NT+6.1;+Win64;+x64)+AppleWebKit/537.36+(KHTML,+like+Gecko)+Chrome/56.0.2924.87+Safari/537.36 http://localhost:50843/ 404 0 2 2
2017-03-09 06:12:48 ::1 GET /Scripts/app.min.js - 50843 - ::1 Mozilla/5.0+(Windows+NT+6.1;+Win64;+x64)+AppleWebKit/537.36+(KHTML,+like+Gecko)+Chrome/56.0.2924.87+Safari/537.36 http://localhost:50843/ 404 0 2 2
2017-03-09 06:12:49 ::1 GET /__browserLink/requestData/5780b2db493541bca3ecb5208ef424de version=2 50843 - ::1 Mozilla/5.0+(Windows+NT+6.1;+Win64;+x64)+AppleWebKit/537.36+(KHTML,+like+Gecko)+Chrome/56.0.2924.87+Safari/537.36 http://localhost:50843/ 200 0 0 51
2017-03-09 06:13:07 ::1 POST /Login/Submit - 50843 - ::1 Mozilla/5.0+(Windows+NT+6.1;+Win64;+x64)+AppleWebKit/537.36+(KHTML,+like+Gecko)+Chrome/56.0.2924.87+Safari/537.36 http://localhost:50843/ 302 0 0 971
2017-03-09 06:13:09 ::1 GET /Dashboard/index - 50843 - ::1 Mozilla/5.0+(Windows+NT+6.1;+Win64;+x64)+AppleWebKit/537.36+(KHTML,+like+Gecko)+Chrome/56.0.2924.87+Safari/537.36 http://localhost:50843/ 200 0 0 2337
2017-03-09 06:13:11 ::1 GET /__browserLink/requestData/dcf0f27a60f54369bc8dcdc52ecee191 version=2 50843 - ::1 Mozilla/5.0+(Windows+NT+6.1;+Win64;+x64)+AppleWebKit/537.36+(KHTML,+like+Gecko)+Chrome/56.0.2924.87+Safari/537.36 http://localhost:50843/Dashboard/index 200 0 0 21
2017-03-09 06:24:14 ::1 GET /Dashboard/index - 50843 - ::1 Mozilla/5.0+(Windows+NT+6.1;+Win64;+x64)+AppleWebKit/537.36+(KHTML,+like+Gecko)+Chrome/56.0.2924.87+Safari/537.36 http://localhost:50843/ 200 0 0 41
2017-03-09 06:24:16 ::1 GET /favicon.ico - 50843 - ::1 Mozilla/5.0+(Windows+NT+6.1;+Win64;+x64)+AppleWebKit/537.36+(KHTML,+like+Gecko)+Chrome/56.0.2924.87+Safari/537.36 http://localhost:50843/Dashboard/index 200 0 0 14
2017-03-09 06:24:16 ::1 GET /__browserLink/requestData/90d9ba5904214aa8afdb876c457af7fe version=2 50843 - ::1 Mozilla/5.0+(Windows+NT+6.1;+Win64;+x64)+AppleWebKit/537.36+(KHTML,+like+Gecko)+Chrome/56.0.2924.87+Safari/537.36 http://localhost:50843/Dashboard/index 200 0 0 14
#Software: Microsoft Internet Information Services 10.0
#Version: 1.0
#Date: 2017-03-09 06:58:17
#Fields: date time s-ip cs-method cs-uri-stem cs-uri-query s-port cs-username c-ip cs(User-Agent) cs(Referer) sc-status sc-substatus sc-win32-status time-taken
2017-03-09 06:58:17 ::1 POST /DashBoard/GetAllProducts/ - 50843 - ::1 Mozilla/5.0+(Windows+NT+6.1;+Win64;+x64)+AppleWebKit/537.36+(KHTML,+like+Gecko)+Chrome/56.0.2924.87+Safari/537.36 http://localhost:50843/Dashboard/index 200 0 0 163
2017-03-09 06:58:23 ::1 GET /Invoice/InvoiceView id=6268 50843 - ::1 Mozilla/5.0+(Windows+NT+6.1;+Win64;+x64)+AppleWebKit/537.36+(KHTML,+like+Gecko)+Chrome/56.0.2924.87+Safari/537.36 http://localhost:50843/Dashboard/index 200 0 0 1811
2017-03-09 06:58:23 ::1 POST /Invoice/getcomments/ - 50843 - ::1 Mozilla/5.0+(Windows+NT+6.1;+Win64;+x64)+AppleWebKit/537.36+(KHTML,+like+Gecko)+Chrome/56.0.2924.87+Safari/537.36 http://localhost:50843/Invoice/InvoiceView?id=6268 200 0 0 158
2017-03-09 06:58:24 ::1 GET /__browserLink/requestData/791a4f332ffc4b10a3bece5edb1129ad version=2 50843 - ::1 Mozilla/5.0+(Windows+NT+6.1;+Win64;+x64)+AppleWebKit/537.36+(KHTML,+like+Gecko)+Chrome/56.0.2924.87+Safari/537.36 http://localhost:50843/Invoice/InvoiceView?id=6268 200 0 0 21
