#Software: Microsoft Internet Information Services 10.0
#Version: 1.0
#Date: 2017-04-03 05:02:40
#Fields: date time s-ip cs-method cs-uri-stem cs-uri-query s-port cs-username c-ip cs(User-Agent) cs(Referer) sc-status sc-substatus sc-win32-status time-taken
2017-04-03 05:02:40 ::1 GET / - 50203 - ::1 Mozilla/5.0+(Windows+NT+6.1;+Win64;+x64)+AppleWebKit/537.36+(KHTML,+like+Gecko)+Chrome/56.0.2924.87+Safari/537.36 - 200 0 0 8166
2017-04-03 05:02:40 ::1 GET /Content/site.css - 50203 - ::1 Mozilla/5.0+(Windows+NT+6.1;+Win64;+x64)+AppleWebKit/537.36+(KHTML,+like+Gecko)+Chrome/56.0.2924.87+Safari/537.36 http://localhost:50203/ 200 0 0 8
2017-04-03 05:02:40 ::1 GET /Scripts/jquery.dataTables.min.js - 50203 - ::1 Mozilla/5.0+(Windows+NT+6.1;+Win64;+x64)+AppleWebKit/537.36+(KHTML,+like+Gecko)+Chrome/56.0.2924.87+Safari/537.36 http://localhost:50203/ 304 0 0 3
2017-04-03 05:02:40 ::1 GET /Content/jquery.dataTables.min.css - 50203 - ::1 Mozilla/5.0+(Windows+NT+6.1;+Win64;+x64)+AppleWebKit/537.36+(KHTML,+like+Gecko)+Chrome/56.0.2924.87+Safari/537.36 http://localhost:50203/ 200 0 0 31
2017-04-03 05:02:40 ::1 GET /bower_components/font-awesome/css/font-awesome.min.css - 50203 - ::1 Mozilla/5.0+(Windows+NT+6.1;+Win64;+x64)+AppleWebKit/537.36+(KHTML,+like+Gecko)+Chrome/56.0.2924.87+Safari/537.36 http://localhost:50203/ 200 0 0 303
2017-04-03 05:02:40 ::1 GET /Content/bootstrap.css - 50203 - ::1 Mozilla/5.0+(Windows+NT+6.1;+Win64;+x64)+AppleWebKit/537.36+(KHTML,+like+Gecko)+Chrome/56.0.2924.87+Safari/537.36 http://localhost:50203/ 200 0 0 306
2017-04-03 05:02:40 ::1 GET /Content/images/zoom_in.png - 50203 - ::1 Mozilla/5.0+(Windows+NT+6.1;+Win64;+x64)+AppleWebKit/537.36+(KHTML,+like+Gecko)+Chrome/56.0.2924.87+Safari/537.36 http://localhost:50203/ 200 0 0 16
2017-04-03 05:02:40 ::1 GET /Content/images/zoom_out.png - 50203 - ::1 Mozilla/5.0+(Windows+NT+6.1;+Win64;+x64)+AppleWebKit/537.36+(KHTML,+like+Gecko)+Chrome/56.0.2924.87+Safari/537.36 http://localhost:50203/ 200 0 0 2
2017-04-03 05:02:40 ::1 GET /bower_components/font-awesome/fonts/fontawesome-webfont.woff v=4.2.0 50203 - ::1 Mozilla/5.0+(Windows+NT+6.1;+Win64;+x64)+AppleWebKit/537.36+(KHTML,+like+Gecko)+Chrome/56.0.2924.87+Safari/537.36 http://localhost:50203/bower_components/font-awesome/css/font-awesome.min.css 200 0 0 36
2017-04-03 05:02:40 ::1 GET /favicon.ico - 50203 - ::1 Mozilla/5.0+(Windows+NT+6.1;+Win64;+x64)+AppleWebKit/537.36+(KHTML,+like+Gecko)+Chrome/56.0.2924.87+Safari/537.36 http://localhost:50203/ 200 0 0 33
2017-04-03 05:02:41 ::1 GET /__browserLink/requestData/905da388ec57457d87a5cb32bc1a76aa version=2 50203 - ::1 Mozilla/5.0+(Windows+NT+6.1;+Win64;+x64)+AppleWebKit/537.36+(KHTML,+like+Gecko)+Chrome/56.0.2924.87+Safari/537.36 http://localhost:50203/ 200 0 0 76
2017-04-03 05:08:04 ::1 GET / - 50203 - ::1 Mozilla/5.0+(Windows+NT+6.1;+Win64;+x64)+AppleWebKit/537.36+(KHTML,+like+Gecko)+Chrome/56.0.2924.87+Safari/537.36 - 200 0 0 19
2017-04-03 05:08:04 ::1 GET /favicon.ico - 50203 - ::1 Mozilla/5.0+(Windows+NT+6.1;+Win64;+x64)+AppleWebKit/537.36+(KHTML,+like+Gecko)+Chrome/56.0.2924.87+Safari/537.36 http://localhost:50203/ 200 0 0 15
2017-04-03 05:08:04 ::1 GET /__browserLink/requestData/31f1ae932efb4051944f533ea8541a3a version=2 50203 - ::1 Mozilla/5.0+(Windows+NT+6.1;+Win64;+x64)+AppleWebKit/537.36+(KHTML,+like+Gecko)+Chrome/56.0.2924.87+Safari/537.36 http://localhost:50203/ 200 0 0 5
2017-04-03 05:08:06 ::1 GET / - 50203 - ::1 Mozilla/5.0+(Windows+NT+6.1;+Win64;+x64)+AppleWebKit/537.36+(KHTML,+like+Gecko)+Chrome/56.0.2924.87+Safari/537.36 - 200 0 0 19
2017-04-03 05:08:06 ::1 GET /favicon.ico - 50203 - ::1 Mozilla/5.0+(Windows+NT+6.1;+Win64;+x64)+AppleWebKit/537.36+(KHTML,+like+Gecko)+Chrome/56.0.2924.87+Safari/537.36 http://localhost:50203/ 200 0 0 17
2017-04-03 05:08:06 ::1 GET /__browserLink/requestData/cb63f503b5774dad91ab1fdcb37ee04d version=2 50203 - ::1 Mozilla/5.0+(Windows+NT+6.1;+Win64;+x64)+AppleWebKit/537.36+(KHTML,+like+Gecko)+Chrome/56.0.2924.87+Safari/537.36 http://localhost:50203/ 200 0 0 5
2017-04-03 05:08:07 ::1 GET / - 50203 - ::1 Mozilla/5.0+(Windows+NT+6.1;+Win64;+x64)+AppleWebKit/537.36+(KHTML,+like+Gecko)+Chrome/56.0.2924.87+Safari/537.36 - 200 0 0 21
2017-04-03 05:08:07 ::1 GET /favicon.ico - 50203 - ::1 Mozilla/5.0+(Windows+NT+6.1;+Win64;+x64)+AppleWebKit/537.36+(KHTML,+like+Gecko)+Chrome/56.0.2924.87+Safari/537.36 http://localhost:50203/ 200 0 0 2
2017-04-03 05:08:07 ::1 GET /__browserLink/requestData/9936c72ca7ce41cd954bd6870569de9f version=2 50203 - ::1 Mozilla/5.0+(Windows+NT+6.1;+Win64;+x64)+AppleWebKit/537.36+(KHTML,+like+Gecko)+Chrome/56.0.2924.87+Safari/537.36 http://localhost:50203/ 200 0 0 6
2017-04-03 05:14:01 ::1 GET / - 50203 - ::1 Mozilla/5.0+(Windows+NT+6.1;+Win64;+x64)+AppleWebKit/537.36+(KHTML,+like+Gecko)+Chrome/56.0.2924.87+Safari/537.36 - 200 0 0 80
2017-04-03 05:14:01 ::1 GET /__browserLink/requestData/0ea4dc96ce914e759469ab14a2cb6929 version=2 50203 - ::1 Mozilla/5.0+(Windows+NT+6.1;+Win64;+x64)+AppleWebKit/537.36+(KHTML,+like+Gecko)+Chrome/56.0.2924.87+Safari/537.36 http://localhost:50203/ 200 0 0 5
2017-04-03 05:15:59 ::1 POST /Home/NewgetImageLists - 50203 - ::1 Mozilla/5.0+(Windows+NT+6.1;+Win64;+x64)+AppleWebKit/537.36+(KHTML,+like+Gecko)+Chrome/56.0.2924.87+Safari/537.36 http://localhost:50203/ 200 0 0 190
2017-04-03 05:15:59 ::1 GET /Content/images/loading-icon.gif - 50203 - ::1 Mozilla/5.0+(Windows+NT+6.1;+Win64;+x64)+AppleWebKit/537.36+(KHTML,+like+Gecko)+Chrome/56.0.2924.87+Safari/537.36 http://localhost:50203/ 200 0 0 39
2017-04-03 05:15:59 ::1 GET /ViewerJS/ - 50203 - ::1 Mozilla/5.0+(Windows+NT+6.1;+Win64;+x64)+AppleWebKit/537.36+(KHTML,+like+Gecko)+Chrome/56.0.2924.87+Safari/537.36 http://localhost:50203/ 200 0 0 56
2017-04-03 05:15:59 ::1 GET /ViewerJS/PluginLoader.js - 50203 - ::1 Mozilla/5.0+(Windows+NT+6.1;+Win64;+x64)+AppleWebKit/537.36+(KHTML,+like+Gecko)+Chrome/56.0.2924.87+Safari/537.36 http://localhost:50203/ViewerJS/ 200 0 0 25
2017-04-03 05:15:59 ::1 GET /ViewerJS/viewer.js - 50203 - ::1 Mozilla/5.0+(Windows+NT+6.1;+Win64;+x64)+AppleWebKit/537.36+(KHTML,+like+Gecko)+Chrome/56.0.2924.87+Safari/537.36 http://localhost:50203/ViewerJS/ 200 0 0 37
2017-04-03 05:15:59 ::1 GET /ViewerJS/viewer.css - 50203 - ::1 Mozilla/5.0+(Windows+NT+6.1;+Win64;+x64)+AppleWebKit/537.36+(KHTML,+like+Gecko)+Chrome/56.0.2924.87+Safari/537.36 http://localhost:50203/ViewerJS/ 200 0 0 42
2017-04-03 05:15:59 ::1 GET /ViewerJS/images/toolbarButton-download.png - 50203 - ::1 Mozilla/5.0+(Windows+NT+6.1;+Win64;+x64)+AppleWebKit/537.36+(KHTML,+like+Gecko)+Chrome/56.0.2924.87+Safari/537.36 http://localhost:50203/ViewerJS/viewer.css 200 0 0 29
2017-04-03 05:15:59 ::1 GET /ViewerJS/images/toolbarButton-presentation.png - 50203 - ::1 Mozilla/5.0+(Windows+NT+6.1;+Win64;+x64)+AppleWebKit/537.36+(KHTML,+like+Gecko)+Chrome/56.0.2924.87+Safari/537.36 http://localhost:50203/ViewerJS/viewer.css 200 0 0 34
2017-04-03 05:15:59 ::1 GET /ViewerJS/images/toolbarButton-pageUp.png - 50203 - ::1 Mozilla/5.0+(Windows+NT+6.1;+Win64;+x64)+AppleWebKit/537.36+(KHTML,+like+Gecko)+Chrome/56.0.2924.87+Safari/537.36 http://localhost:50203/ViewerJS/viewer.css 200 0 0 32
2017-04-03 05:15:59 ::1 GET /ViewerJS/images/toolbarButton-fullscreen.png - 50203 - ::1 Mozilla/5.0+(Windows+NT+6.1;+Win64;+x64)+AppleWebKit/537.36+(KHTML,+like+Gecko)+Chrome/56.0.2924.87+Safari/537.36 http://localhost:50203/ViewerJS/viewer.css 200 0 0 37
2017-04-03 05:15:59 ::1 GET /ViewerJS/images/toolbarButton-pageDown.png - 50203 - ::1 Mozilla/5.0+(Windows+NT+6.1;+Win64;+x64)+AppleWebKit/537.36+(KHTML,+like+Gecko)+Chrome/56.0.2924.87+Safari/537.36 http://localhost:50203/ViewerJS/viewer.css 200 0 0 6
2017-04-03 05:15:59 ::1 GET /ViewerJS/images/toolbarButton-zoomIn.png - 50203 - ::1 Mozilla/5.0+(Windows+NT+6.1;+Win64;+x64)+AppleWebKit/537.36+(KHTML,+like+Gecko)+Chrome/56.0.2924.87+Safari/537.36 http://localhost:50203/ViewerJS/viewer.css 200 0 0 2
2017-04-03 05:15:59 ::1 GET /ViewerJS/images/toolbarButton-menuArrows.png - 50203 - ::1 Mozilla/5.0+(Windows+NT+6.1;+Win64;+x64)+AppleWebKit/537.36+(KHTML,+like+Gecko)+Chrome/56.0.2924.87+Safari/537.36 http://localhost:50203/ViewerJS/viewer.css 200 0 0 7
2017-04-03 05:15:59 ::1 GET /ViewerJS/images/toolbarButton-zoomOut.png - 50203 - ::1 Mozilla/5.0+(Windows+NT+6.1;+Win64;+x64)+AppleWebKit/537.36+(KHTML,+like+Gecko)+Chrome/56.0.2924.87+Safari/537.36 http://localhost:50203/ViewerJS/viewer.css 200 0 0 7
2017-04-03 05:15:59 ::1 GET /ViewerJS/images/texture.png - 50203 - ::1 Mozilla/5.0+(Windows+NT+6.1;+Win64;+x64)+AppleWebKit/537.36+(KHTML,+like+Gecko)+Chrome/56.0.2924.87+Safari/537.36 http://localhost:50203/ViewerJS/viewer.css 200 0 0 49
2017-04-03 05:15:59 ::1 HEAD /Files/Temp/8a32ec52-bd18-471e-a036-00bdab042dd4/invoice_copy.pdf - 50203 - ::1 Mozilla/5.0+(Windows+NT+6.1;+Win64;+x64)+AppleWebKit/537.36+(KHTML,+like+Gecko)+Chrome/56.0.2924.87+Safari/537.36 http://localhost:50203/ViewerJS/ 200 0 0 13
2017-04-03 05:15:59 ::1 GET /ViewerJS/PDFViewerPlugin.js - 50203 - ::1 Mozilla/5.0+(Windows+NT+6.1;+Win64;+x64)+AppleWebKit/537.36+(KHTML,+like+Gecko)+Chrome/56.0.2924.87+Safari/537.36 http://localhost:50203/ViewerJS/ 200 0 0 79
2017-04-03 05:15:59 ::1 GET /ViewerJS/images/kogmbh.png - 50203 - ::1 Mozilla/5.0+(Windows+NT+6.1;+Win64;+x64)+AppleWebKit/537.36+(KHTML,+like+Gecko)+Chrome/56.0.2924.87+Safari/537.36 http://localhost:50203/ViewerJS/ 200 0 0 5
2017-04-03 05:15:59 ::1 GET /ViewerJS/images/nlnet.png - 50203 - ::1 Mozilla/5.0+(Windows+NT+6.1;+Win64;+x64)+AppleWebKit/537.36+(KHTML,+like+Gecko)+Chrome/56.0.2924.87+Safari/537.36 http://localhost:50203/ViewerJS/ 200 0 0 7
2017-04-03 05:15:59 ::1 GET /ViewerJS/compatibility.js - 50203 - ::1 Mozilla/5.0+(Windows+NT+6.1;+Win64;+x64)+AppleWebKit/537.36+(KHTML,+like+Gecko)+Chrome/56.0.2924.87+Safari/537.36 http://localhost:50203/ViewerJS/ 200 0 0 50
2017-04-03 05:15:59 ::1 GET /ViewerJS/PDFViewerPlugin.css - 50203 - ::1 Mozilla/5.0+(Windows+NT+6.1;+Win64;+x64)+AppleWebKit/537.36+(KHTML,+like+Gecko)+Chrome/56.0.2924.87+Safari/537.36 http://localhost:50203/ViewerJS/ 200 0 0 57
2017-04-03 05:15:59 ::1 GET /ViewerJS/pdfjsversion.js - 50203 - ::1 Mozilla/5.0+(Windows+NT+6.1;+Win64;+x64)+AppleWebKit/537.36+(KHTML,+like+Gecko)+Chrome/56.0.2924.87+Safari/537.36 http://localhost:50203/ViewerJS/ 200 0 0 13
2017-04-03 05:15:59 ::1 GET /ViewerJS/ui_utils.js - 50203 - ::1 Mozilla/5.0+(Windows+NT+6.1;+Win64;+x64)+AppleWebKit/537.36+(KHTML,+like+Gecko)+Chrome/56.0.2924.87+Safari/537.36 http://localhost:50203/ViewerJS/ 200 0 0 25
2017-04-03 05:15:59 ::1 GET /ViewerJS/text_layer_builder.js - 50203 - ::1 Mozilla/5.0+(Windows+NT+6.1;+Win64;+x64)+AppleWebKit/537.36+(KHTML,+like+Gecko)+Chrome/56.0.2924.87+Safari/537.36 http://localhost:50203/ViewerJS/ 200 0 0 20
2017-04-03 05:15:59 ::1 GET /ViewerJS/pdf.js - 50203 - ::1 Mozilla/5.0+(Windows+NT+6.1;+Win64;+x64)+AppleWebKit/537.36+(KHTML,+like+Gecko)+Chrome/56.0.2924.87+Safari/537.36 http://localhost:50203/ViewerJS/ 200 0 0 72
2017-04-03 05:15:59 ::1 GET /ViewerJS/pdf.worker.js - 50203 - ::1 Mozilla/5.0+(Windows+NT+6.1;+Win64;+x64)+AppleWebKit/537.36+(KHTML,+like+Gecko)+Chrome/56.0.2924.87+Safari/537.36 http://localhost:50203/ViewerJS/ 200 0 0 154
2017-04-03 05:15:59 ::1 GET /Files/Temp/8a32ec52-bd18-471e-a036-00bdab042dd4/invoice_copy.pdf - 50203 - ::1 Mozilla/5.0+(Windows+NT+6.1;+Win64;+x64)+AppleWebKit/537.36+(KHTML,+like+Gecko)+Chrome/56.0.2924.87+Safari/537.36 http://localhost:50203/ViewerJS/pdf.worker.js 200 0 64 8
2017-04-03 05:15:59 ::1 GET /Files/Temp/8a32ec52-bd18-471e-a036-00bdab042dd4/invoice_copy.pdf - 50203 - ::1 Mozilla/5.0+(Windows+NT+6.1;+Win64;+x64)+AppleWebKit/537.36+(KHTML,+like+Gecko)+Chrome/56.0.2924.87+Safari/537.36 http://localhost:50203/ViewerJS/pdf.worker.js 200 0 0 8
2017-04-03 05:16:06 ::1 POST /Home/BindPdfValue/ - 50203 - ::1 Mozilla/5.0+(Windows+NT+6.1;+Win64;+x64)+AppleWebKit/537.36+(KHTML,+like+Gecko)+Chrome/56.0.2924.87+Safari/537.36 http://localhost:50203/ 500 0 0 7353
#Software: Microsoft Internet Information Services 10.0
#Version: 1.0
#Date: 2017-04-03 06:08:51
#Fields: date time s-ip cs-method cs-uri-stem cs-uri-query s-port cs-username c-ip cs(User-Agent) cs(Referer) sc-status sc-substatus sc-win32-status time-taken
2017-04-03 06:08:51 ::1 GET / - 50203 - ::1 Mozilla/5.0+(Windows+NT+6.1;+Win64;+x64)+AppleWebKit/537.36+(KHTML,+like+Gecko)+Chrome/56.0.2924.87+Safari/537.36 - 200 0 0 12
2017-04-03 06:08:51 ::1 GET /favicon.ico - 50203 - ::1 Mozilla/5.0+(Windows+NT+6.1;+Win64;+x64)+AppleWebKit/537.36+(KHTML,+like+Gecko)+Chrome/56.0.2924.87+Safari/537.36 http://localhost:50203/ 200 0 0 29
2017-04-03 06:08:51 ::1 GET /__browserLink/requestData/559d9e031de449c9b815770d3c5f2028 version=2 50203 - ::1 Mozilla/5.0+(Windows+NT+6.1;+Win64;+x64)+AppleWebKit/537.36+(KHTML,+like+Gecko)+Chrome/56.0.2924.87+Safari/537.36 http://localhost:50203/ 200 0 0 7
2017-04-03 06:08:52 ::1 GET / - 50203 - ::1 Mozilla/5.0+(Windows+NT+6.1;+Win64;+x64)+AppleWebKit/537.36+(KHTML,+like+Gecko)+Chrome/56.0.2924.87+Safari/537.36 - 200 0 0 9
2017-04-03 06:08:52 ::1 GET /favicon.ico - 50203 - ::1 Mozilla/5.0+(Windows+NT+6.1;+Win64;+x64)+AppleWebKit/537.36+(KHTML,+like+Gecko)+Chrome/56.0.2924.87+Safari/537.36 http://localhost:50203/ 200 0 0 6
2017-04-03 06:08:52 ::1 GET / - 50203 - ::1 Mozilla/5.0+(Windows+NT+6.1;+Win64;+x64)+AppleWebKit/537.36+(KHTML,+like+Gecko)+Chrome/56.0.2924.87+Safari/537.36 - 200 0 0 15
2017-04-03 06:08:52 ::1 GET /favicon.ico - 50203 - ::1 Mozilla/5.0+(Windows+NT+6.1;+Win64;+x64)+AppleWebKit/537.36+(KHTML,+like+Gecko)+Chrome/56.0.2924.87+Safari/537.36 http://localhost:50203/ 200 0 0 3
2017-04-03 06:08:52 ::1 GET / - 50203 - ::1 Mozilla/5.0+(Windows+NT+6.1;+Win64;+x64)+AppleWebKit/537.36+(KHTML,+like+Gecko)+Chrome/56.0.2924.87+Safari/537.36 - 200 0 0 15
2017-04-03 06:08:53 ::1 GET /favicon.ico - 50203 - ::1 Mozilla/5.0+(Windows+NT+6.1;+Win64;+x64)+AppleWebKit/537.36+(KHTML,+like+Gecko)+Chrome/56.0.2924.87+Safari/537.36 http://localhost:50203/ 200 0 0 2
2017-04-03 06:08:53 ::1 GET / - 50203 - ::1 Mozilla/5.0+(Windows+NT+6.1;+Win64;+x64)+AppleWebKit/537.36+(KHTML,+like+Gecko)+Chrome/56.0.2924.87+Safari/537.36 - 200 0 0 18
2017-04-03 06:08:53 ::1 GET /favicon.ico - 50203 - ::1 Mozilla/5.0+(Windows+NT+6.1;+Win64;+x64)+AppleWebKit/537.36+(KHTML,+like+Gecko)+Chrome/56.0.2924.87+Safari/537.36 http://localhost:50203/ 200 0 0 3
2017-04-03 06:08:53 ::1 GET / - 50203 - ::1 Mozilla/5.0+(Windows+NT+6.1;+Win64;+x64)+AppleWebKit/537.36+(KHTML,+like+Gecko)+Chrome/56.0.2924.87+Safari/537.36 - 200 0 0 8
2017-04-03 06:08:53 ::1 GET /favicon.ico - 50203 - ::1 Mozilla/5.0+(Windows+NT+6.1;+Win64;+x64)+AppleWebKit/537.36+(KHTML,+like+Gecko)+Chrome/56.0.2924.87+Safari/537.36 http://localhost:50203/ 200 0 0 10
2017-04-03 06:08:53 ::1 GET / - 50203 - ::1 Mozilla/5.0+(Windows+NT+6.1;+Win64;+x64)+AppleWebKit/537.36+(KHTML,+like+Gecko)+Chrome/56.0.2924.87+Safari/537.36 - 200 0 0 7
2017-04-03 06:08:53 ::1 GET /favicon.ico - 50203 - ::1 Mozilla/5.0+(Windows+NT+6.1;+Win64;+x64)+AppleWebKit/537.36+(KHTML,+like+Gecko)+Chrome/56.0.2924.87+Safari/537.36 http://localhost:50203/ 200 0 0 2
2017-04-03 06:08:53 ::1 GET / - 50203 - ::1 Mozilla/5.0+(Windows+NT+6.1;+Win64;+x64)+AppleWebKit/537.36+(KHTML,+like+Gecko)+Chrome/56.0.2924.87+Safari/537.36 - 200 0 0 8
2017-04-03 06:08:53 ::1 GET /favicon.ico - 50203 - ::1 Mozilla/5.0+(Windows+NT+6.1;+Win64;+x64)+AppleWebKit/537.36+(KHTML,+like+Gecko)+Chrome/56.0.2924.87+Safari/537.36 http://localhost:50203/ 200 0 0 2
2017-04-03 06:08:54 ::1 GET / - 50203 - ::1 Mozilla/5.0+(Windows+NT+6.1;+Win64;+x64)+AppleWebKit/537.36+(KHTML,+like+Gecko)+Chrome/56.0.2924.87+Safari/537.36 - 200 0 0 7
2017-04-03 06:08:54 ::1 GET /favicon.ico - 50203 - ::1 Mozilla/5.0+(Windows+NT+6.1;+Win64;+x64)+AppleWebKit/537.36+(KHTML,+like+Gecko)+Chrome/56.0.2924.87+Safari/537.36 http://localhost:50203/ 200 0 0 3
2017-04-03 06:08:54 ::1 GET / - 50203 - ::1 Mozilla/5.0+(Windows+NT+6.1;+Win64;+x64)+AppleWebKit/537.36+(KHTML,+like+Gecko)+Chrome/56.0.2924.87+Safari/537.36 - 200 0 0 18
2017-04-03 06:08:54 ::1 GET /favicon.ico - 50203 - ::1 Mozilla/5.0+(Windows+NT+6.1;+Win64;+x64)+AppleWebKit/537.36+(KHTML,+like+Gecko)+Chrome/56.0.2924.87+Safari/537.36 http://localhost:50203/ 200 0 0 3
2017-04-03 06:08:54 ::1 GET / - 50203 - ::1 Mozilla/5.0+(Windows+NT+6.1;+Win64;+x64)+AppleWebKit/537.36+(KHTML,+like+Gecko)+Chrome/56.0.2924.87+Safari/537.36 - 200 0 0 13
2017-04-03 06:08:54 ::1 GET / - 50203 - ::1 Mozilla/5.0+(Windows+NT+6.1;+Win64;+x64)+AppleWebKit/537.36+(KHTML,+like+Gecko)+Chrome/56.0.2924.87+Safari/537.36 - 200 0 0 7
2017-04-03 06:08:54 ::1 GET /favicon.ico - 50203 - ::1 Mozilla/5.0+(Windows+NT+6.1;+Win64;+x64)+AppleWebKit/537.36+(KHTML,+like+Gecko)+Chrome/56.0.2924.87+Safari/537.36 http://localhost:50203/ 200 0 0 6
2017-04-03 06:08:54 ::1 GET / - 50203 - ::1 Mozilla/5.0+(Windows+NT+6.1;+Win64;+x64)+AppleWebKit/537.36+(KHTML,+like+Gecko)+Chrome/56.0.2924.87+Safari/537.36 - 200 0 0 13
2017-04-03 06:08:55 ::1 GET /favicon.ico - 50203 - ::1 Mozilla/5.0+(Windows+NT+6.1;+Win64;+x64)+AppleWebKit/537.36+(KHTML,+like+Gecko)+Chrome/56.0.2924.87+Safari/537.36 http://localhost:50203/ 200 0 0 3
2017-04-03 06:08:55 ::1 GET / - 50203 - ::1 Mozilla/5.0+(Windows+NT+6.1;+Win64;+x64)+AppleWebKit/537.36+(KHTML,+like+Gecko)+Chrome/56.0.2924.87+Safari/537.36 - 200 0 0 25
2017-04-03 06:08:55 ::1 GET /favicon.ico - 50203 - ::1 Mozilla/5.0+(Windows+NT+6.1;+Win64;+x64)+AppleWebKit/537.36+(KHTML,+like+Gecko)+Chrome/56.0.2924.87+Safari/537.36 http://localhost:50203/ 200 0 0 3
2017-04-03 06:08:55 ::1 GET / - 50203 - ::1 Mozilla/5.0+(Windows+NT+6.1;+Win64;+x64)+AppleWebKit/537.36+(KHTML,+like+Gecko)+Chrome/56.0.2924.87+Safari/537.36 - 200 0 0 16
2017-04-03 06:08:56 ::1 GET /favicon.ico - 50203 - ::1 Mozilla/5.0+(Windows+NT+6.1;+Win64;+x64)+AppleWebKit/537.36+(KHTML,+like+Gecko)+Chrome/56.0.2924.87+Safari/537.36 http://localhost:50203/ 200 0 0 6
2017-04-03 06:08:56 ::1 GET /__browserLink/requestData/1cc1a17d1e9545edba210e06dc797727 version=2 50203 - ::1 Mozilla/5.0+(Windows+NT+6.1;+Win64;+x64)+AppleWebKit/537.36+(KHTML,+like+Gecko)+Chrome/56.0.2924.87+Safari/537.36 http://localhost:50203/ 200 0 0 5
2017-04-03 06:08:58 ::1 GET / - 50203 - ::1 Mozilla/5.0+(Windows+NT+6.1;+Win64;+x64)+AppleWebKit/537.36+(KHTML,+like+Gecko)+Chrome/56.0.2924.87+Safari/537.36 - 200 0 0 11
2017-04-03 06:08:58 ::1 GET /favicon.ico - 50203 - ::1 Mozilla/5.0+(Windows+NT+6.1;+Win64;+x64)+AppleWebKit/537.36+(KHTML,+like+Gecko)+Chrome/56.0.2924.87+Safari/537.36 http://localhost:50203/ 200 0 0 2
2017-04-03 06:08:58 ::1 GET / - 50203 - ::1 Mozilla/5.0+(Windows+NT+6.1;+Win64;+x64)+AppleWebKit/537.36+(KHTML,+like+Gecko)+Chrome/56.0.2924.87+Safari/537.36 - 200 0 0 13
2017-04-03 06:08:58 ::1 GET /__browserLink/requestData/697aa2ff577945cbae3829c281edad7d version=2 50203 - ::1 Mozilla/5.0+(Windows+NT+6.1;+Win64;+x64)+AppleWebKit/537.36+(KHTML,+like+Gecko)+Chrome/56.0.2924.87+Safari/537.36 http://localhost:50203/ 200 0 0 15
2017-04-03 06:08:58 ::1 GET /favicon.ico - 50203 - ::1 Mozilla/5.0+(Windows+NT+6.1;+Win64;+x64)+AppleWebKit/537.36+(KHTML,+like+Gecko)+Chrome/56.0.2924.87+Safari/537.36 http://localhost:50203/ 200 0 0 4
2017-04-03 06:08:59 ::1 GET /__browserLink/requestData/527bf221b524406392765c0c35d46887 version=2 50203 - ::1 Mozilla/5.0+(Windows+NT+6.1;+Win64;+x64)+AppleWebKit/537.36+(KHTML,+like+Gecko)+Chrome/56.0.2924.87+Safari/537.36 http://localhost:50203/ 200 0 0 8
2017-04-03 06:08:59 ::1 GET / - 50203 - ::1 Mozilla/5.0+(Windows+NT+6.1;+Win64;+x64)+AppleWebKit/537.36+(KHTML,+like+Gecko)+Chrome/56.0.2924.87+Safari/537.36 - 200 0 0 8
2017-04-03 06:08:59 ::1 GET /favicon.ico - 50203 - ::1 Mozilla/5.0+(Windows+NT+6.1;+Win64;+x64)+AppleWebKit/537.36+(KHTML,+like+Gecko)+Chrome/56.0.2924.87+Safari/537.36 http://localhost:50203/ 200 0 0 4
2017-04-03 06:08:59 ::1 GET /__browserLink/requestData/39eaf87a2b3e4347b9ab62b076218c3a version=2 50203 - ::1 Mozilla/5.0+(Windows+NT+6.1;+Win64;+x64)+AppleWebKit/537.36+(KHTML,+like+Gecko)+Chrome/56.0.2924.87+Safari/537.36 http://localhost:50203/ 200 0 0 4
2017-04-03 06:09:06 ::1 GET / - 50203 - ::1 Mozilla/5.0+(Windows+NT+6.1;+Win64;+x64)+AppleWebKit/537.36+(KHTML,+like+Gecko)+Chrome/56.0.2924.87+Safari/537.36 http://localhost:50203/ 200 0 0 16
2017-04-03 06:09:06 ::1 GET /__browserLink/requestData/ab667a289f824b6d84194b93bf765b0f version=2 50203 - ::1 Mozilla/5.0+(Windows+NT+6.1;+Win64;+x64)+AppleWebKit/537.36+(KHTML,+like+Gecko)+Chrome/56.0.2924.87+Safari/537.36 http://localhost:50203/ 200 0 0 5
2017-04-03 06:09:47 ::1 GET / - 50203 - ::1 Mozilla/5.0+(Windows+NT+6.1;+Win64;+x64)+AppleWebKit/537.36+(KHTML,+like+Gecko)+Chrome/56.0.2924.87+Safari/537.36 http://localhost:50203/ 200 0 0 15
2017-04-03 06:09:47 ::1 GET /favicon.ico - 50203 - ::1 Mozilla/5.0+(Windows+NT+6.1;+Win64;+x64)+AppleWebKit/537.36+(KHTML,+like+Gecko)+Chrome/56.0.2924.87+Safari/537.36 http://localhost:50203/ 200 0 0 19
2017-04-03 06:09:47 ::1 GET /__browserLink/requestData/acde5d26ca4541319138ed43ffa4cf77 version=2 50203 - ::1 Mozilla/5.0+(Windows+NT+6.1;+Win64;+x64)+AppleWebKit/537.36+(KHTML,+like+Gecko)+Chrome/56.0.2924.87+Safari/537.36 http://localhost:50203/ 200 0 0 4
2017-04-03 06:09:47 ::1 GET / - 50203 - ::1 Mozilla/5.0+(Windows+NT+6.1;+Win64;+x64)+AppleWebKit/537.36+(KHTML,+like+Gecko)+Chrome/56.0.2924.87+Safari/537.36 http://localhost:50203/ 200 0 0 9
2017-04-03 06:09:47 ::1 GET /favicon.ico - 50203 - ::1 Mozilla/5.0+(Windows+NT+6.1;+Win64;+x64)+AppleWebKit/537.36+(KHTML,+like+Gecko)+Chrome/56.0.2924.87+Safari/537.36 http://localhost:50203/ 200 0 0 7
2017-04-03 06:09:49 ::1 GET / - 50203 - ::1 Mozilla/5.0+(Windows+NT+6.1;+Win64;+x64)+AppleWebKit/537.36+(KHTML,+like+Gecko)+Chrome/56.0.2924.87+Safari/537.36 http://localhost:50203/ 200 0 0 17
2017-04-03 06:09:49 ::1 GET /favicon.ico - 50203 - ::1 Mozilla/5.0+(Windows+NT+6.1;+Win64;+x64)+AppleWebKit/537.36+(KHTML,+like+Gecko)+Chrome/56.0.2924.87+Safari/537.36 http://localhost:50203/ 200 0 0 6
2017-04-03 06:09:49 ::1 GET / - 50203 - ::1 Mozilla/5.0+(Windows+NT+6.1;+Win64;+x64)+AppleWebKit/537.36+(KHTML,+like+Gecko)+Chrome/56.0.2924.87+Safari/537.36 http://localhost:50203/ 200 0 0 8
2017-04-03 06:09:49 ::1 GET /favicon.ico - 50203 - ::1 Mozilla/5.0+(Windows+NT+6.1;+Win64;+x64)+AppleWebKit/537.36+(KHTML,+like+Gecko)+Chrome/56.0.2924.87+Safari/537.36 http://localhost:50203/ 200 0 0 2
2017-04-03 06:09:49 ::1 GET / - 50203 - ::1 Mozilla/5.0+(Windows+NT+6.1;+Win64;+x64)+AppleWebKit/537.36+(KHTML,+like+Gecko)+Chrome/56.0.2924.87+Safari/537.36 http://localhost:50203/ 200 0 0 9
2017-04-03 06:09:49 ::1 GET /favicon.ico - 50203 - ::1 Mozilla/5.0+(Windows+NT+6.1;+Win64;+x64)+AppleWebKit/537.36+(KHTML,+like+Gecko)+Chrome/56.0.2924.87+Safari/537.36 http://localhost:50203/ 200 0 0 3
2017-04-03 06:09:49 ::1 GET / - 50203 - ::1 Mozilla/5.0+(Windows+NT+6.1;+Win64;+x64)+AppleWebKit/537.36+(KHTML,+like+Gecko)+Chrome/56.0.2924.87+Safari/537.36 http://localhost:50203/ 200 0 0 16
2017-04-03 06:09:49 ::1 GET /favicon.ico - 50203 - ::1 Mozilla/5.0+(Windows+NT+6.1;+Win64;+x64)+AppleWebKit/537.36+(KHTML,+like+Gecko)+Chrome/56.0.2924.87+Safari/537.36 http://localhost:50203/ 200 0 0 2
2017-04-03 06:09:50 ::1 GET / - 50203 - ::1 Mozilla/5.0+(Windows+NT+6.1;+Win64;+x64)+AppleWebKit/537.36+(KHTML,+like+Gecko)+Chrome/56.0.2924.87+Safari/537.36 http://localhost:50203/ 200 0 0 18
2017-04-03 06:09:50 ::1 GET /favicon.ico - 50203 - ::1 Mozilla/5.0+(Windows+NT+6.1;+Win64;+x64)+AppleWebKit/537.36+(KHTML,+like+Gecko)+Chrome/56.0.2924.87+Safari/537.36 http://localhost:50203/ 200 0 0 4
2017-04-03 06:09:50 ::1 GET /__browserLink/requestData/f53da52178fe44a8bd85bafdf9de8c59 version=2 50203 - ::1 Mozilla/5.0+(Windows+NT+6.1;+Win64;+x64)+AppleWebKit/537.36+(KHTML,+like+Gecko)+Chrome/56.0.2924.87+Safari/537.36 http://localhost:50203/ 200 0 0 7
2017-04-03 06:09:52 ::1 GET / - 50203 - ::1 Mozilla/5.0+(Windows+NT+6.1;+Win64;+x64)+AppleWebKit/537.36+(KHTML,+like+Gecko)+Chrome/56.0.2924.87+Safari/537.36 http://localhost:50203/ 200 0 0 14
2017-04-03 06:09:52 ::1 GET /favicon.ico - 50203 - ::1 Mozilla/5.0+(Windows+NT+6.1;+Win64;+x64)+AppleWebKit/537.36+(KHTML,+like+Gecko)+Chrome/56.0.2924.87+Safari/537.36 http://localhost:50203/ 200 0 0 2
2017-04-03 06:09:52 ::1 GET /__browserLink/requestData/15508f0fdbd14c9eb081683f5a07171e version=2 50203 - ::1 Mozilla/5.0+(Windows+NT+6.1;+Win64;+x64)+AppleWebKit/537.36+(KHTML,+like+Gecko)+Chrome/56.0.2924.87+Safari/537.36 http://localhost:50203/ 200 0 0 7
#Software: Microsoft Internet Information Services 10.0
#Version: 1.0
#Date: 2017-04-03 07:15:13
#Fields: date time s-ip cs-method cs-uri-stem cs-uri-query s-port cs-username c-ip cs(User-Agent) cs(Referer) sc-status sc-substatus sc-win32-status time-taken
2017-04-03 07:15:13 ::1 POST /Home/NewgetImageLists - 50203 - ::1 Mozilla/5.0+(Windows+NT+6.1;+Win64;+x64)+AppleWebKit/537.36+(KHTML,+like+Gecko)+Chrome/56.0.2924.87+Safari/537.36 http://localhost:50203/ 200 0 0 13
2017-04-03 07:15:13 ::1 GET /ViewerJS/ - 50203 - ::1 Mozilla/5.0+(Windows+NT+6.1;+Win64;+x64)+AppleWebKit/537.36+(KHTML,+like+Gecko)+Chrome/56.0.2924.87+Safari/537.36 http://localhost:50203/ 200 0 0 32
2017-04-03 07:15:13 ::1 GET /Content/images/loading-icon.gif - 50203 - ::1 Mozilla/5.0+(Windows+NT+6.1;+Win64;+x64)+AppleWebKit/537.36+(KHTML,+like+Gecko)+Chrome/56.0.2924.87+Safari/537.36 http://localhost:50203/ 200 0 0 71
2017-04-03 07:15:13 ::1 GET /ViewerJS/viewer.css - 50203 - ::1 Mozilla/5.0+(Windows+NT+6.1;+Win64;+x64)+AppleWebKit/537.36+(KHTML,+like+Gecko)+Chrome/56.0.2924.87+Safari/537.36 http://localhost:50203/ViewerJS/ 200 0 0 55
2017-04-03 07:15:13 ::1 GET /ViewerJS/images/toolbarButton-download.png - 50203 - ::1 Mozilla/5.0+(Windows+NT+6.1;+Win64;+x64)+AppleWebKit/537.36+(KHTML,+like+Gecko)+Chrome/56.0.2924.87+Safari/537.36 http://localhost:50203/ViewerJS/viewer.css 200 0 0 12
2017-04-03 07:15:13 ::1 GET /ViewerJS/images/texture.png - 50203 - ::1 Mozilla/5.0+(Windows+NT+6.1;+Win64;+x64)+AppleWebKit/537.36+(KHTML,+like+Gecko)+Chrome/56.0.2924.87+Safari/537.36 http://localhost:50203/ViewerJS/viewer.css 200 0 0 16
2017-04-03 07:15:13 ::1 GET /ViewerJS/images/toolbarButton-fullscreen.png - 50203 - ::1 Mozilla/5.0+(Windows+NT+6.1;+Win64;+x64)+AppleWebKit/537.36+(KHTML,+like+Gecko)+Chrome/56.0.2924.87+Safari/537.36 http://localhost:50203/ViewerJS/viewer.css 200 0 0 20
2017-04-03 07:15:13 ::1 GET /ViewerJS/images/toolbarButton-pageUp.png - 50203 - ::1 Mozilla/5.0+(Windows+NT+6.1;+Win64;+x64)+AppleWebKit/537.36+(KHTML,+like+Gecko)+Chrome/56.0.2924.87+Safari/537.36 http://localhost:50203/ViewerJS/viewer.css 200 0 0 33
2017-04-03 07:15:13 ::1 GET /ViewerJS/images/toolbarButton-menuArrows.png - 50203 - ::1 Mozilla/5.0+(Windows+NT+6.1;+Win64;+x64)+AppleWebKit/537.36+(KHTML,+like+Gecko)+Chrome/56.0.2924.87+Safari/537.36 http://localhost:50203/ViewerJS/viewer.css 200 0 0 20
2017-04-03 07:15:13 ::1 GET /ViewerJS/images/toolbarButton-zoomOut.png - 50203 - ::1 Mozilla/5.0+(Windows+NT+6.1;+Win64;+x64)+AppleWebKit/537.36+(KHTML,+like+Gecko)+Chrome/56.0.2924.87+Safari/537.36 http://localhost:50203/ViewerJS/viewer.css 200 0 0 19
2017-04-03 07:15:13 ::1 GET /ViewerJS/images/toolbarButton-pageDown.png - 50203 - ::1 Mozilla/5.0+(Windows+NT+6.1;+Win64;+x64)+AppleWebKit/537.36+(KHTML,+like+Gecko)+Chrome/56.0.2924.87+Safari/537.36 http://localhost:50203/ViewerJS/viewer.css 200 0 0 24
2017-04-03 07:15:13 ::1 GET /ViewerJS/images/toolbarButton-zoomIn.png - 50203 - ::1 Mozilla/5.0+(Windows+NT+6.1;+Win64;+x64)+AppleWebKit/537.36+(KHTML,+like+Gecko)+Chrome/56.0.2924.87+Safari/537.36 http://localhost:50203/ViewerJS/viewer.css 200 0 0 14
2017-04-03 07:15:13 ::1 GET /ViewerJS/images/toolbarButton-presentation.png - 50203 - ::1 Mozilla/5.0+(Windows+NT+6.1;+Win64;+x64)+AppleWebKit/537.36+(KHTML,+like+Gecko)+Chrome/56.0.2924.87+Safari/537.36 http://localhost:50203/ViewerJS/viewer.css 200 0 0 69
2017-04-03 07:15:13 ::1 HEAD /Files/Temp/7d796420-543b-4afd-869e-ad006f72e2a3/Invoice+_Pest_Control.pdf - 50203 - ::1 Mozilla/5.0+(Windows+NT+6.1;+Win64;+x64)+AppleWebKit/537.36+(KHTML,+like+Gecko)+Chrome/56.0.2924.87+Safari/537.36 http://localhost:50203/ViewerJS/ 200 0 0 18
2017-04-03 07:15:13 ::1 GET /ViewerJS/pdfjsversion.js - 50203 - ::1 Mozilla/5.0+(Windows+NT+6.1;+Win64;+x64)+AppleWebKit/537.36+(KHTML,+like+Gecko)+Chrome/56.0.2924.87+Safari/537.36 http://localhost:50203/ViewerJS/ 200 0 0 11
2017-04-03 07:15:13 ::1 GET /ViewerJS/images/kogmbh.png - 50203 - ::1 Mozilla/5.0+(Windows+NT+6.1;+Win64;+x64)+AppleWebKit/537.36+(KHTML,+like+Gecko)+Chrome/56.0.2924.87+Safari/537.36 http://localhost:50203/ViewerJS/ 200 0 0 38
2017-04-03 07:15:13 ::1 GET /ViewerJS/PDFViewerPlugin.css - 50203 - ::1 Mozilla/5.0+(Windows+NT+6.1;+Win64;+x64)+AppleWebKit/537.36+(KHTML,+like+Gecko)+Chrome/56.0.2924.87+Safari/537.36 http://localhost:50203/ViewerJS/ 200 0 0 41
2017-04-03 07:15:13 ::1 GET /ViewerJS/images/nlnet.png - 50203 - ::1 Mozilla/5.0+(Windows+NT+6.1;+Win64;+x64)+AppleWebKit/537.36+(KHTML,+like+Gecko)+Chrome/56.0.2924.87+Safari/537.36 http://localhost:50203/ViewerJS/ 200 0 0 71
2017-04-03 07:15:13 ::1 GET /ViewerJS/pdf.worker.js - 50203 - ::1 Mozilla/5.0+(Windows+NT+6.1;+Win64;+x64)+AppleWebKit/537.36+(KHTML,+like+Gecko)+Chrome/56.0.2924.87+Safari/537.36 http://localhost:50203/ViewerJS/ 200 0 0 99
2017-04-03 07:15:13 ::1 GET /Files/Temp/7d796420-543b-4afd-869e-ad006f72e2a3/Invoice+_Pest_Control.pdf - 50203 - ::1 Mozilla/5.0+(Windows+NT+6.1;+Win64;+x64)+AppleWebKit/537.36+(KHTML,+like+Gecko)+Chrome/56.0.2924.87+Safari/537.36 http://localhost:50203/ViewerJS/pdf.worker.js 200 0 995 50
2017-04-03 07:15:13 ::1 GET /Files/Temp/7d796420-543b-4afd-869e-ad006f72e2a3/Invoice+_Pest_Control.pdf - 50203 - ::1 Mozilla/5.0+(Windows+NT+6.1;+Win64;+x64)+AppleWebKit/537.36+(KHTML,+like+Gecko)+Chrome/56.0.2924.87+Safari/537.36 http://localhost:50203/ViewerJS/pdf.worker.js 200 0 0 5
2017-04-03 07:15:17 ::1 POST /Home/BindPdfValue/ - 50203 - ::1 Mozilla/5.0+(Windows+NT+6.1;+Win64;+x64)+AppleWebKit/537.36+(KHTML,+like+Gecko)+Chrome/56.0.2924.87+Safari/537.36 http://localhost:50203/ 500 0 0 4238
#Software: Microsoft Internet Information Services 10.0
#Version: 1.0
#Date: 2017-04-03 10:45:05
#Fields: date time s-ip cs-method cs-uri-stem cs-uri-query s-port cs-username c-ip cs(User-Agent) cs(Referer) sc-status sc-substatus sc-win32-status time-taken
2017-04-03 10:45:05 ::1 GET / - 50203 - ::1 Mozilla/5.0+(Windows+NT+6.1;+Win64;+x64)+AppleWebKit/537.36+(KHTML,+like+Gecko)+Chrome/56.0.2924.87+Safari/537.36 - 200 0 0 8585
2017-04-03 10:45:05 ::1 GET /Content/images/zoom_in.png - 50203 - ::1 Mozilla/5.0+(Windows+NT+6.1;+Win64;+x64)+AppleWebKit/537.36+(KHTML,+like+Gecko)+Chrome/56.0.2924.87+Safari/537.36 http://localhost:50203/ 200 0 0 3
2017-04-03 10:45:05 ::1 GET /Content/images/zoom_out.png - 50203 - ::1 Mozilla/5.0+(Windows+NT+6.1;+Win64;+x64)+AppleWebKit/537.36+(KHTML,+like+Gecko)+Chrome/56.0.2924.87+Safari/537.36 http://localhost:50203/ 200 0 0 1
2017-04-03 10:45:05 ::1 GET /bower_components/font-awesome/fonts/fontawesome-webfont.woff v=4.2.0 50203 - ::1 Mozilla/5.0+(Windows+NT+6.1;+Win64;+x64)+AppleWebKit/537.36+(KHTML,+like+Gecko)+Chrome/56.0.2924.87+Safari/537.36 http://localhost:50203/bower_components/font-awesome/css/font-awesome.min.css 200 0 0 14
2017-04-03 10:45:05 ::1 GET /__browserLink/requestData/a4dd29f0e411411e8b4a1df0894a34dc version=2 50203 - ::1 Mozilla/5.0+(Windows+NT+6.1;+Win64;+x64)+AppleWebKit/537.36+(KHTML,+like+Gecko)+Chrome/56.0.2924.87+Safari/537.36 http://localhost:50203/ 200 0 0 63
2017-04-03 10:46:24 ::1 POST /Home/NewgetImageLists - 50203 - ::1 Mozilla/5.0+(Windows+NT+6.1;+Win64;+x64)+AppleWebKit/537.36+(KHTML,+like+Gecko)+Chrome/56.0.2924.87+Safari/537.36 http://localhost:50203/ 200 0 0 90
2017-04-03 10:46:24 ::1 HEAD /Files/Temp/7aec560c-08cc-47b1-b424-05ef41c7aff1/Invoice_Bizerba.pdf - 50203 - ::1 Mozilla/5.0+(Windows+NT+6.1;+Win64;+x64)+AppleWebKit/537.36+(KHTML,+like+Gecko)+Chrome/56.0.2924.87+Safari/537.36 http://localhost:50203/ViewerJS/ 200 0 0 33
2017-04-03 10:46:24 ::1 GET /Files/Temp/7aec560c-08cc-47b1-b424-05ef41c7aff1/Invoice_Bizerba.pdf - 50203 - ::1 Mozilla/5.0+(Windows+NT+6.1;+Win64;+x64)+AppleWebKit/537.36+(KHTML,+like+Gecko)+Chrome/56.0.2924.87+Safari/537.36 http://localhost:50203/ViewerJS/pdf.worker.js 200 0 64 5
2017-04-03 10:46:24 ::1 GET /Files/Temp/7aec560c-08cc-47b1-b424-05ef41c7aff1/Invoice_Bizerba.pdf - 50203 - ::1 Mozilla/5.0+(Windows+NT+6.1;+Win64;+x64)+AppleWebKit/537.36+(KHTML,+like+Gecko)+Chrome/56.0.2924.87+Safari/537.36 http://localhost:50203/ViewerJS/pdf.worker.js 200 0 0 16
2017-04-03 10:46:29 ::1 POST /Home/BindPdfValue/ - 50203 - ::1 Mozilla/5.0+(Windows+NT+6.1;+Win64;+x64)+AppleWebKit/537.36+(KHTML,+like+Gecko)+Chrome/56.0.2924.87+Safari/537.36 http://localhost:50203/ 500 0 0 4374
2017-04-03 10:46:31 ::1 GET / - 50203 - ::1 Mozilla/5.0+(Windows+NT+6.1;+Win64;+x64)+AppleWebKit/537.36+(KHTML,+like+Gecko)+Chrome/56.0.2924.87+Safari/537.36 - 200 0 0 17
2017-04-03 10:46:31 ::1 GET /favicon.ico - 50203 - ::1 Mozilla/5.0+(Windows+NT+6.1;+Win64;+x64)+AppleWebKit/537.36+(KHTML,+like+Gecko)+Chrome/56.0.2924.87+Safari/537.36 http://localhost:50203/ 200 0 0 33
2017-04-03 10:46:31 ::1 GET /__browserLink/requestData/74fef050cbc34eb3b8b9b3831212cbc4 version=2 50203 - ::1 Mozilla/5.0+(Windows+NT+6.1;+Win64;+x64)+AppleWebKit/537.36+(KHTML,+like+Gecko)+Chrome/56.0.2924.87+Safari/537.36 http://localhost:50203/ 200 0 0 14
2017-04-03 10:46:33 ::1 GET / - 50203 - ::1 Mozilla/5.0+(Windows+NT+6.1;+Win64;+x64)+AppleWebKit/537.36+(KHTML,+like+Gecko)+Chrome/56.0.2924.87+Safari/537.36 - 200 0 0 12
2017-04-03 10:46:33 ::1 GET /favicon.ico - 50203 - ::1 Mozilla/5.0+(Windows+NT+6.1;+Win64;+x64)+AppleWebKit/537.36+(KHTML,+like+Gecko)+Chrome/56.0.2924.87+Safari/537.36 http://localhost:50203/ 200 0 0 6
2017-04-03 10:46:33 ::1 GET / - 50203 - ::1 Mozilla/5.0+(Windows+NT+6.1;+Win64;+x64)+AppleWebKit/537.36+(KHTML,+like+Gecko)+Chrome/56.0.2924.87+Safari/537.36 - 200 0 0 20
2017-04-03 10:46:33 ::1 GET /favicon.ico - 50203 - ::1 Mozilla/5.0+(Windows+NT+6.1;+Win64;+x64)+AppleWebKit/537.36+(KHTML,+like+Gecko)+Chrome/56.0.2924.87+Safari/537.36 http://localhost:50203/ 200 0 0 9
2017-04-03 10:46:33 ::1 GET / - 50203 - ::1 Mozilla/5.0+(Windows+NT+6.1;+Win64;+x64)+AppleWebKit/537.36+(KHTML,+like+Gecko)+Chrome/56.0.2924.87+Safari/537.36 - 200 0 0 8
2017-04-03 10:46:34 ::1 GET /favicon.ico - 50203 - ::1 Mozilla/5.0+(Windows+NT+6.1;+Win64;+x64)+AppleWebKit/537.36+(KHTML,+like+Gecko)+Chrome/56.0.2924.87+Safari/537.36 http://localhost:50203/ 200 0 0 2
2017-04-03 10:46:34 ::1 GET / - 50203 - ::1 Mozilla/5.0+(Windows+NT+6.1;+Win64;+x64)+AppleWebKit/537.36+(KHTML,+like+Gecko)+Chrome/56.0.2924.87+Safari/537.36 - 200 0 0 8
2017-04-03 10:46:34 ::1 GET /favicon.ico - 50203 - ::1 Mozilla/5.0+(Windows+NT+6.1;+Win64;+x64)+AppleWebKit/537.36+(KHTML,+like+Gecko)+Chrome/56.0.2924.87+Safari/537.36 http://localhost:50203/ 200 0 0 2
2017-04-03 10:46:34 ::1 GET / - 50203 - ::1 Mozilla/5.0+(Windows+NT+6.1;+Win64;+x64)+AppleWebKit/537.36+(KHTML,+like+Gecko)+Chrome/56.0.2924.87+Safari/537.36 - 200 0 0 8
2017-04-03 10:46:34 ::1 GET /favicon.ico - 50203 - ::1 Mozilla/5.0+(Windows+NT+6.1;+Win64;+x64)+AppleWebKit/537.36+(KHTML,+like+Gecko)+Chrome/56.0.2924.87+Safari/537.36 http://localhost:50203/ 200 0 0 8
2017-04-03 10:46:34 ::1 GET / - 50203 - ::1 Mozilla/5.0+(Windows+NT+6.1;+Win64;+x64)+AppleWebKit/537.36+(KHTML,+like+Gecko)+Chrome/56.0.2924.87+Safari/537.36 - 200 0 0 7
2017-04-03 10:46:34 ::1 GET /favicon.ico - 50203 - ::1 Mozilla/5.0+(Windows+NT+6.1;+Win64;+x64)+AppleWebKit/537.36+(KHTML,+like+Gecko)+Chrome/56.0.2924.87+Safari/537.36 http://localhost:50203/ 200 0 0 1
2017-04-03 10:46:34 ::1 GET / - 50203 - ::1 Mozilla/5.0+(Windows+NT+6.1;+Win64;+x64)+AppleWebKit/537.36+(KHTML,+like+Gecko)+Chrome/56.0.2924.87+Safari/537.36 - 200 0 0 19
2017-04-03 10:46:35 ::1 GET /favicon.ico - 50203 - ::1 Mozilla/5.0+(Windows+NT+6.1;+Win64;+x64)+AppleWebKit/537.36+(KHTML,+like+Gecko)+Chrome/56.0.2924.87+Safari/537.36 http://localhost:50203/ 200 0 0 3
2017-04-03 10:46:35 ::1 GET / - 50203 - ::1 Mozilla/5.0+(Windows+NT+6.1;+Win64;+x64)+AppleWebKit/537.36+(KHTML,+like+Gecko)+Chrome/56.0.2924.87+Safari/537.36 - 200 0 0 17
2017-04-03 10:46:35 ::1 GET /favicon.ico - 50203 - ::1 Mozilla/5.0+(Windows+NT+6.1;+Win64;+x64)+AppleWebKit/537.36+(KHTML,+like+Gecko)+Chrome/56.0.2924.87+Safari/537.36 http://localhost:50203/ 200 0 0 7
2017-04-03 10:46:35 ::1 GET /__browserLink/requestData/0493a9f3c6484c9d999f2a2bd472d993 version=2 50203 - ::1 Mozilla/5.0+(Windows+NT+6.1;+Win64;+x64)+AppleWebKit/537.36+(KHTML,+like+Gecko)+Chrome/56.0.2924.87+Safari/537.36 http://localhost:50203/ 200 0 0 5
2017-04-03 10:46:43 ::1 GET /OrderItems - 50203 - ::1 Mozilla/5.0+(Windows+NT+6.1;+Win64;+x64)+AppleWebKit/537.36+(KHTML,+like+Gecko)+Chrome/56.0.2924.87+Safari/537.36 http://localhost:50203/ 500 0 0 6238
#Software: Microsoft Internet Information Services 10.0
#Version: 1.0
#Date: 2017-04-03 10:48:41
#Fields: date time s-ip cs-method cs-uri-stem cs-uri-query s-port cs-username c-ip cs(User-Agent) cs(Referer) sc-status sc-substatus sc-win32-status time-taken
2017-04-03 10:48:41 ::1 GET / - 50203 - ::1 Mozilla/5.0+(Windows+NT+6.1;+Win64;+x64)+AppleWebKit/537.36+(KHTML,+like+Gecko)+Chrome/56.0.2924.87+Safari/537.36 - 200 0 0 10563
2017-04-03 10:48:41 ::1 GET /__browserLink/requestData/4d6b8efd88a247d7b299fd7d70f795b8 version=2 50203 - ::1 Mozilla/5.0+(Windows+NT+6.1;+Win64;+x64)+AppleWebKit/537.36+(KHTML,+like+Gecko)+Chrome/56.0.2924.87+Safari/537.36 http://localhost:50203/ 200 0 0 50
2017-04-03 10:48:46 ::1 GET /OrderItems - 50203 - ::1 Mozilla/5.0+(Windows+NT+6.1;+Win64;+x64)+AppleWebKit/537.36+(KHTML,+like+Gecko)+Chrome/56.0.2924.87+Safari/537.36 http://localhost:50203/ 200 0 0 1796
2017-04-03 10:48:46 ::1 GET /images/sort_asc.png - 50203 - ::1 Mozilla/5.0+(Windows+NT+6.1;+Win64;+x64)+AppleWebKit/537.36+(KHTML,+like+Gecko)+Chrome/56.0.2924.87+Safari/537.36 http://localhost:50203/Content/jquery.dataTables.min.css 404 0 2 3
2017-04-03 10:48:46 ::1 GET /images/sort_both.png - 50203 - ::1 Mozilla/5.0+(Windows+NT+6.1;+Win64;+x64)+AppleWebKit/537.36+(KHTML,+like+Gecko)+Chrome/56.0.2924.87+Safari/537.36 http://localhost:50203/Content/jquery.dataTables.min.css 404 0 2 4
2017-04-03 10:48:46 ::1 GET /__browserLink/requestData/3ae62b00da2b44c78351fe6c7f73b9a7 version=2 50203 - ::1 Mozilla/5.0+(Windows+NT+6.1;+Win64;+x64)+AppleWebKit/537.36+(KHTML,+like+Gecko)+Chrome/56.0.2924.87+Safari/537.36 http://localhost:50203/OrderItems 200 0 0 7
2017-04-03 10:48:52 ::1 GET /OrderItems/Edit/1015 - 50203 - ::1 Mozilla/5.0+(Windows+NT+6.1;+Win64;+x64)+AppleWebKit/537.36+(KHTML,+like+Gecko)+Chrome/56.0.2924.87+Safari/537.36 http://localhost:50203/OrderItems 200 0 0 217
2017-04-03 10:48:56 ::1 GET /OrderItems/GetFile filepath=F%3A%5CIQItem_Latest%5CAmit_4Jan%5CIQItem_Latest%5CProductExtractTool%5CProductExtractTool%5CProductExtractTool%5CProductExtractTool%5CFiles%5CTemp%5Cb28231ad-008c-4786-b0ec-1e93bc0119ea%5CInvoice_Bizerba.pdf 50203 - ::1 Mozilla/5.0+(Windows+NT+6.1;+Win64;+x64)+AppleWebKit/537.36+(KHTML,+like+Gecko)+Chrome/56.0.2924.87+Safari/537.36 http://localhost:50203/OrderItems/Edit/1015 500 0 0 3413
2017-04-03 10:48:56 ::1 GET /__browserLink/requestData/b139cec4fe874e8896a43155a79d31dd version=2 50203 - ::1 Mozilla/5.0+(Windows+NT+6.1;+Win64;+x64)+AppleWebKit/537.36+(KHTML,+like+Gecko)+Chrome/56.0.2924.87+Safari/537.36 http://localhost:50203/OrderItems/Edit/1015 200 0 0 7
2017-04-03 10:49:07 ::1 GET /OrderItems/AddNewItem orderItemID=1015 50203 - ::1 Mozilla/5.0+(Windows+NT+6.1;+Win64;+x64)+AppleWebKit/537.36+(KHTML,+like+Gecko)+Chrome/56.0.2924.87+Safari/537.36 http://localhost:50203/OrderItems/Edit/1015 302 0 0 25
2017-04-03 10:49:07 ::1 GET /OrderItems/Edit/1015 - 50203 - ::1 Mozilla/5.0+(Windows+NT+6.1;+Win64;+x64)+AppleWebKit/537.36+(KHTML,+like+Gecko)+Chrome/56.0.2924.87+Safari/537.36 http://localhost:50203/OrderItems/Edit/1015 200 0 0 13
2017-04-03 10:49:09 ::1 GET /OrderItems/GetFile filepath=F%3A%5CIQItem_Latest%5CAmit_4Jan%5CIQItem_Latest%5CProductExtractTool%5CProductExtractTool%5CProductExtractTool%5CProductExtractTool%5CFiles%5CTemp%5Cb28231ad-008c-4786-b0ec-1e93bc0119ea%5CInvoice_Bizerba.pdf 50203 - ::1 Mozilla/5.0+(Windows+NT+6.1;+Win64;+x64)+AppleWebKit/537.36+(KHTML,+like+Gecko)+Chrome/56.0.2924.87+Safari/537.36 http://localhost:50203/OrderItems/Edit/1015 500 0 0 1808
2017-04-03 10:49:09 ::1 GET /__browserLink/requestData/871b6ccd5f7340bf918c9479468124a2 version=2 50203 - ::1 Mozilla/5.0+(Windows+NT+6.1;+Win64;+x64)+AppleWebKit/537.36+(KHTML,+like+Gecko)+Chrome/56.0.2924.87+Safari/537.36 http://localhost:50203/OrderItems/Edit/1015 200 0 0 11
2017-04-03 10:49:16 ::1 GET /OrderItems/Delete/ Id=2124 50203 - ::1 Mozilla/5.0+(Windows+NT+6.1;+Win64;+x64)+AppleWebKit/537.36+(KHTML,+like+Gecko)+Chrome/56.0.2924.87+Safari/537.36 http://localhost:50203/OrderItems/Edit/1015 200 0 0 46
2017-04-03 10:49:21 ::1 GET /OrderItems/Delete/ Id=2122 50203 - ::1 Mozilla/5.0+(Windows+NT+6.1;+Win64;+x64)+AppleWebKit/537.36+(KHTML,+like+Gecko)+Chrome/56.0.2924.87+Safari/537.36 http://localhost:50203/OrderItems/Edit/1015 200 0 0 70
2017-04-03 10:49:25 ::1 GET /OrderItems/Delete/ Id=2121 50203 - ::1 Mozilla/5.0+(Windows+NT+6.1;+Win64;+x64)+AppleWebKit/537.36+(KHTML,+like+Gecko)+Chrome/56.0.2924.87+Safari/537.36 http://localhost:50203/OrderItems/Edit/1015 200 0 0 40
2017-04-03 10:49:32 ::1 GET /OrderItems - 50203 - ::1 Mozilla/5.0+(Windows+NT+6.1;+Win64;+x64)+AppleWebKit/537.36+(KHTML,+like+Gecko)+Chrome/56.0.2924.87+Safari/537.36 http://localhost:50203/OrderItems/Edit/1015 200 0 0 38
2017-04-03 10:49:32 ::1 GET /images/sort_asc.png - 50203 - ::1 Mozilla/5.0+(Windows+NT+6.1;+Win64;+x64)+AppleWebKit/537.36+(KHTML,+like+Gecko)+Chrome/56.0.2924.87+Safari/537.36 http://localhost:50203/Content/jquery.dataTables.min.css 404 0 2 3
2017-04-03 10:49:32 ::1 GET /images/sort_both.png - 50203 - ::1 Mozilla/5.0+(Windows+NT+6.1;+Win64;+x64)+AppleWebKit/537.36+(KHTML,+like+Gecko)+Chrome/56.0.2924.87+Safari/537.36 http://localhost:50203/Content/jquery.dataTables.min.css 404 0 2 3
2017-04-03 10:49:32 ::1 GET /__browserLink/requestData/d20e0c68961e4718bf4fca30b53523b8 version=2 50203 - ::1 Mozilla/5.0+(Windows+NT+6.1;+Win64;+x64)+AppleWebKit/537.36+(KHTML,+like+Gecko)+Chrome/56.0.2924.87+Safari/537.36 http://localhost:50203/OrderItems 200 0 0 6
2017-04-03 10:49:37 ::1 GET /OrderItems - 50203 - ::1 Mozilla/5.0+(Windows+NT+6.1;+Win64;+x64)+AppleWebKit/537.36+(KHTML,+like+Gecko)+Chrome/56.0.2924.87+Safari/537.36 http://localhost:50203/OrderItems 200 0 0 22
2017-04-03 10:49:37 ::1 GET /images/sort_asc.png - 50203 - ::1 Mozilla/5.0+(Windows+NT+6.1;+Win64;+x64)+AppleWebKit/537.36+(KHTML,+like+Gecko)+Chrome/56.0.2924.87+Safari/537.36 http://localhost:50203/Content/jquery.dataTables.min.css 404 0 2 2
2017-04-03 10:49:37 ::1 GET /images/sort_both.png - 50203 - ::1 Mozilla/5.0+(Windows+NT+6.1;+Win64;+x64)+AppleWebKit/537.36+(KHTML,+like+Gecko)+Chrome/56.0.2924.87+Safari/537.36 http://localhost:50203/Content/jquery.dataTables.min.css 404 0 2 7
2017-04-03 10:49:37 ::1 GET /__browserLink/requestData/2642e6b1e43a4bb18276b28202232fcf version=2 50203 - ::1 Mozilla/5.0+(Windows+NT+6.1;+Win64;+x64)+AppleWebKit/537.36+(KHTML,+like+Gecko)+Chrome/56.0.2924.87+Safari/537.36 http://localhost:50203/OrderItems 200 0 0 6
2017-04-03 10:49:39 ::1 GET /OrderItems - 50203 - ::1 Mozilla/5.0+(Windows+NT+6.1;+Win64;+x64)+AppleWebKit/537.36+(KHTML,+like+Gecko)+Chrome/56.0.2924.87+Safari/537.36 http://localhost:50203/OrderItems 200 0 0 15
2017-04-03 10:49:39 ::1 GET /images/sort_both.png - 50203 - ::1 Mozilla/5.0+(Windows+NT+6.1;+Win64;+x64)+AppleWebKit/537.36+(KHTML,+like+Gecko)+Chrome/56.0.2924.87+Safari/537.36 http://localhost:50203/Content/jquery.dataTables.min.css 404 0 2 2
2017-04-03 10:49:39 ::1 GET /images/sort_asc.png - 50203 - ::1 Mozilla/5.0+(Windows+NT+6.1;+Win64;+x64)+AppleWebKit/537.36+(KHTML,+like+Gecko)+Chrome/56.0.2924.87+Safari/537.36 http://localhost:50203/Content/jquery.dataTables.min.css 404 0 2 2
2017-04-03 10:49:39 ::1 GET /__browserLink/requestData/80ecb802849840a68b93b647a17e24bb version=2 50203 - ::1 Mozilla/5.0+(Windows+NT+6.1;+Win64;+x64)+AppleWebKit/537.36+(KHTML,+like+Gecko)+Chrome/56.0.2924.87+Safari/537.36 http://localhost:50203/OrderItems 200 0 0 6
2017-04-03 10:49:40 ::1 GET /OrderItems - 50203 - ::1 Mozilla/5.0+(Windows+NT+6.1;+Win64;+x64)+AppleWebKit/537.36+(KHTML,+like+Gecko)+Chrome/56.0.2924.87+Safari/537.36 http://localhost:50203/OrderItems 200 0 0 22
2017-04-03 10:49:40 ::1 GET /images/sort_asc.png - 50203 - ::1 Mozilla/5.0+(Windows+NT+6.1;+Win64;+x64)+AppleWebKit/537.36+(KHTML,+like+Gecko)+Chrome/56.0.2924.87+Safari/537.36 http://localhost:50203/Content/jquery.dataTables.min.css 404 0 2 2
2017-04-03 10:49:40 ::1 GET /images/sort_both.png - 50203 - ::1 Mozilla/5.0+(Windows+NT+6.1;+Win64;+x64)+AppleWebKit/537.36+(KHTML,+like+Gecko)+Chrome/56.0.2924.87+Safari/537.36 http://localhost:50203/Content/jquery.dataTables.min.css 404 0 2 2
2017-04-03 10:49:40 ::1 GET /__browserLink/requestData/71afdf434e4a4a36b623ff88a0ae6a91 version=2 50203 - ::1 Mozilla/5.0+(Windows+NT+6.1;+Win64;+x64)+AppleWebKit/537.36+(KHTML,+like+Gecko)+Chrome/56.0.2924.87+Safari/537.36 http://localhost:50203/OrderItems 200 0 0 7
2017-04-03 10:49:41 ::1 GET /OrderItems - 50203 - ::1 Mozilla/5.0+(Windows+NT+6.1;+Win64;+x64)+AppleWebKit/537.36+(KHTML,+like+Gecko)+Chrome/56.0.2924.87+Safari/537.36 http://localhost:50203/OrderItems 200 0 0 15
2017-04-03 10:49:41 ::1 GET /images/sort_both.png - 50203 - ::1 Mozilla/5.0+(Windows+NT+6.1;+Win64;+x64)+AppleWebKit/537.36+(KHTML,+like+Gecko)+Chrome/56.0.2924.87+Safari/537.36 http://localhost:50203/Content/jquery.dataTables.min.css 404 0 2 3
2017-04-03 10:49:41 ::1 GET /images/sort_asc.png - 50203 - ::1 Mozilla/5.0+(Windows+NT+6.1;+Win64;+x64)+AppleWebKit/537.36+(KHTML,+like+Gecko)+Chrome/56.0.2924.87+Safari/537.36 http://localhost:50203/Content/jquery.dataTables.min.css 404 0 2 3
2017-04-03 10:49:41 ::1 GET /__browserLink/requestData/fa4d7792881042118a46a50ea6b5e2d7 version=2 50203 - ::1 Mozilla/5.0+(Windows+NT+6.1;+Win64;+x64)+AppleWebKit/537.36+(KHTML,+like+Gecko)+Chrome/56.0.2924.87+Safari/537.36 http://localhost:50203/OrderItems 200 0 0 7
2017-04-03 10:49:43 ::1 GET / - 50203 - ::1 Mozilla/5.0+(Windows+NT+6.1;+Win64;+x64)+AppleWebKit/537.36+(KHTML,+like+Gecko)+Chrome/56.0.2924.87+Safari/537.36 http://localhost:50203/OrderItems 200 0 0 11
2017-04-03 10:49:43 ::1 GET /__browserLink/requestData/98df14d146144b5fbf9a41413d9eb5fe version=2 50203 - ::1 Mozilla/5.0+(Windows+NT+6.1;+Win64;+x64)+AppleWebKit/537.36+(KHTML,+like+Gecko)+Chrome/56.0.2924.87+Safari/537.36 http://localhost:50203/ 200 0 0 7
2017-04-03 10:49:45 ::1 GET / - 50203 - ::1 Mozilla/5.0+(Windows+NT+6.1;+Win64;+x64)+AppleWebKit/537.36+(KHTML,+like+Gecko)+Chrome/56.0.2924.87+Safari/537.36 http://localhost:50203/ 200 0 0 9
2017-04-03 10:49:45 ::1 GET /__browserLink/requestData/28dd1c1d7b994d48aaaebbed908e856e version=2 50203 - ::1 Mozilla/5.0+(Windows+NT+6.1;+Win64;+x64)+AppleWebKit/537.36+(KHTML,+like+Gecko)+Chrome/56.0.2924.87+Safari/537.36 http://localhost:50203/ 200 0 0 7
2017-04-03 10:49:47 ::1 GET / - 50203 - ::1 Mozilla/5.0+(Windows+NT+6.1;+Win64;+x64)+AppleWebKit/537.36+(KHTML,+like+Gecko)+Chrome/56.0.2924.87+Safari/537.36 http://localhost:50203/ 200 0 0 6
2017-04-03 10:49:47 ::1 GET /__browserLink/requestData/93044662d785491dad32a9e4b22cb698 version=2 50203 - ::1 Mozilla/5.0+(Windows+NT+6.1;+Win64;+x64)+AppleWebKit/537.36+(KHTML,+like+Gecko)+Chrome/56.0.2924.87+Safari/537.36 http://localhost:50203/ 200 0 0 4
2017-04-03 10:49:47 ::1 GET / - 50203 - ::1 Mozilla/5.0+(Windows+NT+6.1;+Win64;+x64)+AppleWebKit/537.36+(KHTML,+like+Gecko)+Chrome/56.0.2924.87+Safari/537.36 http://localhost:50203/ 200 0 0 7
2017-04-03 10:49:48 ::1 GET /__browserLink/requestData/bef25fce5ff241bfab48a5f6ca45f3e2 version=2 50203 - ::1 Mozilla/5.0+(Windows+NT+6.1;+Win64;+x64)+AppleWebKit/537.36+(KHTML,+like+Gecko)+Chrome/56.0.2924.87+Safari/537.36 http://localhost:50203/ 200 0 0 5
2017-04-03 10:49:48 ::1 GET / - 50203 - ::1 Mozilla/5.0+(Windows+NT+6.1;+Win64;+x64)+AppleWebKit/537.36+(KHTML,+like+Gecko)+Chrome/56.0.2924.87+Safari/537.36 http://localhost:50203/ 200 0 0 12
2017-04-03 10:49:48 ::1 GET /__browserLink/requestData/603cff66e08843b88a1023b17f12dd4f version=2 50203 - ::1 Mozilla/5.0+(Windows+NT+6.1;+Win64;+x64)+AppleWebKit/537.36+(KHTML,+like+Gecko)+Chrome/56.0.2924.87+Safari/537.36 http://localhost:50203/ 200 0 0 7
2017-04-03 10:49:48 ::1 GET / - 50203 - ::1 Mozilla/5.0+(Windows+NT+6.1;+Win64;+x64)+AppleWebKit/537.36+(KHTML,+like+Gecko)+Chrome/56.0.2924.87+Safari/537.36 http://localhost:50203/ 200 0 0 7
2017-04-03 10:49:49 ::1 GET /__browserLink/requestData/ce4160da6b1b4ec79cc233e7c0705942 version=2 50203 - ::1 Mozilla/5.0+(Windows+NT+6.1;+Win64;+x64)+AppleWebKit/537.36+(KHTML,+like+Gecko)+Chrome/56.0.2924.87+Safari/537.36 http://localhost:50203/ 200 0 0 4
2017-04-03 10:49:51 ::1 GET / - 50203 - ::1 Mozilla/5.0+(Windows+NT+6.1;+Win64;+x64)+AppleWebKit/537.36+(KHTML,+like+Gecko)+Chrome/56.0.2924.87+Safari/537.36 http://localhost:50203/ 200 0 0 19
2017-04-03 10:49:51 ::1 GET /__browserLink/requestData/bfd7da5c989b43ff8b7d647fc9f92eb8 version=2 50203 - ::1 Mozilla/5.0+(Windows+NT+6.1;+Win64;+x64)+AppleWebKit/537.36+(KHTML,+like+Gecko)+Chrome/56.0.2924.87+Safari/537.36 http://localhost:50203/ 200 0 0 11
2017-04-03 10:54:05 ::1 POST /Home/NewgetImageLists - 50203 - ::1 Mozilla/5.0+(Windows+NT+6.1;+Win64;+x64)+AppleWebKit/537.36+(KHTML,+like+Gecko)+Chrome/56.0.2924.87+Safari/537.36 http://localhost:50203/ 200 0 0 42
2017-04-03 10:54:05 ::1 HEAD /Files/Temp/471a19f3-8e68-4a0a-a64c-8a3b58818847/invoice.pdf - 50203 - ::1 Mozilla/5.0+(Windows+NT+6.1;+Win64;+x64)+AppleWebKit/537.36+(KHTML,+like+Gecko)+Chrome/56.0.2924.87+Safari/537.36 http://localhost:50203/ViewerJS/ 200 0 0 13
2017-04-03 10:54:05 ::1 GET /Files/Temp/471a19f3-8e68-4a0a-a64c-8a3b58818847/invoice.pdf - 50203 - ::1 Mozilla/5.0+(Windows+NT+6.1;+Win64;+x64)+AppleWebKit/537.36+(KHTML,+like+Gecko)+Chrome/56.0.2924.87+Safari/537.36 http://localhost:50203/ViewerJS/pdf.worker.js 200 0 995 4
2017-04-03 10:54:05 ::1 GET /Files/Temp/471a19f3-8e68-4a0a-a64c-8a3b58818847/invoice.pdf - 50203 - ::1 Mozilla/5.0+(Windows+NT+6.1;+Win64;+x64)+AppleWebKit/537.36+(KHTML,+like+Gecko)+Chrome/56.0.2924.87+Safari/537.36 http://localhost:50203/ViewerJS/pdf.worker.js 200 0 0 6
2017-04-03 10:54:09 ::1 POST /Home/BindPdfValue/ - 50203 - ::1 Mozilla/5.0+(Windows+NT+6.1;+Win64;+x64)+AppleWebKit/537.36+(KHTML,+like+Gecko)+Chrome/56.0.2924.87+Safari/537.36 http://localhost:50203/ 500 0 0 3795
2017-04-03 10:54:11 ::1 GET / - 50203 - ::1 Mozilla/5.0+(Windows+NT+6.1;+Win64;+x64)+AppleWebKit/537.36+(KHTML,+like+Gecko)+Chrome/56.0.2924.87+Safari/537.36 http://localhost:50203/ 200 0 0 21
2017-04-03 10:54:11 ::1 GET /favicon.ico - 50203 - ::1 Mozilla/5.0+(Windows+NT+6.1;+Win64;+x64)+AppleWebKit/537.36+(KHTML,+like+Gecko)+Chrome/56.0.2924.87+Safari/537.36 http://localhost:50203/ 200 0 0 48
2017-04-03 10:54:11 ::1 GET /__browserLink/requestData/395d98ce20e14d63b4a570821f115c1a version=2 50203 - ::1 Mozilla/5.0+(Windows+NT+6.1;+Win64;+x64)+AppleWebKit/537.36+(KHTML,+like+Gecko)+Chrome/56.0.2924.87+Safari/537.36 http://localhost:50203/ 200 0 0 5
2017-04-03 10:54:13 ::1 GET / - 50203 - ::1 Mozilla/5.0+(Windows+NT+6.1;+Win64;+x64)+AppleWebKit/537.36+(KHTML,+like+Gecko)+Chrome/56.0.2924.87+Safari/537.36 http://localhost:50203/ 200 0 0 18
2017-04-03 10:54:13 ::1 GET /favicon.ico - 50203 - ::1 Mozilla/5.0+(Windows+NT+6.1;+Win64;+x64)+AppleWebKit/537.36+(KHTML,+like+Gecko)+Chrome/56.0.2924.87+Safari/537.36 http://localhost:50203/ 200 0 0 23
2017-04-03 10:54:13 ::1 GET /__browserLink/requestData/ebb82ab05646424fb7482e91c8448aff version=2 50203 - ::1 Mozilla/5.0+(Windows+NT+6.1;+Win64;+x64)+AppleWebKit/537.36+(KHTML,+like+Gecko)+Chrome/56.0.2924.87+Safari/537.36 http://localhost:50203/ 200 0 0 6
2017-04-03 10:54:13 ::1 GET / - 50203 - ::1 Mozilla/5.0+(Windows+NT+6.1;+Win64;+x64)+AppleWebKit/537.36+(KHTML,+like+Gecko)+Chrome/56.0.2924.87+Safari/537.36 http://localhost:50203/ 200 0 0 8
2017-04-03 10:54:13 ::1 GET /favicon.ico - 50203 - ::1 Mozilla/5.0+(Windows+NT+6.1;+Win64;+x64)+AppleWebKit/537.36+(KHTML,+like+Gecko)+Chrome/56.0.2924.87+Safari/537.36 http://localhost:50203/ 200 0 0 2
2017-04-03 10:54:14 ::1 GET / - 50203 - ::1 Mozilla/5.0+(Windows+NT+6.1;+Win64;+x64)+AppleWebKit/537.36+(KHTML,+like+Gecko)+Chrome/56.0.2924.87+Safari/537.36 http://localhost:50203/ 200 0 0 11
2017-04-03 10:54:14 ::1 GET /__browserLink/requestData/75a58566a5e44fd3b20b4357b3def712 version=2 50203 - ::1 Mozilla/5.0+(Windows+NT+6.1;+Win64;+x64)+AppleWebKit/537.36+(KHTML,+like+Gecko)+Chrome/56.0.2924.87+Safari/537.36 http://localhost:50203/ 200 0 0 6
2017-04-03 10:54:14 ::1 GET /favicon.ico - 50203 - ::1 Mozilla/5.0+(Windows+NT+6.1;+Win64;+x64)+AppleWebKit/537.36+(KHTML,+like+Gecko)+Chrome/56.0.2924.87+Safari/537.36 http://localhost:50203/ 200 0 0 13
2017-04-03 10:54:14 ::1 GET / - 50203 - ::1 Mozilla/5.0+(Windows+NT+6.1;+Win64;+x64)+AppleWebKit/537.36+(KHTML,+like+Gecko)+Chrome/56.0.2924.87+Safari/537.36 http://localhost:50203/ 200 0 0 8
2017-04-03 10:54:14 ::1 GET /favicon.ico - 50203 - ::1 Mozilla/5.0+(Windows+NT+6.1;+Win64;+x64)+AppleWebKit/537.36+(KHTML,+like+Gecko)+Chrome/56.0.2924.87+Safari/537.36 http://localhost:50203/ 200 0 0 7
2017-04-03 10:54:14 ::1 GET / - 50203 - ::1 Mozilla/5.0+(Windows+NT+6.1;+Win64;+x64)+AppleWebKit/537.36+(KHTML,+like+Gecko)+Chrome/56.0.2924.87+Safari/537.36 http://localhost:50203/ 200 0 0 12
2017-04-03 10:54:14 ::1 GET /favicon.ico - 50203 - ::1 Mozilla/5.0+(Windows+NT+6.1;+Win64;+x64)+AppleWebKit/537.36+(KHTML,+like+Gecko)+Chrome/56.0.2924.87+Safari/537.36 http://localhost:50203/ 200 0 0 8
2017-04-03 10:54:15 ::1 GET / - 50203 - ::1 Mozilla/5.0+(Windows+NT+6.1;+Win64;+x64)+AppleWebKit/537.36+(KHTML,+like+Gecko)+Chrome/56.0.2924.87+Safari/537.36 http://localhost:50203/ 200 0 0 8
2017-04-03 10:54:15 ::1 GET /favicon.ico - 50203 - ::1 Mozilla/5.0+(Windows+NT+6.1;+Win64;+x64)+AppleWebKit/537.36+(KHTML,+like+Gecko)+Chrome/56.0.2924.87+Safari/537.36 http://localhost:50203/ 200 0 0 9
2017-04-03 10:54:15 ::1 GET / - 50203 - ::1 Mozilla/5.0+(Windows+NT+6.1;+Win64;+x64)+AppleWebKit/537.36+(KHTML,+like+Gecko)+Chrome/56.0.2924.87+Safari/537.36 http://localhost:50203/ 200 0 0 17
2017-04-03 10:54:15 ::1 GET / - 50203 - ::1 Mozilla/5.0+(Windows+NT+6.1;+Win64;+x64)+AppleWebKit/537.36+(KHTML,+like+Gecko)+Chrome/56.0.2924.87+Safari/537.36 http://localhost:50203/ 200 0 0 13
2017-04-03 10:54:15 ::1 GET /favicon.ico - 50203 - ::1 Mozilla/5.0+(Windows+NT+6.1;+Win64;+x64)+AppleWebKit/537.36+(KHTML,+like+Gecko)+Chrome/56.0.2924.87+Safari/537.36 http://localhost:50203/ 200 0 0 4
2017-04-03 10:54:15 ::1 GET / - 50203 - ::1 Mozilla/5.0+(Windows+NT+6.1;+Win64;+x64)+AppleWebKit/537.36+(KHTML,+like+Gecko)+Chrome/56.0.2924.87+Safari/537.36 http://localhost:50203/ 200 0 0 7
2017-04-03 10:54:15 ::1 GET /favicon.ico - 50203 - ::1 Mozilla/5.0+(Windows+NT+6.1;+Win64;+x64)+AppleWebKit/537.36+(KHTML,+like+Gecko)+Chrome/56.0.2924.87+Safari/537.36 http://localhost:50203/ 200 0 0 4
2017-04-03 10:54:16 ::1 GET / - 50203 - ::1 Mozilla/5.0+(Windows+NT+6.1;+Win64;+x64)+AppleWebKit/537.36+(KHTML,+like+Gecko)+Chrome/56.0.2924.87+Safari/537.36 http://localhost:50203/ 200 0 0 20
2017-04-03 10:54:16 ::1 GET /favicon.ico - 50203 - ::1 Mozilla/5.0+(Windows+NT+6.1;+Win64;+x64)+AppleWebKit/537.36+(KHTML,+like+Gecko)+Chrome/56.0.2924.87+Safari/537.36 http://localhost:50203/ 200 0 0 9
2017-04-03 10:54:16 ::1 GET / - 50203 - ::1 Mozilla/5.0+(Windows+NT+6.1;+Win64;+x64)+AppleWebKit/537.36+(KHTML,+like+Gecko)+Chrome/56.0.2924.87+Safari/537.36 http://localhost:50203/ 200 0 0 8
2017-04-03 10:54:16 ::1 GET /favicon.ico - 50203 - ::1 Mozilla/5.0+(Windows+NT+6.1;+Win64;+x64)+AppleWebKit/537.36+(KHTML,+like+Gecko)+Chrome/56.0.2924.87+Safari/537.36 http://localhost:50203/ 200 0 0 4
2017-04-03 10:54:16 ::1 GET / - 50203 - ::1 Mozilla/5.0+(Windows+NT+6.1;+Win64;+x64)+AppleWebKit/537.36+(KHTML,+like+Gecko)+Chrome/56.0.2924.87+Safari/537.36 http://localhost:50203/ 200 0 0 10
2017-04-03 10:54:16 ::1 GET /favicon.ico - 50203 - ::1 Mozilla/5.0+(Windows+NT+6.1;+Win64;+x64)+AppleWebKit/537.36+(KHTML,+like+Gecko)+Chrome/56.0.2924.87+Safari/537.36 http://localhost:50203/ 200 0 0 2
2017-04-03 10:54:16 ::1 GET / - 50203 - ::1 Mozilla/5.0+(Windows+NT+6.1;+Win64;+x64)+AppleWebKit/537.36+(KHTML,+like+Gecko)+Chrome/56.0.2924.87+Safari/537.36 http://localhost:50203/ 200 0 0 24
2017-04-03 10:54:16 ::1 GET /favicon.ico - 50203 - ::1 Mozilla/5.0+(Windows+NT+6.1;+Win64;+x64)+AppleWebKit/537.36+(KHTML,+like+Gecko)+Chrome/56.0.2924.87+Safari/537.36 http://localhost:50203/ 200 0 0 7
2017-04-03 10:54:16 ::1 GET / - 50203 - ::1 Mozilla/5.0+(Windows+NT+6.1;+Win64;+x64)+AppleWebKit/537.36+(KHTML,+like+Gecko)+Chrome/56.0.2924.87+Safari/537.36 http://localhost:50203/ 200 0 0 7
2017-04-03 10:54:17 ::1 GET /favicon.ico - 50203 - ::1 Mozilla/5.0+(Windows+NT+6.1;+Win64;+x64)+AppleWebKit/537.36+(KHTML,+like+Gecko)+Chrome/56.0.2924.87+Safari/537.36 http://localhost:50203/ 200 0 0 7
2017-04-03 10:54:17 ::1 GET / - 50203 - ::1 Mozilla/5.0+(Windows+NT+6.1;+Win64;+x64)+AppleWebKit/537.36+(KHTML,+like+Gecko)+Chrome/56.0.2924.87+Safari/537.36 http://localhost:50203/ 200 0 0 8
2017-04-03 10:54:17 ::1 GET /favicon.ico - 50203 - ::1 Mozilla/5.0+(Windows+NT+6.1;+Win64;+x64)+AppleWebKit/537.36+(KHTML,+like+Gecko)+Chrome/56.0.2924.87+Safari/537.36 http://localhost:50203/ 200 0 0 6
2017-04-03 10:54:17 ::1 GET / - 50203 - ::1 Mozilla/5.0+(Windows+NT+6.1;+Win64;+x64)+AppleWebKit/537.36+(KHTML,+like+Gecko)+Chrome/56.0.2924.87+Safari/537.36 http://localhost:50203/ 200 0 0 6
2017-04-03 10:54:17 ::1 GET /favicon.ico - 50203 - ::1 Mozilla/5.0+(Windows+NT+6.1;+Win64;+x64)+AppleWebKit/537.36+(KHTML,+like+Gecko)+Chrome/56.0.2924.87+Safari/537.36 http://localhost:50203/ 200 0 0 3
2017-04-03 10:54:17 ::1 GET / - 50203 - ::1 Mozilla/5.0+(Windows+NT+6.1;+Win64;+x64)+AppleWebKit/537.36+(KHTML,+like+Gecko)+Chrome/56.0.2924.87+Safari/537.36 http://localhost:50203/ 200 0 0 18
2017-04-03 10:54:17 ::1 GET /favicon.ico - 50203 - ::1 Mozilla/5.0+(Windows+NT+6.1;+Win64;+x64)+AppleWebKit/537.36+(KHTML,+like+Gecko)+Chrome/56.0.2924.87+Safari/537.36 http://localhost:50203/ 200 0 0 5
2017-04-03 10:54:18 ::1 GET / - 50203 - ::1 Mozilla/5.0+(Windows+NT+6.1;+Win64;+x64)+AppleWebKit/537.36+(KHTML,+like+Gecko)+Chrome/56.0.2924.87+Safari/537.36 http://localhost:50203/ 200 0 0 20
2017-04-03 10:54:18 ::1 GET /favicon.ico - 50203 - ::1 Mozilla/5.0+(Windows+NT+6.1;+Win64;+x64)+AppleWebKit/537.36+(KHTML,+like+Gecko)+Chrome/56.0.2924.87+Safari/537.36 http://localhost:50203/ 200 0 0 2
2017-04-03 10:54:18 ::1 GET / - 50203 - ::1 Mozilla/5.0+(Windows+NT+6.1;+Win64;+x64)+AppleWebKit/537.36+(KHTML,+like+Gecko)+Chrome/56.0.2924.87+Safari/537.36 http://localhost:50203/ 200 0 0 14
2017-04-03 10:54:18 ::1 GET /favicon.ico - 50203 - ::1 Mozilla/5.0+(Windows+NT+6.1;+Win64;+x64)+AppleWebKit/537.36+(KHTML,+like+Gecko)+Chrome/56.0.2924.87+Safari/537.36 http://localhost:50203/ 200 0 0 3
2017-04-03 10:54:18 ::1 GET / - 50203 - ::1 Mozilla/5.0+(Windows+NT+6.1;+Win64;+x64)+AppleWebKit/537.36+(KHTML,+like+Gecko)+Chrome/56.0.2924.87+Safari/537.36 http://localhost:50203/ 200 0 0 8
2017-04-03 10:54:18 ::1 GET /favicon.ico - 50203 - ::1 Mozilla/5.0+(Windows+NT+6.1;+Win64;+x64)+AppleWebKit/537.36+(KHTML,+like+Gecko)+Chrome/56.0.2924.87+Safari/537.36 http://localhost:50203/ 200 0 0 7
2017-04-03 10:54:18 ::1 GET /__browserLink/requestData/d3f42598d84a4fe38ccc76a00795fcf7 version=2 50203 - ::1 Mozilla/5.0+(Windows+NT+6.1;+Win64;+x64)+AppleWebKit/537.36+(KHTML,+like+Gecko)+Chrome/56.0.2924.87+Safari/537.36 http://localhost:50203/ 200 0 0 5
2017-04-03 10:58:09 ::1 GET /OrderItems - 50203 - ::1 Mozilla/5.0+(Windows+NT+6.1;+Win64;+x64)+AppleWebKit/537.36+(KHTML,+like+Gecko)+Chrome/56.0.2924.87+Safari/537.36 http://localhost:50203/ 200 0 0 26
2017-04-03 10:58:09 ::1 GET /images/sort_asc.png - 50203 - ::1 Mozilla/5.0+(Windows+NT+6.1;+Win64;+x64)+AppleWebKit/537.36+(KHTML,+like+Gecko)+Chrome/56.0.2924.87+Safari/537.36 http://localhost:50203/Content/jquery.dataTables.min.css 404 0 2 2
2017-04-03 10:58:09 ::1 GET /images/sort_both.png - 50203 - ::1 Mozilla/5.0+(Windows+NT+6.1;+Win64;+x64)+AppleWebKit/537.36+(KHTML,+like+Gecko)+Chrome/56.0.2924.87+Safari/537.36 http://localhost:50203/Content/jquery.dataTables.min.css 404 0 2 2
2017-04-03 10:58:09 ::1 GET /favicon.ico - 50203 - ::1 Mozilla/5.0+(Windows+NT+6.1;+Win64;+x64)+AppleWebKit/537.36+(KHTML,+like+Gecko)+Chrome/56.0.2924.87+Safari/537.36 http://localhost:50203/OrderItems 200 0 0 26
2017-04-03 10:58:09 ::1 GET /__browserLink/requestData/4da8e26169a04e71a897899b8837c242 version=2 50203 - ::1 Mozilla/5.0+(Windows+NT+6.1;+Win64;+x64)+AppleWebKit/537.36+(KHTML,+like+Gecko)+Chrome/56.0.2924.87+Safari/537.36 http://localhost:50203/OrderItems 200 0 0 10
2017-04-03 10:58:20 ::1 GET / - 50203 - ::1 Mozilla/5.0+(Windows+NT+6.1;+Win64;+x64)+AppleWebKit/537.36+(KHTML,+like+Gecko)+Chrome/56.0.2924.87+Safari/537.36 http://localhost:50203/ 200 0 0 21
2017-04-03 10:58:20 ::1 GET /favicon.ico - 50203 - ::1 Mozilla/5.0+(Windows+NT+6.1;+Win64;+x64)+AppleWebKit/537.36+(KHTML,+like+Gecko)+Chrome/56.0.2924.87+Safari/537.36 http://localhost:50203/ 200 0 0 4
2017-04-03 10:58:20 ::1 GET /__browserLink/requestData/57cf7cb0eb7844ca895fbc1cf5178cfc version=2 50203 - ::1 Mozilla/5.0+(Windows+NT+6.1;+Win64;+x64)+AppleWebKit/537.36+(KHTML,+like+Gecko)+Chrome/56.0.2924.87+Safari/537.36 http://localhost:50203/ 200 0 0 6
2017-04-03 10:58:21 ::1 GET / - 50203 - ::1 Mozilla/5.0+(Windows+NT+6.1;+Win64;+x64)+AppleWebKit/537.36+(KHTML,+like+Gecko)+Chrome/56.0.2924.87+Safari/537.36 http://localhost:50203/ 200 0 0 16
2017-04-03 10:58:21 ::1 GET /favicon.ico - 50203 - ::1 Mozilla/5.0+(Windows+NT+6.1;+Win64;+x64)+AppleWebKit/537.36+(KHTML,+like+Gecko)+Chrome/56.0.2924.87+Safari/537.36 http://localhost:50203/ 200 0 0 5
2017-04-03 10:58:21 ::1 GET /__browserLink/requestData/a0c35ed9d8a9434c8acf3a2686340f87 version=2 50203 - ::1 Mozilla/5.0+(Windows+NT+6.1;+Win64;+x64)+AppleWebKit/537.36+(KHTML,+like+Gecko)+Chrome/56.0.2924.87+Safari/537.36 http://localhost:50203/ 200 0 0 7
2017-04-03 10:58:22 ::1 GET / - 50203 - ::1 Mozilla/5.0+(Windows+NT+6.1;+Win64;+x64)+AppleWebKit/537.36+(KHTML,+like+Gecko)+Chrome/56.0.2924.87+Safari/537.36 http://localhost:50203/ 200 0 0 9
2017-04-03 10:58:22 ::1 GET /favicon.ico - 50203 - ::1 Mozilla/5.0+(Windows+NT+6.1;+Win64;+x64)+AppleWebKit/537.36+(KHTML,+like+Gecko)+Chrome/56.0.2924.87+Safari/537.36 http://localhost:50203/ 200 0 0 9
2017-04-03 10:58:22 ::1 GET /__browserLink/requestData/c5c8f4455a01438cb01a5d7bc312cfea version=2 50203 - ::1 Mozilla/5.0+(Windows+NT+6.1;+Win64;+x64)+AppleWebKit/537.36+(KHTML,+like+Gecko)+Chrome/56.0.2924.87+Safari/537.36 http://localhost:50203/ 200 0 0 5
2017-04-03 10:58:22 ::1 GET / - 50203 - ::1 Mozilla/5.0+(Windows+NT+6.1;+Win64;+x64)+AppleWebKit/537.36+(KHTML,+like+Gecko)+Chrome/56.0.2924.87+Safari/537.36 http://localhost:50203/ 200 0 0 15
2017-04-03 10:58:22 ::1 GET /favicon.ico - 50203 - ::1 Mozilla/5.0+(Windows+NT+6.1;+Win64;+x64)+AppleWebKit/537.36+(KHTML,+like+Gecko)+Chrome/56.0.2924.87+Safari/537.36 http://localhost:50203/ 200 0 0 5
2017-04-03 10:58:24 ::1 GET /__browserLink/requestData/7cc2c667f7ca47ed818bc4918639994e version=2 50203 - ::1 Mozilla/5.0+(Windows+NT+6.1;+Win64;+x64)+AppleWebKit/537.36+(KHTML,+like+Gecko)+Chrome/56.0.2924.87+Safari/537.36 http://localhost:50203/ 200 0 0 7
2017-04-03 10:58:24 ::1 GET / - 50203 - ::1 Mozilla/5.0+(Windows+NT+6.1;+Win64;+x64)+AppleWebKit/537.36+(KHTML,+like+Gecko)+Chrome/56.0.2924.87+Safari/537.36 http://localhost:50203/ 200 0 0 13
2017-04-03 10:58:24 ::1 GET /favicon.ico - 50203 - ::1 Mozilla/5.0+(Windows+NT+6.1;+Win64;+x64)+AppleWebKit/537.36+(KHTML,+like+Gecko)+Chrome/56.0.2924.87+Safari/537.36 http://localhost:50203/ 200 0 0 11
2017-04-03 10:58:24 ::1 GET /__browserLink/requestData/5fa89cce454f4b2b8fbc94e18191d86b version=2 50203 - ::1 Mozilla/5.0+(Windows+NT+6.1;+Win64;+x64)+AppleWebKit/537.36+(KHTML,+like+Gecko)+Chrome/56.0.2924.87+Safari/537.36 http://localhost:50203/ 200 0 0 5
2017-04-03 10:58:24 ::1 GET / - 50203 - ::1 Mozilla/5.0+(Windows+NT+6.1;+Win64;+x64)+AppleWebKit/537.36+(KHTML,+like+Gecko)+Chrome/56.0.2924.87+Safari/537.36 http://localhost:50203/ 200 0 0 21
2017-04-03 10:58:25 ::1 GET /favicon.ico - 50203 - ::1 Mozilla/5.0+(Windows+NT+6.1;+Win64;+x64)+AppleWebKit/537.36+(KHTML,+like+Gecko)+Chrome/56.0.2924.87+Safari/537.36 http://localhost:50203/ 200 0 0 2
2017-04-03 10:58:25 ::1 GET / - 50203 - ::1 Mozilla/5.0+(Windows+NT+6.1;+Win64;+x64)+AppleWebKit/537.36+(KHTML,+like+Gecko)+Chrome/56.0.2924.87+Safari/537.36 http://localhost:50203/ 200 0 0 8
2017-04-03 10:58:25 ::1 GET /favicon.ico - 50203 - ::1 Mozilla/5.0+(Windows+NT+6.1;+Win64;+x64)+AppleWebKit/537.36+(KHTML,+like+Gecko)+Chrome/56.0.2924.87+Safari/537.36 http://localhost:50203/ 200 0 0 2
2017-04-03 10:58:25 ::1 GET / - 50203 - ::1 Mozilla/5.0+(Windows+NT+6.1;+Win64;+x64)+AppleWebKit/537.36+(KHTML,+like+Gecko)+Chrome/56.0.2924.87+Safari/537.36 http://localhost:50203/ 200 0 0 10
2017-04-03 10:58:25 ::1 GET /favicon.ico - 50203 - ::1 Mozilla/5.0+(Windows+NT+6.1;+Win64;+x64)+AppleWebKit/537.36+(KHTML,+like+Gecko)+Chrome/56.0.2924.87+Safari/537.36 http://localhost:50203/ 200 0 0 2
2017-04-03 10:58:25 ::1 GET / - 50203 - ::1 Mozilla/5.0+(Windows+NT+6.1;+Win64;+x64)+AppleWebKit/537.36+(KHTML,+like+Gecko)+Chrome/56.0.2924.87+Safari/537.36 http://localhost:50203/ 200 0 0 16
2017-04-03 10:58:25 ::1 GET /favicon.ico - 50203 - ::1 Mozilla/5.0+(Windows+NT+6.1;+Win64;+x64)+AppleWebKit/537.36+(KHTML,+like+Gecko)+Chrome/56.0.2924.87+Safari/537.36 http://localhost:50203/ 200 0 0 5
2017-04-03 10:58:26 ::1 GET / - 50203 - ::1 Mozilla/5.0+(Windows+NT+6.1;+Win64;+x64)+AppleWebKit/537.36+(KHTML,+like+Gecko)+Chrome/56.0.2924.87+Safari/537.36 http://localhost:50203/ 200 0 0 19
2017-04-03 10:58:26 ::1 GET /favicon.ico - 50203 - ::1 Mozilla/5.0+(Windows+NT+6.1;+Win64;+x64)+AppleWebKit/537.36+(KHTML,+like+Gecko)+Chrome/56.0.2924.87+Safari/537.36 http://localhost:50203/ 200 0 0 4
2017-04-03 10:58:26 ::1 GET / - 50203 - ::1 Mozilla/5.0+(Windows+NT+6.1;+Win64;+x64)+AppleWebKit/537.36+(KHTML,+like+Gecko)+Chrome/56.0.2924.87+Safari/537.36 http://localhost:50203/ 200 0 0 38
2017-04-03 10:58:26 ::1 GET /favicon.ico - 50203 - ::1 Mozilla/5.0+(Windows+NT+6.1;+Win64;+x64)+AppleWebKit/537.36+(KHTML,+like+Gecko)+Chrome/56.0.2924.87+Safari/537.36 http://localhost:50203/ 200 0 0 2
2017-04-03 10:58:26 ::1 GET /__browserLink/requestData/ae9c3779dc25420492ed78101a37dea2 version=2 50203 - ::1 Mozilla/5.0+(Windows+NT+6.1;+Win64;+x64)+AppleWebKit/537.36+(KHTML,+like+Gecko)+Chrome/56.0.2924.87+Safari/537.36 http://localhost:50203/ 200 0 0 6
2017-04-03 11:05:19 ::1 GET /OrderItems - 50203 - ::1 Mozilla/5.0+(Windows+NT+6.1;+Win64;+x64)+AppleWebKit/537.36+(KHTML,+like+Gecko)+Chrome/56.0.2924.87+Safari/537.36 http://localhost:50203/ 200 0 0 22
2017-04-03 11:05:19 ::1 GET /images/sort_asc.png - 50203 - ::1 Mozilla/5.0+(Windows+NT+6.1;+Win64;+x64)+AppleWebKit/537.36+(KHTML,+like+Gecko)+Chrome/56.0.2924.87+Safari/537.36 http://localhost:50203/Content/jquery.dataTables.min.css 404 0 2 2
2017-04-03 11:05:19 ::1 GET /images/sort_both.png - 50203 - ::1 Mozilla/5.0+(Windows+NT+6.1;+Win64;+x64)+AppleWebKit/537.36+(KHTML,+like+Gecko)+Chrome/56.0.2924.87+Safari/537.36 http://localhost:50203/Content/jquery.dataTables.min.css 404 0 2 2
2017-04-03 11:05:19 ::1 GET /favicon.ico - 50203 - ::1 Mozilla/5.0+(Windows+NT+6.1;+Win64;+x64)+AppleWebKit/537.36+(KHTML,+like+Gecko)+Chrome/56.0.2924.87+Safari/537.36 http://localhost:50203/OrderItems 200 0 0 50
2017-04-03 11:05:19 ::1 GET /__browserLink/requestData/21102400f03042aea1e199bc6202b7d2 version=2 50203 - ::1 Mozilla/5.0+(Windows+NT+6.1;+Win64;+x64)+AppleWebKit/537.36+(KHTML,+like+Gecko)+Chrome/56.0.2924.87+Safari/537.36 http://localhost:50203/OrderItems 200 0 0 6
2017-04-03 11:05:36 ::1 GET /OrderItems/Edit/1016 - 50203 - ::1 Mozilla/5.0+(Windows+NT+6.1;+Win64;+x64)+AppleWebKit/537.36+(KHTML,+like+Gecko)+Chrome/56.0.2924.87+Safari/537.36 http://localhost:50203/OrderItems 200 0 0 14
2017-04-03 11:05:37 ::1 GET /OrderItems/GetFile - 50203 - ::1 Mozilla/5.0+(Windows+NT+6.1;+Win64;+x64)+AppleWebKit/537.36+(KHTML,+like+Gecko)+Chrome/56.0.2924.87+Safari/537.36 http://localhost:50203/OrderItems/Edit/1016 500 0 0 1184
2017-04-03 11:05:37 ::1 GET /__browserLink/requestData/4c0d0691698943fea0614a8d203928e3 version=2 50203 - ::1 Mozilla/5.0+(Windows+NT+6.1;+Win64;+x64)+AppleWebKit/537.36+(KHTML,+like+Gecko)+Chrome/56.0.2924.87+Safari/537.36 http://localhost:50203/OrderItems/Edit/1016 200 0 0 5
2017-04-03 11:08:19 ::1 GET / - 50203 - ::1 Mozilla/5.0+(Windows+NT+6.1;+Win64;+x64)+AppleWebKit/537.36+(KHTML,+like+Gecko)+Chrome/56.0.2924.87+Safari/537.36 http://localhost:50203/ 200 0 0 16
2017-04-03 11:08:19 ::1 GET /favicon.ico - 50203 - ::1 Mozilla/5.0+(Windows+NT+6.1;+Win64;+x64)+AppleWebKit/537.36+(KHTML,+like+Gecko)+Chrome/56.0.2924.87+Safari/537.36 http://localhost:50203/ 200 0 0 48
2017-04-03 11:08:19 ::1 GET /__browserLink/requestData/5106b08938154a25ba84f8d05d5607bd version=2 50203 - ::1 Mozilla/5.0+(Windows+NT+6.1;+Win64;+x64)+AppleWebKit/537.36+(KHTML,+like+Gecko)+Chrome/56.0.2924.87+Safari/537.36 http://localhost:50203/ 200 0 0 5
2017-04-03 11:09:55 ::1 GET / - 50203 - ::1 Mozilla/5.0+(Windows+NT+6.1;+Win64;+x64)+AppleWebKit/537.36+(KHTML,+like+Gecko)+Chrome/56.0.2924.87+Safari/537.36 http://localhost:50203/ 200 0 0 19
2017-04-03 11:09:55 ::1 GET /favicon.ico - 50203 - ::1 Mozilla/5.0+(Windows+NT+6.1;+Win64;+x64)+AppleWebKit/537.36+(KHTML,+like+Gecko)+Chrome/56.0.2924.87+Safari/537.36 http://localhost:50203/ 200 0 0 47
2017-04-03 11:09:55 ::1 GET /__browserLink/requestData/76f8890bfd0e4fc69b4929680ceb4be2 version=2 50203 - ::1 Mozilla/5.0+(Windows+NT+6.1;+Win64;+x64)+AppleWebKit/537.36+(KHTML,+like+Gecko)+Chrome/56.0.2924.87+Safari/537.36 http://localhost:50203/ 200 0 0 5
2017-04-03 11:11:08 ::1 GET /OrderItems - 50203 - ::1 Mozilla/5.0+(Windows+NT+6.1;+Win64;+x64)+AppleWebKit/537.36+(KHTML,+like+Gecko)+Chrome/56.0.2924.87+Safari/537.36 http://localhost:50203/ 200 0 0 34
2017-04-03 11:11:08 ::1 GET /images/sort_both.png - 50203 - ::1 Mozilla/5.0+(Windows+NT+6.1;+Win64;+x64)+AppleWebKit/537.36+(KHTML,+like+Gecko)+Chrome/56.0.2924.87+Safari/537.36 http://localhost:50203/Content/jquery.dataTables.min.css 404 0 2 2
2017-04-03 11:11:08 ::1 GET /images/sort_asc.png - 50203 - ::1 Mozilla/5.0+(Windows+NT+6.1;+Win64;+x64)+AppleWebKit/537.36+(KHTML,+like+Gecko)+Chrome/56.0.2924.87+Safari/537.36 http://localhost:50203/Content/jquery.dataTables.min.css 404 0 2 2
2017-04-03 11:11:08 ::1 GET /__browserLink/requestData/a016772a6170463a8a4684d2b676a816 version=2 50203 - ::1 Mozilla/5.0+(Windows+NT+6.1;+Win64;+x64)+AppleWebKit/537.36+(KHTML,+like+Gecko)+Chrome/56.0.2924.87+Safari/537.36 http://localhost:50203/OrderItems 200 0 0 6
2017-04-03 11:11:20 ::1 GET /MultipleFileUpload - 50203 - ::1 Mozilla/5.0+(Windows+NT+6.1;+Win64;+x64)+AppleWebKit/537.36+(KHTML,+like+Gecko)+Chrome/56.0.2924.87+Safari/537.36 http://localhost:50203/OrderItems 200 0 0 7596
2017-04-03 11:11:20 ::1 GET /__browserLink/requestData/5685beb640e34a6a8edd7d9b10bdc016 version=2 50203 - ::1 Mozilla/5.0+(Windows+NT+6.1;+Win64;+x64)+AppleWebKit/537.36+(KHTML,+like+Gecko)+Chrome/56.0.2924.87+Safari/537.36 http://localhost:50203/MultipleFileUpload 200 0 0 2
2017-04-03 11:11:23 ::1 GET /OrderItems - 50203 - ::1 Mozilla/5.0+(Windows+NT+6.1;+Win64;+x64)+AppleWebKit/537.36+(KHTML,+like+Gecko)+Chrome/56.0.2924.87+Safari/537.36 http://localhost:50203/MultipleFileUpload 200 0 0 27
2017-04-03 11:11:23 ::1 GET /images/sort_asc.png - 50203 - ::1 Mozilla/5.0+(Windows+NT+6.1;+Win64;+x64)+AppleWebKit/537.36+(KHTML,+like+Gecko)+Chrome/56.0.2924.87+Safari/537.36 http://localhost:50203/Content/jquery.dataTables.min.css 404 0 2 3
2017-04-03 11:11:23 ::1 GET /images/sort_both.png - 50203 - ::1 Mozilla/5.0+(Windows+NT+6.1;+Win64;+x64)+AppleWebKit/537.36+(KHTML,+like+Gecko)+Chrome/56.0.2924.87+Safari/537.36 http://localhost:50203/Content/jquery.dataTables.min.css 404 0 2 3
2017-04-03 11:11:23 ::1 GET /__browserLink/requestData/5aa1131d63ae447bbe3ecccf22f5d753 version=2 50203 - ::1 Mozilla/5.0+(Windows+NT+6.1;+Win64;+x64)+AppleWebKit/537.36+(KHTML,+like+Gecko)+Chrome/56.0.2924.87+Safari/537.36 http://localhost:50203/OrderItems 200 0 0 10
2017-04-03 11:24:35 ::1 GET /OrderItems/Edit/1016 - 50203 - ::1 Mozilla/5.0+(Windows+NT+6.1;+Win64;+x64)+AppleWebKit/537.36+(KHTML,+like+Gecko)+Chrome/56.0.2924.87+Safari/537.36 http://localhost:50203/OrderItems 200 0 0 31
2017-04-03 11:24:39 ::1 GET /OrderItems/GetFile - 50203 - ::1 Mozilla/5.0+(Windows+NT+6.1;+Win64;+x64)+AppleWebKit/537.36+(KHTML,+like+Gecko)+Chrome/56.0.2924.87+Safari/537.36 http://localhost:50203/OrderItems/Edit/1016 500 0 0 3495
2017-04-03 11:24:39 ::1 GET /__browserLink/requestData/2a2aa2f4a0ca4c41843c3072e616bc1b version=2 50203 - ::1 Mozilla/5.0+(Windows+NT+6.1;+Win64;+x64)+AppleWebKit/537.36+(KHTML,+like+Gecko)+Chrome/56.0.2924.87+Safari/537.36 http://localhost:50203/OrderItems/Edit/1016 200 0 0 5
2017-04-03 11:29:35 ::1 GET /OrderItems/Edit/1016 - 50203 - ::1 Mozilla/5.0+(Windows+NT+6.1;+Win64;+x64)+AppleWebKit/537.36+(KHTML,+like+Gecko)+Chrome/56.0.2924.87+Safari/537.36 http://localhost:50203/OrderItems 200 0 0 20
2017-04-03 11:29:37 ::1 GET /OrderItems/GetFile - 50203 - ::1 Mozilla/5.0+(Windows+NT+6.1;+Win64;+x64)+AppleWebKit/537.36+(KHTML,+like+Gecko)+Chrome/56.0.2924.87+Safari/537.36 http://localhost:50203/OrderItems/Edit/1016 500 0 0 1736
2017-04-03 11:29:38 ::1 GET /favicon.ico - 50203 - ::1 Mozilla/5.0+(Windows+NT+6.1;+Win64;+x64)+AppleWebKit/537.36+(KHTML,+like+Gecko)+Chrome/56.0.2924.87+Safari/537.36 http://localhost:50203/OrderItems/Edit/1016 200 0 0 58
2017-04-03 11:29:38 ::1 GET /__browserLink/requestData/f4f35b1242984adc915442a4b9ec8dee version=2 50203 - ::1 Mozilla/5.0+(Windows+NT+6.1;+Win64;+x64)+AppleWebKit/537.36+(KHTML,+like+Gecko)+Chrome/56.0.2924.87+Safari/537.36 http://localhost:50203/OrderItems/Edit/1016 200 0 0 11
#Software: Microsoft Internet Information Services 10.0
#Version: 1.0
#Date: 2017-04-03 11:46:00
#Fields: date time s-ip cs-method cs-uri-stem cs-uri-query s-port cs-username c-ip cs(User-Agent) cs(Referer) sc-status sc-substatus sc-win32-status time-taken
2017-04-03 11:46:00 ::1 GET /OrderItems/Edit/1016 - 50203 - ::1 Mozilla/5.0+(Windows+NT+6.1;+Win64;+x64)+AppleWebKit/537.36+(KHTML,+like+Gecko)+Chrome/56.0.2924.87+Safari/537.36 http://localhost:50203/OrderItems 200 0 0 21
2017-04-03 11:46:02 ::1 GET /OrderItems/GetFile - 50203 - ::1 Mozilla/5.0+(Windows+NT+6.1;+Win64;+x64)+AppleWebKit/537.36+(KHTML,+like+Gecko)+Chrome/56.0.2924.87+Safari/537.36 http://localhost:50203/OrderItems/Edit/1016 500 0 0 2328
2017-04-03 11:46:02 ::1 GET /favicon.ico - 50203 - ::1 Mozilla/5.0+(Windows+NT+6.1;+Win64;+x64)+AppleWebKit/537.36+(KHTML,+like+Gecko)+Chrome/56.0.2924.87+Safari/537.36 http://localhost:50203/OrderItems/Edit/1016 200 0 0 46
2017-04-03 11:46:02 ::1 GET /__browserLink/requestData/94dd792bafc8438092b86cedd304950d version=2 50203 - ::1 Mozilla/5.0+(Windows+NT+6.1;+Win64;+x64)+AppleWebKit/537.36+(KHTML,+like+Gecko)+Chrome/56.0.2924.87+Safari/537.36 http://localhost:50203/OrderItems/Edit/1016 200 0 0 7
2017-04-03 11:46:53 ::1 GET /OrderItems/Edit/1016 - 50203 - ::1 Mozilla/5.0+(Windows+NT+6.1;+Win64;+x64)+AppleWebKit/537.36+(KHTML,+like+Gecko)+Chrome/56.0.2924.87+Safari/537.36 http://localhost:50203/OrderItems 200 0 0 24
2017-04-03 11:46:54 ::1 GET /OrderItems/GetFile - 50203 - ::1 Mozilla/5.0+(Windows+NT+6.1;+Win64;+x64)+AppleWebKit/537.36+(KHTML,+like+Gecko)+Chrome/56.0.2924.87+Safari/537.36 http://localhost:50203/OrderItems/Edit/1016 500 0 0 799
2017-04-03 11:46:54 ::1 GET /favicon.ico - 50203 - ::1 Mozilla/5.0+(Windows+NT+6.1;+Win64;+x64)+AppleWebKit/537.36+(KHTML,+like+Gecko)+Chrome/56.0.2924.87+Safari/537.36 http://localhost:50203/OrderItems/Edit/1016 200 0 0 52
2017-04-03 11:46:54 ::1 GET /__browserLink/requestData/f7338214dcfb4d62b84430507e1e9740 version=2 50203 - ::1 Mozilla/5.0+(Windows+NT+6.1;+Win64;+x64)+AppleWebKit/537.36+(KHTML,+like+Gecko)+Chrome/56.0.2924.87+Safari/537.36 http://localhost:50203/OrderItems/Edit/1016 200 0 0 17
2017-04-03 11:47:06 ::1 GET /OrderItems/Edit/1016 - 50203 - ::1 Mozilla/5.0+(Windows+NT+6.1;+Win64;+x64)+AppleWebKit/537.36+(KHTML,+like+Gecko)+Chrome/56.0.2924.87+Safari/537.36 http://localhost:50203/OrderItems 200 0 0 25
2017-04-03 11:47:06 ::1 GET /OrderItems/GetFile - 50203 - ::1 Mozilla/5.0+(Windows+NT+6.1;+Win64;+x64)+AppleWebKit/537.36+(KHTML,+like+Gecko)+Chrome/56.0.2924.87+Safari/537.36 http://localhost:50203/OrderItems/Edit/1016 500 0 0 719
2017-04-03 11:47:06 ::1 GET /favicon.ico - 50203 - ::1 Mozilla/5.0+(Windows+NT+6.1;+Win64;+x64)+AppleWebKit/537.36+(KHTML,+like+Gecko)+Chrome/56.0.2924.87+Safari/537.36 http://localhost:50203/OrderItems/Edit/1016 200 0 0 6
2017-04-03 11:47:08 ::1 GET /__browserLink/requestData/b83ea54c04324891889ee124de85d7fe version=2 50203 - ::1 Mozilla/5.0+(Windows+NT+6.1;+Win64;+x64)+AppleWebKit/537.36+(KHTML,+like+Gecko)+Chrome/56.0.2924.87+Safari/537.36 http://localhost:50203/OrderItems/Edit/1016 200 0 0 7
2017-04-03 11:47:55 ::1 GET /OrderItems/Edit/1016 - 50203 - ::1 Mozilla/5.0+(Windows+NT+6.1;+Win64;+x64)+AppleWebKit/537.36+(KHTML,+like+Gecko)+Chrome/56.0.2924.87+Safari/537.36 http://localhost:50203/OrderItems 200 0 0 20
2017-04-03 11:47:57 ::1 GET /OrderItems/GetFile - 50203 - ::1 Mozilla/5.0+(Windows+NT+6.1;+Win64;+x64)+AppleWebKit/537.36+(KHTML,+like+Gecko)+Chrome/56.0.2924.87+Safari/537.36 http://localhost:50203/OrderItems/Edit/1016 500 0 0 2101
2017-04-03 11:47:57 ::1 GET /favicon.ico - 50203 - ::1 Mozilla/5.0+(Windows+NT+6.1;+Win64;+x64)+AppleWebKit/537.36+(KHTML,+like+Gecko)+Chrome/56.0.2924.87+Safari/537.36 http://localhost:50203/OrderItems/Edit/1016 200 0 0 51
2017-04-03 11:47:57 ::1 GET /__browserLink/requestData/810b9f1669074bc28b704263daf58b9a version=2 50203 - ::1 Mozilla/5.0+(Windows+NT+6.1;+Win64;+x64)+AppleWebKit/537.36+(KHTML,+like+Gecko)+Chrome/56.0.2924.87+Safari/537.36 http://localhost:50203/OrderItems/Edit/1016 200 0 0 5
#Software: Microsoft Internet Information Services 10.0
#Version: 1.0
#Date: 2017-04-03 12:21:06
#Fields: date time s-ip cs-method cs-uri-stem cs-uri-query s-port cs-username c-ip cs(User-Agent) cs(Referer) sc-status sc-substatus sc-win32-status time-taken
2017-04-03 12:21:06 ::1 GET /OrderItems - 50203 - ::1 Mozilla/5.0+(Windows+NT+6.1;+Win64;+x64)+AppleWebKit/537.36+(KHTML,+like+Gecko)+Chrome/56.0.2924.87+Safari/537.36 http://localhost:50203/OrderItems/Edit/1016 200 0 0 27
2017-04-03 12:21:06 ::1 GET /images/sort_asc.png - 50203 - ::1 Mozilla/5.0+(Windows+NT+6.1;+Win64;+x64)+AppleWebKit/537.36+(KHTML,+like+Gecko)+Chrome/56.0.2924.87+Safari/537.36 http://localhost:50203/Content/jquery.dataTables.min.css 404 0 2 3
2017-04-03 12:21:06 ::1 GET /images/sort_both.png - 50203 - ::1 Mozilla/5.0+(Windows+NT+6.1;+Win64;+x64)+AppleWebKit/537.36+(KHTML,+like+Gecko)+Chrome/56.0.2924.87+Safari/537.36 http://localhost:50203/Content/jquery.dataTables.min.css 404 0 2 3
2017-04-03 12:21:06 ::1 GET /__browserLink/requestData/65434975db734beeb8890969998d66ea version=2 50203 - ::1 Mozilla/5.0+(Windows+NT+6.1;+Win64;+x64)+AppleWebKit/537.36+(KHTML,+like+Gecko)+Chrome/56.0.2924.87+Safari/537.36 http://localhost:50203/OrderItems 200 0 0 9
#Software: Microsoft Internet Information Services 10.0
#Version: 1.0
#Date: 2017-04-03 12:41:17
#Fields: date time s-ip cs-method cs-uri-stem cs-uri-query s-port cs-username c-ip cs(User-Agent) cs(Referer) sc-status sc-substatus sc-win32-status time-taken
2017-04-03 12:41:17 ::1 GET /OrderItems/Edit/8 - 50203 - ::1 Mozilla/5.0+(Windows+NT+6.1;+Win64;+x64)+AppleWebKit/537.36+(KHTML,+like+Gecko)+Chrome/56.0.2924.87+Safari/537.36 http://localhost:50203/OrderItems 200 0 0 27
2017-04-03 12:41:19 ::1 GET /OrderItems/GetFile filepath=F%3A%5CIQItem_Latest%5CAmit_4Jan%5CIQItem_Latest%5CProductExtractTool%5CProductExtractTool%5CProductExtractTool%5CProductExtractTool%5CFiles%5CTemp%5C364c1900-90bd-4514-bc1a-12f927aaca52%5Cinvoice5.pdf 50203 - ::1 Mozilla/5.0+(Windows+NT+6.1;+Win64;+x64)+AppleWebKit/537.36+(KHTML,+like+Gecko)+Chrome/56.0.2924.87+Safari/537.36 http://localhost:50203/OrderItems/Edit/8 500 0 0 1658
2017-04-03 12:41:19 ::1 GET /__browserLink/requestData/c39c2996318e4bcead3636c0111289a5 version=2 50203 - ::1 Mozilla/5.0+(Windows+NT+6.1;+Win64;+x64)+AppleWebKit/537.36+(KHTML,+like+Gecko)+Chrome/56.0.2924.87+Safari/537.36 http://localhost:50203/OrderItems/Edit/8 200 0 0 6
2017-04-03 12:41:30 ::1 GET /OrderItems - 50203 - ::1 Mozilla/5.0+(Windows+NT+6.1;+Win64;+x64)+AppleWebKit/537.36+(KHTML,+like+Gecko)+Chrome/56.0.2924.87+Safari/537.36 http://localhost:50203/OrderItems/Edit/8 200 0 0 17
2017-04-03 12:41:30 ::1 GET /images/sort_both.png - 50203 - ::1 Mozilla/5.0+(Windows+NT+6.1;+Win64;+x64)+AppleWebKit/537.36+(KHTML,+like+Gecko)+Chrome/56.0.2924.87+Safari/537.36 http://localhost:50203/Content/jquery.dataTables.min.css 404 0 2 2
2017-04-03 12:41:30 ::1 GET /images/sort_asc.png - 50203 - ::1 Mozilla/5.0+(Windows+NT+6.1;+Win64;+x64)+AppleWebKit/537.36+(KHTML,+like+Gecko)+Chrome/56.0.2924.87+Safari/537.36 http://localhost:50203/Content/jquery.dataTables.min.css 404 0 2 2
2017-04-03 12:41:30 ::1 GET /__browserLink/requestData/97458e15a9b2436783d8229e3458341f version=2 50203 - ::1 Mozilla/5.0+(Windows+NT+6.1;+Win64;+x64)+AppleWebKit/537.36+(KHTML,+like+Gecko)+Chrome/56.0.2924.87+Safari/537.36 http://localhost:50203/OrderItems 200 0 0 6
